#
# There is insufficient memory for the Java Runtime Environment to continue.
# Native memory allocation (malloc) failed to allocate 2640976 bytes for Chunk::new
# Possible reasons:
#   The system is out of physical RAM or swap space
#   The process is running with CompressedOops enabled, and the Java Heap may be blocking the growth of the native heap
# Possible solutions:
#   Reduce memory load on the system
#   Increase physical memory or swap space
#   Check if swap backing store is full
#   Decrease Java heap size (-Xmx/-Xms)
#   Decrease number of Java threads
#   Decrease Java thread stack sizes (-Xss)
#   Set larger code cache with -XX:ReservedCodeCacheSize=
#   JVM is running with Unscaled Compressed Oops mode in which the Java heap is
#     placed in the first 4GB address space. The Java Heap base address is the
#     maximum limit for the native heap growth. Please use -XX:HeapBaseMinAddress
#     to set the Java Heap base and to place the Java Heap above 4GB virtual address.
# This output file may be truncated or incomplete.
#
#  Out of Memory Error (./src/hotspot/share/memory/arena.cpp:197), pid=13804, tid=2952
#
# JRE version: OpenJDK Runtime Environment (11.0.13) (build 11.0.13+0-b1751.21-8125866)
# Java VM: OpenJDK 64-Bit Server VM (11.0.13+0-b1751.21-8125866, mixed mode, tiered, compressed oops, g1 gc, windows-amd64)
# No core dump will be written. Minidumps are not enabled by default on client versions of Windows
#

---------------  S U M M A R Y ------------

Command Line: --add-opens=java.base/java.util=ALL-UNNAMED --add-opens=java.base/java.lang=ALL-UNNAMED --add-opens=java.base/java.lang.invoke=ALL-UNNAMED --add-opens=java.base/java.util=ALL-UNNAMED --add-opens=java.prefs/java.util.prefs=ALL-UNNAMED --add-opens=java.prefs/java.util.prefs=ALL-UNNAMED --add-opens=java.base/java.nio.charset=ALL-UNNAMED --add-opens=java.base/java.net=ALL-UNNAMED --add-opens=java.base/java.util.concurrent.atomic=ALL-UNNAMED -Xmx2048m -Dfile.encoding=UTF-8 -Duser.country=IN -Duser.language=en -Duser.variant org.gradle.launcher.daemon.bootstrap.GradleDaemon 7.4

Host: 11th Gen Intel(R) Core(TM) i5-1135G7 @ 2.40GHz, 8 cores, 7G,  Windows 10 , 64 bit Build 19041 (10.0.19041.2251)
Time: Sat Dec 10 11:16:04 2022 India Standard Time elapsed time: 9.134849 seconds (0d 0h 0m 9s)

---------------  T H R E A D  ---------------

Current thread (0x000001fbeebe5000):  JavaThread "C2 CompilerThread1" daemon [_thread_in_native, id=2952, stack(0x0000004f35e00000,0x0000004f35f00000)]


Current CompileTask:
C2:   9134 7074       4       com.sun.beans.TypeResolver::resolve (37 bytes)

Stack: [0x0000004f35e00000,0x0000004f35f00000]
Native frames: (J=compiled Java code, j=interpreted, Vv=VM code, C=native code)
V  [jvm.dll+0x6100fa]
V  [jvm.dll+0x747090]
V  [jvm.dll+0x7486ad]
V  [jvm.dll+0x748d83]
V  [jvm.dll+0x24ab48]
V  [jvm.dll+0xc04dc]
V  [jvm.dll+0xc0a0c]
V  [jvm.dll+0x35eb9d]
V  [jvm.dll+0x19d9bc]
V  [jvm.dll+0x2033be]
V  [jvm.dll+0x202437]
V  [jvm.dll+0x188e01]
V  [jvm.dll+0x21106b]
V  [jvm.dll+0x20f8c1]
V  [jvm.dll+0x70de0f]
V  [jvm.dll+0x706a75]
V  [jvm.dll+0x60ed66]
C  [ucrtbase.dll+0x21bb2]
C  [KERNEL32.DLL+0x174b4]
C  [ntdll.dll+0x526a1]


---------------  P R O C E S S  ---------------

Threads class SMR info:
_java_thread_list=0x000001fbf377f330, length=123, elements={
0x000001fbd3a6d000, 0x000001fbedf13800, 0x000001fbedf1d000, 0x000001fbedf2b800,
0x000001fbedf2c800, 0x000001fbedf2e000, 0x000001fbedf34000, 0x000001fbedf38800,
0x000001fbedf41800, 0x000001fbee9e6000, 0x000001fbeebe5000, 0x000001fbf00af000,
0x000001fbf02c1000, 0x000001fbf0a9a000, 0x000001fbf1728800, 0x000001fbf0d02000,
0x000001fbf082e000, 0x000001fbf0ba6000, 0x000001fbf14f0800, 0x000001fbf1277000,
0x000001fbf029d800, 0x000001fbf0a79000, 0x000001fbf0a7a800, 0x000001fbf0a7a000,
0x000001fbf0a78000, 0x000001fbf392b800, 0x000001fbf392c800, 0x000001fbf392d000,
0x000001fbf3929000, 0x000001fbf3928000, 0x000001fbf392f000, 0x000001fbf392e000,
0x000001fbf392a000, 0x000001fbf3933000, 0x000001fbf3936000, 0x000001fbf3933800,
0x000001fbf3937000, 0x000001fbf3934800, 0x000001fbf3932000, 0x000001fbf3935800,
0x000001fbf3931000, 0x000001fbf1243800, 0x000001fbf1243000, 0x000001fbf1241000,
0x000001fbf1244800, 0x000001fbf1242000, 0x000001fbf1245800, 0x000001fbf1246000,
0x000001fbf1240800, 0x000001fbf1247000, 0x000001fbf460c000, 0x000001fbf4610000,
0x000001fbf4611000, 0x000001fbf4612000, 0x000001fbf4612800, 0x000001fbf460e800,
0x000001fbf460d000, 0x000001fbf4613800, 0x000001fbf460f800, 0x000001fbf460e000,
0x000001fbf4616000, 0x000001fbf4618800, 0x000001fbf4615000, 0x000001fbf4617000,
0x000001fbf4617800, 0x000001fbf4619000, 0x000001fbf4614800, 0x000001fbf461a000,
0x000001fbf461b000, 0x000001fbefbe2000, 0x000001fbefbe8000, 0x000001fbefbe5800,
0x000001fbefbe8800, 0x000001fbefbe4000, 0x000001fbefbe4800, 0x000001fbefbe3000,
0x000001fbefbe9800, 0x000001fbefbe7000, 0x000001fbefbeb000, 0x000001fbefbec000,
0x000001fbefbe6800, 0x000001fbefbed000, 0x000001fbefbed800, 0x000001fbefbef000,
0x000001fbefbea800, 0x000001fbefbf0000, 0x000001fbefbf1000, 0x000001fbefbee800,
0x000001fbf4577800, 0x000001fbf4578800, 0x000001fbf4575000, 0x000001fbf4577000,
0x000001fbf4576000, 0x000001fbf4579000, 0x000001fbf457a000, 0x000001fbf4574800,
0x000001fbf457d800, 0x000001fbf457b800, 0x000001fbf457e000, 0x000001fbf457f000,
0x000001fbf4580000, 0x000001fbf457b000, 0x000001fbf4580800, 0x000001fbf457c800,
0x000001fbf4581800, 0x000001fbf4582000, 0x000001fbf4583000, 0x000001fbf3e9a000,
0x000001fbf3e99000, 0x000001fbf3e9f800, 0x000001fbf3e9b000, 0x000001fbf3ea0800,
0x000001fbf3e9d000, 0x000001fbf3ea1800, 0x000001fbf3e9b800, 0x000001fbf3e9f000,
0x000001fbf3e9e000, 0x000001fbf3ea2000, 0x000001fbf3e9c800, 0x000001fbf3ea6000,
0x000001fbf3ea3000, 0x000001fbf3ea7000, 0x000001fbf3ea4000
}

Java Threads: ( => current thread )
  0x000001fbd3a6d000 JavaThread "main" [_thread_blocked, id=1512, stack(0x0000004f34d00000,0x0000004f34e00000)]
  0x000001fbedf13800 JavaThread "Reference Handler" daemon [_thread_blocked, id=13412, stack(0x0000004f35400000,0x0000004f35500000)]
  0x000001fbedf1d000 JavaThread "Finalizer" daemon [_thread_blocked, id=8312, stack(0x0000004f35500000,0x0000004f35600000)]
  0x000001fbedf2b800 JavaThread "Signal Dispatcher" daemon [_thread_blocked, id=9068, stack(0x0000004f35600000,0x0000004f35700000)]
  0x000001fbedf2c800 JavaThread "Attach Listener" daemon [_thread_blocked, id=1520, stack(0x0000004f35700000,0x0000004f35800000)]
  0x000001fbedf2e000 JavaThread "Service Thread" daemon [_thread_blocked, id=5172, stack(0x0000004f35800000,0x0000004f35900000)]
  0x000001fbedf34000 JavaThread "C2 CompilerThread0" daemon [_thread_in_native, id=8956, stack(0x0000004f35900000,0x0000004f35a00000)]
  0x000001fbedf38800 JavaThread "C1 CompilerThread0" daemon [_thread_blocked, id=5188, stack(0x0000004f35a00000,0x0000004f35b00000)]
  0x000001fbedf41800 JavaThread "Sweeper thread" daemon [_thread_blocked, id=8872, stack(0x0000004f35b00000,0x0000004f35c00000)]
  0x000001fbee9e6000 JavaThread "Common-Cleaner" daemon [_thread_blocked, id=5132, stack(0x0000004f35c00000,0x0000004f35d00000)]
=>0x000001fbeebe5000 JavaThread "C2 CompilerThread1" daemon [_thread_in_native, id=2952, stack(0x0000004f35e00000,0x0000004f35f00000)]
  0x000001fbf00af000 JavaThread "Daemon health stats" [_thread_blocked, id=10172, stack(0x0000004f36100000,0x0000004f36200000)]
  0x000001fbf02c1000 JavaThread "Incoming local TCP Connector on port 50475" [_thread_in_native, id=6572, stack(0x0000004f36200000,0x0000004f36300000)]
  0x000001fbf0a9a000 JavaThread "Daemon periodic checks" [_thread_blocked, id=11076, stack(0x0000004f36300000,0x0000004f36400000)]
  0x000001fbf1728800 JavaThread "Daemon" [_thread_blocked, id=9076, stack(0x0000004f36400000,0x0000004f36500000)]
  0x000001fbf0d02000 JavaThread "Handler for socket connection from /127.0.0.1:50475 to /127.0.0.1:50476" [_thread_in_native, id=9596, stack(0x0000004f36500000,0x0000004f36600000)]
  0x000001fbf082e000 JavaThread "Cancel handler" [_thread_blocked, id=13536, stack(0x0000004f36600000,0x0000004f36700000)]
  0x000001fbf0ba6000 JavaThread "Daemon worker" [_thread_in_vm, id=9372, stack(0x0000004f36700000,0x0000004f36800000)]
  0x000001fbf14f0800 JavaThread "Asynchronous log dispatcher for DefaultDaemonConnection: socket connection from /127.0.0.1:50475 to /127.0.0.1:50476" [_thread_blocked, id=7000, stack(0x0000004f36800000,0x0000004f36900000)]
  0x000001fbf1277000 JavaThread "Stdin handler" [_thread_blocked, id=10664, stack(0x0000004f36900000,0x0000004f36a00000)]
  0x000001fbf029d800 JavaThread "Daemon client event forwarder" [_thread_blocked, id=6576, stack(0x0000004f36a00000,0x0000004f36b00000)]
  0x000001fbf0a79000 JavaThread "Cache worker for journal cache (C:\Program Files\Android\gradle-7.3.3\caches\journal-1)" [_thread_blocked, id=7676, stack(0x0000004f37000000,0x0000004f37100000)]
  0x000001fbf0a7a800 JavaThread "File lock request listener" [_thread_in_native, id=10584, stack(0x0000004f37100000,0x0000004f37200000)]
  0x000001fbf0a7a000 JavaThread "Cache worker for file hash cache (C:\Program Files\Android\gradle-7.3.3\caches\7.4\fileHashes)" [_thread_blocked, id=8752, stack(0x0000004f37200000,0x0000004f37300000)]
  0x000001fbf0a78000 JavaThread "File watcher server" daemon [_thread_in_native, id=12420, stack(0x0000004f37400000,0x0000004f37500000)]
  0x000001fbf392b800 JavaThread "File watcher consumer" daemon [_thread_blocked, id=14320, stack(0x0000004f37500000,0x0000004f37600000)]
  0x000001fbf392c800 JavaThread "Cache worker for checksums cache (D:\CollegeApp\.gradle\7.4\checksums)" [_thread_blocked, id=3572, stack(0x0000004f37600000,0x0000004f37700000)]
  0x000001fbf392d000 JavaThread "Cache worker for cache directory md-rule (C:\Program Files\Android\gradle-7.3.3\caches\7.4\md-rule)" [_thread_blocked, id=3616, stack(0x0000004f37700000,0x0000004f37800000)]
  0x000001fbf3929000 JavaThread "Cache worker for file hash cache (D:\CollegeApp\.gradle\7.4\fileHashes)" [_thread_blocked, id=10316, stack(0x0000004f37800000,0x0000004f37900000)]
  0x000001fbf3928000 JavaThread "Cache worker for cache directory md-supplier (C:\Program Files\Android\gradle-7.3.3\caches\7.4\md-supplier)" [_thread_blocked, id=3724, stack(0x0000004f37900000,0x0000004f37a00000)]
  0x000001fbf392f000 JavaThread "Cache worker for execution history cache (C:\Program Files\Android\gradle-7.3.3\caches\7.4\executionHistory)" [_thread_blocked, id=3108, stack(0x0000004f37a00000,0x0000004f37b00000)]
  0x000001fbf392e000 JavaThread "jar transforms" [_thread_blocked, id=10036, stack(0x0000004f37b00000,0x0000004f37c00000)]
  0x000001fbf392a000 JavaThread "Cache worker for file content cache (C:\Program Files\Android\gradle-7.3.3\caches\7.4\fileContent)" [_thread_blocked, id=7860, stack(0x0000004f37c00000,0x0000004f37d00000)]
  0x000001fbf3933000 JavaThread "jar transforms Thread 2" [_thread_blocked, id=7432, stack(0x0000004f37d00000,0x0000004f37e00000)]
  0x000001fbf3936000 JavaThread "Cache worker for dependencies-accessors (D:\CollegeApp\.gradle\7.4\dependencies-accessors)" [_thread_blocked, id=5196, stack(0x0000004f37e00000,0x0000004f37f00000)]
  0x000001fbf3933800 JavaThread "jar transforms Thread 3" [_thread_blocked, id=5396, stack(0x0000004f37f00000,0x0000004f38000000)]
  0x000001fbf3937000 JavaThread "Cache worker for Build Output Cleanup Cache (D:\CollegeApp\.gradle\buildOutputCleanup)" [_thread_blocked, id=16192, stack(0x0000004f38000000,0x0000004f38100000)]
  0x000001fbf3934800 JavaThread "Unconstrained build operations" [_thread_blocked, id=11504, stack(0x0000004f38100000,0x0000004f38200000)]
  0x000001fbf3932000 JavaThread "Unconstrained build operations Thread 2" [_thread_blocked, id=7252, stack(0x0000004f38200000,0x0000004f38300000)]
  0x000001fbf3935800 JavaThread "Unconstrained build operations Thread 3" [_thread_blocked, id=13036, stack(0x0000004f38300000,0x0000004f38400000)]
  0x000001fbf3931000 JavaThread "Unconstrained build operations Thread 4" [_thread_blocked, id=9376, stack(0x0000004f38400000,0x0000004f38500000)]
  0x000001fbf1243800 JavaThread "Unconstrained build operations Thread 5" [_thread_blocked, id=8076, stack(0x0000004f38500000,0x0000004f38600000)]
  0x000001fbf1243000 JavaThread "Unconstrained build operations Thread 6" [_thread_blocked, id=10060, stack(0x0000004f38600000,0x0000004f38700000)]
  0x000001fbf1241000 JavaThread "Unconstrained build operations Thread 7" [_thread_blocked, id=4384, stack(0x0000004f38700000,0x0000004f38800000)]
  0x000001fbf1244800 JavaThread "Unconstrained build operations Thread 8" [_thread_blocked, id=2092, stack(0x0000004f38800000,0x0000004f38900000)]
  0x000001fbf1242000 JavaThread "Unconstrained build operations Thread 9" [_thread_blocked, id=1900, stack(0x0000004f38900000,0x0000004f38a00000)]
  0x000001fbf1245800 JavaThread "Unconstrained build operations Thread 10" [_thread_blocked, id=13324, stack(0x0000004f38a00000,0x0000004f38b00000)]
  0x000001fbf1246000 JavaThread "Unconstrained build operations Thread 11" [_thread_blocked, id=14752, stack(0x0000004f38b00000,0x0000004f38c00000)]
  0x000001fbf1240800 JavaThread "Unconstrained build operations Thread 12" [_thread_blocked, id=9340, stack(0x0000004f38c00000,0x0000004f38d00000)]
  0x000001fbf1247000 JavaThread "Unconstrained build operations Thread 13" [_thread_blocked, id=3776, stack(0x0000004f38d00000,0x0000004f38e00000)]
  0x000001fbf460c000 JavaThread "Unconstrained build operations Thread 14" [_thread_blocked, id=2200, stack(0x0000004f38e00000,0x0000004f38f00000)]
  0x000001fbf4610000 JavaThread "Unconstrained build operations Thread 15" [_thread_blocked, id=12732, stack(0x0000004f38f00000,0x0000004f39000000)]
  0x000001fbf4611000 JavaThread "Unconstrained build operations Thread 16" [_thread_blocked, id=11292, stack(0x0000004f39000000,0x0000004f39100000)]
  0x000001fbf4612000 JavaThread "Unconstrained build operations Thread 17" [_thread_blocked, id=1308, stack(0x0000004f39100000,0x0000004f39200000)]
  0x000001fbf4612800 JavaThread "Unconstrained build operations Thread 18" [_thread_blocked, id=6460, stack(0x0000004f39200000,0x0000004f39300000)]
  0x000001fbf460e800 JavaThread "Unconstrained build operations Thread 19" [_thread_blocked, id=13548, stack(0x0000004f39300000,0x0000004f39400000)]
  0x000001fbf460d000 JavaThread "Unconstrained build operations Thread 20" [_thread_blocked, id=9668, stack(0x0000004f39400000,0x0000004f39500000)]
  0x000001fbf4613800 JavaThread "Unconstrained build operations Thread 21" [_thread_blocked, id=13568, stack(0x0000004f39500000,0x0000004f39600000)]
  0x000001fbf460f800 JavaThread "Unconstrained build operations Thread 22" [_thread_blocked, id=15000, stack(0x0000004f39600000,0x0000004f39700000)]
  0x000001fbf460e000 JavaThread "Unconstrained build operations Thread 23" [_thread_blocked, id=4356, stack(0x0000004f39700000,0x0000004f39800000)]
  0x000001fbf4616000 JavaThread "Unconstrained build operations Thread 24" [_thread_blocked, id=11780, stack(0x0000004f39800000,0x0000004f39900000)]
  0x000001fbf4618800 JavaThread "Unconstrained build operations Thread 25" [_thread_blocked, id=3400, stack(0x0000004f39900000,0x0000004f39a00000)]
  0x000001fbf4615000 JavaThread "Unconstrained build operations Thread 26" [_thread_blocked, id=9676, stack(0x0000004f39a00000,0x0000004f39b00000)]
  0x000001fbf4617000 JavaThread "Unconstrained build operations Thread 27" [_thread_blocked, id=9072, stack(0x0000004f39b00000,0x0000004f39c00000)]
  0x000001fbf4617800 JavaThread "Unconstrained build operations Thread 28" [_thread_blocked, id=9452, stack(0x0000004f39c00000,0x0000004f39d00000)]
  0x000001fbf4619000 JavaThread "Unconstrained build operations Thread 29" [_thread_blocked, id=14748, stack(0x0000004f39d00000,0x0000004f39e00000)]
  0x000001fbf4614800 JavaThread "Unconstrained build operations Thread 30" [_thread_blocked, id=15300, stack(0x0000004f39e00000,0x0000004f39f00000)]
  0x000001fbf461a000 JavaThread "Unconstrained build operations Thread 31" [_thread_blocked, id=13420, stack(0x0000004f39f00000,0x0000004f3a000000)]
  0x000001fbf461b000 JavaThread "Unconstrained build operations Thread 32" [_thread_blocked, id=9644, stack(0x0000004f3a000000,0x0000004f3a100000)]
  0x000001fbefbe2000 JavaThread "Unconstrained build operations Thread 33" [_thread_blocked, id=8336, stack(0x0000004f3a100000,0x0000004f3a200000)]
  0x000001fbefbe8000 JavaThread "Unconstrained build operations Thread 34" [_thread_blocked, id=9476, stack(0x0000004f3a200000,0x0000004f3a300000)]
  0x000001fbefbe5800 JavaThread "Unconstrained build operations Thread 35" [_thread_blocked, id=9656, stack(0x0000004f3a300000,0x0000004f3a400000)]
  0x000001fbefbe8800 JavaThread "Unconstrained build operations Thread 36" [_thread_blocked, id=10932, stack(0x0000004f3a400000,0x0000004f3a500000)]
  0x000001fbefbe4000 JavaThread "Unconstrained build operations Thread 37" [_thread_blocked, id=10340, stack(0x0000004f3a500000,0x0000004f3a600000)]
  0x000001fbefbe4800 JavaThread "Unconstrained build operations Thread 38" [_thread_blocked, id=1732, stack(0x0000004f3a600000,0x0000004f3a700000)]
  0x000001fbefbe3000 JavaThread "Unconstrained build operations Thread 39" [_thread_blocked, id=11196, stack(0x0000004f3a700000,0x0000004f3a800000)]
  0x000001fbefbe9800 JavaThread "Unconstrained build operations Thread 40" [_thread_blocked, id=12608, stack(0x0000004f3a800000,0x0000004f3a900000)]
  0x000001fbefbe7000 JavaThread "Unconstrained build operations Thread 41" [_thread_blocked, id=12140, stack(0x0000004f3a900000,0x0000004f3aa00000)]
  0x000001fbefbeb000 JavaThread "Unconstrained build operations Thread 42" [_thread_blocked, id=12276, stack(0x0000004f3aa00000,0x0000004f3ab00000)]
  0x000001fbefbec000 JavaThread "Unconstrained build operations Thread 43" [_thread_blocked, id=9944, stack(0x0000004f3ab00000,0x0000004f3ac00000)]
  0x000001fbefbe6800 JavaThread "Unconstrained build operations Thread 44" [_thread_blocked, id=14156, stack(0x0000004f3ac00000,0x0000004f3ad00000)]
  0x000001fbefbed000 JavaThread "Unconstrained build operations Thread 45" [_thread_blocked, id=4028, stack(0x0000004f3ad00000,0x0000004f3ae00000)]
  0x000001fbefbed800 JavaThread "Unconstrained build operations Thread 46" [_thread_blocked, id=9344, stack(0x0000004f3ae00000,0x0000004f3af00000)]
  0x000001fbefbef000 JavaThread "Unconstrained build operations Thread 47" [_thread_blocked, id=11912, stack(0x0000004f3af00000,0x0000004f3b000000)]
  0x000001fbefbea800 JavaThread "Unconstrained build operations Thread 48" [_thread_blocked, id=7796, stack(0x0000004f3b000000,0x0000004f3b100000)]
  0x000001fbefbf0000 JavaThread "Unconstrained build operations Thread 49" [_thread_blocked, id=15448, stack(0x0000004f3b100000,0x0000004f3b200000)]
  0x000001fbefbf1000 JavaThread "Unconstrained build operations Thread 50" [_thread_blocked, id=13864, stack(0x0000004f3b200000,0x0000004f3b300000)]
  0x000001fbefbee800 JavaThread "Unconstrained build operations Thread 51" [_thread_blocked, id=4196, stack(0x0000004f3b300000,0x0000004f3b400000)]
  0x000001fbf4577800 JavaThread "Unconstrained build operations Thread 52" [_thread_blocked, id=15592, stack(0x0000004f3b400000,0x0000004f3b500000)]
  0x000001fbf4578800 JavaThread "Unconstrained build operations Thread 53" [_thread_blocked, id=13700, stack(0x0000004f3b500000,0x0000004f3b600000)]
  0x000001fbf4575000 JavaThread "Unconstrained build operations Thread 54" [_thread_blocked, id=15132, stack(0x0000004f3b600000,0x0000004f3b700000)]
  0x000001fbf4577000 JavaThread "Unconstrained build operations Thread 55" [_thread_blocked, id=9984, stack(0x0000004f3b700000,0x0000004f3b800000)]
  0x000001fbf4576000 JavaThread "Unconstrained build operations Thread 56" [_thread_blocked, id=11072, stack(0x0000004f3b800000,0x0000004f3b900000)]
  0x000001fbf4579000 JavaThread "Unconstrained build operations Thread 57" [_thread_blocked, id=5644, stack(0x0000004f3b900000,0x0000004f3ba00000)]
  0x000001fbf457a000 JavaThread "Unconstrained build operations Thread 58" [_thread_blocked, id=6564, stack(0x0000004f3ba00000,0x0000004f3bb00000)]
  0x000001fbf4574800 JavaThread "Unconstrained build operations Thread 59" [_thread_blocked, id=15100, stack(0x0000004f3bb00000,0x0000004f3bc00000)]
  0x000001fbf457d800 JavaThread "Unconstrained build operations Thread 60" [_thread_blocked, id=8496, stack(0x0000004f3bc00000,0x0000004f3bd00000)]
  0x000001fbf457b800 JavaThread "Unconstrained build operations Thread 61" [_thread_blocked, id=12120, stack(0x0000004f3bd00000,0x0000004f3be00000)]
  0x000001fbf457e000 JavaThread "Unconstrained build operations Thread 62" [_thread_blocked, id=8300, stack(0x0000004f3be00000,0x0000004f3bf00000)]
  0x000001fbf457f000 JavaThread "Unconstrained build operations Thread 63" [_thread_blocked, id=1820, stack(0x0000004f3bf00000,0x0000004f3c000000)]
  0x000001fbf4580000 JavaThread "Unconstrained build operations Thread 64" [_thread_blocked, id=9608, stack(0x0000004f3c000000,0x0000004f3c100000)]
  0x000001fbf457b000 JavaThread "Unconstrained build operations Thread 65" [_thread_blocked, id=3576, stack(0x0000004f3c100000,0x0000004f3c200000)]
  0x000001fbf4580800 JavaThread "Unconstrained build operations Thread 66" [_thread_blocked, id=96, stack(0x0000004f3c200000,0x0000004f3c300000)]
  0x000001fbf457c800 JavaThread "Unconstrained build operations Thread 67" [_thread_blocked, id=16268, stack(0x0000004f3c300000,0x0000004f3c400000)]
  0x000001fbf4581800 JavaThread "Unconstrained build operations Thread 68" [_thread_blocked, id=14428, stack(0x0000004f3c400000,0x0000004f3c500000)]
  0x000001fbf4582000 JavaThread "Unconstrained build operations Thread 69" [_thread_blocked, id=8972, stack(0x0000004f3c500000,0x0000004f3c600000)]
  0x000001fbf4583000 JavaThread "Unconstrained build operations Thread 70" [_thread_blocked, id=4212, stack(0x0000004f3c600000,0x0000004f3c700000)]
  0x000001fbf3e9a000 JavaThread "Unconstrained build operations Thread 71" [_thread_blocked, id=9060, stack(0x0000004f3c700000,0x0000004f3c800000)]
  0x000001fbf3e99000 JavaThread "Unconstrained build operations Thread 72" [_thread_blocked, id=4408, stack(0x0000004f3c800000,0x0000004f3c900000)]
  0x000001fbf3e9f800 JavaThread "Unconstrained build operations Thread 73" [_thread_blocked, id=11016, stack(0x0000004f3c900000,0x0000004f3ca00000)]
  0x000001fbf3e9b000 JavaThread "Unconstrained build operations Thread 74" [_thread_blocked, id=5268, stack(0x0000004f3ca00000,0x0000004f3cb00000)]
  0x000001fbf3ea0800 JavaThread "Unconstrained build operations Thread 75" [_thread_blocked, id=3168, stack(0x0000004f3cb00000,0x0000004f3cc00000)]
  0x000001fbf3e9d000 JavaThread "Unconstrained build operations Thread 76" [_thread_blocked, id=10964, stack(0x0000004f3cc00000,0x0000004f3cd00000)]
  0x000001fbf3ea1800 JavaThread "Unconstrained build operations Thread 77" [_thread_blocked, id=2492, stack(0x0000004f3cd00000,0x0000004f3ce00000)]
  0x000001fbf3e9b800 JavaThread "Unconstrained build operations Thread 78" [_thread_blocked, id=13976, stack(0x0000004f3ce00000,0x0000004f3cf00000)]
  0x000001fbf3e9f000 JavaThread "Unconstrained build operations Thread 79" [_thread_blocked, id=6820, stack(0x0000004f3cf00000,0x0000004f3d000000)]
  0x000001fbf3e9e000 JavaThread "Unconstrained build operations Thread 80" [_thread_blocked, id=11856, stack(0x0000004f3d000000,0x0000004f3d100000)]
  0x000001fbf3ea2000 JavaThread "jar transforms Thread 4" [_thread_blocked, id=16288, stack(0x0000004f3d100000,0x0000004f3d200000)]
  0x000001fbf3e9c800 JavaThread "jar transforms Thread 5" [_thread_blocked, id=11680, stack(0x0000004f3d200000,0x0000004f3d300000)]
  0x000001fbf3ea6000 JavaThread "jar transforms Thread 6" [_thread_blocked, id=8204, stack(0x0000004f3d300000,0x0000004f3d400000)]
  0x000001fbf3ea3000 JavaThread "jar transforms Thread 7" [_thread_blocked, id=16344, stack(0x0000004f3d400000,0x0000004f3d500000)]
  0x000001fbf3ea7000 JavaThread "jar transforms Thread 8" [_thread_blocked, id=1540, stack(0x0000004f3d500000,0x0000004f3d600000)]
  0x000001fbf3ea4000 JavaThread "Memory manager" [_thread_blocked, id=6756, stack(0x0000004f3d600000,0x0000004f3d700000)]

Other Threads:
  0x000001fbedf0f000 VMThread "VM Thread" [stack: 0x0000004f35300000,0x0000004f35400000] [id=16376]
  0x000001fbee9f3800 WatcherThread [stack: 0x0000004f35d00000,0x0000004f35e00000] [id=4296]
  0x000001fbd3a87000 GCTaskThread "GC Thread#0" [stack: 0x0000004f34e00000,0x0000004f34f00000] [id=11496]
  0x000001fbef6e4800 GCTaskThread "GC Thread#1" [stack: 0x0000004f35f00000,0x0000004f36000000] [id=16236]
  0x000001fbef6e5800 GCTaskThread "GC Thread#2" [stack: 0x0000004f36000000,0x0000004f36100000] [id=12740]
  0x000001fbf007b800 GCTaskThread "GC Thread#3" [stack: 0x0000004f36b00000,0x0000004f36c00000] [id=13232]
  0x000001fbf007c000 GCTaskThread "GC Thread#4" [stack: 0x0000004f36c00000,0x0000004f36d00000] [id=8628]
  0x000001fbf0852000 GCTaskThread "GC Thread#5" [stack: 0x0000004f36d00000,0x0000004f36e00000] [id=5500]
  0x000001fbf0852800 GCTaskThread "GC Thread#6" [stack: 0x0000004f36e00000,0x0000004f36f00000] [id=1792]
  0x000001fbf0c92000 GCTaskThread "GC Thread#7" [stack: 0x0000004f36f00000,0x0000004f37000000] [id=4468]
  0x000001fbd3ab8800 ConcurrentGCThread "G1 Main Marker" [stack: 0x0000004f34f00000,0x0000004f35000000] [id=8268]
  0x000001fbd3ab9800 ConcurrentGCThread "G1 Conc#0" [stack: 0x0000004f35000000,0x0000004f35100000] [id=12976]
  0x000001fbef536000 ConcurrentGCThread "G1 Conc#1" [stack: 0x0000004f37300000,0x0000004f37400000] [id=9948]
  0x000001fbedd60800 ConcurrentGCThread "G1 Refine#0" [stack: 0x0000004f35100000,0x0000004f35200000] [id=10124]
  0x000001fbedd61800 ConcurrentGCThread "G1 Young RemSet Sampling" [stack: 0x0000004f35200000,0x0000004f35300000] [id=15892]

Threads with active compile tasks:
C2 CompilerThread0   9161 7070 %     4       groovy.lang.MetaClassImpl::inheritInterfaceNewMetaMethods @ 100 (195 bytes)
C2 CompilerThread1   9161 7074       4       com.sun.beans.TypeResolver::resolve (37 bytes)

VM state:not at safepoint (normal execution)

VM Mutex/Monitor currently owned by a thread: None

Heap address: 0x0000000080000000, size: 2048 MB, Compressed Oops mode: 32-bit
Narrow klass base: 0x0000000000000000, Narrow klass shift: 3
Compressed class space size: 1073741824 Address: 0x0000000100000000

Heap:
 garbage-first heap   total 155648K, used 102923K [0x0000000080000000, 0x0000000100000000)
  region size 1024K, 46 young (47104K), 5 survivors (5120K)
 Metaspace       used 76179K, capacity 78121K, committed 78248K, reserved 1118208K
  class space    used 9818K, capacity 10493K, committed 10520K, reserved 1048576K
Heap Regions: E=young(eden), S=young(survivor), O=old, HS=humongous(starts), HC=humongous(continues), CS=collection set, F=free, A=archive, TAMS=top-at-mark-start (previous, next)
|   0|0x0000000080000000, 0x0000000080100000, 0x0000000080100000|100%| O|  |TAMS 0x0000000080100000, 0x0000000080000000| Untracked 
|   1|0x0000000080100000, 0x0000000080200000, 0x0000000080200000|100%| O|  |TAMS 0x0000000080200000, 0x0000000080100000| Untracked 
|   2|0x0000000080200000, 0x0000000080300000, 0x0000000080300000|100%| O|  |TAMS 0x0000000080300000, 0x0000000080200000| Untracked 
|   3|0x0000000080300000, 0x0000000080400000, 0x0000000080400000|100%|HS|  |TAMS 0x0000000080400000, 0x0000000080300000| Complete 
|   4|0x0000000080400000, 0x0000000080500000, 0x0000000080500000|100%|HC|  |TAMS 0x0000000080500000, 0x0000000080400000| Complete 
|   5|0x0000000080500000, 0x0000000080600000, 0x0000000080600000|100%|HC|  |TAMS 0x0000000080600000, 0x0000000080500000| Complete 
|   6|0x0000000080600000, 0x0000000080700000, 0x0000000080700000|100%| O|  |TAMS 0x0000000080700000, 0x0000000080600000| Untracked 
|   7|0x0000000080700000, 0x0000000080800000, 0x0000000080800000|100%| O|  |TAMS 0x0000000080800000, 0x0000000080700000| Untracked 
|   8|0x0000000080800000, 0x0000000080900000, 0x0000000080900000|100%| O|  |TAMS 0x0000000080900000, 0x0000000080800000| Untracked 
|   9|0x0000000080900000, 0x0000000080a00000, 0x0000000080a00000|100%| O|  |TAMS 0x0000000080a00000, 0x0000000080900000| Untracked 
|  10|0x0000000080a00000, 0x0000000080b00000, 0x0000000080b00000|100%| O|  |TAMS 0x0000000080b00000, 0x0000000080a00000| Untracked 
|  11|0x0000000080b00000, 0x0000000080c00000, 0x0000000080c00000|100%| O|  |TAMS 0x0000000080c00000, 0x0000000080b00000| Untracked 
|  12|0x0000000080c00000, 0x0000000080d00000, 0x0000000080d00000|100%| O|  |TAMS 0x0000000080d00000, 0x0000000080c00000| Untracked 
|  13|0x0000000080d00000, 0x0000000080e00000, 0x0000000080e00000|100%| O|  |TAMS 0x0000000080e00000, 0x0000000080d00000| Untracked 
|  14|0x0000000080e00000, 0x0000000080f00000, 0x0000000080f00000|100%| O|  |TAMS 0x0000000080f00000, 0x0000000080e00000| Untracked 
|  15|0x0000000080f00000, 0x0000000081000000, 0x0000000081000000|100%| O|  |TAMS 0x0000000081000000, 0x0000000080f00000| Untracked 
|  16|0x0000000081000000, 0x0000000081100000, 0x0000000081100000|100%|HS|  |TAMS 0x0000000081100000, 0x0000000081000000| Complete 
|  17|0x0000000081100000, 0x0000000081200000, 0x0000000081200000|100%| O|  |TAMS 0x0000000081200000, 0x0000000081100000| Untracked 
|  18|0x0000000081200000, 0x0000000081300000, 0x0000000081300000|100%| O|  |TAMS 0x0000000081300000, 0x0000000081200000| Untracked 
|  19|0x0000000081300000, 0x0000000081400000, 0x0000000081400000|100%| O|  |TAMS 0x0000000081400000, 0x0000000081300000| Untracked 
|  20|0x0000000081400000, 0x0000000081500000, 0x0000000081500000|100%| O|  |TAMS 0x0000000081500000, 0x0000000081400000| Untracked 
|  21|0x0000000081500000, 0x0000000081600000, 0x0000000081600000|100%| O|  |TAMS 0x0000000081600000, 0x0000000081500000| Untracked 
|  22|0x0000000081600000, 0x0000000081700000, 0x0000000081700000|100%| O|  |TAMS 0x0000000081700000, 0x0000000081600000| Untracked 
|  23|0x0000000081700000, 0x0000000081800000, 0x0000000081800000|100%| O|  |TAMS 0x0000000081800000, 0x0000000081700000| Untracked 
|  24|0x0000000081800000, 0x0000000081900000, 0x0000000081900000|100%| O|  |TAMS 0x0000000081900000, 0x0000000081800000| Untracked 
|  25|0x0000000081900000, 0x0000000081a00000, 0x0000000081a00000|100%| O|  |TAMS 0x0000000081a00000, 0x0000000081900000| Untracked 
|  26|0x0000000081a00000, 0x0000000081b00000, 0x0000000081b00000|100%| O|  |TAMS 0x0000000081b00000, 0x0000000081a00000| Untracked 
|  27|0x0000000081b00000, 0x0000000081c00000, 0x0000000081c00000|100%| O|  |TAMS 0x0000000081c00000, 0x0000000081b00000| Untracked 
|  28|0x0000000081c00000, 0x0000000081d00000, 0x0000000081d00000|100%|HS|  |TAMS 0x0000000081d00000, 0x0000000081c00000| Complete 
|  29|0x0000000081d00000, 0x0000000081e00000, 0x0000000081e00000|100%|HS|  |TAMS 0x0000000081e00000, 0x0000000081d00000| Complete 
|  30|0x0000000081e00000, 0x0000000081f00000, 0x0000000081f00000|100%|HC|  |TAMS 0x0000000081f00000, 0x0000000081e00000| Complete 
|  31|0x0000000081f00000, 0x0000000082000000, 0x0000000082000000|100%| O|  |TAMS 0x0000000082000000, 0x0000000081f00000| Untracked 
|  32|0x0000000082000000, 0x0000000082100000, 0x0000000082100000|100%| O|  |TAMS 0x0000000082100000, 0x0000000082000000| Untracked 
|  33|0x0000000082100000, 0x0000000082200000, 0x0000000082200000|100%| O|  |TAMS 0x0000000082200000, 0x0000000082100000| Untracked 
|  34|0x0000000082200000, 0x0000000082300000, 0x0000000082300000|100%| O|  |TAMS 0x0000000082300000, 0x0000000082200000| Untracked 
|  35|0x0000000082300000, 0x0000000082400000, 0x0000000082400000|100%| O|  |TAMS 0x0000000082400000, 0x0000000082300000| Untracked 
|  36|0x0000000082400000, 0x0000000082500000, 0x0000000082500000|100%| O|  |TAMS 0x0000000082500000, 0x0000000082400000| Untracked 
|  37|0x0000000082500000, 0x0000000082600000, 0x0000000082600000|100%| O|  |TAMS 0x0000000082600000, 0x0000000082500000| Untracked 
|  38|0x0000000082600000, 0x0000000082700000, 0x0000000082700000|100%| O|  |TAMS 0x0000000082700000, 0x0000000082600000| Untracked 
|  39|0x0000000082700000, 0x0000000082800000, 0x0000000082800000|100%| O|  |TAMS 0x0000000082800000, 0x0000000082700000| Untracked 
|  40|0x0000000082800000, 0x0000000082900000, 0x0000000082900000|100%| O|  |TAMS 0x0000000082900000, 0x0000000082800000| Untracked 
|  41|0x0000000082900000, 0x0000000082a00000, 0x0000000082a00000|100%| O|  |TAMS 0x0000000082a00000, 0x0000000082900000| Untracked 
|  42|0x0000000082a00000, 0x0000000082b00000, 0x0000000082b00000|100%| O|  |TAMS 0x0000000082ac0c00, 0x0000000082a00000| Untracked 
|  43|0x0000000082b00000, 0x0000000082c00000, 0x0000000082c00000|100%| O|  |TAMS 0x0000000082b00000, 0x0000000082b00000| Untracked 
|  44|0x0000000082c00000, 0x0000000082d00000, 0x0000000082d00000|100%| O|  |TAMS 0x0000000082c00000, 0x0000000082c00000| Untracked 
|  45|0x0000000082d00000, 0x0000000082e00000, 0x0000000082e00000|100%| O|  |TAMS 0x0000000082d00000, 0x0000000082d00000| Untracked 
|  46|0x0000000082e00000, 0x0000000082f00000, 0x0000000082f00000|100%| O|  |TAMS 0x0000000082e00000, 0x0000000082e00000| Untracked 
|  47|0x0000000082f00000, 0x0000000083000000, 0x0000000083000000|100%| O|  |TAMS 0x0000000082f00000, 0x0000000082f00000| Untracked 
|  48|0x0000000083000000, 0x0000000083100000, 0x0000000083100000|100%| O|  |TAMS 0x0000000083000000, 0x0000000083000000| Untracked 
|  49|0x0000000083100000, 0x0000000083200000, 0x0000000083200000|100%| O|  |TAMS 0x0000000083100000, 0x0000000083100000| Untracked 
|  50|0x0000000083200000, 0x0000000083300000, 0x0000000083300000|100%| O|  |TAMS 0x0000000083200000, 0x0000000083200000| Untracked 
|  51|0x0000000083300000, 0x0000000083400000, 0x0000000083400000|100%| O|  |TAMS 0x0000000083300000, 0x0000000083300000| Untracked 
|  52|0x0000000083400000, 0x0000000083500000, 0x0000000083500000|100%| O|  |TAMS 0x0000000083400000, 0x0000000083400000| Untracked 
|  53|0x0000000083500000, 0x0000000083600000, 0x0000000083600000|100%| O|  |TAMS 0x0000000083500000, 0x0000000083500000| Untracked 
|  54|0x0000000083600000, 0x0000000083700000, 0x0000000083700000|100%| O|  |TAMS 0x0000000083600000, 0x0000000083600000| Untracked 
|  55|0x0000000083700000, 0x00000000837b8000, 0x0000000083800000| 71%| O|  |TAMS 0x0000000083700000, 0x0000000083700000| Untracked 
|  56|0x0000000083800000, 0x0000000083800000, 0x0000000083900000|  0%| F|  |TAMS 0x0000000083800000, 0x0000000083800000| Untracked 
|  57|0x0000000083900000, 0x0000000083900000, 0x0000000083a00000|  0%| F|  |TAMS 0x0000000083900000, 0x0000000083900000| Untracked 
|  58|0x0000000083a00000, 0x0000000083a00000, 0x0000000083b00000|  0%| F|  |TAMS 0x0000000083a00000, 0x0000000083a00000| Untracked 
|  59|0x0000000083b00000, 0x0000000083b00000, 0x0000000083c00000|  0%| F|  |TAMS 0x0000000083b00000, 0x0000000083b00000| Untracked 
|  60|0x0000000083c00000, 0x0000000083c00000, 0x0000000083d00000|  0%| F|  |TAMS 0x0000000083c00000, 0x0000000083c00000| Untracked 
|  61|0x0000000083d00000, 0x0000000083d00000, 0x0000000083e00000|  0%| F|  |TAMS 0x0000000083d00000, 0x0000000083d00000| Untracked 
|  62|0x0000000083e00000, 0x0000000083e00000, 0x0000000083f00000|  0%| F|  |TAMS 0x0000000083e00000, 0x0000000083e00000| Untracked 
|  63|0x0000000083f00000, 0x0000000083f00000, 0x0000000084000000|  0%| F|  |TAMS 0x0000000083f00000, 0x0000000083f00000| Untracked 
|  64|0x0000000084000000, 0x0000000084000000, 0x0000000084100000|  0%| F|  |TAMS 0x0000000084000000, 0x0000000084000000| Untracked 
|  65|0x0000000084100000, 0x0000000084100000, 0x0000000084200000|  0%| F|  |TAMS 0x0000000084100000, 0x0000000084100000| Untracked 
|  66|0x0000000084200000, 0x0000000084200000, 0x0000000084300000|  0%| F|  |TAMS 0x0000000084200000, 0x0000000084200000| Untracked 
|  67|0x0000000084300000, 0x0000000084300000, 0x0000000084400000|  0%| F|  |TAMS 0x0000000084300000, 0x0000000084300000| Untracked 
|  68|0x0000000084400000, 0x0000000084400000, 0x0000000084500000|  0%| F|  |TAMS 0x0000000084400000, 0x0000000084400000| Untracked 
|  69|0x0000000084500000, 0x0000000084500000, 0x0000000084600000|  0%| F|  |TAMS 0x0000000084500000, 0x0000000084500000| Untracked 
|  70|0x0000000084600000, 0x0000000084600000, 0x0000000084700000|  0%| F|  |TAMS 0x0000000084600000, 0x0000000084600000| Untracked 
|  71|0x0000000084700000, 0x0000000084700000, 0x0000000084800000|  0%| F|  |TAMS 0x0000000084700000, 0x0000000084700000| Untracked 
|  72|0x0000000084800000, 0x0000000084800000, 0x0000000084900000|  0%| F|  |TAMS 0x0000000084800000, 0x0000000084800000| Untracked 
|  73|0x0000000084900000, 0x0000000084900000, 0x0000000084a00000|  0%| F|  |TAMS 0x0000000084900000, 0x0000000084900000| Untracked 
|  74|0x0000000084a00000, 0x0000000084a00000, 0x0000000084b00000|  0%| F|  |TAMS 0x0000000084a00000, 0x0000000084a00000| Untracked 
|  75|0x0000000084b00000, 0x0000000084b00000, 0x0000000084c00000|  0%| F|  |TAMS 0x0000000084b00000, 0x0000000084b00000| Untracked 
|  76|0x0000000084c00000, 0x0000000084c00000, 0x0000000084d00000|  0%| F|  |TAMS 0x0000000084c00000, 0x0000000084c00000| Untracked 
|  77|0x0000000084d00000, 0x0000000084dcaef0, 0x0000000084e00000| 79%| S|CS|TAMS 0x0000000084d00000, 0x0000000084d00000| Complete 
|  78|0x0000000084e00000, 0x0000000084f00000, 0x0000000084f00000|100%| S|CS|TAMS 0x0000000084e00000, 0x0000000084e00000| Complete 
|  79|0x0000000084f00000, 0x0000000085000000, 0x0000000085000000|100%| S|CS|TAMS 0x0000000084f00000, 0x0000000084f00000| Complete 
|  80|0x0000000085000000, 0x0000000085000000, 0x0000000085100000|  0%| F|  |TAMS 0x0000000085000000, 0x0000000085000000| Untracked 
|  81|0x0000000085100000, 0x0000000085100000, 0x0000000085200000|  0%| F|  |TAMS 0x0000000085100000, 0x0000000085100000| Untracked 
|  82|0x0000000085200000, 0x0000000085200000, 0x0000000085300000|  0%| F|  |TAMS 0x0000000085200000, 0x0000000085200000| Untracked 
|  83|0x0000000085300000, 0x0000000085300000, 0x0000000085400000|  0%| F|  |TAMS 0x0000000085300000, 0x0000000085300000| Untracked 
|  84|0x0000000085400000, 0x0000000085400000, 0x0000000085500000|  0%| F|  |TAMS 0x0000000085400000, 0x0000000085400000| Untracked 
|  85|0x0000000085500000, 0x0000000085500000, 0x0000000085600000|  0%| F|  |TAMS 0x0000000085500000, 0x0000000085500000| Untracked 
|  86|0x0000000085600000, 0x0000000085700000, 0x0000000085700000|100%| S|CS|TAMS 0x0000000085600000, 0x0000000085600000| Complete 
|  87|0x0000000085700000, 0x0000000085800000, 0x0000000085800000|100%| S|CS|TAMS 0x0000000085700000, 0x0000000085700000| Complete 
|  88|0x0000000085800000, 0x0000000085800000, 0x0000000085900000|  0%| F|  |TAMS 0x0000000085800000, 0x0000000085800000| Untracked 
|  89|0x0000000085900000, 0x0000000085900000, 0x0000000085a00000|  0%| F|  |TAMS 0x0000000085900000, 0x0000000085900000| Untracked 
|  90|0x0000000085a00000, 0x0000000085a00000, 0x0000000085b00000|  0%| F|  |TAMS 0x0000000085a00000, 0x0000000085a00000| Untracked 
|  91|0x0000000085b00000, 0x0000000085b00000, 0x0000000085c00000|  0%| F|  |TAMS 0x0000000085b00000, 0x0000000085b00000| Untracked 
|  92|0x0000000085c00000, 0x0000000085c00000, 0x0000000085d00000|  0%| F|  |TAMS 0x0000000085c00000, 0x0000000085c00000| Untracked 
|  93|0x0000000085d00000, 0x0000000085d00000, 0x0000000085e00000|  0%| F|  |TAMS 0x0000000085d00000, 0x0000000085d00000| Untracked 
|  94|0x0000000085e00000, 0x0000000085e00000, 0x0000000085f00000|  0%| F|  |TAMS 0x0000000085e00000, 0x0000000085e00000| Untracked 
|  95|0x0000000085f00000, 0x0000000085f00000, 0x0000000086000000|  0%| F|  |TAMS 0x0000000085f00000, 0x0000000085f00000| Untracked 
|  96|0x0000000086000000, 0x0000000086000000, 0x0000000086100000|  0%| F|  |TAMS 0x0000000086000000, 0x0000000086000000| Untracked 
|  97|0x0000000086100000, 0x0000000086100000, 0x0000000086200000|  0%| F|  |TAMS 0x0000000086100000, 0x0000000086100000| Untracked 
|  98|0x0000000086200000, 0x0000000086200000, 0x0000000086300000|  0%| F|  |TAMS 0x0000000086200000, 0x0000000086200000| Untracked 
|  99|0x0000000086300000, 0x0000000086300000, 0x0000000086400000|  0%| F|  |TAMS 0x0000000086300000, 0x0000000086300000| Untracked 
| 100|0x0000000086400000, 0x0000000086400000, 0x0000000086500000|  0%| F|  |TAMS 0x0000000086400000, 0x0000000086400000| Untracked 
| 101|0x0000000086500000, 0x0000000086500000, 0x0000000086600000|  0%| F|  |TAMS 0x0000000086500000, 0x0000000086500000| Untracked 
| 102|0x0000000086600000, 0x0000000086600000, 0x0000000086700000|  0%| F|  |TAMS 0x0000000086600000, 0x0000000086600000| Untracked 
| 103|0x0000000086700000, 0x0000000086700000, 0x0000000086800000|  0%| F|  |TAMS 0x0000000086700000, 0x0000000086700000| Untracked 
| 104|0x0000000086800000, 0x0000000086800000, 0x0000000086900000|  0%| F|  |TAMS 0x0000000086800000, 0x0000000086800000| Untracked 
| 105|0x0000000086900000, 0x0000000086900000, 0x0000000086a00000|  0%| F|  |TAMS 0x0000000086900000, 0x0000000086900000| Untracked 
| 106|0x0000000086a00000, 0x0000000086a00000, 0x0000000086b00000|  0%| F|  |TAMS 0x0000000086a00000, 0x0000000086a00000| Untracked 
| 107|0x0000000086b00000, 0x0000000086b00000, 0x0000000086c00000|  0%| F|  |TAMS 0x0000000086b00000, 0x0000000086b00000| Untracked 
| 108|0x0000000086c00000, 0x0000000086c00000, 0x0000000086d00000|  0%| F|  |TAMS 0x0000000086c00000, 0x0000000086c00000| Untracked 
| 109|0x0000000086d00000, 0x0000000086d00000, 0x0000000086e00000|  0%| F|  |TAMS 0x0000000086d00000, 0x0000000086d00000| Untracked 
| 110|0x0000000086e00000, 0x0000000086e00000, 0x0000000086f00000|  0%| F|  |TAMS 0x0000000086e00000, 0x0000000086e00000| Untracked 
| 111|0x0000000086f00000, 0x0000000087000000, 0x0000000087000000|100%| E|  |TAMS 0x0000000086f00000, 0x0000000086f00000| Complete 
| 112|0x0000000087000000, 0x0000000087100000, 0x0000000087100000|100%| E|CS|TAMS 0x0000000087000000, 0x0000000087000000| Complete 
| 113|0x0000000087100000, 0x0000000087200000, 0x0000000087200000|100%| E|CS|TAMS 0x0000000087100000, 0x0000000087100000| Complete 
| 114|0x0000000087200000, 0x0000000087300000, 0x0000000087300000|100%| E|CS|TAMS 0x0000000087200000, 0x0000000087200000| Complete 
| 115|0x0000000087300000, 0x0000000087400000, 0x0000000087400000|100%| E|CS|TAMS 0x0000000087300000, 0x0000000087300000| Complete 
| 116|0x0000000087400000, 0x0000000087500000, 0x0000000087500000|100%| E|CS|TAMS 0x0000000087400000, 0x0000000087400000| Complete 
| 117|0x0000000087500000, 0x0000000087600000, 0x0000000087600000|100%| E|CS|TAMS 0x0000000087500000, 0x0000000087500000| Complete 
| 118|0x0000000087600000, 0x0000000087700000, 0x0000000087700000|100%| E|CS|TAMS 0x0000000087600000, 0x0000000087600000| Complete 
| 119|0x0000000087700000, 0x0000000087800000, 0x0000000087800000|100%| E|CS|TAMS 0x0000000087700000, 0x0000000087700000| Complete 
| 120|0x0000000087800000, 0x0000000087900000, 0x0000000087900000|100%| E|CS|TAMS 0x0000000087800000, 0x0000000087800000| Complete 
| 121|0x0000000087900000, 0x0000000087a00000, 0x0000000087a00000|100%| E|CS|TAMS 0x0000000087900000, 0x0000000087900000| Complete 
| 122|0x0000000087a00000, 0x0000000087b00000, 0x0000000087b00000|100%| E|CS|TAMS 0x0000000087a00000, 0x0000000087a00000| Complete 
| 123|0x0000000087b00000, 0x0000000087c00000, 0x0000000087c00000|100%| E|CS|TAMS 0x0000000087b00000, 0x0000000087b00000| Complete 
| 124|0x0000000087c00000, 0x0000000087d00000, 0x0000000087d00000|100%| E|CS|TAMS 0x0000000087c00000, 0x0000000087c00000| Complete 
| 125|0x0000000087d00000, 0x0000000087e00000, 0x0000000087e00000|100%| E|CS|TAMS 0x0000000087d00000, 0x0000000087d00000| Complete 
| 126|0x0000000087e00000, 0x0000000087f00000, 0x0000000087f00000|100%| E|CS|TAMS 0x0000000087e00000, 0x0000000087e00000| Complete 
| 127|0x0000000087f00000, 0x0000000088000000, 0x0000000088000000|100%| E|CS|TAMS 0x0000000087f00000, 0x0000000087f00000| Complete 
| 128|0x0000000088000000, 0x0000000088100000, 0x0000000088100000|100%| E|CS|TAMS 0x0000000088000000, 0x0000000088000000| Complete 
| 129|0x0000000088100000, 0x0000000088200000, 0x0000000088200000|100%| E|CS|TAMS 0x0000000088100000, 0x0000000088100000| Complete 
| 130|0x0000000088200000, 0x0000000088300000, 0x0000000088300000|100%| E|CS|TAMS 0x0000000088200000, 0x0000000088200000| Complete 
| 131|0x0000000088300000, 0x0000000088400000, 0x0000000088400000|100%| E|CS|TAMS 0x0000000088300000, 0x0000000088300000| Complete 
| 132|0x0000000088400000, 0x0000000088500000, 0x0000000088500000|100%| E|CS|TAMS 0x0000000088400000, 0x0000000088400000| Complete 
| 133|0x0000000088500000, 0x0000000088600000, 0x0000000088600000|100%| E|CS|TAMS 0x0000000088500000, 0x0000000088500000| Complete 
| 134|0x0000000088600000, 0x0000000088700000, 0x0000000088700000|100%| E|CS|TAMS 0x0000000088600000, 0x0000000088600000| Complete 
| 135|0x0000000088700000, 0x0000000088800000, 0x0000000088800000|100%| E|CS|TAMS 0x0000000088700000, 0x0000000088700000| Complete 
| 136|0x0000000088800000, 0x0000000088900000, 0x0000000088900000|100%| E|CS|TAMS 0x0000000088800000, 0x0000000088800000| Complete 
| 137|0x0000000088900000, 0x0000000088a00000, 0x0000000088a00000|100%| E|CS|TAMS 0x0000000088900000, 0x0000000088900000| Complete 
| 138|0x0000000088a00000, 0x0000000088b00000, 0x0000000088b00000|100%| E|CS|TAMS 0x0000000088a00000, 0x0000000088a00000| Complete 
| 139|0x0000000088b00000, 0x0000000088c00000, 0x0000000088c00000|100%| E|CS|TAMS 0x0000000088b00000, 0x0000000088b00000| Complete 
| 140|0x0000000088c00000, 0x0000000088d00000, 0x0000000088d00000|100%| E|CS|TAMS 0x0000000088c00000, 0x0000000088c00000| Complete 
| 141|0x0000000088d00000, 0x0000000088e00000, 0x0000000088e00000|100%| E|CS|TAMS 0x0000000088d00000, 0x0000000088d00000| Complete 
| 142|0x0000000088e00000, 0x0000000088f00000, 0x0000000088f00000|100%| E|CS|TAMS 0x0000000088e00000, 0x0000000088e00000| Complete 
| 143|0x0000000088f00000, 0x0000000089000000, 0x0000000089000000|100%| E|CS|TAMS 0x0000000088f00000, 0x0000000088f00000| Complete 
| 144|0x0000000089000000, 0x0000000089100000, 0x0000000089100000|100%| E|CS|TAMS 0x0000000089000000, 0x0000000089000000| Complete 
| 145|0x0000000089100000, 0x0000000089200000, 0x0000000089200000|100%| E|CS|TAMS 0x0000000089100000, 0x0000000089100000| Complete 
| 146|0x0000000089200000, 0x0000000089300000, 0x0000000089300000|100%| E|CS|TAMS 0x0000000089200000, 0x0000000089200000| Complete 
| 147|0x0000000089300000, 0x0000000089400000, 0x0000000089400000|100%| E|CS|TAMS 0x0000000089300000, 0x0000000089300000| Complete 
| 148|0x0000000089400000, 0x0000000089500000, 0x0000000089500000|100%| E|CS|TAMS 0x0000000089400000, 0x0000000089400000| Complete 
| 149|0x0000000089500000, 0x0000000089600000, 0x0000000089600000|100%| E|CS|TAMS 0x0000000089500000, 0x0000000089500000| Complete 
| 150|0x0000000089600000, 0x0000000089700000, 0x0000000089700000|100%| E|CS|TAMS 0x0000000089600000, 0x0000000089600000| Complete 
| 151|0x0000000089700000, 0x0000000089800000, 0x0000000089800000|100%| E|CS|TAMS 0x0000000089700000, 0x0000000089700000| Complete 

Card table byte_map: [0x000001fbe6cc0000,0x000001fbe70c0000] _byte_map_base: 0x000001fbe68c0000

Marking Bits (Prev, Next): (CMBitMap*) 0x000001fbd3aafb20, (CMBitMap*) 0x000001fbd3aafae8
 Prev Bits: [0x000001fbe94c0000, 0x000001fbeb4c0000)
 Next Bits: [0x000001fbe74c0000, 0x000001fbe94c0000)

Polling page: 0x000001fbd1a60000

Metaspace:

Usage:
  Non-class:     66.11 MB capacity,    64.86 MB ( 98%) used,     1.06 MB (  2%) free+waste,   195.56 KB ( <1%) overhead. 
      Class:     10.28 MB capacity,     9.60 MB ( 93%) used,   606.85 KB (  6%) free+waste,    91.13 KB ( <1%) overhead. 
       Both:     76.38 MB capacity,    74.46 MB ( 97%) used,     1.65 MB (  2%) free+waste,   286.69 KB ( <1%) overhead. 

Virtual space:
  Non-class space:       68.00 MB reserved,      66.14 MB ( 97%) committed 
      Class space:        1.00 GB reserved,      10.40 MB (  1%) committed 
             Both:        1.07 GB reserved,      76.54 MB (  7%) committed 

Chunk freelists:
   Non-Class:  36.00 KB
       Class:  3.00 KB
        Both:  39.00 KB

MaxMetaspaceSize: 17179869184.00 GB
CompressedClassSpaceSize: 1.00 GB
Initial GC threshold: 20.80 MB
Current GC threshold: 99.23 MB
CDS: off

CodeHeap 'non-profiled nmethods': size=120000Kb used=4388Kb max_used=4388Kb free=115611Kb
 bounds [0x000001fbdf060000, 0x000001fbdf4b0000, 0x000001fbe6590000]
CodeHeap 'profiled nmethods': size=120000Kb used=16227Kb max_used=16227Kb free=103773Kb
 bounds [0x000001fbd7b30000, 0x000001fbd8b10000, 0x000001fbdf060000]
CodeHeap 'non-nmethods': size=5760Kb used=2360Kb max_used=2422Kb free=3399Kb
 bounds [0x000001fbd7590000, 0x000001fbd7800000, 0x000001fbd7b30000]
 total_blobs=8296 nmethods=7431 adapters=776
 compilation: enabled
              stopped_count=0, restarted_count=0
 full_count=0

Compilation events (20 events):
Event: 9.130 Thread 0x000001fbedf38800 7463       2       java.util.ArrayDeque::<init> (35 bytes)
Event: 9.130 Thread 0x000001fbedf38800 nmethod 7463 0x000001fbd8b03310 code [0x000001fbd8b034c0, 0x000001fbd8b036d8]
Event: 9.130 Thread 0x000001fbedf38800 7464       2       com.google.common.collect.AbstractMapBasedMultimap$KeySet::iterator (25 bytes)
Event: 9.131 Thread 0x000001fbedf38800 nmethod 7464 0x000001fbd8b03790 code [0x000001fbd8b03960, 0x000001fbd8b03bd8]
Event: 9.131 Thread 0x000001fbedf38800 7465       2       com.google.common.collect.AbstractMapBasedMultimap$KeySet$1::<init> (15 bytes)
Event: 9.131 Thread 0x000001fbedf38800 nmethod 7465 0x000001fbd8b03d10 code [0x000001fbd8b03ec0, 0x000001fbd8b04058]
Event: 9.131 Thread 0x000001fbedf38800 7466       2       com.google.common.collect.ImmutableMapEntrySet::size (8 bytes)
Event: 9.131 Thread 0x000001fbedf38800 nmethod 7466 0x000001fbd8b04110 code [0x000001fbd8b042e0, 0x000001fbd8b04418]
Event: 9.131 Thread 0x000001fbedf38800 7467       2       com.google.common.collect.Multimaps$CustomSetMultimap::createCollection (5 bytes)
Event: 9.131 Thread 0x000001fbedf38800 nmethod 7467 0x000001fbd8b04510 code [0x000001fbd8b046c0, 0x000001fbd8b04828]
Event: 9.131 Thread 0x000001fbedf38800 7468       2       com.google.common.collect.Multimaps$CustomSetMultimap::wrapCollection (58 bytes)
Event: 9.132 Thread 0x000001fbedf38800 nmethod 7468 0x000001fbd8b04910 code [0x000001fbd8b04b20, 0x000001fbd8b04fe8]
Event: 9.132 Thread 0x000001fbedf38800 7469       2       org.gradle.internal.reflect.annotations.impl.DefaultTypeAnnotationMetadataStore$$Lambda$645/0x000000010071e040::apply (24 bytes)
Event: 9.132 Thread 0x000001fbedf38800 nmethod 7469 0x000001fbd8b05190 code [0x000001fbd8b05340, 0x000001fbd8b05528]
Event: 9.132 Thread 0x000001fbedf38800 7471       2       com.google.common.collect.ImmutableSortedSet$Builder::add (79 bytes)
Event: 9.133 Thread 0x000001fbedf38800 nmethod 7471 0x000001fbd8b05690 code [0x000001fbd8b058a0, 0x000001fbd8b05d48]
Event: 9.133 Thread 0x000001fbedf38800 7470       2       org.gradle.internal.reflect.annotations.impl.DefaultTypeAnnotationMetadataStore::lambda$getOrCreateBuilder$3 (12 bytes)
Event: 9.133 Thread 0x000001fbedf38800 nmethod 7470 0x000001fbd8b06010 code [0x000001fbd8b061c0, 0x000001fbd8b06368]
Event: 9.133 Thread 0x000001fbedf38800 7472       1       org.gradle.internal.reflect.annotations.impl.DefaultTypeAnnotationMetadataStore::access$200 (5 bytes)
Event: 9.133 Thread 0x000001fbedf38800 nmethod 7472 0x000001fbdf4a8b10 code [0x000001fbdf4a8cc0, 0x000001fbdf4a8d58]

GC Heap History (20 events):
Event: 2.763 GC heap before
{Heap before GC invocations=4 (full 0):
 garbage-first heap   total 129024K, used 78518K [0x0000000080000000, 0x0000000100000000)
  region size 1024K, 62 young (63488K), 2 survivors (2048K)
 Metaspace       used 26927K, capacity 27475K, committed 27520K, reserved 1073152K
  class space    used 3494K, capacity 3706K, committed 3712K, reserved 1048576K
}
Event: 2.766 GC heap after
{Heap after GC invocations=5 (full 0):
 garbage-first heap   total 129024K, used 18915K [0x0000000080000000, 0x0000000100000000)
  region size 1024K, 4 young (4096K), 4 survivors (4096K)
 Metaspace       used 26927K, capacity 27475K, committed 27520K, reserved 1073152K
  class space    used 3494K, capacity 3706K, committed 3712K, reserved 1048576K
}
Event: 3.467 GC heap before
{Heap before GC invocations=5 (full 0):
 garbage-first heap   total 129024K, used 75235K [0x0000000080000000, 0x0000000100000000)
  region size 1024K, 60 young (61440K), 4 survivors (4096K)
 Metaspace       used 35182K, capacity 35970K, committed 36048K, reserved 1081344K
  class space    used 4523K, capacity 4838K, committed 4864K, reserved 1048576K
}
Event: 3.475 GC heap after
{Heap after GC invocations=6 (full 0):
 garbage-first heap   total 129024K, used 22416K [0x0000000080000000, 0x0000000100000000)
  region size 1024K, 7 young (7168K), 7 survivors (7168K)
 Metaspace       used 35182K, capacity 35970K, committed 36048K, reserved 1081344K
  class space    used 4523K, capacity 4838K, committed 4864K, reserved 1048576K
}
Event: 4.118 GC heap before
{Heap before GC invocations=7 (full 0):
 garbage-first heap   total 129024K, used 92048K [0x0000000080000000, 0x0000000100000000)
  region size 1024K, 73 young (74752K), 7 survivors (7168K)
 Metaspace       used 39868K, capacity 40828K, committed 40988K, reserved 1085440K
  class space    used 5049K, capacity 5407K, committed 5452K, reserved 1048576K
}
Event: 4.126 GC heap after
{Heap after GC invocations=8 (full 0):
 garbage-first heap   total 129024K, used 27821K [0x0000000080000000, 0x0000000100000000)
  region size 1024K, 9 young (9216K), 9 survivors (9216K)
 Metaspace       used 39868K, capacity 40828K, committed 40988K, reserved 1085440K
  class space    used 5049K, capacity 5407K, committed 5452K, reserved 1048576K
}
Event: 4.756 GC heap before
{Heap before GC invocations=8 (full 0):
 garbage-first heap   total 129024K, used 94381K [0x0000000080000000, 0x0000000100000000)
  region size 1024K, 73 young (74752K), 9 survivors (9216K)
 Metaspace       used 45712K, capacity 46955K, committed 47260K, reserved 1089536K
  class space    used 5806K, capacity 6249K, committed 6348K, reserved 1048576K
}
Event: 4.763 GC heap after
{Heap after GC invocations=9 (full 0):
 garbage-first heap   total 155648K, used 30170K [0x0000000080000000, 0x0000000100000000)
  region size 1024K, 4 young (4096K), 4 survivors (4096K)
 Metaspace       used 45712K, capacity 46955K, committed 47260K, reserved 1089536K
  class space    used 5806K, capacity 6249K, committed 6348K, reserved 1048576K
}
Event: 5.709 GC heap before
{Heap before GC invocations=9 (full 0):
 garbage-first heap   total 155648K, used 111066K [0x0000000080000000, 0x0000000100000000)
  region size 1024K, 80 young (81920K), 4 survivors (4096K)
 Metaspace       used 49100K, capacity 50626K, committed 50716K, reserved 1093632K
  class space    used 6220K, capacity 6721K, committed 6732K, reserved 1048576K
}
Event: 5.715 GC heap after
{Heap after GC invocations=10 (full 0):
 garbage-first heap   total 155648K, used 43495K [0x0000000080000000, 0x0000000100000000)
  region size 1024K, 10 young (10240K), 10 survivors (10240K)
 Metaspace       used 49100K, capacity 50626K, committed 50716K, reserved 1093632K
  class space    used 6220K, capacity 6721K, committed 6732K, reserved 1048576K
}
Event: 6.666 GC heap before
{Heap before GC invocations=10 (full 0):
 garbage-first heap   total 155648K, used 115175K [0x0000000080000000, 0x0000000100000000)
  region size 1024K, 80 young (81920K), 10 survivors (10240K)
 Metaspace       used 58831K, capacity 60504K, committed 60636K, reserved 1101824K
  class space    used 7376K, capacity 7971K, committed 8012K, reserved 1048576K
}
Event: 6.673 GC heap after
{Heap after GC invocations=11 (full 0):
 garbage-first heap   total 155648K, used 47113K [0x0000000080000000, 0x0000000100000000)
  region size 1024K, 4 young (4096K), 4 survivors (4096K)
 Metaspace       used 58831K, capacity 60504K, committed 60636K, reserved 1101824K
  class space    used 7376K, capacity 7971K, committed 8012K, reserved 1048576K
}
Event: 6.701 GC heap before
{Heap before GC invocations=11 (full 0):
 garbage-first heap   total 155648K, used 49161K [0x0000000080000000, 0x0000000100000000)
  region size 1024K, 7 young (7168K), 4 survivors (4096K)
 Metaspace       used 58983K, capacity 60596K, committed 60636K, reserved 1101824K
  class space    used 7402K, capacity 7981K, committed 8012K, reserved 1048576K
}
Event: 6.705 GC heap after
{Heap after GC invocations=12 (full 0):
 garbage-first heap   total 155648K, used 47197K [0x0000000080000000, 0x0000000100000000)
  region size 1024K, 4 young (4096K), 4 survivors (4096K)
 Metaspace       used 58983K, capacity 60596K, committed 60636K, reserved 1101824K
  class space    used 7402K, capacity 7981K, committed 8012K, reserved 1048576K
}
Event: 7.570 GC heap before
{Heap before GC invocations=13 (full 0):
 garbage-first heap   total 155648K, used 119901K [0x0000000080000000, 0x0000000100000000)
  region size 1024K, 75 young (76800K), 4 survivors (4096K)
 Metaspace       used 66145K, capacity 67917K, committed 68008K, reserved 1107968K
  class space    used 8275K, capacity 8917K, committed 8984K, reserved 1048576K
}
Event: 7.577 GC heap after
{Heap after GC invocations=14 (full 0):
 garbage-first heap   total 155648K, used 53457K [0x0000000080000000, 0x0000000100000000)
  region size 1024K, 10 young (10240K), 10 survivors (10240K)
 Metaspace       used 66145K, capacity 67917K, committed 68008K, reserved 1107968K
  class space    used 8275K, capacity 8917K, committed 8984K, reserved 1048576K
}
Event: 8.132 GC heap before
{Heap before GC invocations=14 (full 0):
 garbage-first heap   total 155648K, used 121041K [0x0000000080000000, 0x0000000100000000)
  region size 1024K, 76 young (77824K), 10 survivors (10240K)
 Metaspace       used 69126K, capacity 71023K, committed 71336K, reserved 1112064K
  class space    used 8720K, capacity 9392K, committed 9496K, reserved 1048576K
}
Event: 8.139 GC heap after
{Heap after GC invocations=15 (full 0):
 garbage-first heap   total 155648K, used 57446K [0x0000000080000000, 0x0000000100000000)
  region size 1024K, 6 young (6144K), 6 survivors (6144K)
 Metaspace       used 69126K, capacity 71023K, committed 71336K, reserved 1112064K
  class space    used 8720K, capacity 9392K, committed 9496K, reserved 1048576K
}
Event: 8.705 GC heap before
{Heap before GC invocations=15 (full 0):
 garbage-first heap   total 155648K, used 122982K [0x0000000080000000, 0x0000000100000000)
  region size 1024K, 70 young (71680K), 6 survivors (6144K)
 Metaspace       used 73100K, capacity 75011K, committed 75304K, reserved 1114112K
  class space    used 9399K, capacity 10049K, committed 10136K, reserved 1048576K
}
Event: 8.711 GC heap after
{Heap after GC invocations=16 (full 0):
 garbage-first heap   total 155648K, used 61963K [0x0000000080000000, 0x0000000100000000)
  region size 1024K, 5 young (5120K), 5 survivors (5120K)
 Metaspace       used 73100K, capacity 75011K, committed 75304K, reserved 1114112K
  class space    used 9399K, capacity 10049K, committed 10136K, reserved 1048576K
}

Deoptimization events (20 events):
Event: 8.843 Thread 0x000001fbf0ba6000 Uncommon trap: trap_request=0xffffff4d fr.pc=0x000001fbdf284cec relative=0x00000000000001ac
Event: 8.843 Thread 0x000001fbf0ba6000 Uncommon trap: reason=unstable_if action=reinterpret pc=0x000001fbdf284cec method=java.util.HashMap.getNode(ILjava/lang/Object;)Ljava/util/HashMap$Node; @ 84 c2
Event: 8.843 Thread 0x000001fbf0ba6000 DEOPT PACKING pc=0x000001fbdf284cec sp=0x0000004f367f8910
Event: 8.843 Thread 0x000001fbf0ba6000 DEOPT UNPACKING pc=0x000001fbd75985af sp=0x0000004f367f8898 mode 2
Event: 8.895 Thread 0x000001fbf0ba6000 DEOPT PACKING pc=0x000001fbd8a93738 sp=0x0000004f367f8f20
Event: 8.895 Thread 0x000001fbf0ba6000 DEOPT UNPACKING pc=0x000001fbd75d9d0e sp=0x0000004f367f8428 mode 0
Event: 8.957 Thread 0x000001fbf0ba6000 Uncommon trap: trap_request=0xffffffde fr.pc=0x000001fbdf3d7f78 relative=0x0000000000002cd8
Event: 8.957 Thread 0x000001fbf0ba6000 Uncommon trap: reason=class_check action=maybe_recompile pc=0x000001fbdf3d7f78 method=java.util.TreeMap.put(Ljava/lang/Object;Ljava/lang/Object;)Ljava/lang/Object; @ 127 c2
Event: 8.957 Thread 0x000001fbf0ba6000 DEOPT PACKING pc=0x000001fbdf3d7f78 sp=0x0000004f367fa460
Event: 8.957 Thread 0x000001fbf0ba6000 DEOPT UNPACKING pc=0x000001fbd75985af sp=0x0000004f367fa410 mode 2
Event: 9.000 Thread 0x000001fbf0ba6000 Uncommon trap: trap_request=0xffffff4d fr.pc=0x000001fbdf31cdfc relative=0x00000000000006fc
Event: 9.000 Thread 0x000001fbf0ba6000 Uncommon trap: reason=unstable_if action=reinterpret pc=0x000001fbdf31cdfc method=java.util.HashMap.putVal(ILjava/lang/Object;Ljava/lang/Object;ZZ)Ljava/lang/Object; @ 109 c2
Event: 9.000 Thread 0x000001fbf0ba6000 DEOPT PACKING pc=0x000001fbdf31cdfc sp=0x0000004f367f70f0
Event: 9.000 Thread 0x000001fbf0ba6000 DEOPT UNPACKING pc=0x000001fbd75985af sp=0x0000004f367f7008 mode 2
Event: 9.000 Thread 0x000001fbf0ba6000 Uncommon trap: trap_request=0xffffff4d fr.pc=0x000001fbdf1f0aec relative=0x000000000000066c
Event: 9.000 Thread 0x000001fbf0ba6000 Uncommon trap: reason=unstable_if action=reinterpret pc=0x000001fbdf1f0aec method=java.util.HashMap.putVal(ILjava/lang/Object;Ljava/lang/Object;ZZ)Ljava/lang/Object; @ 109 c2
Event: 9.000 Thread 0x000001fbf0ba6000 DEOPT PACKING pc=0x000001fbdf1f0aec sp=0x0000004f367f7040
Event: 9.000 Thread 0x000001fbf0ba6000 DEOPT UNPACKING pc=0x000001fbd75985af sp=0x0000004f367f6ff8 mode 2
Event: 9.108 Thread 0x000001fbf0ba6000 DEOPT PACKING pc=0x000001fbd8a93738 sp=0x0000004f367f7380
Event: 9.108 Thread 0x000001fbf0ba6000 DEOPT UNPACKING pc=0x000001fbd75d9d0e sp=0x0000004f367f6888 mode 0

Classes redefined (0 events):
No events

Internal exceptions (20 events):
Event: 8.672 Thread 0x000001fbf0ba6000 Exception <a 'java/lang/ClassNotFoundException'{0x0000000086218010}: com/google/android/gms/dependencies/DependencyInspectorCustomizer> (0x0000000086218010) thrown at [./src/hotspot/share/classfile/systemDictionary.cpp, line 231]
Event: 8.680 Thread 0x000001fbf0ba6000 Exception <a 'java/lang/ClassNotFoundException'{0x00000000860b2278}: org/gradle/api/internal/artifacts/configurations/DefaultConfigurationContainer_DecoratedBeanInfo> (0x00000000860b2278) thrown at [./src/hotspot/share/classfile/systemDictionary.cpp, line 231]
Event: 8.681 Thread 0x000001fbf0ba6000 Exception <a 'java/lang/ClassNotFoundException'{0x00000000860dd168}: org/gradle/api/internal/artifacts/configurations/DefaultConfigurationContainerBeanInfo> (0x00000000860dd168) thrown at [./src/hotspot/share/classfile/systemDictionary.cpp, line 231]
Event: 8.681 Thread 0x000001fbf0ba6000 Exception <a 'java/lang/ClassNotFoundException'{0x00000000860f7f88}: org/gradle/api/internal/AbstractValidatingNamedDomainObjectContainerBeanInfo> (0x00000000860f7f88) thrown at [./src/hotspot/share/classfile/systemDictionary.cpp, line 231]
Event: 8.682 Thread 0x000001fbf0ba6000 Exception <a 'java/lang/ClassNotFoundException'{0x0000000085f13430}: org/gradle/api/internal/AbstractValidatingNamedDomainObjectContainerCustomizer> (0x0000000085f13430) thrown at [./src/hotspot/share/classfile/systemDictionary.cpp, line 231]
Event: 8.683 Thread 0x000001fbf0ba6000 Exception <a 'java/lang/ClassNotFoundException'{0x0000000085f49150}: org/gradle/api/internal/artifacts/configurations/DefaultConfigurationContainerCustomizer> (0x0000000085f49150) thrown at [./src/hotspot/share/classfile/systemDictionary.cpp, line 231]
Event: 8.684 Thread 0x000001fbf0ba6000 Exception <a 'java/lang/ClassNotFoundException'{0x0000000085f8a5b0}: org/gradle/api/internal/artifacts/configurations/DefaultConfigurationContainer_DecoratedCustomizer> (0x0000000085f8a5b0) thrown at [./src/hotspot/share/classfile/systemDictionary.cpp, line 231]
Event: 8.691 Thread 0x000001fbf0ba6000 Exception <a 'java/lang/ClassNotFoundException'{0x0000000085c17608}: org/gradle/api/internal/artifacts/configurations/DefaultConfiguration_DecoratedBeanInfo> (0x0000000085c17608) thrown at [./src/hotspot/share/classfile/systemDictionary.cpp, line 231]
Event: 8.692 Thread 0x000001fbf0ba6000 Exception <a 'java/lang/ClassNotFoundException'{0x0000000085c41728}: org/gradle/api/internal/artifacts/configurations/DefaultConfigurationBeanInfo> (0x0000000085c41728) thrown at [./src/hotspot/share/classfile/systemDictionary.cpp, line 231]
Event: 8.692 Thread 0x000001fbf0ba6000 Exception <a 'java/lang/ClassNotFoundException'{0x0000000085c5b308}: org/gradle/api/internal/file/AbstractFileCollectionBeanInfo> (0x0000000085c5b308) thrown at [./src/hotspot/share/classfile/systemDictionary.cpp, line 231]
Event: 8.693 Thread 0x000001fbf0ba6000 Exception <a 'java/lang/ClassNotFoundException'{0x0000000085c74f38}: org/gradle/api/internal/file/AbstractFileCollectionCustomizer> (0x0000000085c74f38) thrown at [./src/hotspot/share/classfile/systemDictionary.cpp, line 231]
Event: 8.694 Thread 0x000001fbf0ba6000 Exception <a 'java/lang/ClassNotFoundException'{0x0000000085cb1308}: org/gradle/api/internal/artifacts/configurations/DefaultConfigurationCustomizer> (0x0000000085cb1308) thrown at [./src/hotspot/share/classfile/systemDictionary.cpp, line 231]
Event: 8.697 Thread 0x000001fbf0ba6000 Exception <a 'java/lang/ClassNotFoundException'{0x0000000085b3e8d0}: org/gradle/api/internal/artifacts/configurations/DefaultConfiguration_DecoratedCustomizer> (0x0000000085b3e8d0) thrown at [./src/hotspot/share/classfile/systemDictionary.cpp, line 231]
Event: 8.704 Thread 0x000001fbf0ba6000 Exception <a 'java/lang/ClassNotFoundException'{0x00000000859cb9c0}: org/codehaus/groovy/runtime/MethodClosureBeanInfo> (0x00000000859cb9c0) thrown at [./src/hotspot/share/classfile/systemDictionary.cpp, line 231]
Event: 8.712 Thread 0x000001fbf0ba6000 Exception <a 'java/lang/ClassNotFoundException'{0x00000000897a68e8}: org/codehaus/groovy/runtime/MethodClosureCustomizer> (0x00000000897a68e8) thrown at [./src/hotspot/share/classfile/systemDictionary.cpp, line 231]
Event: 8.714 Thread 0x000001fbf0ba6000 Exception <a 'java/lang/ClassNotFoundException'{0x0000000089610990}: org/gradle/api/internal/artifacts/configurations/DefaultConfiguration$ConfigurationResolvableDependencies_DecoratedBeanInfo> (0x0000000089610990) thrown at [./src/hotspot/share/classfile/systemDictionary.cpp, line 231]
Event: 8.715 Thread 0x000001fbf0ba6000 Exception <a 'java/lang/ClassNotFoundException'{0x0000000089642fd0}: org/gradle/api/internal/artifacts/configurations/DefaultConfiguration$ConfigurationResolvableDependenciesBeanInfo> (0x0000000089642fd0) thrown at [./src/hotspot/share/classfile/systemDictionary.cpp, line 231]
Event: 8.715 Thread 0x000001fbf0ba6000 Exception <a 'java/lang/ClassNotFoundException'{0x0000000089676ff8}: org/gradle/api/internal/artifacts/configurations/DefaultConfiguration$ConfigurationResolvableDependenciesCustomizer> (0x0000000089676ff8) thrown at [./src/hotspot/share/classfile/systemDictionary.cpp, line 231]
Event: 8.716 Thread 0x000001fbf0ba6000 Exception <a 'java/lang/ClassNotFoundException'{0x00000000896bc870}: org/gradle/api/internal/artifacts/configurations/DefaultConfiguration$ConfigurationResolvableDependencies_DecoratedCustomizer> (0x00000000896bc870) thrown at [./src/hotspot/share/classfile/systemDictionary.cpp, line 231]
Event: 9.018 Thread 0x000001fbf0ba6000 Exception <a 'java/lang/NoSuchMethodError'{0x0000000087b4db50}: 'java.lang.Object java.lang.invoke.Invokers$Holder.linkToTargetMethod(java.lang.Object, int, java.lang.Object)'> (0x0000000087b4db50) thrown at [./src/hotspot/share/interpreter/linkResolver.cpp, line 773]

Events (20 events):
Event: 9.096 loading class com/android/ide/common/resources/AndroidAaptIgnore
Event: 9.096 loading class com/android/ide/common/resources/AndroidAaptIgnore done
Event: 9.096 loading class com/android/ide/common/resources/NoOpResourcePreprocessor
Event: 9.096 loading class com/android/ide/common/resources/NoOpResourcePreprocessor done
Event: 9.097 loading class com/android/build/gradle/tasks/ExtractDeepLinksTask$CreationAction$configure$1
Event: 9.097 loading class com/android/build/gradle/tasks/ExtractDeepLinksTask$CreationAction$configure$1 done
Event: 9.097 loading class com/android/build/gradle/tasks/ExtractDeepLinksTask$CreationAction$configure$1$1
Event: 9.097 loading class com/android/build/gradle/tasks/ExtractDeepLinksTask$CreationAction$configure$1$1 done
Event: 9.101 loading class com/android/build/gradle/internal/tasks/featuresplit/PackagedDependenciesWriterTask$CreationAction$configure$1
Event: 9.101 loading class com/android/build/gradle/internal/tasks/featuresplit/PackagedDependenciesWriterTask$CreationAction$configure$1 done
Event: 9.101 loading class com/android/build/gradle/internal/tasks/featuresplit/PackagedDependenciesWriterTaskKt
Event: 9.101 loading class com/android/build/gradle/internal/tasks/featuresplit/PackagedDependenciesWriterTaskKt done
Event: 9.102 loading class com/android/build/gradle/internal/tasks/featuresplit/PackagedDependenciesWriterTaskKt$aarOrJarType$1
Event: 9.102 loading class com/android/build/gradle/internal/tasks/featuresplit/PackagedDependenciesWriterTaskKt$aarOrJarType$1 done
Event: 9.126 loading class com/android/build/gradle/tasks/MergeSourceSetFolders$MergeShaderSourceFoldersCreationAction$configure$assetDirFunction$1
Event: 9.126 loading class com/android/build/gradle/tasks/MergeSourceSetFolders$MergeShaderSourceFoldersCreationAction$configure$assetDirFunction$1 done
Event: 9.127 loading class com/android/build/gradle/tasks/MergeSourceSetFolders$MergeShaderSourceFoldersCreationAction$configure$1
Event: 9.127 loading class com/android/build/gradle/tasks/MergeSourceSetFolders$MergeShaderSourceFoldersCreationAction$configure$1 done
Event: 9.128 loading class com/android/build/gradle/tasks/MergeSourceSetFolders$MergeShaderSourceFoldersCreationAction$configure$2
Event: 9.128 loading class com/android/build/gradle/tasks/MergeSourceSetFolders$MergeShaderSourceFoldersCreationAction$configure$2 done


Dynamic libraries:
0x00007ff68c270000 - 0x00007ff68c27a000 	C:\Program Files\Android\Android Studio\jre\bin\java.exe
0x00007ffc95550000 - 0x00007ffc95748000 	C:\Windows\SYSTEM32\ntdll.dll
0x00007ffc95430000 - 0x00007ffc954ef000 	C:\Windows\System32\KERNEL32.DLL
0x00007ffc92d10000 - 0x00007ffc92fe2000 	C:\Windows\System32\KERNELBASE.dll
0x00007ffc93380000 - 0x00007ffc93480000 	C:\Windows\System32\ucrtbase.dll
0x00007ffc60680000 - 0x00007ffc60699000 	C:\Program Files\Android\Android Studio\jre\bin\jli.dll
0x00007ffc4f5d0000 - 0x00007ffc4f5e7000 	C:\Program Files\Android\Android Studio\jre\bin\VCRUNTIME140.dll
0x00007ffc94a30000 - 0x00007ffc94bd1000 	C:\Windows\System32\USER32.dll
0x00007ffc92c40000 - 0x00007ffc92c62000 	C:\Windows\System32\win32u.dll
0x00007ffc77a20000 - 0x00007ffc77cba000 	C:\Windows\WinSxS\amd64_microsoft.windows.common-controls_6595b64144ccf1df_6.0.19041.1110_none_60b5254171f9507e\COMCTL32.dll
0x00007ffc95070000 - 0x00007ffc9509b000 	C:\Windows\System32\GDI32.dll
0x00007ffc938f0000 - 0x00007ffc9398e000 	C:\Windows\System32\msvcrt.dll
0x00007ffc93480000 - 0x00007ffc9358f000 	C:\Windows\System32\gdi32full.dll
0x00007ffc932e0000 - 0x00007ffc9337d000 	C:\Windows\System32\msvcp_win.dll
0x00007ffc93a40000 - 0x00007ffc93a72000 	C:\Windows\System32\IMM32.DLL
0x00007ffc439f0000 - 0x00007ffc43a8d000 	C:\Program Files\Android\Android Studio\jre\bin\msvcp140.dll
0x00007ffc451c0000 - 0x00007ffc45cc2000 	C:\Program Files\Android\Android Studio\jre\bin\server\jvm.dll
0x00007ffc93690000 - 0x00007ffc9373e000 	C:\Windows\System32\ADVAPI32.dll
0x00007ffc95390000 - 0x00007ffc9542c000 	C:\Windows\System32\sechost.dll
0x00007ffc94850000 - 0x00007ffc94975000 	C:\Windows\System32\RPCRT4.dll
0x00007ffc93620000 - 0x00007ffc93628000 	C:\Windows\System32\PSAPI.DLL
0x00007ffc681b0000 - 0x00007ffc681b9000 	C:\Windows\SYSTEM32\WSOCK32.dll
0x00007ffc77f00000 - 0x00007ffc77f27000 	C:\Windows\SYSTEM32\WINMM.dll
0x00007ffc845e0000 - 0x00007ffc845ea000 	C:\Windows\SYSTEM32\VERSION.dll
0x00007ffc93880000 - 0x00007ffc938eb000 	C:\Windows\System32\WS2_32.dll
0x00007ffc91450000 - 0x00007ffc91462000 	C:\Windows\SYSTEM32\kernel.appcore.dll
0x00007ffc6e750000 - 0x00007ffc6e761000 	C:\Program Files\Android\Android Studio\jre\bin\verify.dll
0x00007ffc90fa0000 - 0x00007ffc91184000 	C:\Windows\SYSTEM32\DBGHELP.DLL
0x00007ffc81510000 - 0x00007ffc81545000 	C:\Windows\SYSTEM32\dbgcore.DLL
0x00007ffc93250000 - 0x00007ffc932d2000 	C:\Windows\System32\bcryptPrimitives.dll
0x00007ffc538f0000 - 0x00007ffc53919000 	C:\Program Files\Android\Android Studio\jre\bin\java.dll
0x00007ffc6e740000 - 0x00007ffc6e74b000 	C:\Program Files\Android\Android Studio\jre\bin\jimage.dll
0x00007ffc4d6d0000 - 0x00007ffc4d6e8000 	C:\Program Files\Android\Android Studio\jre\bin\zip.dll
0x00007ffc94100000 - 0x00007ffc94844000 	C:\Windows\System32\SHELL32.dll
0x00007ffc90740000 - 0x00007ffc90ed2000 	C:\Windows\SYSTEM32\windows.storage.dll
0x00007ffc94be0000 - 0x00007ffc94f35000 	C:\Windows\System32\combase.dll
0x00007ffc926a0000 - 0x00007ffc926d0000 	C:\Windows\SYSTEM32\Wldp.dll
0x00007ffc93990000 - 0x00007ffc93a3d000 	C:\Windows\System32\SHCORE.dll
0x00007ffc93820000 - 0x00007ffc93875000 	C:\Windows\System32\shlwapi.dll
0x00007ffc92b80000 - 0x00007ffc92b9f000 	C:\Windows\SYSTEM32\profapi.dll
0x00007ffc4d6b0000 - 0x00007ffc4d6ca000 	C:\Program Files\Android\Android Studio\jre\bin\net.dll
0x00007ffc89200000 - 0x00007ffc8930c000 	C:\Windows\SYSTEM32\WINHTTP.dll
0x00007ffc92400000 - 0x00007ffc9246a000 	C:\Windows\system32\mswsock.dll
0x00007ffc4d690000 - 0x00007ffc4d6a4000 	C:\Program Files\Android\Android Studio\jre\bin\nio.dll
0x00007ffc638e0000 - 0x00007ffc63907000 	C:\Program Files\Android\gradle-7.3.3\native\e1d6ef7f7dcc3fd88c89a11ec53ec762bb8ba0a96d01ffa2cd45eb1d1d8dd5c5\windows-amd64\native-platform.dll
0x00007ffc438a0000 - 0x00007ffc439e4000 	C:\Program Files\Android\gradle-7.3.3\native\0d407fdbe67a94daf76414ababcb853783967236a71b16ec16e742cd7a986fd3\windows-amd64\native-platform-file-events.dll
0x00007ffc539b0000 - 0x00007ffc539ba000 	C:\Program Files\Android\Android Studio\jre\bin\management.dll
0x00007ffc53570000 - 0x00007ffc5357d000 	C:\Program Files\Android\Android Studio\jre\bin\management_ext.dll
0x00007ffc925f0000 - 0x00007ffc92608000 	C:\Windows\SYSTEM32\CRYPTSP.dll
0x00007ffc91c80000 - 0x00007ffc91cb4000 	C:\Windows\system32\rsaenh.dll
0x00007ffc92ce0000 - 0x00007ffc92d07000 	C:\Windows\System32\bcrypt.dll
0x00007ffc92b00000 - 0x00007ffc92b2e000 	C:\Windows\SYSTEM32\USERENV.dll
0x00007ffc92610000 - 0x00007ffc9261c000 	C:\Windows\SYSTEM32\CRYPTBASE.dll
0x00007ffc920a0000 - 0x00007ffc920db000 	C:\Windows\SYSTEM32\IPHLPAPI.DLL
0x00007ffc95250000 - 0x00007ffc95258000 	C:\Windows\System32\NSI.dll
0x00007ffc80640000 - 0x00007ffc80657000 	C:\Windows\SYSTEM32\dhcpcsvc6.DLL
0x00007ffc80d70000 - 0x00007ffc80d8d000 	C:\Windows\SYSTEM32\dhcpcsvc.DLL
0x00007ffc920f0000 - 0x00007ffc921ba000 	C:\Windows\SYSTEM32\DNSAPI.dll

dbghelp: loaded successfully - version: 4.0.5 - missing functions: none
symbol engine: initialized successfully - sym options: 0x614 - pdb path: .;C:\Program Files\Android\Android Studio\jre\bin;C:\Windows\SYSTEM32;C:\Windows\WinSxS\amd64_microsoft.windows.common-controls_6595b64144ccf1df_6.0.19041.1110_none_60b5254171f9507e;C:\Program Files\Android\Android Studio\jre\bin\server;C:\Program Files\Android\gradle-7.3.3\native\e1d6ef7f7dcc3fd88c89a11ec53ec762bb8ba0a96d01ffa2cd45eb1d1d8dd5c5\windows-amd64;C:\Program Files\Android\gradle-7.3.3\native\0d407fdbe67a94daf76414ababcb853783967236a71b16ec16e742cd7a986fd3\windows-amd64

VM Arguments:
jvm_args: --add-opens=java.base/java.util=ALL-UNNAMED --add-opens=java.base/java.lang=ALL-UNNAMED --add-opens=java.base/java.lang.invoke=ALL-UNNAMED --add-opens=java.base/java.util=ALL-UNNAMED --add-opens=java.prefs/java.util.prefs=ALL-UNNAMED --add-opens=java.prefs/java.util.prefs=ALL-UNNAMED --add-opens=java.base/java.nio.charset=ALL-UNNAMED --add-opens=java.base/java.net=ALL-UNNAMED --add-opens=java.base/java.util.concurrent.atomic=ALL-UNNAMED -Xmx2048m -Dfile.encoding=UTF-8 -Duser.country=IN -Duser.language=en -Duser.variant 
java_command: org.gradle.launcher.daemon.bootstrap.GradleDaemon 7.4
java_class_path (initial): C:\Program Files\Android\gradle-7.3.3\wrapper\dists\gradle-7.4-bin\c0gwcg53nkjbqw7r0h0umtfvt\gradle-7.4\lib\gradle-launcher-7.4.jar
Launcher Type: SUN_STANDARD

[Global flags]
     intx CICompilerCount                          = 4                                         {product} {ergonomic}
     uint ConcGCThreads                            = 2                                         {product} {ergonomic}
     uint G1ConcRefinementThreads                  = 8                                         {product} {ergonomic}
   size_t G1HeapRegionSize                         = 1048576                                   {product} {ergonomic}
    uintx GCDrainStackTargetSize                   = 64                                        {product} {ergonomic}
   size_t InitialHeapSize                          = 132120576                                 {product} {ergonomic}
   size_t MarkStackSize                            = 4194304                                   {product} {ergonomic}
   size_t MaxHeapSize                              = 2147483648                                {product} {command line}
   size_t MaxNewSize                               = 1287651328                                {product} {ergonomic}
   size_t MinHeapDeltaBytes                        = 1048576                                   {product} {ergonomic}
    uintx NonNMethodCodeHeapSize                   = 5836300                                {pd product} {ergonomic}
    uintx NonProfiledCodeHeapSize                  = 122910970                              {pd product} {ergonomic}
    uintx ProfiledCodeHeapSize                     = 122910970                              {pd product} {ergonomic}
    uintx ReservedCodeCacheSize                    = 251658240                              {pd product} {ergonomic}
     bool SegmentedCodeCache                       = true                                      {product} {ergonomic}
     bool UseCompressedClassPointers               = true                                 {lp64_product} {ergonomic}
     bool UseCompressedOops                        = true                                 {lp64_product} {ergonomic}
     bool UseG1GC                                  = true                                      {product} {ergonomic}
     bool UseLargePagesIndividualAllocation        = false                                  {pd product} {ergonomic}

Logging:
Log output configuration:
 #0: stdout all=warning uptime,level,tags
 #1: stderr all=off uptime,level,tags

Environment Variables:
JAVA_HOME=C:\Program Files\Java\jdk-18.0.1.1
PATH=C:\Program Files\Python310\Scripts\;C:\Program Files\Python310\;C:\Program Files\Common Files\Oracle\Java\javapath;C:\Windows\system32;C:\Windows;C:\Windows\System32\Wbem;C:\Windows\System32\WindowsPowerShell\v1.0\;C:\Windows\System32\OpenSSH\;C:\Program Files\Git\cmd;C:\Users\suraj\AppData\Local\Microsoft\WindowsApps
USERNAME=suraj
OS=Windows_NT
PROCESSOR_IDENTIFIER=Intel64 Family 6 Model 140 Stepping 1, GenuineIntel



---------------  S Y S T E M  ---------------

OS: Windows 10 , 64 bit Build 19041 (10.0.19041.2251)
OS uptime: 0 days 0:12 hours
Hyper-V role detected

CPU:total 8 (initial active 8) (4 cores per cpu, 2 threads per core) family 6 model 140 stepping 1 microcode 0x86, cmov, cx8, fxsr, mmx, sse, sse2, sse3, ssse3, sse4.1, sse4.2, popcnt, avx, avx2, aes, clmul, erms, 3dnowpref, lzcnt, ht, tsc, tscinvbit, bmi1, bmi2, adx, evex, sha, fma

Memory: 4k page, system-wide physical 7987M (312M free)
TotalPageFile size 7987M (AvailPageFile size 5M)
current process WorkingSet (physical memory assigned to process): 390M, peak: 393M
current process commit charge ("private bytes"): 431M, peak: 433M

vm_info: OpenJDK 64-Bit Server VM (11.0.13+0-b1751.21-8125866) for windows-amd64 JRE (11.0.13+0-b1751.21-8125866), built on Feb  2 2022 03:00:22 by "builder" with MS VC++ 14.0 (VS2015)

END.
