#
# There is insufficient memory for the Java Runtime Environment to continue.
# Native memory allocation (malloc) failed to allocate 1762096 bytes for Chunk::new
# Possible reasons:
#   The system is out of physical RAM or swap space
#   The process is running with CompressedOops enabled, and the Java Heap may be blocking the growth of the native heap
# Possible solutions:
#   Reduce memory load on the system
#   Increase physical memory or swap space
#   Check if swap backing store is full
#   Decrease Java heap size (-Xmx/-Xms)
#   Decrease number of Java threads
#   Decrease Java thread stack sizes (-Xss)
#   Set larger code cache with -XX:ReservedCodeCacheSize=
#   JVM is running with Unscaled Compressed Oops mode in which the Java heap is
#     placed in the first 4GB address space. The Java Heap base address is the
#     maximum limit for the native heap growth. Please use -XX:HeapBaseMinAddress
#     to set the Java Heap base and to place the Java Heap above 4GB virtual address.
# This output file may be truncated or incomplete.
#
#  Out of Memory Error (./src/hotspot/share/memory/arena.cpp:197), pid=7332, tid=1532
#
# JRE version: OpenJDK Runtime Environment (11.0.13) (build 11.0.13+0-b1751.21-8125866)
# Java VM: OpenJDK 64-Bit Server VM (11.0.13+0-b1751.21-8125866, mixed mode, tiered, compressed oops, g1 gc, windows-amd64)
# No core dump will be written. Minidumps are not enabled by default on client versions of Windows
#

---------------  S U M M A R Y ------------

Command Line: --add-opens=java.base/java.util=ALL-UNNAMED --add-opens=java.base/java.lang=ALL-UNNAMED --add-opens=java.base/java.lang.invoke=ALL-UNNAMED --add-opens=java.base/java.util=ALL-UNNAMED --add-opens=java.prefs/java.util.prefs=ALL-UNNAMED --add-opens=java.prefs/java.util.prefs=ALL-UNNAMED --add-opens=java.base/java.nio.charset=ALL-UNNAMED --add-opens=java.base/java.net=ALL-UNNAMED --add-opens=java.base/java.util.concurrent.atomic=ALL-UNNAMED -Xmx2048m -Dfile.encoding=UTF-8 -Duser.country=IN -Duser.language=en -Duser.variant org.gradle.launcher.daemon.bootstrap.GradleDaemon 7.4

Host: 11th Gen Intel(R) Core(TM) i5-1135G7 @ 2.40GHz, 8 cores, 7G,  Windows 10 , 64 bit Build 19041 (10.0.19041.2251)
Time: Sat Dec 10 09:40:45 2022 India Standard Time elapsed time: 3.866198 seconds (0d 0h 0m 3s)

---------------  T H R E A D  ---------------

Current thread (0x000001a5d4657800):  JavaThread "C2 CompilerThread1" daemon [_thread_in_native, id=1532, stack(0x0000001f20600000,0x0000001f20700000)]


Current CompileTask:
C2:   3866 3981       4       java.net.URLClassLoader$1::run (5 bytes)

Stack: [0x0000001f20600000,0x0000001f20700000]
Native frames: (J=compiled Java code, j=interpreted, Vv=VM code, C=native code)
V  [jvm.dll+0x6100fa]
V  [jvm.dll+0x747090]
V  [jvm.dll+0x7486ad]
V  [jvm.dll+0x748d83]
V  [jvm.dll+0x24ab48]
V  [jvm.dll+0xc04dc]
V  [jvm.dll+0xc0a0c]
V  [jvm.dll+0x35eb5b]
V  [jvm.dll+0x19d7bc]
V  [jvm.dll+0x2033be]
V  [jvm.dll+0x202437]
V  [jvm.dll+0x188e01]
V  [jvm.dll+0x21106b]
V  [jvm.dll+0x20f8c1]
V  [jvm.dll+0x70de0f]
V  [jvm.dll+0x706a75]
V  [jvm.dll+0x60ed66]
C  [ucrtbase.dll+0x21bb2]
C  [KERNEL32.DLL+0x174b4]
C  [ntdll.dll+0x526a1]


---------------  P R O C E S S  ---------------

Threads class SMR info:
_java_thread_list=0x000001a5d992bac0, length=41, elements={
0x000001a5b9490800, 0x000001a5d391f000, 0x000001a5d3920800, 0x000001a5d393a800,
0x000001a5d393d800, 0x000001a5d393e800, 0x000001a5d3942800, 0x000001a5d3944000,
0x000001a5d3946800, 0x000001a5d43fc000, 0x000001a5d4657800, 0x000001a5d47e6000,
0x000001a5d6319000, 0x000001a5d6710800, 0x000001a5d641a000, 0x000001a5d661e800,
0x000001a5d632a000, 0x000001a5d6b09800, 0x000001a5d6aee800, 0x000001a5d6822000,
0x000001a5d6444000, 0x000001a5d6a05800, 0x000001a5d721b800, 0x000001a5d7220800,
0x000001a5d721f800, 0x000001a5d7221000, 0x000001a5d721e800, 0x000001a5d7222000,
0x000001a5d721c000, 0x000001a5d721d000, 0x000001a5d721e000, 0x000001a5d64ac800,
0x000001a5d64af000, 0x000001a5d64ad000, 0x000001a5d64ab800, 0x000001a5d64af800,
0x000001a5d64b0800, 0x000001a5d64ae000, 0x000001a5d64aa800, 0x000001a5d64b1000,
0x000001a5d9b62000
}

Java Threads: ( => current thread )
  0x000001a5b9490800 JavaThread "main" [_thread_blocked, id=6916, stack(0x0000001f1f500000,0x0000001f1f600000)]
  0x000001a5d391f000 JavaThread "Reference Handler" daemon [_thread_blocked, id=14444, stack(0x0000001f1fc00000,0x0000001f1fd00000)]
  0x000001a5d3920800 JavaThread "Finalizer" daemon [_thread_blocked, id=1536, stack(0x0000001f1fd00000,0x0000001f1fe00000)]
  0x000001a5d393a800 JavaThread "Signal Dispatcher" daemon [_thread_blocked, id=6328, stack(0x0000001f1fe00000,0x0000001f1ff00000)]
  0x000001a5d393d800 JavaThread "Attach Listener" daemon [_thread_blocked, id=6064, stack(0x0000001f1ff00000,0x0000001f20000000)]
  0x000001a5d393e800 JavaThread "Service Thread" daemon [_thread_blocked, id=8316, stack(0x0000001f20000000,0x0000001f20100000)]
  0x000001a5d3942800 JavaThread "C2 CompilerThread0" daemon [_thread_in_native, id=13064, stack(0x0000001f20100000,0x0000001f20200000)]
  0x000001a5d3944000 JavaThread "C1 CompilerThread0" daemon [_thread_blocked, id=8228, stack(0x0000001f20200000,0x0000001f20300000)]
  0x000001a5d3946800 JavaThread "Sweeper thread" daemon [_thread_blocked, id=2604, stack(0x0000001f20300000,0x0000001f20400000)]
  0x000001a5d43fc000 JavaThread "Common-Cleaner" daemon [_thread_blocked, id=9712, stack(0x0000001f20400000,0x0000001f20500000)]
=>0x000001a5d4657800 JavaThread "C2 CompilerThread1" daemon [_thread_in_native, id=1532, stack(0x0000001f20600000,0x0000001f20700000)]
  0x000001a5d47e6000 JavaThread "C2 CompilerThread2" daemon [_thread_in_native, id=6668, stack(0x0000001f20700000,0x0000001f20800000)]
  0x000001a5d6319000 JavaThread "Daemon health stats" [_thread_blocked, id=11864, stack(0x0000001f20a00000,0x0000001f20b00000)]
  0x000001a5d6710800 JavaThread "Incoming local TCP Connector on port 51188" [_thread_in_native, id=8068, stack(0x0000001f20b00000,0x0000001f20c00000)]
  0x000001a5d641a000 JavaThread "Daemon periodic checks" [_thread_blocked, id=4692, stack(0x0000001f20c00000,0x0000001f20d00000)]
  0x000001a5d661e800 JavaThread "Daemon" [_thread_blocked, id=11860, stack(0x0000001f20d00000,0x0000001f20e00000)]
  0x000001a5d632a000 JavaThread "Handler for socket connection from /127.0.0.1:51188 to /127.0.0.1:51189" [_thread_in_native, id=2044, stack(0x0000001f20e00000,0x0000001f20f00000)]
  0x000001a5d6b09800 JavaThread "Cancel handler" [_thread_blocked, id=15548, stack(0x0000001f20f00000,0x0000001f21000000)]
  0x000001a5d6aee800 JavaThread "Daemon worker" [_thread_in_Java, id=6964, stack(0x0000001f21000000,0x0000001f21100000)]
  0x000001a5d6822000 JavaThread "Asynchronous log dispatcher for DefaultDaemonConnection: socket connection from /127.0.0.1:51188 to /127.0.0.1:51189" [_thread_blocked, id=12244, stack(0x0000001f21100000,0x0000001f21200000)]
  0x000001a5d6444000 JavaThread "Stdin handler" [_thread_blocked, id=7328, stack(0x0000001f21200000,0x0000001f21300000)]
  0x000001a5d6a05800 JavaThread "Daemon client event forwarder" [_thread_blocked, id=12520, stack(0x0000001f21300000,0x0000001f21400000)]
  0x000001a5d721b800 JavaThread "Cache worker for journal cache (C:\Program Files\Android\gradle-7.3.3\caches\journal-1)" [_thread_blocked, id=1096, stack(0x0000001f21900000,0x0000001f21a00000)]
  0x000001a5d7220800 JavaThread "File lock request listener" [_thread_in_native, id=8288, stack(0x0000001f21a00000,0x0000001f21b00000)]
  0x000001a5d721f800 JavaThread "Cache worker for file hash cache (C:\Program Files\Android\gradle-7.3.3\caches\7.4\fileHashes)" [_thread_blocked, id=11100, stack(0x0000001f21c00000,0x0000001f21d00000)]
  0x000001a5d7221000 JavaThread "File watcher server" daemon [_thread_in_native, id=11848, stack(0x0000001f21d00000,0x0000001f21e00000)]
  0x000001a5d721e800 JavaThread "File watcher consumer" daemon [_thread_blocked, id=10372, stack(0x0000001f21e00000,0x0000001f21f00000)]
  0x000001a5d7222000 JavaThread "jar transforms" [_thread_blocked, id=9296, stack(0x0000001f21f00000,0x0000001f22000000)]
  0x000001a5d721c000 JavaThread "jar transforms Thread 2" [_thread_blocked, id=12872, stack(0x0000001f22000000,0x0000001f22100000)]
  0x000001a5d721d000 JavaThread "jar transforms Thread 3" [_thread_blocked, id=12868, stack(0x0000001f22100000,0x0000001f22200000)]
  0x000001a5d721e000 JavaThread "jar transforms Thread 4" [_thread_blocked, id=6552, stack(0x0000001f22200000,0x0000001f22300000)]
  0x000001a5d64ac800 JavaThread "jar transforms Thread 5" [_thread_blocked, id=4508, stack(0x0000001f22300000,0x0000001f22400000)]
  0x000001a5d64af000 JavaThread "jar transforms Thread 6" [_thread_blocked, id=4276, stack(0x0000001f22400000,0x0000001f22500000)]
  0x000001a5d64ad000 JavaThread "jar transforms Thread 7" [_thread_blocked, id=3748, stack(0x0000001f22500000,0x0000001f22600000)]
  0x000001a5d64ab800 JavaThread "jar transforms Thread 8" [_thread_blocked, id=15352, stack(0x0000001f22600000,0x0000001f22700000)]
  0x000001a5d64af800 JavaThread "Cache worker for checksums cache (D:\CollegeApp\.gradle\7.4\checksums)" [_thread_blocked, id=6344, stack(0x0000001f22700000,0x0000001f22800000)]
  0x000001a5d64b0800 JavaThread "Cache worker for cache directory md-rule (C:\Program Files\Android\gradle-7.3.3\caches\7.4\md-rule)" [_thread_blocked, id=15572, stack(0x0000001f22800000,0x0000001f22900000)]
  0x000001a5d64ae000 JavaThread "Cache worker for file hash cache (D:\CollegeApp\.gradle\7.4\fileHashes)" [_thread_blocked, id=3888, stack(0x0000001f22900000,0x0000001f22a00000)]
  0x000001a5d64aa800 JavaThread "Cache worker for cache directory md-supplier (C:\Program Files\Android\gradle-7.3.3\caches\7.4\md-supplier)" [_thread_blocked, id=11312, stack(0x0000001f22a00000,0x0000001f22b00000)]
  0x000001a5d64b1000 JavaThread "Cache worker for execution history cache (C:\Program Files\Android\gradle-7.3.3\caches\7.4\executionHistory)" [_thread_blocked, id=15668, stack(0x0000001f22b00000,0x0000001f22c00000)]
  0x000001a5d9b62000 JavaThread "Cache worker for file content cache (C:\Program Files\Android\gradle-7.3.3\caches\7.4\fileContent)" [_thread_blocked, id=8124, stack(0x0000001f22c00000,0x0000001f22d00000)]

Other Threads:
  0x000001a5d391a800 VMThread "VM Thread" [stack: 0x0000001f1fb00000,0x0000001f1fc00000] [id=13212]
  0x000001a5d4415800 WatcherThread [stack: 0x0000001f20500000,0x0000001f20600000] [id=12956]
  0x000001a5b94a6000 GCTaskThread "GC Thread#0" [stack: 0x0000001f1f600000,0x0000001f1f700000] [id=5340]
  0x000001a5d5b0b800 GCTaskThread "GC Thread#1" [stack: 0x0000001f20800000,0x0000001f20900000] [id=9108]
  0x000001a5d4a7a000 GCTaskThread "GC Thread#2" [stack: 0x0000001f20900000,0x0000001f20a00000] [id=1088]
  0x000001a5d6ba3000 GCTaskThread "GC Thread#3" [stack: 0x0000001f21400000,0x0000001f21500000] [id=11944]
  0x000001a5d5aaf000 GCTaskThread "GC Thread#4" [stack: 0x0000001f21500000,0x0000001f21600000] [id=1120]
  0x000001a5d5cec800 GCTaskThread "GC Thread#5" [stack: 0x0000001f21600000,0x0000001f21700000] [id=3208]
  0x000001a5d6c73000 GCTaskThread "GC Thread#6" [stack: 0x0000001f21700000,0x0000001f21800000] [id=5520]
  0x000001a5d6798000 GCTaskThread "GC Thread#7" [stack: 0x0000001f21800000,0x0000001f21900000] [id=11624]
  0x000001a5b94d5800 ConcurrentGCThread "G1 Main Marker" [stack: 0x0000001f1f700000,0x0000001f1f800000] [id=4756]
  0x000001a5b94d7000 ConcurrentGCThread "G1 Conc#0" [stack: 0x0000001f1f800000,0x0000001f1f900000] [id=10588]
  0x000001a5d53bc800 ConcurrentGCThread "G1 Conc#1" [stack: 0x0000001f21b00000,0x0000001f21c00000] [id=9988]
  0x000001a5b9567000 ConcurrentGCThread "G1 Refine#0" [stack: 0x0000001f1f900000,0x0000001f1fa00000] [id=4996]
  0x000001a5d3770800 ConcurrentGCThread "G1 Young RemSet Sampling" [stack: 0x0000001f1fa00000,0x0000001f1fb00000] [id=15180]

Threads with active compile tasks:
C2 CompilerThread0   3884 3982   !   4       java.net.URLClassLoader$1::run (81 bytes)
C1 CompilerThread0   3884 4181       3       groovyjarjarasm.asm.MethodWriter::visitLabel (328 bytes)
C2 CompilerThread1   3884 3981       4       java.net.URLClassLoader$1::run (5 bytes)
C2 CompilerThread2   3884 3967       4       groovy.lang.MetaClassImpl$1MOPIter::methodNameAction (325 bytes)

VM state:not at safepoint (normal execution)

VM Mutex/Monitor currently owned by a thread:  ([mutex/lock_event])
[0x000001a5b948d610] SystemDictionary_lock - owner thread: 0x0000000000000000

Heap address: 0x0000000080000000, size: 2048 MB, Compressed Oops mode: 32-bit
Narrow klass base: 0x0000000000000000, Narrow klass shift: 3
Compressed class space size: 1073741824 Address: 0x0000000100000000

Heap:
 garbage-first heap   total 155648K, used 93908K [0x0000000080000000, 0x0000000100000000)
  region size 1024K, 39 young (39936K), 6 survivors (6144K)
 Metaspace       used 46571K, capacity 47892K, committed 48204K, reserved 1091584K
  class space    used 5861K, capacity 6350K, committed 6476K, reserved 1048576K
Heap Regions: E=young(eden), S=young(survivor), O=old, HS=humongous(starts), HC=humongous(continues), CS=collection set, F=free, A=archive, TAMS=top-at-mark-start (previous, next)
|   0|0x0000000080000000, 0x0000000080100000, 0x0000000080100000|100%| O|  |TAMS 0x0000000080100000, 0x0000000080000000| Untracked 
|   1|0x0000000080100000, 0x0000000080200000, 0x0000000080200000|100%| O|  |TAMS 0x0000000080200000, 0x0000000080100000| Untracked 
|   2|0x0000000080200000, 0x0000000080300000, 0x0000000080300000|100%| O|  |TAMS 0x0000000080300000, 0x0000000080200000| Untracked 
|   3|0x0000000080300000, 0x0000000080400000, 0x0000000080400000|100%|HS|  |TAMS 0x0000000080400000, 0x0000000080300000| Complete 
|   4|0x0000000080400000, 0x0000000080500000, 0x0000000080500000|100%|HC|  |TAMS 0x0000000080500000, 0x0000000080400000| Complete 
|   5|0x0000000080500000, 0x0000000080600000, 0x0000000080600000|100%|HC|  |TAMS 0x0000000080600000, 0x0000000080500000| Complete 
|   6|0x0000000080600000, 0x0000000080700000, 0x0000000080700000|100%| O|  |TAMS 0x0000000080700000, 0x0000000080600000| Untracked 
|   7|0x0000000080700000, 0x0000000080800000, 0x0000000080800000|100%| O|  |TAMS 0x0000000080800000, 0x0000000080700000| Untracked 
|   8|0x0000000080800000, 0x0000000080900000, 0x0000000080900000|100%| O|  |TAMS 0x0000000080900000, 0x0000000080800000| Untracked 
|   9|0x0000000080900000, 0x0000000080a00000, 0x0000000080a00000|100%| O|  |TAMS 0x0000000080a00000, 0x0000000080900000| Untracked 
|  10|0x0000000080a00000, 0x0000000080b00000, 0x0000000080b00000|100%| O|  |TAMS 0x0000000080b00000, 0x0000000080a00000| Untracked 
|  11|0x0000000080b00000, 0x0000000080c00000, 0x0000000080c00000|100%| O|  |TAMS 0x0000000080c00000, 0x0000000080b00000| Untracked 
|  12|0x0000000080c00000, 0x0000000080d00000, 0x0000000080d00000|100%| O|  |TAMS 0x0000000080d00000, 0x0000000080c00000| Untracked 
|  13|0x0000000080d00000, 0x0000000080e00000, 0x0000000080e00000|100%| O|  |TAMS 0x0000000080e00000, 0x0000000080d00000| Untracked 
|  14|0x0000000080e00000, 0x0000000080f00000, 0x0000000080f00000|100%| O|  |TAMS 0x0000000080f00000, 0x0000000080e00000| Untracked 
|  15|0x0000000080f00000, 0x0000000081000000, 0x0000000081000000|100%| O|  |TAMS 0x0000000081000000, 0x0000000080f00000| Untracked 
|  16|0x0000000081000000, 0x0000000081100000, 0x0000000081100000|100%|HS|  |TAMS 0x0000000081100000, 0x0000000081000000| Complete 
|  17|0x0000000081100000, 0x0000000081200000, 0x0000000081200000|100%|HC|  |TAMS 0x0000000081200000, 0x0000000081100000| Complete 
|  18|0x0000000081200000, 0x0000000081300000, 0x0000000081300000|100%|HS|  |TAMS 0x0000000081300000, 0x0000000081200000| Complete 
|  19|0x0000000081300000, 0x0000000081400000, 0x0000000081400000|100%|HC|  |TAMS 0x0000000081400000, 0x0000000081300000| Complete 
|  20|0x0000000081400000, 0x0000000081500000, 0x0000000081500000|100%|HC|  |TAMS 0x0000000081500000, 0x0000000081400000| Complete 
|  21|0x0000000081500000, 0x0000000081600000, 0x0000000081600000|100%|HS|  |TAMS 0x0000000081600000, 0x0000000081500000| Complete 
|  22|0x0000000081600000, 0x0000000081700000, 0x0000000081700000|100%|HC|  |TAMS 0x0000000081700000, 0x0000000081600000| Complete 
|  23|0x0000000081700000, 0x0000000081800000, 0x0000000081800000|100%|HC|  |TAMS 0x0000000081800000, 0x0000000081700000| Complete 
|  24|0x0000000081800000, 0x0000000081900000, 0x0000000081900000|100%|HS|  |TAMS 0x0000000081900000, 0x0000000081800000| Complete 
|  25|0x0000000081900000, 0x0000000081a00000, 0x0000000081a00000|100%|HC|  |TAMS 0x0000000081a00000, 0x0000000081900000| Complete 
|  26|0x0000000081a00000, 0x0000000081b00000, 0x0000000081b00000|100%|HC|  |TAMS 0x0000000081b00000, 0x0000000081a00000| Complete 
|  27|0x0000000081b00000, 0x0000000081c00000, 0x0000000081c00000|100%|HC|  |TAMS 0x0000000081c00000, 0x0000000081b00000| Complete 
|  28|0x0000000081c00000, 0x0000000081d00000, 0x0000000081d00000|100%|HC|  |TAMS 0x0000000081d00000, 0x0000000081c00000| Complete 
|  29|0x0000000081d00000, 0x0000000081e00000, 0x0000000081e00000|100%| O|  |TAMS 0x0000000081e00000, 0x0000000081d00000| Untracked 
|  30|0x0000000081e00000, 0x0000000081f00000, 0x0000000081f00000|100%| O|  |TAMS 0x0000000081f00000, 0x0000000081e00000| Untracked 
|  31|0x0000000081f00000, 0x0000000082000000, 0x0000000082000000|100%| O|  |TAMS 0x0000000082000000, 0x0000000081f00000| Untracked 
|  32|0x0000000082000000, 0x0000000082100000, 0x0000000082100000|100%| O|  |TAMS 0x0000000082100000, 0x0000000082000000| Untracked 
|  33|0x0000000082100000, 0x0000000082200000, 0x0000000082200000|100%| O|  |TAMS 0x0000000082200000, 0x0000000082100000| Untracked 
|  34|0x0000000082200000, 0x0000000082300000, 0x0000000082300000|100%| O|  |TAMS 0x0000000082281800, 0x0000000082200000| Untracked 
|  35|0x0000000082300000, 0x0000000082400000, 0x0000000082400000|100%|HS|  |TAMS 0x0000000082300000, 0x0000000082300000| Complete 
|  36|0x0000000082400000, 0x0000000082500000, 0x0000000082500000|100%|HC|  |TAMS 0x0000000082400000, 0x0000000082400000| Complete 
|  37|0x0000000082500000, 0x0000000082600000, 0x0000000082600000|100%|HC|  |TAMS 0x0000000082500000, 0x0000000082500000| Complete 
|  38|0x0000000082600000, 0x0000000082700000, 0x0000000082700000|100%|HC|  |TAMS 0x0000000082600000, 0x0000000082600000| Complete 
|  39|0x0000000082700000, 0x0000000082800000, 0x0000000082800000|100%|HS|  |TAMS 0x0000000082700000, 0x0000000082700000| Complete 
|  40|0x0000000082800000, 0x0000000082900000, 0x0000000082900000|100%|HC|  |TAMS 0x0000000082800000, 0x0000000082800000| Complete 
|  41|0x0000000082900000, 0x0000000082a00000, 0x0000000082a00000|100%|HC|  |TAMS 0x0000000082900000, 0x0000000082900000| Complete 
|  42|0x0000000082a00000, 0x0000000082b00000, 0x0000000082b00000|100%|HS|  |TAMS 0x0000000082a00000, 0x0000000082a00000| Complete 
|  43|0x0000000082b00000, 0x0000000082c00000, 0x0000000082c00000|100%|HC|  |TAMS 0x0000000082b00000, 0x0000000082b00000| Complete 
|  44|0x0000000082c00000, 0x0000000082d00000, 0x0000000082d00000|100%|HS|  |TAMS 0x0000000082c00000, 0x0000000082c00000| Complete 
|  45|0x0000000082d00000, 0x0000000082e00000, 0x0000000082e00000|100%|HC|  |TAMS 0x0000000082d00000, 0x0000000082d00000| Complete 
|  46|0x0000000082e00000, 0x0000000082f00000, 0x0000000082f00000|100%|HC|  |TAMS 0x0000000082e00000, 0x0000000082e00000| Complete 
|  47|0x0000000082f00000, 0x0000000082f00000, 0x0000000083000000|  0%| F|  |TAMS 0x0000000082f00000, 0x0000000082f00000| Untracked 
|  48|0x0000000083000000, 0x0000000083100000, 0x0000000083100000|100%| O|  |TAMS 0x0000000083000000, 0x0000000083000000| Untracked 
|  49|0x0000000083100000, 0x0000000083200000, 0x0000000083200000|100%| O|  |TAMS 0x0000000083100000, 0x0000000083100000| Untracked 
|  50|0x0000000083200000, 0x0000000083300000, 0x0000000083300000|100%| O|  |TAMS 0x0000000083200000, 0x0000000083200000| Untracked 
|  51|0x0000000083300000, 0x0000000083400000, 0x0000000083400000|100%| O|  |TAMS 0x0000000083300000, 0x0000000083300000| Untracked 
|  52|0x0000000083400000, 0x0000000083500000, 0x0000000083500000|100%| O|  |TAMS 0x0000000083400000, 0x0000000083400000| Untracked 
|  53|0x0000000083500000, 0x0000000083600000, 0x0000000083600000|100%| O|  |TAMS 0x0000000083500000, 0x0000000083500000| Untracked 
|  54|0x0000000083600000, 0x0000000083700000, 0x0000000083700000|100%| O|  |TAMS 0x0000000083600000, 0x0000000083600000| Untracked 
|  55|0x0000000083700000, 0x000000008378f200, 0x0000000083800000| 55%| O|  |TAMS 0x0000000083700000, 0x0000000083700000| Untracked 
|  56|0x0000000083800000, 0x0000000083800000, 0x0000000083900000|  0%| F|  |TAMS 0x0000000083800000, 0x0000000083800000| Untracked 
|  57|0x0000000083900000, 0x0000000083900000, 0x0000000083a00000|  0%| F|  |TAMS 0x0000000083900000, 0x0000000083900000| Untracked 
|  58|0x0000000083a00000, 0x0000000083a00000, 0x0000000083b00000|  0%| F|  |TAMS 0x0000000083a00000, 0x0000000083a00000| Untracked 
|  59|0x0000000083b00000, 0x0000000083b00000, 0x0000000083c00000|  0%| F|  |TAMS 0x0000000083b00000, 0x0000000083b00000| Untracked 
|  60|0x0000000083c00000, 0x0000000083c00000, 0x0000000083d00000|  0%| F|  |TAMS 0x0000000083c00000, 0x0000000083c00000| Untracked 
|  61|0x0000000083d00000, 0x0000000083d00000, 0x0000000083e00000|  0%| F|  |TAMS 0x0000000083d00000, 0x0000000083d00000| Untracked 
|  62|0x0000000083e00000, 0x0000000083e00000, 0x0000000083f00000|  0%| F|  |TAMS 0x0000000083e00000, 0x0000000083e00000| Untracked 
|  63|0x0000000083f00000, 0x0000000083f00000, 0x0000000084000000|  0%| F|  |TAMS 0x0000000083f00000, 0x0000000083f00000| Untracked 
|  64|0x0000000084000000, 0x0000000084000000, 0x0000000084100000|  0%| F|  |TAMS 0x0000000084000000, 0x0000000084000000| Untracked 
|  65|0x0000000084100000, 0x0000000084100000, 0x0000000084200000|  0%| F|  |TAMS 0x0000000084100000, 0x0000000084100000| Untracked 
|  66|0x0000000084200000, 0x0000000084200000, 0x0000000084300000|  0%| F|  |TAMS 0x0000000084200000, 0x0000000084200000| Untracked 
|  67|0x0000000084300000, 0x0000000084300000, 0x0000000084400000|  0%| F|  |TAMS 0x0000000084300000, 0x0000000084300000| Untracked 
|  68|0x0000000084400000, 0x0000000084425e18, 0x0000000084500000| 14%| S|CS|TAMS 0x0000000084400000, 0x0000000084400000| Complete 
|  69|0x0000000084500000, 0x0000000084600000, 0x0000000084600000|100%| S|CS|TAMS 0x0000000084500000, 0x0000000084500000| Complete 
|  70|0x0000000084600000, 0x0000000084700000, 0x0000000084700000|100%| S|CS|TAMS 0x0000000084600000, 0x0000000084600000| Complete 
|  71|0x0000000084700000, 0x0000000084800000, 0x0000000084800000|100%| S|CS|TAMS 0x0000000084700000, 0x0000000084700000| Complete 
|  72|0x0000000084800000, 0x0000000084900000, 0x0000000084900000|100%| S|CS|TAMS 0x0000000084800000, 0x0000000084800000| Complete 
|  73|0x0000000084900000, 0x0000000084a00000, 0x0000000084a00000|100%| S|CS|TAMS 0x0000000084900000, 0x0000000084900000| Complete 
|  74|0x0000000084a00000, 0x0000000084a00000, 0x0000000084b00000|  0%| F|  |TAMS 0x0000000084a00000, 0x0000000084a00000| Untracked 
|  75|0x0000000084b00000, 0x0000000084b00000, 0x0000000084c00000|  0%| F|  |TAMS 0x0000000084b00000, 0x0000000084b00000| Untracked 
|  76|0x0000000084c00000, 0x0000000084c00000, 0x0000000084d00000|  0%| F|  |TAMS 0x0000000084c00000, 0x0000000084c00000| Untracked 
|  77|0x0000000084d00000, 0x0000000084d00000, 0x0000000084e00000|  0%| F|  |TAMS 0x0000000084d00000, 0x0000000084d00000| Untracked 
|  78|0x0000000084e00000, 0x0000000084e00000, 0x0000000084f00000|  0%| F|  |TAMS 0x0000000084e00000, 0x0000000084e00000| Untracked 
|  79|0x0000000084f00000, 0x0000000084f00000, 0x0000000085000000|  0%| F|  |TAMS 0x0000000084f00000, 0x0000000084f00000| Untracked 
|  80|0x0000000085000000, 0x0000000085000000, 0x0000000085100000|  0%| F|  |TAMS 0x0000000085000000, 0x0000000085000000| Untracked 
|  81|0x0000000085100000, 0x0000000085100000, 0x0000000085200000|  0%| F|  |TAMS 0x0000000085100000, 0x0000000085100000| Untracked 
|  82|0x0000000085200000, 0x0000000085200000, 0x0000000085300000|  0%| F|  |TAMS 0x0000000085200000, 0x0000000085200000| Untracked 
|  83|0x0000000085300000, 0x0000000085300000, 0x0000000085400000|  0%| F|  |TAMS 0x0000000085300000, 0x0000000085300000| Untracked 
|  84|0x0000000085400000, 0x0000000085400000, 0x0000000085500000|  0%| F|  |TAMS 0x0000000085400000, 0x0000000085400000| Untracked 
|  85|0x0000000085500000, 0x0000000085500000, 0x0000000085600000|  0%| F|  |TAMS 0x0000000085500000, 0x0000000085500000| Untracked 
|  86|0x0000000085600000, 0x0000000085600000, 0x0000000085700000|  0%| F|  |TAMS 0x0000000085600000, 0x0000000085600000| Untracked 
|  87|0x0000000085700000, 0x0000000085700000, 0x0000000085800000|  0%| F|  |TAMS 0x0000000085700000, 0x0000000085700000| Untracked 
|  88|0x0000000085800000, 0x0000000085800000, 0x0000000085900000|  0%| F|  |TAMS 0x0000000085800000, 0x0000000085800000| Untracked 
|  89|0x0000000085900000, 0x0000000085900000, 0x0000000085a00000|  0%| F|  |TAMS 0x0000000085900000, 0x0000000085900000| Untracked 
|  90|0x0000000085a00000, 0x0000000085a00000, 0x0000000085b00000|  0%| F|  |TAMS 0x0000000085a00000, 0x0000000085a00000| Untracked 
|  91|0x0000000085b00000, 0x0000000085b00000, 0x0000000085c00000|  0%| F|  |TAMS 0x0000000085b00000, 0x0000000085b00000| Untracked 
|  92|0x0000000085c00000, 0x0000000085c00000, 0x0000000085d00000|  0%| F|  |TAMS 0x0000000085c00000, 0x0000000085c00000| Untracked 
|  93|0x0000000085d00000, 0x0000000085d00000, 0x0000000085e00000|  0%| F|  |TAMS 0x0000000085d00000, 0x0000000085d00000| Untracked 
|  94|0x0000000085e00000, 0x0000000085e00000, 0x0000000085f00000|  0%| F|  |TAMS 0x0000000085e00000, 0x0000000085e00000| Untracked 
|  95|0x0000000085f00000, 0x0000000085f00000, 0x0000000086000000|  0%| F|  |TAMS 0x0000000085f00000, 0x0000000085f00000| Untracked 
|  96|0x0000000086000000, 0x0000000086000000, 0x0000000086100000|  0%| F|  |TAMS 0x0000000086000000, 0x0000000086000000| Untracked 
|  97|0x0000000086100000, 0x0000000086100000, 0x0000000086200000|  0%| F|  |TAMS 0x0000000086100000, 0x0000000086100000| Untracked 
|  98|0x0000000086200000, 0x0000000086200000, 0x0000000086300000|  0%| F|  |TAMS 0x0000000086200000, 0x0000000086200000| Untracked 
|  99|0x0000000086300000, 0x0000000086300000, 0x0000000086400000|  0%| F|  |TAMS 0x0000000086300000, 0x0000000086300000| Untracked 
| 100|0x0000000086400000, 0x0000000086400000, 0x0000000086500000|  0%| F|  |TAMS 0x0000000086400000, 0x0000000086400000| Untracked 
| 101|0x0000000086500000, 0x0000000086500000, 0x0000000086600000|  0%| F|  |TAMS 0x0000000086500000, 0x0000000086500000| Untracked 
| 102|0x0000000086600000, 0x0000000086600000, 0x0000000086700000|  0%| F|  |TAMS 0x0000000086600000, 0x0000000086600000| Untracked 
| 103|0x0000000086700000, 0x0000000086700000, 0x0000000086800000|  0%| F|  |TAMS 0x0000000086700000, 0x0000000086700000| Untracked 
| 104|0x0000000086800000, 0x0000000086800000, 0x0000000086900000|  0%| F|  |TAMS 0x0000000086800000, 0x0000000086800000| Untracked 
| 105|0x0000000086900000, 0x0000000086900000, 0x0000000086a00000|  0%| F|  |TAMS 0x0000000086900000, 0x0000000086900000| Untracked 
| 106|0x0000000086a00000, 0x0000000086a00000, 0x0000000086b00000|  0%| F|  |TAMS 0x0000000086a00000, 0x0000000086a00000| Untracked 
| 107|0x0000000086b00000, 0x0000000086b00000, 0x0000000086c00000|  0%| F|  |TAMS 0x0000000086b00000, 0x0000000086b00000| Untracked 
| 108|0x0000000086c00000, 0x0000000086c00000, 0x0000000086d00000|  0%| F|  |TAMS 0x0000000086c00000, 0x0000000086c00000| Untracked 
| 109|0x0000000086d00000, 0x0000000086d00000, 0x0000000086e00000|  0%| F|  |TAMS 0x0000000086d00000, 0x0000000086d00000| Untracked 
| 110|0x0000000086e00000, 0x0000000086e00000, 0x0000000086f00000|  0%| F|  |TAMS 0x0000000086e00000, 0x0000000086e00000| Untracked 
| 111|0x0000000086f00000, 0x0000000086f00000, 0x0000000087000000|  0%| F|  |TAMS 0x0000000086f00000, 0x0000000086f00000| Untracked 
| 112|0x0000000087000000, 0x0000000087000000, 0x0000000087100000|  0%| F|  |TAMS 0x0000000087000000, 0x0000000087000000| Untracked 
| 113|0x0000000087100000, 0x0000000087100000, 0x0000000087200000|  0%| F|  |TAMS 0x0000000087100000, 0x0000000087100000| Untracked 
| 114|0x0000000087200000, 0x0000000087200000, 0x0000000087300000|  0%| F|  |TAMS 0x0000000087200000, 0x0000000087200000| Untracked 
| 115|0x0000000087300000, 0x0000000087300000, 0x0000000087400000|  0%| F|  |TAMS 0x0000000087300000, 0x0000000087300000| Untracked 
| 116|0x0000000087400000, 0x0000000087400000, 0x0000000087500000|  0%| F|  |TAMS 0x0000000087400000, 0x0000000087400000| Untracked 
| 117|0x0000000087500000, 0x0000000087500000, 0x0000000087600000|  0%| F|  |TAMS 0x0000000087500000, 0x0000000087500000| Untracked 
| 118|0x0000000087600000, 0x0000000087680800, 0x0000000087700000| 50%| E|  |TAMS 0x0000000087600000, 0x0000000087600000| Complete 
| 119|0x0000000087700000, 0x0000000087800000, 0x0000000087800000|100%| E|CS|TAMS 0x0000000087700000, 0x0000000087700000| Complete 
| 120|0x0000000087800000, 0x0000000087900000, 0x0000000087900000|100%| E|CS|TAMS 0x0000000087800000, 0x0000000087800000| Complete 
| 121|0x0000000087900000, 0x0000000087a00000, 0x0000000087a00000|100%| E|CS|TAMS 0x0000000087900000, 0x0000000087900000| Complete 
| 122|0x0000000087a00000, 0x0000000087b00000, 0x0000000087b00000|100%| E|CS|TAMS 0x0000000087a00000, 0x0000000087a00000| Complete 
| 123|0x0000000087b00000, 0x0000000087c00000, 0x0000000087c00000|100%| E|CS|TAMS 0x0000000087b00000, 0x0000000087b00000| Complete 
| 124|0x0000000087c00000, 0x0000000087d00000, 0x0000000087d00000|100%| E|CS|TAMS 0x0000000087c00000, 0x0000000087c00000| Complete 
| 125|0x0000000087d00000, 0x0000000087e00000, 0x0000000087e00000|100%| E|CS|TAMS 0x0000000087d00000, 0x0000000087d00000| Complete 
| 126|0x0000000087e00000, 0x0000000087f00000, 0x0000000087f00000|100%| E|CS|TAMS 0x0000000087e00000, 0x0000000087e00000| Complete 
| 127|0x0000000087f00000, 0x0000000088000000, 0x0000000088000000|100%| E|CS|TAMS 0x0000000087f00000, 0x0000000087f00000| Complete 
| 128|0x0000000088000000, 0x0000000088100000, 0x0000000088100000|100%| E|CS|TAMS 0x0000000088000000, 0x0000000088000000| Complete 
| 129|0x0000000088100000, 0x0000000088200000, 0x0000000088200000|100%| E|CS|TAMS 0x0000000088100000, 0x0000000088100000| Complete 
| 130|0x0000000088200000, 0x0000000088300000, 0x0000000088300000|100%| E|CS|TAMS 0x0000000088200000, 0x0000000088200000| Complete 
| 131|0x0000000088300000, 0x0000000088400000, 0x0000000088400000|100%| E|CS|TAMS 0x0000000088300000, 0x0000000088300000| Complete 
| 132|0x0000000088400000, 0x0000000088500000, 0x0000000088500000|100%| E|CS|TAMS 0x0000000088400000, 0x0000000088400000| Complete 
| 133|0x0000000088500000, 0x0000000088600000, 0x0000000088600000|100%| E|CS|TAMS 0x0000000088500000, 0x0000000088500000| Complete 
| 134|0x0000000088600000, 0x0000000088700000, 0x0000000088700000|100%| E|CS|TAMS 0x0000000088600000, 0x0000000088600000| Complete 
| 135|0x0000000088700000, 0x0000000088800000, 0x0000000088800000|100%| E|CS|TAMS 0x0000000088700000, 0x0000000088700000| Complete 
| 136|0x0000000088800000, 0x0000000088900000, 0x0000000088900000|100%| E|CS|TAMS 0x0000000088800000, 0x0000000088800000| Complete 
| 137|0x0000000088900000, 0x0000000088a00000, 0x0000000088a00000|100%| E|CS|TAMS 0x0000000088900000, 0x0000000088900000| Complete 
| 138|0x0000000088a00000, 0x0000000088b00000, 0x0000000088b00000|100%| E|CS|TAMS 0x0000000088a00000, 0x0000000088a00000| Complete 
| 139|0x0000000088b00000, 0x0000000088c00000, 0x0000000088c00000|100%| E|CS|TAMS 0x0000000088b00000, 0x0000000088b00000| Complete 
| 140|0x0000000088c00000, 0x0000000088d00000, 0x0000000088d00000|100%| E|CS|TAMS 0x0000000088c00000, 0x0000000088c00000| Complete 
| 141|0x0000000088d00000, 0x0000000088e00000, 0x0000000088e00000|100%| E|CS|TAMS 0x0000000088d00000, 0x0000000088d00000| Complete 
| 142|0x0000000088e00000, 0x0000000088f00000, 0x0000000088f00000|100%| E|CS|TAMS 0x0000000088e00000, 0x0000000088e00000| Complete 
| 143|0x0000000088f00000, 0x0000000089000000, 0x0000000089000000|100%| E|CS|TAMS 0x0000000088f00000, 0x0000000088f00000| Complete 
| 144|0x0000000089000000, 0x0000000089100000, 0x0000000089100000|100%| E|CS|TAMS 0x0000000089000000, 0x0000000089000000| Complete 
| 145|0x0000000089100000, 0x0000000089200000, 0x0000000089200000|100%| E|CS|TAMS 0x0000000089100000, 0x0000000089100000| Complete 
| 146|0x0000000089200000, 0x0000000089300000, 0x0000000089300000|100%| E|CS|TAMS 0x0000000089200000, 0x0000000089200000| Complete 
| 147|0x0000000089300000, 0x0000000089400000, 0x0000000089400000|100%| E|CS|TAMS 0x0000000089300000, 0x0000000089300000| Complete 
| 148|0x0000000089400000, 0x0000000089500000, 0x0000000089500000|100%| E|CS|TAMS 0x0000000089400000, 0x0000000089400000| Complete 
| 149|0x0000000089500000, 0x0000000089600000, 0x0000000089600000|100%| E|CS|TAMS 0x0000000089500000, 0x0000000089500000| Complete 
| 150|0x0000000089600000, 0x0000000089700000, 0x0000000089700000|100%| E|CS|TAMS 0x0000000089600000, 0x0000000089600000| Complete 
| 151|0x0000000089700000, 0x0000000089800000, 0x0000000089800000|100%| E|CS|TAMS 0x0000000089700000, 0x0000000089700000| Complete 

Card table byte_map: [0x000001a5cc6e0000,0x000001a5ccae0000] _byte_map_base: 0x000001a5cc2e0000

Marking Bits (Prev, Next): (CMBitMap*) 0x000001a5b94ccb20, (CMBitMap*) 0x000001a5b94ccae8
 Prev Bits: [0x000001a5ceee0000, 0x000001a5d0ee0000)
 Next Bits: [0x000001a5ccee0000, 0x000001a5ceee0000)

Polling page: 0x000001a5b73f0000

Metaspace:

Usage:
  Non-class:     40.57 MB capacity,    39.76 MB ( 98%) used,   708.13 KB (  2%) free+waste,   117.44 KB ( <1%) overhead. 
      Class:      6.20 MB capacity,     5.73 MB ( 92%) used,   429.05 KB (  7%) free+waste,    56.94 KB ( <1%) overhead. 
       Both:     46.77 MB capacity,    45.49 MB ( 97%) used,     1.11 MB (  2%) free+waste,   174.38 KB ( <1%) overhead. 

Virtual space:
  Non-class space:       42.00 MB reserved,      40.75 MB ( 97%) committed 
      Class space:        1.00 GB reserved,       6.32 MB ( <1%) committed 
             Both:        1.04 GB reserved,      47.07 MB (  4%) committed 

Chunk freelists:
   Non-Class:  58.00 KB
       Class:  18.00 KB
        Both:  76.00 KB

MaxMetaspaceSize: 17179869184.00 GB
CompressedClassSpaceSize: 1.00 GB
Initial GC threshold: 20.80 MB
Current GC threshold: 70.33 MB
CDS: off

CodeHeap 'non-profiled nmethods': size=120000Kb used=2574Kb max_used=2574Kb free=117425Kb
 bounds [0x000001a5c4a80000, 0x000001a5c4d10000, 0x000001a5cbfb0000]
CodeHeap 'profiled nmethods': size=120000Kb used=8991Kb max_used=8991Kb free=111009Kb
 bounds [0x000001a5bd550000, 0x000001a5bde20000, 0x000001a5c4a80000]
CodeHeap 'non-nmethods': size=5760Kb used=2300Kb max_used=2348Kb free=3460Kb
 bounds [0x000001a5bcfb0000, 0x000001a5bd220000, 0x000001a5bd550000]
 total_blobs=4964 nmethods=4177 adapters=698
 compilation: enabled
              stopped_count=0, restarted_count=0
 full_count=0

Compilation events (20 events):
Event: 3.855 Thread 0x000001a5d3944000 4153       3       com.google.common.cache.LocalCache$Segment::recordRead (29 bytes)
Event: 3.855 Thread 0x000001a5d3944000 nmethod 4153 0x000001a5bde01e10 code [0x000001a5bde02000, 0x000001a5bde02418]
Event: 3.855 Thread 0x000001a5d3944000 4154       3       com.google.common.cache.LocalCache$Segment::scheduleRefresh (66 bytes)
Event: 3.856 Thread 0x000001a5d3944000 nmethod 4154 0x000001a5bde02590 code [0x000001a5bde027a0, 0x000001a5bde02d78]
Event: 3.856 Thread 0x000001a5d3944000 4155       3       com.google.common.cache.CacheBuilder$1::recordHits (1 bytes)
Event: 3.856 Thread 0x000001a5d3944000 nmethod 4155 0x000001a5bde02f90 code [0x000001a5bde03140, 0x000001a5bde03238]
Event: 3.856 Thread 0x000001a5d3944000 4156       1       org.gradle.internal.hash.HashCode::getBytes (5 bytes)
Event: 3.856 Thread 0x000001a5d3944000 nmethod 4156 0x000001a5c4cf6510 code [0x000001a5c4cf66c0, 0x000001a5c4cf6778]
Event: 3.858 Thread 0x000001a5d3944000 4157       3       org.gradle.internal.reflect.JavaPropertyReflectionUtil::hasTypeVariable (267 bytes)
Event: 3.859 Thread 0x000001a5d3944000 nmethod 4157 0x000001a5bde03310 code [0x000001a5bde03720, 0x000001a5bde05ac8]
Event: 3.859 Thread 0x000001a5d3944000 4158       3       java.util.TreeMap::getFirstEntry (26 bytes)
Event: 3.859 Thread 0x000001a5d3944000 nmethod 4158 0x000001a5bde06190 code [0x000001a5bde06340, 0x000001a5bde06538]
Event: 3.859 Thread 0x000001a5d3944000 4160       1       org.codehaus.groovy.runtime.metaclass.NewInstanceMetaMethod::getModifiers (2 bytes)
Event: 3.859 Thread 0x000001a5d3944000 nmethod 4160 0x000001a5c4cf6810 code [0x000001a5c4cf69c0, 0x000001a5c4cf6a78]
Event: 3.859 Thread 0x000001a5d3944000 4159       3       java.util.TreeMap$PrivateEntryIterator::<init> (28 bytes)
Event: 3.859 Thread 0x000001a5d3944000 nmethod 4159 0x000001a5bde06610 code [0x000001a5bde067c0, 0x000001a5bde06a18]
Event: 3.862 Thread 0x000001a5d3944000 4161       3       groovy.lang.GroovySystem::getMetaClassRegistry (4 bytes)
Event: 3.862 Thread 0x000001a5d3944000 nmethod 4161 0x000001a5bde06b10 code [0x000001a5bde06cc0, 0x000001a5bde06db8]
Event: 3.863 Thread 0x000001a5d3944000 4162       3       org.codehaus.groovy.reflection.CachedClass::getNewMetaMethods (166 bytes)
Event: 3.864 Thread 0x000001a5d3944000 nmethod 4162 0x000001a5bde06e90 code [0x000001a5bde071c0, 0x000001a5bde084e8]

GC Heap History (16 events):
Event: 0.489 GC heap before
{Heap before GC invocations=0 (full 0):
 garbage-first heap   total 129024K, used 29696K [0x0000000080000000, 0x0000000100000000)
  region size 1024K, 24 young (24576K), 0 survivors (0K)
 Metaspace       used 10117K, capacity 10329K, committed 10624K, reserved 1058816K
  class space    used 1036K, capacity 1108K, committed 1152K, reserved 1048576K
}
Event: 0.492 GC heap after
{Heap after GC invocations=1 (full 0):
 garbage-first heap   total 129024K, used 9309K [0x0000000080000000, 0x0000000100000000)
  region size 1024K, 3 young (3072K), 3 survivors (3072K)
 Metaspace       used 10117K, capacity 10329K, committed 10624K, reserved 1058816K
  class space    used 1036K, capacity 1108K, committed 1152K, reserved 1048576K
}
Event: 1.417 GC heap before
{Heap before GC invocations=1 (full 0):
 garbage-first heap   total 129024K, used 84061K [0x0000000080000000, 0x0000000100000000)
  region size 1024K, 75 young (76800K), 3 survivors (3072K)
 Metaspace       used 17592K, capacity 18039K, committed 18304K, reserved 1064960K
  class space    used 2031K, capacity 2159K, committed 2176K, reserved 1048576K
}
Event: 1.421 GC heap after
{Heap after GC invocations=2 (full 0):
 garbage-first heap   total 129024K, used 15803K [0x0000000080000000, 0x0000000100000000)
  region size 1024K, 10 young (10240K), 10 survivors (10240K)
 Metaspace       used 17592K, capacity 18039K, committed 18304K, reserved 1064960K
  class space    used 2031K, capacity 2159K, committed 2176K, reserved 1048576K
}
Event: 1.622 GC heap before
{Heap before GC invocations=2 (full 0):
 garbage-first heap   total 129024K, used 46523K [0x0000000080000000, 0x0000000100000000)
  region size 1024K, 41 young (41984K), 10 survivors (10240K)
 Metaspace       used 20719K, capacity 21122K, committed 21248K, reserved 1067008K
  class space    used 2524K, capacity 2697K, committed 2816K, reserved 1048576K
}
Event: 1.627 GC heap after
{Heap after GC invocations=3 (full 0):
 garbage-first heap   total 129024K, used 17369K [0x0000000080000000, 0x0000000100000000)
  region size 1024K, 2 young (2048K), 2 survivors (2048K)
 Metaspace       used 20719K, capacity 21122K, committed 21248K, reserved 1067008K
  class space    used 2524K, capacity 2697K, committed 2816K, reserved 1048576K
}
Event: 2.160 GC heap before
{Heap before GC invocations=4 (full 0):
 garbage-first heap   total 129024K, used 89049K [0x0000000080000000, 0x0000000100000000)
  region size 1024K, 64 young (65536K), 2 survivors (2048K)
 Metaspace       used 27075K, capacity 27782K, committed 27904K, reserved 1073152K
  class space    used 3543K, capacity 3814K, committed 3840K, reserved 1048576K
}
Event: 2.164 GC heap after
{Heap after GC invocations=5 (full 0):
 garbage-first heap   total 129024K, used 29523K [0x0000000080000000, 0x0000000100000000)
  region size 1024K, 6 young (6144K), 6 survivors (6144K)
 Metaspace       used 27075K, capacity 27782K, committed 27904K, reserved 1073152K
  class space    used 3543K, capacity 3814K, committed 3840K, reserved 1048576K
}
Event: 2.569 GC heap before
{Heap before GC invocations=5 (full 0):
 garbage-first heap   total 129024K, used 94035K [0x0000000080000000, 0x0000000100000000)
  region size 1024K, 65 young (66560K), 6 survivors (6144K)
 Metaspace       used 32194K, capacity 33086K, committed 33152K, reserved 1077248K
  class space    used 4322K, capacity 4689K, committed 4736K, reserved 1048576K
}
Event: 2.572 GC heap after
{Heap after GC invocations=6 (full 0):
 garbage-first heap   total 129024K, used 36790K [0x0000000080000000, 0x0000000100000000)
  region size 1024K, 7 young (7168K), 7 survivors (7168K)
 Metaspace       used 32194K, capacity 33086K, committed 33152K, reserved 1077248K
  class space    used 4322K, capacity 4689K, committed 4736K, reserved 1048576K
}
Event: 2.764 GC heap before
{Heap before GC invocations=6 (full 0):
 garbage-first heap   total 129024K, used 50102K [0x0000000080000000, 0x0000000100000000)
  region size 1024K, 21 young (21504K), 7 survivors (7168K)
 Metaspace       used 34865K, capacity 35783K, committed 35840K, reserved 1081344K
  class space    used 4617K, capacity 4969K, committed 4992K, reserved 1048576K
}
Event: 2.771 GC heap after
{Heap after GC invocations=7 (full 0):
 garbage-first heap   total 129024K, used 38676K [0x0000000080000000, 0x0000000100000000)
  region size 1024K, 4 young (4096K), 4 survivors (4096K)
 Metaspace       used 34865K, capacity 35783K, committed 35840K, reserved 1081344K
  class space    used 4617K, capacity 4969K, committed 4992K, reserved 1048576K
}
Event: 3.249 GC heap before
{Heap before GC invocations=8 (full 0):
 garbage-first heap   total 129024K, used 96020K [0x0000000080000000, 0x0000000100000000)
  region size 1024K, 58 young (59392K), 4 survivors (4096K)
 Metaspace       used 41693K, capacity 42787K, committed 42828K, reserved 1087488K
  class space    used 5282K, capacity 5678K, committed 5708K, reserved 1048576K
}
Event: 3.256 GC heap after
{Heap after GC invocations=9 (full 0):
 garbage-first heap   total 129024K, used 43526K [0x0000000080000000, 0x0000000100000000)
  region size 1024K, 8 young (8192K), 8 survivors (8192K)
 Metaspace       used 41693K, capacity 42787K, committed 42828K, reserved 1087488K
  class space    used 5282K, capacity 5678K, committed 5708K, reserved 1048576K
}
Event: 3.659 GC heap before
{Heap before GC invocations=10 (full 0):
 garbage-first heap   total 129024K, used 109062K [0x0000000080000000, 0x0000000100000000)
  region size 1024K, 60 young (61440K), 8 survivors (8192K)
 Metaspace       used 45553K, capacity 46721K, committed 46924K, reserved 1089536K
  class space    used 5713K, capacity 6129K, committed 6220K, reserved 1048576K
}
Event: 3.667 GC heap after
{Heap after GC invocations=11 (full 0):
 garbage-first heap   total 155648K, used 61140K [0x0000000080000000, 0x0000000100000000)
  region size 1024K, 6 young (6144K), 6 survivors (6144K)
 Metaspace       used 45553K, capacity 46721K, committed 46924K, reserved 1089536K
  class space    used 5713K, capacity 6129K, committed 6220K, reserved 1048576K
}

Deoptimization events (20 events):
Event: 3.608 Thread 0x000001a5d6aee800 Uncommon trap: trap_request=0xffffffde fr.pc=0x000001a5c4c84108 relative=0x0000000000001448
Event: 3.608 Thread 0x000001a5d6aee800 Uncommon trap: reason=class_check action=maybe_recompile pc=0x000001a5c4c84108 method=org.codehaus.groovy.reflection.ParameterTypes.getParametersTypes0()V @ 16 c2
Event: 3.608 Thread 0x000001a5d6aee800 DEOPT PACKING pc=0x000001a5c4c84108 sp=0x0000001f210f8310
Event: 3.608 Thread 0x000001a5d6aee800 DEOPT UNPACKING pc=0x000001a5bcfb85af sp=0x0000001f210f82d8 mode 2
Event: 3.621 Thread 0x000001a5d6aee800 Uncommon trap: trap_request=0xffffff4d fr.pc=0x000001a5c4ae5238 relative=0x0000000000000558
Event: 3.621 Thread 0x000001a5d6aee800 Uncommon trap: reason=unstable_if action=reinterpret pc=0x000001a5c4ae5238 method=java.util.jar.Manifest$FastInputStream.readLine([BII)I @ 130 c2
Event: 3.621 Thread 0x000001a5d6aee800 DEOPT PACKING pc=0x000001a5c4ae5238 sp=0x0000001f210f4bc0
Event: 3.621 Thread 0x000001a5d6aee800 DEOPT UNPACKING pc=0x000001a5bcfb85af sp=0x0000001f210f4b50 mode 2
Event: 3.650 Thread 0x000001a5d6aee800 Uncommon trap: trap_request=0xffffff7e fr.pc=0x000001a5c4cc7d10 relative=0x00000000000001b0
Event: 3.650 Thread 0x000001a5d6aee800 Uncommon trap: reason=predicate action=maybe_recompile pc=0x000001a5c4cc7d10 method=java.util.Arrays.binarySearch0([Ljava/lang/Object;IILjava/lang/Object;Ljava/util/Comparator;)I @ 25 c2
Event: 3.650 Thread 0x000001a5d6aee800 DEOPT PACKING pc=0x000001a5c4cc7d10 sp=0x0000001f210f69a0
Event: 3.650 Thread 0x000001a5d6aee800 DEOPT UNPACKING pc=0x000001a5bcfb85af sp=0x0000001f210f6908 mode 2
Event: 3.724 Thread 0x000001a5d6aee800 Uncommon trap: trap_request=0xffffff4d fr.pc=0x000001a5c4b6d0d0 relative=0x00000000000006d0
Event: 3.724 Thread 0x000001a5d6aee800 Uncommon trap: reason=unstable_if action=reinterpret pc=0x000001a5c4b6d0d0 method=java.util.HashMap.putVal(ILjava/lang/Object;Ljava/lang/Object;ZZ)Ljava/lang/Object; @ 162 c2
Event: 3.724 Thread 0x000001a5d6aee800 DEOPT PACKING pc=0x000001a5c4b6d0d0 sp=0x0000001f210f9630
Event: 3.724 Thread 0x000001a5d6aee800 DEOPT UNPACKING pc=0x000001a5bcfb85af sp=0x0000001f210f9540 mode 2
Event: 3.731 Thread 0x000001a5d6aee800 Uncommon trap: trap_request=0xffffff4d fr.pc=0x000001a5c4c0e520 relative=0x0000000000001180
Event: 3.731 Thread 0x000001a5d6aee800 Uncommon trap: reason=unstable_if action=reinterpret pc=0x000001a5c4c0e520 method=sun.nio.fs.WindowsPath.initOffsets()V @ 99 c2
Event: 3.731 Thread 0x000001a5d6aee800 DEOPT PACKING pc=0x000001a5c4c0e520 sp=0x0000001f210f9b40
Event: 3.731 Thread 0x000001a5d6aee800 DEOPT UNPACKING pc=0x000001a5bcfb85af sp=0x0000001f210f9b30 mode 2

Classes redefined (0 events):
No events

Internal exceptions (20 events):
Event: 3.789 Thread 0x000001a5d6aee800 Exception <a 'java/lang/ClassNotFoundException'{0x00000000886903f8}: org/gradle/api/internal/DefaultDomainObjectCollectionCustomizer> (0x00000000886903f8) thrown at [./src/hotspot/share/classfile/systemDictionary.cpp, line 231]
Event: 3.791 Thread 0x000001a5d6aee800 Exception <a 'java/lang/ClassNotFoundException'{0x00000000886dc158}: org/gradle/api/internal/DefaultNamedDomainObjectCollectionCustomizer> (0x00000000886dc158) thrown at [./src/hotspot/share/classfile/systemDictionary.cpp, line 231]
Event: 3.795 Thread 0x000001a5d6aee800 Exception <a 'java/lang/ClassNotFoundException'{0x0000000088550f78}: org/gradle/api/internal/DefaultNamedDomainObjectListCustomizer> (0x0000000088550f78) thrown at [./src/hotspot/share/classfile/systemDictionary.cpp, line 231]
Event: 3.797 Thread 0x000001a5d6aee800 Exception <a 'java/lang/ClassNotFoundException'{0x00000000885a8c50}: org/gradle/api/internal/artifacts/DefaultArtifactRepositoryContainerCustomizer> (0x00000000885a8c50) thrown at [./src/hotspot/share/classfile/systemDictionary.cpp, line 231]
Event: 3.799 Thread 0x000001a5d6aee800 Exception <a 'java/lang/ClassNotFoundException'{0x00000000885f5648}: org/gradle/api/internal/artifacts/dsl/DefaultRepositoryHandlerCustomizer> (0x00000000885f5648) thrown at [./src/hotspot/share/classfile/systemDictionary.cpp, line 231]
Event: 3.801 Thread 0x000001a5d6aee800 Exception <a 'java/lang/ClassNotFoundException'{0x0000000088455ef0}: org/gradle/api/internal/artifacts/dsl/DefaultRepositoryHandler_DecoratedCustomizer> (0x0000000088455ef0) thrown at [./src/hotspot/share/classfile/systemDictionary.cpp, line 231]
Event: 3.830 Thread 0x000001a5d6aee800 Exception <a 'java/lang/NoSuchMethodError'{0x00000000880893c0}: 'void java.lang.invoke.DirectMethodHandle$Holder.invokeInterface(java.lang.Object, java.lang.Object)'> (0x00000000880893c0) thrown at [./src/hotspot/share/interpreter/linkResolver.cpp, line 773]
Event: 3.836 Thread 0x000001a5d6aee800 Exception <a 'java/lang/ClassNotFoundException'{0x0000000087f8a4c8}: org/gradle/api/internal/artifacts/repositories/DefaultMavenArtifactRepository_DecoratedBeanInfo> (0x0000000087f8a4c8) thrown at [./src/hotspot/share/classfile/systemDictionary.cpp, line 231]
Event: 3.837 Thread 0x000001a5d6aee800 Exception <a 'java/lang/ClassNotFoundException'{0x0000000087fcdb88}: org/gradle/api/internal/artifacts/repositories/DefaultMavenArtifactRepositoryBeanInfo> (0x0000000087fcdb88) thrown at [./src/hotspot/share/classfile/systemDictionary.cpp, line 231]
Event: 3.837 Thread 0x000001a5d6aee800 Exception <a 'java/lang/ClassNotFoundException'{0x0000000087e158f8}: org/gradle/api/internal/artifacts/repositories/AbstractAuthenticationSupportedRepositoryBeanInfo> (0x0000000087e158f8) thrown at [./src/hotspot/share/classfile/systemDictionary.cpp, line 231]
Event: 3.838 Thread 0x000001a5d6aee800 Exception <a 'java/lang/ClassNotFoundException'{0x0000000087e5d600}: org/gradle/api/internal/artifacts/repositories/AbstractResolutionAwareArtifactRepositoryBeanInfo> (0x0000000087e5d600) thrown at [./src/hotspot/share/classfile/systemDictionary.cpp, line 231]
Event: 3.838 Thread 0x000001a5d6aee800 Exception <a 'java/lang/ClassNotFoundException'{0x0000000087e9fc30}: org/gradle/api/internal/artifacts/repositories/AbstractArtifactRepositoryBeanInfo> (0x0000000087e9fc30) thrown at [./src/hotspot/share/classfile/systemDictionary.cpp, line 231]
Event: 3.839 Thread 0x000001a5d6aee800 Exception <a 'java/lang/ClassNotFoundException'{0x0000000087ee4618}: org/gradle/api/internal/artifacts/repositories/AbstractArtifactRepositoryCustomizer> (0x0000000087ee4618) thrown at [./src/hotspot/share/classfile/systemDictionary.cpp, line 231]
Event: 3.840 Thread 0x000001a5d6aee800 Exception <a 'java/lang/ClassNotFoundException'{0x0000000087d4aae8}: org/gradle/api/internal/artifacts/repositories/AbstractResolutionAwareArtifactRepositoryCustomizer> (0x0000000087d4aae8) thrown at [./src/hotspot/share/classfile/systemDictionary.cpp, line 231]
Event: 3.842 Thread 0x000001a5d6aee800 Exception <a 'java/lang/ClassNotFoundException'{0x0000000087d9b4a8}: org/gradle/api/internal/artifacts/repositories/AbstractAuthenticationSupportedRepositoryCustomizer> (0x0000000087d9b4a8) thrown at [./src/hotspot/share/classfile/systemDictionary.cpp, line 231]
Event: 3.843 Thread 0x000001a5d6aee800 Exception <a 'java/lang/ClassNotFoundException'{0x0000000087def858}: org/gradle/api/internal/artifacts/repositories/DefaultMavenArtifactRepositoryCustomizer> (0x0000000087def858) thrown at [./src/hotspot/share/classfile/systemDictionary.cpp, line 231]
Event: 3.844 Thread 0x000001a5d6aee800 Exception <a 'java/lang/ClassNotFoundException'{0x0000000087c530f8}: org/gradle/api/internal/artifacts/repositories/DefaultMavenArtifactRepository_DecoratedCustomizer> (0x0000000087c530f8) thrown at [./src/hotspot/share/classfile/systemDictionary.cpp, line 231]
Event: 3.860 Thread 0x000001a5d6aee800 Exception <a 'java/lang/ClassNotFoundException'{0x0000000087b6a4b0}: settings_4pqvrewhoopuasu2f2z7sw0czBeanInfo> (0x0000000087b6a4b0) thrown at [./src/hotspot/share/classfile/systemDictionary.cpp, line 231]
Event: 3.860 Thread 0x000001a5d6aee800 Exception <a 'java/lang/ClassNotFoundException'{0x0000000087b76b48}: settings_4pqvrewhoopuasu2f2z7sw0czCustomizer> (0x0000000087b76b48) thrown at [./src/hotspot/share/classfile/systemDictionary.cpp, line 231]
Event: 3.864 Thread 0x000001a5d6aee800 Exception <a 'java/lang/ClassNotFoundException'{0x0000000087a11ed0}: org/gradle/internal/management/DefaultDependencyResolutionManagement_DecoratedBeanInfo> (0x0000000087a11ed0) thrown at [./src/hotspot/share/classfile/systemDictionary.cpp, line 231]

Events (20 events):
Event: 3.860 loading class settings_4pqvrewhoopuasu2f2z7sw0czCustomizer
Event: 3.860 loading class settings_4pqvrewhoopuasu2f2z7sw0czCustomizer done
Event: 3.862 loading class groovy/runtime/metaclass/settings_4pqvrewhoopuasu2f2z7sw0cz$_run_closure1MetaClass
Event: 3.862 loading class groovy/runtime/metaclass/settings_4pqvrewhoopuasu2f2z7sw0cz$_run_closure1MetaClass done
Event: 3.862 loading class groovy/runtime/metaclass/org/gradle/internal/management/DefaultDependencyResolutionManagement_DecoratedMetaClass
Event: 3.862 loading class groovy/runtime/metaclass/org/gradle/internal/management/DefaultDependencyResolutionManagement_DecoratedMetaClass done
Event: 3.863 loading class org/gradle/internal/management/DefaultDependencyResolutionManagement_DecoratedBeanInfo
Event: 3.863 loading class org/gradle/internal/management/DefaultDependencyResolutionManagement_DecoratedBeanInfo done
Event: 3.864 loading class org/gradle/internal/management/DefaultDependencyResolutionManagement_DecoratedBeanInfo
Event: 3.864 loading class org/gradle/internal/management/DefaultDependencyResolutionManagement_DecoratedBeanInfo done
Event: 3.864 loading class org/gradle/internal/management/DefaultDependencyResolutionManagement_DecoratedBeanInfo
Event: 3.864 loading class org/gradle/internal/management/DefaultDependencyResolutionManagement_DecoratedBeanInfo done
Event: 3.864 loading class org/gradle/internal/management/DefaultDependencyResolutionManagement_DecoratedBeanInfo
Event: 3.864 loading class org/gradle/internal/management/DefaultDependencyResolutionManagement_DecoratedBeanInfo done
Event: 3.864 loading class org/gradle/internal/management/DefaultDependencyResolutionManagementBeanInfo
Event: 3.864 loading class org/gradle/internal/management/DefaultDependencyResolutionManagementBeanInfo done
Event: 3.864 loading class org/gradle/internal/management/DefaultDependencyResolutionManagementBeanInfo
Event: 3.864 loading class org/gradle/internal/management/DefaultDependencyResolutionManagementBeanInfo done
Event: 3.864 loading class org/gradle/internal/management/DefaultDependencyResolutionManagementBeanInfo
Event: 3.864 loading class org/gradle/internal/management/DefaultDependencyResolutionManagementBeanInfo done


Dynamic libraries:
0x00007ff6d3fa0000 - 0x00007ff6d3faa000 	C:\Program Files\Android\Android Studio\jre\bin\java.exe
0x00007ffdea6f0000 - 0x00007ffdea8e8000 	C:\Windows\SYSTEM32\ntdll.dll
0x00007ffde93b0000 - 0x00007ffde946f000 	C:\Windows\System32\KERNEL32.DLL
0x00007ffde83c0000 - 0x00007ffde8692000 	C:\Windows\System32\KERNELBASE.dll
0x00007ffde7f20000 - 0x00007ffde8020000 	C:\Windows\System32\ucrtbase.dll
0x00007ffde31a0000 - 0x00007ffde31b9000 	C:\Program Files\Android\Android Studio\jre\bin\jli.dll
0x00007ffde3180000 - 0x00007ffde3197000 	C:\Program Files\Android\Android Studio\jre\bin\VCRUNTIME140.dll
0x00007ffdea2b0000 - 0x00007ffdea451000 	C:\Windows\System32\USER32.dll
0x00007ffdd1b50000 - 0x00007ffdd1dea000 	C:\Windows\WinSxS\amd64_microsoft.windows.common-controls_6595b64144ccf1df_6.0.19041.1110_none_60b5254171f9507e\COMCTL32.dll
0x00007ffde8390000 - 0x00007ffde83b2000 	C:\Windows\System32\win32u.dll
0x00007ffde95a0000 - 0x00007ffde963e000 	C:\Windows\System32\msvcrt.dll
0x00007ffdea610000 - 0x00007ffdea63b000 	C:\Windows\System32\GDI32.dll
0x00007ffde7e10000 - 0x00007ffde7f1f000 	C:\Windows\System32\gdi32full.dll
0x00007ffde8230000 - 0x00007ffde82cd000 	C:\Windows\System32\msvcp_win.dll
0x00007ffde8730000 - 0x00007ffde8762000 	C:\Windows\System32\IMM32.DLL
0x00007ffddcee0000 - 0x00007ffddcf7d000 	C:\Program Files\Android\Android Studio\jre\bin\msvcp140.dll
0x00007ffd69130000 - 0x00007ffd69c32000 	C:\Program Files\Android\Android Studio\jre\bin\server\jvm.dll
0x00007ffde9640000 - 0x00007ffde96ee000 	C:\Windows\System32\ADVAPI32.dll
0x00007ffdea060000 - 0x00007ffdea0fc000 	C:\Windows\System32\sechost.dll
0x00007ffde8d80000 - 0x00007ffde8ea5000 	C:\Windows\System32\RPCRT4.dll
0x00007ffdea240000 - 0x00007ffdea248000 	C:\Windows\System32\PSAPI.DLL
0x00007ffddc180000 - 0x00007ffddc18a000 	C:\Windows\SYSTEM32\VERSION.dll
0x00007ffddd1e0000 - 0x00007ffddd1e9000 	C:\Windows\SYSTEM32\WSOCK32.dll
0x00007ffdcfaf0000 - 0x00007ffdcfb17000 	C:\Windows\SYSTEM32\WINMM.dll
0x00007ffdea640000 - 0x00007ffdea6ab000 	C:\Windows\System32\WS2_32.dll
0x00007ffde65f0000 - 0x00007ffde6602000 	C:\Windows\SYSTEM32\kernel.appcore.dll
0x00007ffdcee90000 - 0x00007ffdceea1000 	C:\Program Files\Android\Android Studio\jre\bin\verify.dll
0x00007ffde6150000 - 0x00007ffde6334000 	C:\Windows\SYSTEM32\DBGHELP.DLL
0x00007ffdc9b70000 - 0x00007ffdc9ba5000 	C:\Windows\SYSTEM32\dbgcore.DLL
0x00007ffde86a0000 - 0x00007ffde8722000 	C:\Windows\System32\bcryptPrimitives.dll
0x00007ffdcee60000 - 0x00007ffdcee89000 	C:\Program Files\Android\Android Studio\jre\bin\java.dll
0x00007ffddd1d0000 - 0x00007ffddd1db000 	C:\Program Files\Android\Android Studio\jre\bin\jimage.dll
0x00007ffdce970000 - 0x00007ffdce988000 	C:\Program Files\Android\Android Studio\jre\bin\zip.dll
0x00007ffde96f0000 - 0x00007ffde9e34000 	C:\Windows\System32\SHELL32.dll
0x00007ffde58e0000 - 0x00007ffde6072000 	C:\Windows\SYSTEM32\windows.storage.dll
0x00007ffde8960000 - 0x00007ffde8cb5000 	C:\Windows\System32\combase.dll
0x00007ffde7840000 - 0x00007ffde7870000 	C:\Windows\SYSTEM32\Wldp.dll
0x00007ffdea190000 - 0x00007ffdea23d000 	C:\Windows\System32\SHCORE.dll
0x00007ffde8d20000 - 0x00007ffde8d75000 	C:\Windows\System32\shlwapi.dll
0x00007ffde7d20000 - 0x00007ffde7d3f000 	C:\Windows\SYSTEM32\profapi.dll
0x00007ffdce950000 - 0x00007ffdce96a000 	C:\Program Files\Android\Android Studio\jre\bin\net.dll
0x00007ffdde410000 - 0x00007ffdde51c000 	C:\Windows\SYSTEM32\WINHTTP.dll
0x00007ffde75a0000 - 0x00007ffde760a000 	C:\Windows\system32\mswsock.dll
0x00007ffdce930000 - 0x00007ffdce944000 	C:\Program Files\Android\Android Studio\jre\bin\nio.dll
0x00007ffdd0270000 - 0x00007ffdd0297000 	C:\Program Files\Android\gradle-7.3.3\native\e1d6ef7f7dcc3fd88c89a11ec53ec762bb8ba0a96d01ffa2cd45eb1d1d8dd5c5\windows-amd64\native-platform.dll
0x00007ffddcd90000 - 0x00007ffddced4000 	C:\Program Files\Android\gradle-7.3.3\native\0d407fdbe67a94daf76414ababcb853783967236a71b16ec16e742cd7a986fd3\windows-amd64\native-platform-file-events.dll
0x00007ffdd0f30000 - 0x00007ffdd0f3a000 	C:\Program Files\Android\Android Studio\jre\bin\management.dll
0x00007ffdd0e50000 - 0x00007ffdd0e5d000 	C:\Program Files\Android\Android Studio\jre\bin\management_ext.dll
0x00007ffde7790000 - 0x00007ffde77a8000 	C:\Windows\SYSTEM32\CRYPTSP.dll
0x00007ffde6e20000 - 0x00007ffde6e54000 	C:\Windows\system32\rsaenh.dll
0x00007ffde7de0000 - 0x00007ffde7e07000 	C:\Windows\System32\bcrypt.dll
0x00007ffde7ca0000 - 0x00007ffde7cce000 	C:\Windows\SYSTEM32\USERENV.dll
0x00007ffde77b0000 - 0x00007ffde77bc000 	C:\Windows\SYSTEM32\CRYPTBASE.dll
0x00007ffde7240000 - 0x00007ffde727b000 	C:\Windows\SYSTEM32\IPHLPAPI.DLL
0x00007ffde93a0000 - 0x00007ffde93a8000 	C:\Windows\System32\NSI.dll
0x00007ffdd5bf0000 - 0x00007ffdd5c07000 	C:\Windows\SYSTEM32\dhcpcsvc6.DLL
0x00007ffddaa30000 - 0x00007ffddaa4d000 	C:\Windows\SYSTEM32\dhcpcsvc.DLL
0x00007ffde7290000 - 0x00007ffde735a000 	C:\Windows\SYSTEM32\DNSAPI.dll

dbghelp: loaded successfully - version: 4.0.5 - missing functions: none
symbol engine: initialized successfully - sym options: 0x614 - pdb path: .;C:\Program Files\Android\Android Studio\jre\bin;C:\Windows\SYSTEM32;C:\Windows\WinSxS\amd64_microsoft.windows.common-controls_6595b64144ccf1df_6.0.19041.1110_none_60b5254171f9507e;C:\Program Files\Android\Android Studio\jre\bin\server;C:\Program Files\Android\gradle-7.3.3\native\e1d6ef7f7dcc3fd88c89a11ec53ec762bb8ba0a96d01ffa2cd45eb1d1d8dd5c5\windows-amd64;C:\Program Files\Android\gradle-7.3.3\native\0d407fdbe67a94daf76414ababcb853783967236a71b16ec16e742cd7a986fd3\windows-amd64

VM Arguments:
jvm_args: --add-opens=java.base/java.util=ALL-UNNAMED --add-opens=java.base/java.lang=ALL-UNNAMED --add-opens=java.base/java.lang.invoke=ALL-UNNAMED --add-opens=java.base/java.util=ALL-UNNAMED --add-opens=java.prefs/java.util.prefs=ALL-UNNAMED --add-opens=java.prefs/java.util.prefs=ALL-UNNAMED --add-opens=java.base/java.nio.charset=ALL-UNNAMED --add-opens=java.base/java.net=ALL-UNNAMED --add-opens=java.base/java.util.concurrent.atomic=ALL-UNNAMED -Xmx2048m -Dfile.encoding=UTF-8 -Duser.country=IN -Duser.language=en -Duser.variant 
java_command: org.gradle.launcher.daemon.bootstrap.GradleDaemon 7.4
java_class_path (initial): C:\Program Files\Android\gradle-7.3.3\wrapper\dists\gradle-7.4-bin\c0gwcg53nkjbqw7r0h0umtfvt\gradle-7.4\lib\gradle-launcher-7.4.jar
Launcher Type: SUN_STANDARD

[Global flags]
     intx CICompilerCount                          = 4                                         {product} {ergonomic}
     uint ConcGCThreads                            = 2                                         {product} {ergonomic}
     uint G1ConcRefinementThreads                  = 8                                         {product} {ergonomic}
   size_t G1HeapRegionSize                         = 1048576                                   {product} {ergonomic}
    uintx GCDrainStackTargetSize                   = 64                                        {product} {ergonomic}
   size_t InitialHeapSize                          = 132120576                                 {product} {ergonomic}
   size_t MarkStackSize                            = 4194304                                   {product} {ergonomic}
   size_t MaxHeapSize                              = 2147483648                                {product} {command line}
   size_t MaxNewSize                               = 1287651328                                {product} {ergonomic}
   size_t MinHeapDeltaBytes                        = 1048576                                   {product} {ergonomic}
    uintx NonNMethodCodeHeapSize                   = 5836300                                {pd product} {ergonomic}
    uintx NonProfiledCodeHeapSize                  = 122910970                              {pd product} {ergonomic}
    uintx ProfiledCodeHeapSize                     = 122910970                              {pd product} {ergonomic}
    uintx ReservedCodeCacheSize                    = 251658240                              {pd product} {ergonomic}
     bool SegmentedCodeCache                       = true                                      {product} {ergonomic}
     bool UseCompressedClassPointers               = true                                 {lp64_product} {ergonomic}
     bool UseCompressedOops                        = true                                 {lp64_product} {ergonomic}
     bool UseG1GC                                  = true                                      {product} {ergonomic}
     bool UseLargePagesIndividualAllocation        = false                                  {pd product} {ergonomic}

Logging:
Log output configuration:
 #0: stdout all=warning uptime,level,tags
 #1: stderr all=off uptime,level,tags

Environment Variables:
JAVA_HOME=C:\Program Files\Java\jdk-18.0.1.1
PATH=C:\Program Files\Python310\Scripts\;C:\Program Files\Python310\;C:\Program Files\Common Files\Oracle\Java\javapath;C:\Windows\system32;C:\Windows;C:\Windows\System32\Wbem;C:\Windows\System32\WindowsPowerShell\v1.0\;C:\Windows\System32\OpenSSH\;C:\Program Files\Git\cmd;C:\Users\suraj\AppData\Local\Microsoft\WindowsApps
USERNAME=suraj
OS=Windows_NT
PROCESSOR_IDENTIFIER=Intel64 Family 6 Model 140 Stepping 1, GenuineIntel



---------------  S Y S T E M  ---------------

OS: Windows 10 , 64 bit Build 19041 (10.0.19041.2251)
OS uptime: 0 days 0:56 hours
Hyper-V role detected

CPU:total 8 (initial active 8) (4 cores per cpu, 2 threads per core) family 6 model 140 stepping 1 microcode 0x86, cmov, cx8, fxsr, mmx, sse, sse2, sse3, ssse3, sse4.1, sse4.2, popcnt, avx, avx2, aes, clmul, erms, 3dnowpref, lzcnt, ht, tsc, tscinvbit, bmi1, bmi2, adx, evex, sha, fma

Memory: 4k page, system-wide physical 7987M (408M free)
TotalPageFile size 7987M (AvailPageFile size 7M)
current process WorkingSet (physical memory assigned to process): 340M, peak: 344M
current process commit charge ("private bytes"): 378M, peak: 383M

vm_info: OpenJDK 64-Bit Server VM (11.0.13+0-b1751.21-8125866) for windows-amd64 JRE (11.0.13+0-b1751.21-8125866), built on Feb  2 2022 03:00:22 by "builder" with MS VC++ 14.0 (VS2015)

END.
