#
# There is insufficient memory for the Java Runtime Environment to continue.
# Native memory allocation (mmap) failed to map 38797312 bytes for Failed to commit area from 0x000000008b700000 to 0x000000008dc00000 of length 38797312.
# Possible reasons:
#   The system is out of physical RAM or swap space
#   The process is running with CompressedOops enabled, and the Java Heap may be blocking the growth of the native heap
# Possible solutions:
#   Reduce memory load on the system
#   Increase physical memory or swap space
#   Check if swap backing store is full
#   Decrease Java heap size (-Xmx/-Xms)
#   Decrease number of Java threads
#   Decrease Java thread stack sizes (-Xss)
#   Set larger code cache with -XX:ReservedCodeCacheSize=
#   JVM is running with Unscaled Compressed Oops mode in which the Java heap is
#     placed in the first 4GB address space. The Java Heap base address is the
#     maximum limit for the native heap growth. Please use -XX:HeapBaseMinAddress
#     to set the Java Heap base and to place the Java Heap above 4GB virtual address.
# This output file may be truncated or incomplete.
#
#  Out of Memory Error (./src/hotspot/os/windows/os_windows.cpp:3619), pid=13536, tid=1460
#
# JRE version: OpenJDK Runtime Environment (11.0.13) (build 11.0.13+0-b1751.21-8125866)
# Java VM: OpenJDK 64-Bit Server VM (11.0.13+0-b1751.21-8125866, mixed mode, tiered, compressed oops, g1 gc, windows-amd64)
# No core dump will be written. Minidumps are not enabled by default on client versions of Windows
#

---------------  S U M M A R Y ------------

Command Line: --add-opens=java.base/java.util=ALL-UNNAMED --add-opens=java.base/java.lang=ALL-UNNAMED --add-opens=java.base/java.lang.invoke=ALL-UNNAMED --add-opens=java.base/java.util=ALL-UNNAMED --add-opens=java.prefs/java.util.prefs=ALL-UNNAMED --add-opens=java.prefs/java.util.prefs=ALL-UNNAMED --add-opens=java.base/java.nio.charset=ALL-UNNAMED --add-opens=java.base/java.net=ALL-UNNAMED --add-opens=java.base/java.util.concurrent.atomic=ALL-UNNAMED -Xmx2048m -Dfile.encoding=UTF-8 -Duser.country=IN -Duser.language=en -Duser.variant org.gradle.launcher.daemon.bootstrap.GradleDaemon 7.4

Host: 11th Gen Intel(R) Core(TM) i5-1135G7 @ 2.40GHz, 8 cores, 7G,  Windows 10 , 64 bit Build 19041 (10.0.19041.2251)
Time: Sat Dec 10 09:36:35 2022 India Standard Time elapsed time: 7.748971 seconds (0d 0h 0m 7s)

---------------  T H R E A D  ---------------

Current thread (0x00000212fed01800):  VMThread "VM Thread" [stack: 0x0000006deca00000,0x0000006decb00000] [id=1460]

Stack: [0x0000006deca00000,0x0000006decb00000]
[error occurred during error reporting (printing stack bounds), id 0xc0000005, EXCEPTION_ACCESS_VIOLATION (0xc0000005) at pc=0x00000212ee3812e7]

Native frames: (J=compiled Java code, j=interpreted, Vv=VM code, C=native code)
V  [jvm.dll+0x6100fa]
V  [jvm.dll+0x747090]
V  [jvm.dll+0x7486ad]
V  [jvm.dll+0x748ce5]
V  [jvm.dll+0x748c9b]
V  [jvm.dll+0x60f224]
V  [jvm.dll+0x60f9b8]
C  [ntdll.dll+0xa241f]
C  [ntdll.dll+0x514a4]
C  [ntdll.dll+0xa0f4e]
C  0x00000212ee3812e7

VM_Operation (0x0000006deddfaf50): G1CollectForAllocation, mode: safepoint, requested by thread 0x0000021287866800


---------------  P R O C E S S  ---------------

Threads class SMR info:
_java_thread_list=0x0000021288254640, length=126, elements={
0x00000212ea85d000, 0x00000212fed06000, 0x00000212fed07000, 0x00000212ff686000,
0x00000212ff687000, 0x00000212ff689000, 0x00000212ff68c800, 0x00000212ff691000,
0x00000212ff692000, 0x00000212ff7f0000, 0x0000021287be4800, 0x00000212878e8000,
0x0000021286d28800, 0x000002128776f800, 0x0000021287770000, 0x0000021286ccb000,
0x0000021287866800, 0x0000021287a8c000, 0x0000021287319000, 0x0000021287979800,
0x0000021287885800, 0x0000021287881800, 0x0000021287883000, 0x0000021287ed3800,
0x0000021287886800, 0x0000021287888000, 0x0000021287887800, 0x0000021287882800,
0x0000021287884000, 0x0000021287885000, 0x00000212886df000, 0x00000212886dc800,
0x00000212886dd800, 0x00000212886df800, 0x00000212886e1800, 0x00000212886e0800,
0x00000212886e2000, 0x00000212886e3000, 0x00000212886e4000, 0x00000212886de000,
0x00000212886e9800, 0x00000212886ea800, 0x00000212886e6800, 0x00000212886e7000,
0x00000212886e4800, 0x00000212886e8000, 0x00000212886eb000, 0x00000212886e5800,
0x000002128a458000, 0x000002128a459800, 0x000002128a458800, 0x000002128a454000,
0x000002128a454800, 0x000002128a456800, 0x000002128a45a800, 0x000002128a45b000,
0x000002128a457000, 0x000002128a455800, 0x000002128a461800, 0x000002128a45d800,
0x000002128a45f000, 0x000002128a45d000, 0x000002128a45e800, 0x000002128a460000,
0x000002128a461000, 0x000002128a45c000, 0x000002128a462800, 0x000002128cf84000,
0x000002128cf86000, 0x000002128cf86800, 0x000002128cf87800, 0x000002128cf88000,
0x000002128cf85000, 0x000002128cf89000, 0x000002128cf83800, 0x000002128cf8d000,
0x000002128cf8a800, 0x000002128cf8c800, 0x000002128cf8b800, 0x000002128cf8f800,
0x000002128cf8e000, 0x000002128cf8f000, 0x000002128cf8a000, 0x000002128cf90800,
0x000002128cf92000, 0x000002128cf91000, 0x000002128ab55000, 0x000002128ab50800,
0x000002128ab52000, 0x000002128ab56000, 0x000002128ab57000, 0x000002128ab54800,
0x000002128ab53800, 0x000002128ab52800, 0x000002128ab51000, 0x000002128ab58800,
0x000002128ab59000, 0x000002128ab5c800, 0x000002128ab57800, 0x000002128ab5f000,
0x000002128ab5d800, 0x000002128ab5e000, 0x000002128ab5a000, 0x000002128ab5b000,
0x000002128ab5b800, 0x000002128b603000, 0x000002128b604000, 0x000002128b605800,
0x000002128b606800, 0x000002128b600800, 0x000002128b604800, 0x000002128b607000,
0x000002128b601800, 0x000002128b608000, 0x000002128b602800, 0x000002128b60b800,
0x000002128b609800, 0x000002128b60a800, 0x000002128b609000, 0x000002128b60e800,
0x000002128b60d800, 0x000002128b60d000, 0x000002128b60f800, 0x000002128b60c000,
0x000002128d36e800, 0x000002128d36c800
}

Java Threads: ( => current thread )
  0x00000212ea85d000 JavaThread "main" [_thread_blocked, id=11268, stack(0x0000006dec400000,0x0000006dec500000)]
  0x00000212fed06000 JavaThread "Reference Handler" daemon [_thread_blocked, id=11360, stack(0x0000006decb00000,0x0000006decc00000)]
  0x00000212fed07000 JavaThread "Finalizer" daemon [_thread_blocked, id=5996, stack(0x0000006decc00000,0x0000006decd00000)]
  0x00000212ff686000 JavaThread "Signal Dispatcher" daemon [_thread_blocked, id=4316, stack(0x0000006decd00000,0x0000006dece00000)]
  0x00000212ff687000 JavaThread "Attach Listener" daemon [_thread_blocked, id=14280, stack(0x0000006dece00000,0x0000006decf00000)]
  0x00000212ff689000 JavaThread "Service Thread" daemon [_thread_blocked, id=12672, stack(0x0000006decf00000,0x0000006ded000000)]
  0x00000212ff68c800 JavaThread "C2 CompilerThread0" daemon [_thread_in_native, id=15216, stack(0x0000006ded000000,0x0000006ded100000)]
  0x00000212ff691000 JavaThread "C1 CompilerThread0" daemon [_thread_blocked, id=10256, stack(0x0000006ded100000,0x0000006ded200000)]
  0x00000212ff692000 JavaThread "Sweeper thread" daemon [_thread_blocked, id=944, stack(0x0000006ded200000,0x0000006ded300000)]
  0x00000212ff7f0000 JavaThread "Common-Cleaner" daemon [_thread_blocked, id=4208, stack(0x0000006ded300000,0x0000006ded400000)]
  0x0000021287be4800 JavaThread "Daemon health stats" [_thread_blocked, id=13952, stack(0x0000006ded700000,0x0000006ded800000)]
  0x00000212878e8000 JavaThread "Incoming local TCP Connector on port 51145" [_thread_in_native, id=10704, stack(0x0000006ded800000,0x0000006ded900000)]
  0x0000021286d28800 JavaThread "Daemon periodic checks" [_thread_blocked, id=8404, stack(0x0000006ded900000,0x0000006deda00000)]
  0x000002128776f800 JavaThread "Daemon" [_thread_blocked, id=7428, stack(0x0000006deda00000,0x0000006dedb00000)]
  0x0000021287770000 JavaThread "Handler for socket connection from /127.0.0.1:51145 to /127.0.0.1:51146" [_thread_in_native, id=7904, stack(0x0000006dedb00000,0x0000006dedc00000)]
  0x0000021286ccb000 JavaThread "Cancel handler" [_thread_blocked, id=3860, stack(0x0000006dedc00000,0x0000006dedd00000)]
  0x0000021287866800 JavaThread "Daemon worker" [_thread_blocked, id=1212, stack(0x0000006dedd00000,0x0000006dede00000)]
  0x0000021287a8c000 JavaThread "Asynchronous log dispatcher for DefaultDaemonConnection: socket connection from /127.0.0.1:51145 to /127.0.0.1:51146" [_thread_blocked, id=11124, stack(0x0000006dede00000,0x0000006dedf00000)]
  0x0000021287319000 JavaThread "Stdin handler" [_thread_blocked, id=8188, stack(0x0000006dedf00000,0x0000006dee000000)]
  0x0000021287979800 JavaThread "Daemon client event forwarder" [_thread_blocked, id=6960, stack(0x0000006dee000000,0x0000006dee100000)]
  0x0000021287885800 JavaThread "Cache worker for journal cache (C:\Program Files\Android\gradle-7.3.3\caches\journal-1)" [_thread_blocked, id=9808, stack(0x0000006dee600000,0x0000006dee700000)]
  0x0000021287881800 JavaThread "File lock request listener" [_thread_in_native, id=3408, stack(0x0000006dee700000,0x0000006dee800000)]
  0x0000021287883000 JavaThread "Cache worker for file hash cache (C:\Program Files\Android\gradle-7.3.3\caches\7.4\fileHashes)" [_thread_blocked, id=1660, stack(0x0000006dee900000,0x0000006deea00000)]
  0x0000021287ed3800 JavaThread "C2 CompilerThread1" daemon [_thread_in_native, id=3336, stack(0x0000006deea00000,0x0000006deeb00000)]
  0x0000021287886800 JavaThread "File watcher server" daemon [_thread_in_native, id=1244, stack(0x0000006deeb00000,0x0000006deec00000)]
  0x0000021287888000 JavaThread "File watcher consumer" daemon [_thread_blocked, id=10568, stack(0x0000006deec00000,0x0000006deed00000)]
  0x0000021287887800 JavaThread "jar transforms" [_thread_blocked, id=8440, stack(0x0000006deed00000,0x0000006deee00000)]
  0x0000021287882800 JavaThread "jar transforms Thread 2" [_thread_blocked, id=4020, stack(0x0000006deee00000,0x0000006deef00000)]
  0x0000021287884000 JavaThread "jar transforms Thread 3" [_thread_blocked, id=3080, stack(0x0000006deef00000,0x0000006def000000)]
  0x0000021287885000 JavaThread "jar transforms Thread 4" [_thread_blocked, id=7460, stack(0x0000006def000000,0x0000006def100000)]
  0x00000212886df000 JavaThread "jar transforms Thread 5" [_thread_blocked, id=8020, stack(0x0000006def100000,0x0000006def200000)]
  0x00000212886dc800 JavaThread "jar transforms Thread 6" [_thread_blocked, id=10544, stack(0x0000006def200000,0x0000006def300000)]
  0x00000212886dd800 JavaThread "jar transforms Thread 7" [_thread_blocked, id=3648, stack(0x0000006def300000,0x0000006def400000)]
  0x00000212886df800 JavaThread "jar transforms Thread 8" [_thread_blocked, id=12532, stack(0x0000006def400000,0x0000006def500000)]
  0x00000212886e1800 JavaThread "Cache worker for checksums cache (D:\CollegeApp\.gradle\7.4\checksums)" [_thread_blocked, id=13620, stack(0x0000006def500000,0x0000006def600000)]
  0x00000212886e0800 JavaThread "Cache worker for cache directory md-rule (C:\Program Files\Android\gradle-7.3.3\caches\7.4\md-rule)" [_thread_blocked, id=3672, stack(0x0000006def600000,0x0000006def700000)]
  0x00000212886e2000 JavaThread "Cache worker for file hash cache (D:\CollegeApp\.gradle\7.4\fileHashes)" [_thread_blocked, id=13176, stack(0x0000006def700000,0x0000006def800000)]
  0x00000212886e3000 JavaThread "Cache worker for cache directory md-supplier (C:\Program Files\Android\gradle-7.3.3\caches\7.4\md-supplier)" [_thread_blocked, id=15396, stack(0x0000006def800000,0x0000006def900000)]
  0x00000212886e4000 JavaThread "Cache worker for execution history cache (C:\Program Files\Android\gradle-7.3.3\caches\7.4\executionHistory)" [_thread_blocked, id=4008, stack(0x0000006def900000,0x0000006defa00000)]
  0x00000212886de000 JavaThread "Cache worker for file content cache (C:\Program Files\Android\gradle-7.3.3\caches\7.4\fileContent)" [_thread_blocked, id=13764, stack(0x0000006defa00000,0x0000006defb00000)]
  0x00000212886e9800 JavaThread "Cache worker for dependencies-accessors (D:\CollegeApp\.gradle\7.4\dependencies-accessors)" [_thread_blocked, id=9816, stack(0x0000006defb00000,0x0000006defc00000)]
  0x00000212886ea800 JavaThread "Cache worker for Build Output Cleanup Cache (D:\CollegeApp\.gradle\buildOutputCleanup)" [_thread_blocked, id=11724, stack(0x0000006defc00000,0x0000006defd00000)]
  0x00000212886e6800 JavaThread "Unconstrained build operations" [_thread_blocked, id=10144, stack(0x0000006defd00000,0x0000006defe00000)]
  0x00000212886e7000 JavaThread "Unconstrained build operations Thread 2" [_thread_blocked, id=4716, stack(0x0000006defe00000,0x0000006deff00000)]
  0x00000212886e4800 JavaThread "Unconstrained build operations Thread 3" [_thread_blocked, id=2504, stack(0x0000006deff00000,0x0000006df0000000)]
  0x00000212886e8000 JavaThread "Unconstrained build operations Thread 4" [_thread_blocked, id=14800, stack(0x0000006df0000000,0x0000006df0100000)]
  0x00000212886eb000 JavaThread "Unconstrained build operations Thread 5" [_thread_blocked, id=8884, stack(0x0000006df0100000,0x0000006df0200000)]
  0x00000212886e5800 JavaThread "Unconstrained build operations Thread 6" [_thread_blocked, id=5248, stack(0x0000006df0200000,0x0000006df0300000)]
  0x000002128a458000 JavaThread "Unconstrained build operations Thread 7" [_thread_blocked, id=2356, stack(0x0000006df0300000,0x0000006df0400000)]
  0x000002128a459800 JavaThread "Unconstrained build operations Thread 8" [_thread_blocked, id=2788, stack(0x0000006df0400000,0x0000006df0500000)]
  0x000002128a458800 JavaThread "Unconstrained build operations Thread 9" [_thread_blocked, id=7372, stack(0x0000006df0500000,0x0000006df0600000)]
  0x000002128a454000 JavaThread "Unconstrained build operations Thread 10" [_thread_blocked, id=9004, stack(0x0000006df0600000,0x0000006df0700000)]
  0x000002128a454800 JavaThread "Unconstrained build operations Thread 11" [_thread_blocked, id=4104, stack(0x0000006df0700000,0x0000006df0800000)]
  0x000002128a456800 JavaThread "Unconstrained build operations Thread 12" [_thread_blocked, id=14936, stack(0x0000006df0800000,0x0000006df0900000)]
  0x000002128a45a800 JavaThread "Unconstrained build operations Thread 13" [_thread_blocked, id=3376, stack(0x0000006df0900000,0x0000006df0a00000)]
  0x000002128a45b000 JavaThread "Unconstrained build operations Thread 14" [_thread_blocked, id=10980, stack(0x0000006df0a00000,0x0000006df0b00000)]
  0x000002128a457000 JavaThread "Unconstrained build operations Thread 15" [_thread_blocked, id=13460, stack(0x0000006df0b00000,0x0000006df0c00000)]
  0x000002128a455800 JavaThread "Unconstrained build operations Thread 16" [_thread_blocked, id=14388, stack(0x0000006df0c00000,0x0000006df0d00000)]
  0x000002128a461800 JavaThread "Unconstrained build operations Thread 17" [_thread_blocked, id=9972, stack(0x0000006df0d00000,0x0000006df0e00000)]
  0x000002128a45d800 JavaThread "Unconstrained build operations Thread 18" [_thread_blocked, id=12524, stack(0x0000006df0e00000,0x0000006df0f00000)]
  0x000002128a45f000 JavaThread "Unconstrained build operations Thread 19" [_thread_blocked, id=12936, stack(0x0000006df0f00000,0x0000006df1000000)]
  0x000002128a45d000 JavaThread "Unconstrained build operations Thread 20" [_thread_blocked, id=3456, stack(0x0000006df1000000,0x0000006df1100000)]
  0x000002128a45e800 JavaThread "Unconstrained build operations Thread 21" [_thread_blocked, id=12448, stack(0x0000006df1100000,0x0000006df1200000)]
  0x000002128a460000 JavaThread "Unconstrained build operations Thread 22" [_thread_blocked, id=5844, stack(0x0000006df1200000,0x0000006df1300000)]
  0x000002128a461000 JavaThread "Unconstrained build operations Thread 23" [_thread_blocked, id=13612, stack(0x0000006df1300000,0x0000006df1400000)]
  0x000002128a45c000 JavaThread "Unconstrained build operations Thread 24" [_thread_blocked, id=6644, stack(0x0000006df1400000,0x0000006df1500000)]
  0x000002128a462800 JavaThread "Unconstrained build operations Thread 25" [_thread_blocked, id=6996, stack(0x0000006df1500000,0x0000006df1600000)]
  0x000002128cf84000 JavaThread "Unconstrained build operations Thread 26" [_thread_blocked, id=14912, stack(0x0000006df1600000,0x0000006df1700000)]
  0x000002128cf86000 JavaThread "Unconstrained build operations Thread 27" [_thread_blocked, id=10592, stack(0x0000006df1700000,0x0000006df1800000)]
  0x000002128cf86800 JavaThread "Unconstrained build operations Thread 28" [_thread_blocked, id=2368, stack(0x0000006df1800000,0x0000006df1900000)]
  0x000002128cf87800 JavaThread "Unconstrained build operations Thread 29" [_thread_blocked, id=15596, stack(0x0000006df1900000,0x0000006df1a00000)]
  0x000002128cf88000 JavaThread "Unconstrained build operations Thread 30" [_thread_blocked, id=11168, stack(0x0000006df1a00000,0x0000006df1b00000)]
  0x000002128cf85000 JavaThread "Unconstrained build operations Thread 31" [_thread_blocked, id=16220, stack(0x0000006df1b00000,0x0000006df1c00000)]
  0x000002128cf89000 JavaThread "Unconstrained build operations Thread 32" [_thread_blocked, id=2996, stack(0x0000006df1c00000,0x0000006df1d00000)]
  0x000002128cf83800 JavaThread "Unconstrained build operations Thread 33" [_thread_blocked, id=11184, stack(0x0000006df1d00000,0x0000006df1e00000)]
  0x000002128cf8d000 JavaThread "Unconstrained build operations Thread 34" [_thread_blocked, id=3568, stack(0x0000006df1e00000,0x0000006df1f00000)]
  0x000002128cf8a800 JavaThread "Unconstrained build operations Thread 35" [_thread_blocked, id=12516, stack(0x0000006df1f00000,0x0000006df2000000)]
  0x000002128cf8c800 JavaThread "Unconstrained build operations Thread 36" [_thread_blocked, id=15720, stack(0x0000006df2000000,0x0000006df2100000)]
  0x000002128cf8b800 JavaThread "Unconstrained build operations Thread 37" [_thread_blocked, id=3264, stack(0x0000006df2100000,0x0000006df2200000)]
  0x000002128cf8f800 JavaThread "Unconstrained build operations Thread 38" [_thread_blocked, id=14464, stack(0x0000006df2200000,0x0000006df2300000)]
  0x000002128cf8e000 JavaThread "Unconstrained build operations Thread 39" [_thread_blocked, id=1304, stack(0x0000006df2300000,0x0000006df2400000)]
  0x000002128cf8f000 JavaThread "Unconstrained build operations Thread 40" [_thread_blocked, id=1540, stack(0x0000006df2400000,0x0000006df2500000)]
  0x000002128cf8a000 JavaThread "Unconstrained build operations Thread 41" [_thread_blocked, id=4736, stack(0x0000006df2500000,0x0000006df2600000)]
  0x000002128cf90800 JavaThread "Unconstrained build operations Thread 42" [_thread_blocked, id=12484, stack(0x0000006df2600000,0x0000006df2700000)]
  0x000002128cf92000 JavaThread "Unconstrained build operations Thread 43" [_thread_blocked, id=9428, stack(0x0000006df2700000,0x0000006df2800000)]
  0x000002128cf91000 JavaThread "Unconstrained build operations Thread 44" [_thread_blocked, id=13980, stack(0x0000006df2800000,0x0000006df2900000)]
  0x000002128ab55000 JavaThread "Unconstrained build operations Thread 45" [_thread_blocked, id=7600, stack(0x0000006df2900000,0x0000006df2a00000)]
  0x000002128ab50800 JavaThread "Unconstrained build operations Thread 46" [_thread_blocked, id=7512, stack(0x0000006df2a00000,0x0000006df2b00000)]
  0x000002128ab52000 JavaThread "Unconstrained build operations Thread 47" [_thread_blocked, id=2124, stack(0x0000006df2b00000,0x0000006df2c00000)]
  0x000002128ab56000 JavaThread "Unconstrained build operations Thread 48" [_thread_blocked, id=12692, stack(0x0000006df2c00000,0x0000006df2d00000)]
  0x000002128ab57000 JavaThread "Unconstrained build operations Thread 49" [_thread_blocked, id=8348, stack(0x0000006df2d00000,0x0000006df2e00000)]
  0x000002128ab54800 JavaThread "Unconstrained build operations Thread 50" [_thread_blocked, id=2872, stack(0x0000006df2e00000,0x0000006df2f00000)]
  0x000002128ab53800 JavaThread "Unconstrained build operations Thread 51" [_thread_blocked, id=7300, stack(0x0000006df2f00000,0x0000006df3000000)]
  0x000002128ab52800 JavaThread "Unconstrained build operations Thread 52" [_thread_blocked, id=10016, stack(0x0000006df3000000,0x0000006df3100000)]
  0x000002128ab51000 JavaThread "Unconstrained build operations Thread 53" [_thread_blocked, id=13180, stack(0x0000006df3100000,0x0000006df3200000)]
  0x000002128ab58800 JavaThread "Unconstrained build operations Thread 54" [_thread_blocked, id=2768, stack(0x0000006df3200000,0x0000006df3300000)]
  0x000002128ab59000 JavaThread "Unconstrained build operations Thread 55" [_thread_blocked, id=14072, stack(0x0000006df3300000,0x0000006df3400000)]
  0x000002128ab5c800 JavaThread "Unconstrained build operations Thread 56" [_thread_blocked, id=1344, stack(0x0000006df3400000,0x0000006df3500000)]
  0x000002128ab57800 JavaThread "Unconstrained build operations Thread 57" [_thread_blocked, id=8876, stack(0x0000006df3500000,0x0000006df3600000)]
  0x000002128ab5f000 JavaThread "Unconstrained build operations Thread 58" [_thread_blocked, id=13216, stack(0x0000006df3600000,0x0000006df3700000)]
  0x000002128ab5d800 JavaThread "Unconstrained build operations Thread 59" [_thread_blocked, id=10824, stack(0x0000006df3700000,0x0000006df3800000)]
  0x000002128ab5e000 JavaThread "Unconstrained build operations Thread 60" [_thread_blocked, id=8064, stack(0x0000006df3800000,0x0000006df3900000)]
  0x000002128ab5a000 JavaThread "Unconstrained build operations Thread 61" [_thread_blocked, id=7216, stack(0x0000006df3900000,0x0000006df3a00000)]
  0x000002128ab5b000 JavaThread "Unconstrained build operations Thread 62" [_thread_blocked, id=6112, stack(0x0000006df3a00000,0x0000006df3b00000)]
  0x000002128ab5b800 JavaThread "Unconstrained build operations Thread 63" [_thread_blocked, id=16172, stack(0x0000006df3b00000,0x0000006df3c00000)]
  0x000002128b603000 JavaThread "Unconstrained build operations Thread 64" [_thread_blocked, id=4452, stack(0x0000006df3c00000,0x0000006df3d00000)]
  0x000002128b604000 JavaThread "Unconstrained build operations Thread 65" [_thread_blocked, id=3512, stack(0x0000006df3d00000,0x0000006df3e00000)]
  0x000002128b605800 JavaThread "Unconstrained build operations Thread 66" [_thread_blocked, id=8600, stack(0x0000006df3e00000,0x0000006df3f00000)]
  0x000002128b606800 JavaThread "Unconstrained build operations Thread 67" [_thread_blocked, id=16104, stack(0x0000006df3f00000,0x0000006df4000000)]
  0x000002128b600800 JavaThread "Unconstrained build operations Thread 68" [_thread_blocked, id=12816, stack(0x0000006df4000000,0x0000006df4100000)]
  0x000002128b604800 JavaThread "Unconstrained build operations Thread 69" [_thread_blocked, id=3432, stack(0x0000006df4100000,0x0000006df4200000)]
  0x000002128b607000 JavaThread "Unconstrained build operations Thread 70" [_thread_blocked, id=4892, stack(0x0000006df4200000,0x0000006df4300000)]
  0x000002128b601800 JavaThread "Unconstrained build operations Thread 71" [_thread_blocked, id=16192, stack(0x0000006df4300000,0x0000006df4400000)]
  0x000002128b608000 JavaThread "Unconstrained build operations Thread 72" [_thread_blocked, id=5276, stack(0x0000006df4400000,0x0000006df4500000)]
  0x000002128b602800 JavaThread "Unconstrained build operations Thread 73" [_thread_blocked, id=11856, stack(0x0000006df4500000,0x0000006df4600000)]
  0x000002128b60b800 JavaThread "Unconstrained build operations Thread 74" [_thread_blocked, id=1372, stack(0x0000006df4600000,0x0000006df4700000)]
  0x000002128b609800 JavaThread "Unconstrained build operations Thread 75" [_thread_blocked, id=8908, stack(0x0000006df4700000,0x0000006df4800000)]
  0x000002128b60a800 JavaThread "Unconstrained build operations Thread 76" [_thread_blocked, id=12804, stack(0x0000006df4800000,0x0000006df4900000)]
  0x000002128b609000 JavaThread "Unconstrained build operations Thread 77" [_thread_blocked, id=7276, stack(0x0000006df4900000,0x0000006df4a00000)]
  0x000002128b60e800 JavaThread "Unconstrained build operations Thread 78" [_thread_blocked, id=12152, stack(0x0000006df4a00000,0x0000006df4b00000)]
  0x000002128b60d800 JavaThread "Unconstrained build operations Thread 79" [_thread_blocked, id=5204, stack(0x0000006df4b00000,0x0000006df4c00000)]
  0x000002128b60d000 JavaThread "Unconstrained build operations Thread 80" [_thread_blocked, id=11920, stack(0x0000006df4c00000,0x0000006df4d00000)]
  0x000002128b60f800 JavaThread "Memory manager" [_thread_blocked, id=10448, stack(0x0000006df4d00000,0x0000006df4e00000)]
  0x000002128b60c000 JavaThread "pool-3-thread-1" [_thread_blocked, id=4128, stack(0x0000006df4e00000,0x0000006df4f00000)]
  0x000002128d36e800 JavaThread "included builds" [_thread_blocked, id=11188, stack(0x0000006df4f00000,0x0000006df5000000)]
  0x000002128d36c800 JavaThread "Cache worker for execution history cache (D:\CollegeApp\.gradle\7.4\executionHistory)" [_thread_blocked, id=5360, stack(0x0000006df5700000,0x0000006df5800000)]

Other Threads:
=>0x00000212fed01800 VMThread "VM Thread" [stack: 0x0000006deca00000,0x0000006decb00000] [id=1460]
  0x00000212ff801000 WatcherThread [stack: 0x0000006ded400000,0x0000006ded500000] [id=3356]
  0x00000212ea876800 GCTaskThread "GC Thread#0" [stack: 0x0000006dec500000,0x0000006dec600000] [id=6920]
  0x00000212863dd000 GCTaskThread "GC Thread#1" [stack: 0x0000006ded500000,0x0000006ded600000] [id=3032]
  0x000002128633e800 GCTaskThread "GC Thread#2" [stack: 0x0000006ded600000,0x0000006ded700000] [id=4964]
  0x00000212873b4800 GCTaskThread "GC Thread#3" [stack: 0x0000006dee100000,0x0000006dee200000] [id=13424]
  0x000002128726f800 GCTaskThread "GC Thread#4" [stack: 0x0000006dee200000,0x0000006dee300000] [id=6432]
  0x0000021286f76800 GCTaskThread "GC Thread#5" [stack: 0x0000006dee300000,0x0000006dee400000] [id=5832]
  0x0000021287aee000 GCTaskThread "GC Thread#6" [stack: 0x0000006dee400000,0x0000006dee500000] [id=8364]
  0x0000021287aee800 GCTaskThread "GC Thread#7" [stack: 0x0000006dee500000,0x0000006dee600000] [id=9824]
  0x00000212ea8a8800 ConcurrentGCThread "G1 Main Marker" [stack: 0x0000006dec600000,0x0000006dec700000] [id=3580]
  0x00000212ea8a9800 ConcurrentGCThread "G1 Conc#0" [stack: 0x0000006dec700000,0x0000006dec800000] [id=9256]
  0x0000021287a8a800 ConcurrentGCThread "G1 Conc#1" [stack: 0x0000006dee800000,0x0000006dee900000] [id=668]
  0x00000212feb50800 ConcurrentGCThread "G1 Refine#0" [stack: 0x0000006dec800000,0x0000006dec900000] [id=15872]
  0x00000212feb51800 ConcurrentGCThread "G1 Young RemSet Sampling" [stack: 0x0000006dec900000,0x0000006deca00000] [id=11280]

Threads with active compile tasks:
C2 CompilerThread0   7763 7989   !   4       java.util.concurrent.ConcurrentHashMap::computeIfAbsent (576 bytes)
C1 CompilerThread0   7763 8025       3       org.codehaus.groovy.runtime.ScriptBytecodeAdapter::compareEqual (99 bytes)
C2 CompilerThread1   7763 7635 %     4       org.gradle.internal.instantiation.generator.AbstractClassGenerator::inspectType @ 207 (560 bytes)

VM state:at safepoint (normal execution)

VM Mutex/Monitor currently owned by a thread:  ([mutex/lock_event])
[0x00000212ea85a370] Threads_lock - owner thread: 0x00000212fed01800
[0x00000212ea859cb0] Heap_lock - owner thread: 0x0000021287866800

Heap address: 0x0000000080000000, size: 2048 MB, Compressed Oops mode: 32-bit
Narrow klass base: 0x0000000000000000, Narrow klass shift: 3
Compressed class space size: 1073741824 Address: 0x0000000100000000

Heap:
 garbage-first heap   total 225280K, used 134811K [0x0000000080000000, 0x0000000100000000)
  region size 1024K, 7 young (7168K), 7 survivors (7168K)
 Metaspace       used 79998K, capacity 82395K, committed 82560K, reserved 1120256K
  class space    used 10287K, capacity 11058K, committed 11136K, reserved 1048576K
Heap Regions: E=young(eden), S=young(survivor), O=old, HS=humongous(starts), HC=humongous(continues), CS=collection set, F=free, A=archive, TAMS=top-at-mark-start (previous, next)
|   0|0x0000000080000000, 0x0000000080100000, 0x0000000080100000|100%| O|  |TAMS 0x0000000080100000, 0x0000000080000000| Untracked 
|   1|0x0000000080100000, 0x0000000080200000, 0x0000000080200000|100%| O|  |TAMS 0x0000000080200000, 0x0000000080100000| Untracked 
|   2|0x0000000080200000, 0x0000000080300000, 0x0000000080300000|100%| O|  |TAMS 0x0000000080300000, 0x0000000080200000| Untracked 
|   3|0x0000000080300000, 0x0000000080400000, 0x0000000080400000|100%|HS|  |TAMS 0x0000000080400000, 0x0000000080300000| Complete 
|   4|0x0000000080400000, 0x0000000080500000, 0x0000000080500000|100%|HC|  |TAMS 0x0000000080500000, 0x0000000080400000| Complete 
|   5|0x0000000080500000, 0x0000000080600000, 0x0000000080600000|100%|HC|  |TAMS 0x0000000080600000, 0x0000000080500000| Complete 
|   6|0x0000000080600000, 0x0000000080700000, 0x0000000080700000|100%| O|  |TAMS 0x0000000080700000, 0x0000000080600000| Untracked 
|   7|0x0000000080700000, 0x0000000080800000, 0x0000000080800000|100%| O|  |TAMS 0x0000000080800000, 0x0000000080700000| Untracked 
|   8|0x0000000080800000, 0x0000000080900000, 0x0000000080900000|100%| O|  |TAMS 0x0000000080900000, 0x0000000080800000| Untracked 
|   9|0x0000000080900000, 0x0000000080a00000, 0x0000000080a00000|100%| O|  |TAMS 0x0000000080a00000, 0x0000000080900000| Untracked 
|  10|0x0000000080a00000, 0x0000000080b00000, 0x0000000080b00000|100%| O|  |TAMS 0x0000000080b00000, 0x0000000080a00000| Untracked 
|  11|0x0000000080b00000, 0x0000000080c00000, 0x0000000080c00000|100%| O|  |TAMS 0x0000000080c00000, 0x0000000080b00000| Untracked 
|  12|0x0000000080c00000, 0x0000000080d00000, 0x0000000080d00000|100%| O|  |TAMS 0x0000000080d00000, 0x0000000080c00000| Untracked 
|  13|0x0000000080d00000, 0x0000000080e00000, 0x0000000080e00000|100%| O|  |TAMS 0x0000000080e00000, 0x0000000080d00000| Untracked 
|  14|0x0000000080e00000, 0x0000000080f00000, 0x0000000080f00000|100%| O|  |TAMS 0x0000000080f00000, 0x0000000080e00000| Untracked 
|  15|0x0000000080f00000, 0x0000000081000000, 0x0000000081000000|100%| O|  |TAMS 0x0000000081000000, 0x0000000080f00000| Untracked 
|  16|0x0000000081000000, 0x0000000081100000, 0x0000000081100000|100%|HS|  |TAMS 0x0000000081100000, 0x0000000081000000| Complete 
|  17|0x0000000081100000, 0x0000000081200000, 0x0000000081200000|100%|HC|  |TAMS 0x0000000081200000, 0x0000000081100000| Complete 
|  18|0x0000000081200000, 0x0000000081300000, 0x0000000081300000|100%|HS|  |TAMS 0x0000000081300000, 0x0000000081200000| Complete 
|  19|0x0000000081300000, 0x0000000081400000, 0x0000000081400000|100%|HC|  |TAMS 0x0000000081400000, 0x0000000081300000| Complete 
|  20|0x0000000081400000, 0x0000000081500000, 0x0000000081500000|100%|HC|  |TAMS 0x0000000081500000, 0x0000000081400000| Complete 
|  21|0x0000000081500000, 0x0000000081600000, 0x0000000081600000|100%|HS|  |TAMS 0x0000000081600000, 0x0000000081500000| Complete 
|  22|0x0000000081600000, 0x0000000081700000, 0x0000000081700000|100%|HC|  |TAMS 0x0000000081700000, 0x0000000081600000| Complete 
|  23|0x0000000081700000, 0x0000000081800000, 0x0000000081800000|100%|HC|  |TAMS 0x0000000081800000, 0x0000000081700000| Complete 
|  24|0x0000000081800000, 0x0000000081900000, 0x0000000081900000|100%|HS|  |TAMS 0x0000000081900000, 0x0000000081800000| Complete 
|  25|0x0000000081900000, 0x0000000081a00000, 0x0000000081a00000|100%|HC|  |TAMS 0x0000000081a00000, 0x0000000081900000| Complete 
|  26|0x0000000081a00000, 0x0000000081b00000, 0x0000000081b00000|100%|HC|  |TAMS 0x0000000081b00000, 0x0000000081a00000| Complete 
|  27|0x0000000081b00000, 0x0000000081c00000, 0x0000000081c00000|100%|HC|  |TAMS 0x0000000081c00000, 0x0000000081b00000| Complete 
|  28|0x0000000081c00000, 0x0000000081d00000, 0x0000000081d00000|100%|HC|  |TAMS 0x0000000081d00000, 0x0000000081c00000| Complete 
|  29|0x0000000081d00000, 0x0000000081e00000, 0x0000000081e00000|100%| O|  |TAMS 0x0000000081e00000, 0x0000000081d00000| Untracked 
|  30|0x0000000081e00000, 0x0000000081f00000, 0x0000000081f00000|100%| O|  |TAMS 0x0000000081f00000, 0x0000000081e00000| Untracked 
|  31|0x0000000081f00000, 0x0000000082000000, 0x0000000082000000|100%| O|  |TAMS 0x0000000082000000, 0x0000000081f00000| Untracked 
|  32|0x0000000082000000, 0x0000000082100000, 0x0000000082100000|100%| O|  |TAMS 0x0000000082100000, 0x0000000082000000| Untracked 
|  33|0x0000000082100000, 0x0000000082200000, 0x0000000082200000|100%| O|  |TAMS 0x0000000082200000, 0x0000000082100000| Untracked 
|  34|0x0000000082200000, 0x0000000082300000, 0x0000000082300000|100%|HS|  |TAMS 0x0000000082300000, 0x0000000082200000| Complete 
|  35|0x0000000082300000, 0x0000000082400000, 0x0000000082400000|100%|HC|  |TAMS 0x0000000082400000, 0x0000000082300000| Complete 
|  36|0x0000000082400000, 0x0000000082500000, 0x0000000082500000|100%|HC|  |TAMS 0x0000000082500000, 0x0000000082400000| Complete 
|  37|0x0000000082500000, 0x0000000082600000, 0x0000000082600000|100%| O|  |TAMS 0x0000000082600000, 0x0000000082500000| Untracked 
|  38|0x0000000082600000, 0x0000000082700000, 0x0000000082700000|100%| O|  |TAMS 0x0000000082700000, 0x0000000082600000| Untracked 
|  39|0x0000000082700000, 0x0000000082800000, 0x0000000082800000|100%|HS|  |TAMS 0x0000000082800000, 0x0000000082700000| Complete 
|  40|0x0000000082800000, 0x0000000082900000, 0x0000000082900000|100%|HC|  |TAMS 0x0000000082900000, 0x0000000082800000| Complete 
|  41|0x0000000082900000, 0x0000000082a00000, 0x0000000082a00000|100%|HC|  |TAMS 0x0000000082a00000, 0x0000000082900000| Complete 
|  42|0x0000000082a00000, 0x0000000082b00000, 0x0000000082b00000|100%|HC|  |TAMS 0x0000000082b00000, 0x0000000082a00000| Complete 
|  43|0x0000000082b00000, 0x0000000082c00000, 0x0000000082c00000|100%|HS|  |TAMS 0x0000000082c00000, 0x0000000082b00000| Complete 
|  44|0x0000000082c00000, 0x0000000082d00000, 0x0000000082d00000|100%|HC|  |TAMS 0x0000000082d00000, 0x0000000082c00000| Complete 
|  45|0x0000000082d00000, 0x0000000082e00000, 0x0000000082e00000|100%|HS|  |TAMS 0x0000000082e00000, 0x0000000082d00000| Complete 
|  46|0x0000000082e00000, 0x0000000082f00000, 0x0000000082f00000|100%|HC|  |TAMS 0x0000000082f00000, 0x0000000082e00000| Complete 
|  47|0x0000000082f00000, 0x0000000083000000, 0x0000000083000000|100%|HC|  |TAMS 0x0000000083000000, 0x0000000082f00000| Complete 
|  48|0x0000000083000000, 0x0000000083100000, 0x0000000083100000|100%| O|  |TAMS 0x0000000083100000, 0x0000000083000000| Untracked 
|  49|0x0000000083100000, 0x0000000083200000, 0x0000000083200000|100%| O|  |TAMS 0x0000000083200000, 0x0000000083100000| Untracked 
|  50|0x0000000083200000, 0x0000000083300000, 0x0000000083300000|100%| O|  |TAMS 0x0000000083300000, 0x0000000083200000| Untracked 
|  51|0x0000000083300000, 0x0000000083400000, 0x0000000083400000|100%|HS|  |TAMS 0x0000000083400000, 0x0000000083300000| Complete 
|  52|0x0000000083400000, 0x0000000083500000, 0x0000000083500000|100%|HC|  |TAMS 0x0000000083500000, 0x0000000083400000| Complete 
|  53|0x0000000083500000, 0x0000000083600000, 0x0000000083600000|100%|HC|  |TAMS 0x0000000083600000, 0x0000000083500000| Complete 
|  54|0x0000000083600000, 0x0000000083700000, 0x0000000083700000|100%|HC|  |TAMS 0x0000000083700000, 0x0000000083600000| Complete 
|  55|0x0000000083700000, 0x0000000083800000, 0x0000000083800000|100%|HC|  |TAMS 0x0000000083800000, 0x0000000083700000| Complete 
|  56|0x0000000083800000, 0x0000000083900000, 0x0000000083900000|100%| O|  |TAMS 0x0000000083900000, 0x0000000083800000| Untracked 
|  57|0x0000000083900000, 0x0000000083a00000, 0x0000000083a00000|100%| O|  |TAMS 0x0000000083a00000, 0x0000000083900000| Untracked 
|  58|0x0000000083a00000, 0x0000000083b00000, 0x0000000083b00000|100%| O|  |TAMS 0x0000000083b00000, 0x0000000083a00000| Untracked 
|  59|0x0000000083b00000, 0x0000000083c00000, 0x0000000083c00000|100%| O|  |TAMS 0x0000000083c00000, 0x0000000083b00000| Untracked 
|  60|0x0000000083c00000, 0x0000000083d00000, 0x0000000083d00000|100%| O|  |TAMS 0x0000000083d00000, 0x0000000083c00000| Untracked 
|  61|0x0000000083d00000, 0x0000000083e00000, 0x0000000083e00000|100%| O|  |TAMS 0x0000000083e00000, 0x0000000083d00000| Untracked 
|  62|0x0000000083e00000, 0x0000000083f00000, 0x0000000083f00000|100%| O|  |TAMS 0x0000000083f00000, 0x0000000083e00000| Untracked 
|  63|0x0000000083f00000, 0x0000000084000000, 0x0000000084000000|100%| O|  |TAMS 0x0000000084000000, 0x0000000083f00000| Untracked 
|  64|0x0000000084000000, 0x0000000084100000, 0x0000000084100000|100%| O|  |TAMS 0x0000000084100000, 0x0000000084000000| Untracked 
|  65|0x0000000084100000, 0x0000000084200000, 0x0000000084200000|100%| O|  |TAMS 0x0000000084200000, 0x0000000084100000| Untracked 
|  66|0x0000000084200000, 0x0000000084300000, 0x0000000084300000|100%| O|  |TAMS 0x0000000084300000, 0x0000000084200000| Untracked 
|  67|0x0000000084300000, 0x0000000084400000, 0x0000000084400000|100%| O|  |TAMS 0x0000000084400000, 0x0000000084300000| Untracked 
|  68|0x0000000084400000, 0x0000000084500000, 0x0000000084500000|100%| O|  |TAMS 0x0000000084500000, 0x0000000084400000| Untracked 
|  69|0x0000000084500000, 0x0000000084600000, 0x0000000084600000|100%|HS|  |TAMS 0x0000000084600000, 0x0000000084500000| Complete 
|  70|0x0000000084600000, 0x0000000084700000, 0x0000000084700000|100%|HS|  |TAMS 0x0000000084700000, 0x0000000084600000| Complete 
|  71|0x0000000084700000, 0x0000000084800000, 0x0000000084800000|100%|HS|  |TAMS 0x0000000084800000, 0x0000000084700000| Complete 
|  72|0x0000000084800000, 0x0000000084900000, 0x0000000084900000|100%|HC|  |TAMS 0x0000000084900000, 0x0000000084800000| Complete 
|  73|0x0000000084900000, 0x0000000084a00000, 0x0000000084a00000|100%| O|  |TAMS 0x0000000084a00000, 0x0000000084900000| Untracked 
|  74|0x0000000084a00000, 0x0000000084b00000, 0x0000000084b00000|100%| O|  |TAMS 0x0000000084b00000, 0x0000000084a00000| Untracked 
|  75|0x0000000084b00000, 0x0000000084c00000, 0x0000000084c00000|100%| O|  |TAMS 0x0000000084c00000, 0x0000000084b00000| Untracked 
|  76|0x0000000084c00000, 0x0000000084d00000, 0x0000000084d00000|100%| O|  |TAMS 0x0000000084d00000, 0x0000000084c00000| Untracked 
|  77|0x0000000084d00000, 0x0000000084e00000, 0x0000000084e00000|100%| O|  |TAMS 0x0000000084e00000, 0x0000000084d00000| Untracked 
|  78|0x0000000084e00000, 0x0000000084f00000, 0x0000000084f00000|100%| O|  |TAMS 0x0000000084f00000, 0x0000000084e00000| Untracked 
|  79|0x0000000084f00000, 0x0000000085000000, 0x0000000085000000|100%| O|  |TAMS 0x0000000085000000, 0x0000000084f00000| Untracked 
|  80|0x0000000085000000, 0x0000000085100000, 0x0000000085100000|100%| O|  |TAMS 0x0000000085100000, 0x0000000085000000| Untracked 
|  81|0x0000000085100000, 0x0000000085200000, 0x0000000085200000|100%| O|  |TAMS 0x0000000085200000, 0x0000000085100000| Untracked 
|  82|0x0000000085200000, 0x0000000085300000, 0x0000000085300000|100%| O|  |TAMS 0x0000000085300000, 0x0000000085200000| Untracked 
|  83|0x0000000085300000, 0x0000000085400000, 0x0000000085400000|100%| O|  |TAMS 0x0000000085400000, 0x0000000085300000| Untracked 
|  84|0x0000000085400000, 0x0000000085500000, 0x0000000085500000|100%| O|  |TAMS 0x0000000085500000, 0x0000000085400000| Untracked 
|  85|0x0000000085500000, 0x0000000085600000, 0x0000000085600000|100%| O|  |TAMS 0x0000000085600000, 0x0000000085500000| Untracked 
|  86|0x0000000085600000, 0x0000000085700000, 0x0000000085700000|100%| O|  |TAMS 0x0000000085700000, 0x0000000085600000| Untracked 
|  87|0x0000000085700000, 0x0000000085800000, 0x0000000085800000|100%| O|  |TAMS 0x0000000085800000, 0x0000000085700000| Untracked 
|  88|0x0000000085800000, 0x0000000085900000, 0x0000000085900000|100%| O|  |TAMS 0x0000000085900000, 0x0000000085800000| Untracked 
|  89|0x0000000085900000, 0x0000000085a00000, 0x0000000085a00000|100%| O|  |TAMS 0x0000000085a00000, 0x0000000085900000| Untracked 
|  90|0x0000000085a00000, 0x0000000085b00000, 0x0000000085b00000|100%| O|  |TAMS 0x0000000085b00000, 0x0000000085a00000| Untracked 
|  91|0x0000000085b00000, 0x0000000085c00000, 0x0000000085c00000|100%| O|  |TAMS 0x0000000085c00000, 0x0000000085b00000| Untracked 
|  92|0x0000000085c00000, 0x0000000085d00000, 0x0000000085d00000|100%| O|  |TAMS 0x0000000085d00000, 0x0000000085c00000| Untracked 
|  93|0x0000000085d00000, 0x0000000085e00000, 0x0000000085e00000|100%| O|  |TAMS 0x0000000085e00000, 0x0000000085d00000| Untracked 
|  94|0x0000000085e00000, 0x0000000085f00000, 0x0000000085f00000|100%| O|  |TAMS 0x0000000085e2f000, 0x0000000085e00000| Untracked 
|  95|0x0000000085f00000, 0x0000000086000000, 0x0000000086000000|100%|HS|  |TAMS 0x0000000085f00000, 0x0000000085f00000| Complete 
|  96|0x0000000086000000, 0x0000000086100000, 0x0000000086100000|100%|HS|  |TAMS 0x0000000086000000, 0x0000000086000000| Complete 
|  97|0x0000000086100000, 0x0000000086200000, 0x0000000086200000|100%|HC|  |TAMS 0x0000000086100000, 0x0000000086100000| Complete 
|  98|0x0000000086200000, 0x0000000086300000, 0x0000000086300000|100%|HC|  |TAMS 0x0000000086200000, 0x0000000086200000| Complete 
|  99|0x0000000086300000, 0x0000000086400000, 0x0000000086400000|100%|HC|  |TAMS 0x0000000086300000, 0x0000000086300000| Complete 
| 100|0x0000000086400000, 0x0000000086500000, 0x0000000086500000|100%|HS|  |TAMS 0x0000000086400000, 0x0000000086400000| Complete 
| 101|0x0000000086500000, 0x0000000086600000, 0x0000000086600000|100%|HC|  |TAMS 0x0000000086500000, 0x0000000086500000| Complete 
| 102|0x0000000086600000, 0x0000000086700000, 0x0000000086700000|100%|HS|  |TAMS 0x0000000086600000, 0x0000000086600000| Complete 
| 103|0x0000000086700000, 0x0000000086800000, 0x0000000086800000|100%|HC|  |TAMS 0x0000000086700000, 0x0000000086700000| Complete 
| 104|0x0000000086800000, 0x0000000086900000, 0x0000000086900000|100%|HC|  |TAMS 0x0000000086800000, 0x0000000086800000| Complete 
| 105|0x0000000086900000, 0x0000000086a00000, 0x0000000086a00000|100%|HS|  |TAMS 0x0000000086900000, 0x0000000086900000| Complete 
| 106|0x0000000086a00000, 0x0000000086b00000, 0x0000000086b00000|100%|HC|  |TAMS 0x0000000086a00000, 0x0000000086a00000| Complete 
| 107|0x0000000086b00000, 0x0000000086c00000, 0x0000000086c00000|100%|HC|  |TAMS 0x0000000086b00000, 0x0000000086b00000| Complete 
| 108|0x0000000086c00000, 0x0000000086d00000, 0x0000000086d00000|100%|HS|  |TAMS 0x0000000086c00000, 0x0000000086c00000| Complete 
| 109|0x0000000086d00000, 0x0000000086e00000, 0x0000000086e00000|100%|HC|  |TAMS 0x0000000086d00000, 0x0000000086d00000| Complete 
| 110|0x0000000086e00000, 0x0000000086f00000, 0x0000000086f00000|100%|HC|  |TAMS 0x0000000086e00000, 0x0000000086e00000| Complete 
| 111|0x0000000086f00000, 0x0000000087000000, 0x0000000087000000|100%|HC|  |TAMS 0x0000000086f00000, 0x0000000086f00000| Complete 
| 112|0x0000000087000000, 0x0000000087100000, 0x0000000087100000|100%|HC|  |TAMS 0x0000000087000000, 0x0000000087000000| Complete 
| 113|0x0000000087100000, 0x0000000087200000, 0x0000000087200000|100%|HS|  |TAMS 0x0000000087100000, 0x0000000087100000| Complete 
| 114|0x0000000087200000, 0x0000000087300000, 0x0000000087300000|100%|HS|  |TAMS 0x0000000087200000, 0x0000000087200000| Complete 
| 115|0x0000000087300000, 0x0000000087400000, 0x0000000087400000|100%|HC|  |TAMS 0x0000000087300000, 0x0000000087300000| Complete 
| 116|0x0000000087400000, 0x0000000087500000, 0x0000000087500000|100%|HC|  |TAMS 0x0000000087400000, 0x0000000087400000| Complete 
| 117|0x0000000087500000, 0x0000000087600000, 0x0000000087600000|100%|HC|  |TAMS 0x0000000087500000, 0x0000000087500000| Complete 
| 118|0x0000000087600000, 0x0000000087700000, 0x0000000087700000|100%| O|  |TAMS 0x0000000087600000, 0x0000000087600000| Untracked 
| 119|0x0000000087700000, 0x0000000087800000, 0x0000000087800000|100%| O|  |TAMS 0x0000000087700000, 0x0000000087700000| Untracked 
| 120|0x0000000087800000, 0x0000000087900000, 0x0000000087900000|100%| O|  |TAMS 0x0000000087800000, 0x0000000087800000| Untracked 
| 121|0x0000000087900000, 0x0000000087a00000, 0x0000000087a00000|100%| O|  |TAMS 0x0000000087900000, 0x0000000087900000| Untracked 
| 122|0x0000000087a00000, 0x0000000087b00000, 0x0000000087b00000|100%| O|  |TAMS 0x0000000087a00000, 0x0000000087a00000| Untracked 
| 123|0x0000000087b00000, 0x0000000087c00000, 0x0000000087c00000|100%| O|  |TAMS 0x0000000087b00000, 0x0000000087b00000| Untracked 
| 124|0x0000000087c00000, 0x0000000087ca6c00, 0x0000000087d00000| 65%| O|  |TAMS 0x0000000087c00000, 0x0000000087c00000| Untracked 
| 125|0x0000000087d00000, 0x0000000087e00000, 0x0000000087e00000|100%| S|CS|TAMS 0x0000000087d00000, 0x0000000087d00000| Complete 
| 126|0x0000000087e00000, 0x0000000087f00000, 0x0000000087f00000|100%| S|CS|TAMS 0x0000000087e00000, 0x0000000087e00000| Complete 
| 127|0x0000000087f00000, 0x0000000088000000, 0x0000000088000000|100%| S|CS|TAMS 0x0000000087f00000, 0x0000000087f00000| Complete 
| 128|0x0000000088000000, 0x0000000088100000, 0x0000000088100000|100%| S|CS|TAMS 0x0000000088000000, 0x0000000088000000| Complete 
| 129|0x0000000088100000, 0x0000000088200000, 0x0000000088200000|100%| S|CS|TAMS 0x0000000088100000, 0x0000000088100000| Complete 
| 130|0x0000000088200000, 0x0000000088300000, 0x0000000088300000|100%| S|CS|TAMS 0x0000000088200000, 0x0000000088200000| Complete 
| 131|0x0000000088300000, 0x0000000088400000, 0x0000000088400000|100%| S|CS|TAMS 0x0000000088300000, 0x0000000088300000| Complete 
| 132|0x0000000088400000, 0x0000000088400000, 0x0000000088500000|  0%| F|  |TAMS 0x0000000088400000, 0x0000000088400000| Untracked 
| 133|0x0000000088500000, 0x0000000088500000, 0x0000000088600000|  0%| F|  |TAMS 0x0000000088500000, 0x0000000088500000| Untracked 
| 134|0x0000000088600000, 0x0000000088600000, 0x0000000088700000|  0%| F|  |TAMS 0x0000000088600000, 0x0000000088600000| Untracked 
| 135|0x0000000088700000, 0x0000000088700000, 0x0000000088800000|  0%| F|  |TAMS 0x0000000088700000, 0x0000000088700000| Untracked 
| 136|0x0000000088800000, 0x0000000088800000, 0x0000000088900000|  0%| F|  |TAMS 0x0000000088800000, 0x0000000088800000| Untracked 
| 137|0x0000000088900000, 0x0000000088900000, 0x0000000088a00000|  0%| F|  |TAMS 0x0000000088900000, 0x0000000088900000| Untracked 
| 138|0x0000000088a00000, 0x0000000088a00000, 0x0000000088b00000|  0%| F|  |TAMS 0x0000000088a00000, 0x0000000088a00000| Untracked 
| 139|0x0000000088b00000, 0x0000000088b00000, 0x0000000088c00000|  0%| F|  |TAMS 0x0000000088b00000, 0x0000000088b00000| Untracked 
| 140|0x0000000088c00000, 0x0000000088c00000, 0x0000000088d00000|  0%| F|  |TAMS 0x0000000088c00000, 0x0000000088c00000| Untracked 
| 141|0x0000000088d00000, 0x0000000088d00000, 0x0000000088e00000|  0%| F|  |TAMS 0x0000000088d00000, 0x0000000088d00000| Untracked 
| 142|0x0000000088e00000, 0x0000000088e00000, 0x0000000088f00000|  0%| F|  |TAMS 0x0000000088e00000, 0x0000000088e00000| Untracked 
| 143|0x0000000088f00000, 0x0000000088f00000, 0x0000000089000000|  0%| F|  |TAMS 0x0000000088f00000, 0x0000000088f00000| Untracked 
| 144|0x0000000089000000, 0x0000000089000000, 0x0000000089100000|  0%| F|  |TAMS 0x0000000089000000, 0x0000000089000000| Untracked 
| 145|0x0000000089100000, 0x0000000089100000, 0x0000000089200000|  0%| F|  |TAMS 0x0000000089100000, 0x0000000089100000| Untracked 
| 146|0x0000000089200000, 0x0000000089200000, 0x0000000089300000|  0%| F|  |TAMS 0x0000000089200000, 0x0000000089200000| Untracked 
| 147|0x0000000089300000, 0x0000000089300000, 0x0000000089400000|  0%| F|  |TAMS 0x0000000089300000, 0x0000000089300000| Untracked 
| 148|0x0000000089400000, 0x0000000089400000, 0x0000000089500000|  0%| F|  |TAMS 0x0000000089400000, 0x0000000089400000| Untracked 
| 149|0x0000000089500000, 0x0000000089500000, 0x0000000089600000|  0%| F|  |TAMS 0x0000000089500000, 0x0000000089500000| Untracked 
| 150|0x0000000089600000, 0x0000000089600000, 0x0000000089700000|  0%| F|  |TAMS 0x0000000089600000, 0x0000000089600000| Untracked 
| 151|0x0000000089700000, 0x0000000089700000, 0x0000000089800000|  0%| F|  |TAMS 0x0000000089700000, 0x0000000089700000| Untracked 
| 152|0x0000000089800000, 0x0000000089800000, 0x0000000089900000|  0%| F|  |TAMS 0x0000000089800000, 0x0000000089800000| Untracked 
| 153|0x0000000089900000, 0x0000000089900000, 0x0000000089a00000|  0%| F|  |TAMS 0x0000000089900000, 0x0000000089900000| Untracked 
| 154|0x0000000089a00000, 0x0000000089a00000, 0x0000000089b00000|  0%| F|  |TAMS 0x0000000089a00000, 0x0000000089a00000| Untracked 
| 155|0x0000000089b00000, 0x0000000089b00000, 0x0000000089c00000|  0%| F|  |TAMS 0x0000000089b00000, 0x0000000089b00000| Untracked 
| 156|0x0000000089c00000, 0x0000000089c00000, 0x0000000089d00000|  0%| F|  |TAMS 0x0000000089c00000, 0x0000000089c00000| Untracked 
| 157|0x0000000089d00000, 0x0000000089d00000, 0x0000000089e00000|  0%| F|  |TAMS 0x0000000089d00000, 0x0000000089d00000| Untracked 
| 158|0x0000000089e00000, 0x0000000089e00000, 0x0000000089f00000|  0%| F|  |TAMS 0x0000000089e00000, 0x0000000089e00000| Untracked 
| 159|0x0000000089f00000, 0x0000000089f00000, 0x000000008a000000|  0%| F|  |TAMS 0x0000000089f00000, 0x0000000089f00000| Untracked 
| 160|0x000000008a000000, 0x000000008a000000, 0x000000008a100000|  0%| F|  |TAMS 0x000000008a000000, 0x000000008a000000| Untracked 
| 161|0x000000008a100000, 0x000000008a100000, 0x000000008a200000|  0%| F|  |TAMS 0x000000008a100000, 0x000000008a100000| Untracked 
| 162|0x000000008a200000, 0x000000008a200000, 0x000000008a300000|  0%| F|  |TAMS 0x000000008a200000, 0x000000008a200000| Untracked 
| 163|0x000000008a300000, 0x000000008a300000, 0x000000008a400000|  0%| F|  |TAMS 0x000000008a300000, 0x000000008a300000| Untracked 
| 164|0x000000008a400000, 0x000000008a400000, 0x000000008a500000|  0%| F|  |TAMS 0x000000008a400000, 0x000000008a400000| Untracked 
| 165|0x000000008a500000, 0x000000008a500000, 0x000000008a600000|  0%| F|  |TAMS 0x000000008a500000, 0x000000008a500000| Untracked 
| 166|0x000000008a600000, 0x000000008a600000, 0x000000008a700000|  0%| F|  |TAMS 0x000000008a600000, 0x000000008a600000| Untracked 
| 167|0x000000008a700000, 0x000000008a700000, 0x000000008a800000|  0%| F|  |TAMS 0x000000008a700000, 0x000000008a700000| Untracked 
| 168|0x000000008a800000, 0x000000008a800000, 0x000000008a900000|  0%| F|  |TAMS 0x000000008a800000, 0x000000008a800000| Untracked 
| 169|0x000000008a900000, 0x000000008a900000, 0x000000008aa00000|  0%| F|  |TAMS 0x000000008a900000, 0x000000008a900000| Untracked 
| 170|0x000000008aa00000, 0x000000008aa00000, 0x000000008ab00000|  0%| F|  |TAMS 0x000000008aa00000, 0x000000008aa00000| Untracked 
| 171|0x000000008ab00000, 0x000000008ab00000, 0x000000008ac00000|  0%| F|  |TAMS 0x000000008ab00000, 0x000000008ab00000| Untracked 
| 172|0x000000008ac00000, 0x000000008ac00000, 0x000000008ad00000|  0%| F|  |TAMS 0x000000008ac00000, 0x000000008ac00000| Untracked 
| 173|0x000000008ad00000, 0x000000008ad00000, 0x000000008ae00000|  0%| F|  |TAMS 0x000000008ad00000, 0x000000008ad00000| Untracked 
| 174|0x000000008ae00000, 0x000000008ae00000, 0x000000008af00000|  0%| F|  |TAMS 0x000000008ae00000, 0x000000008ae00000| Untracked 
| 175|0x000000008af00000, 0x000000008af00000, 0x000000008b000000|  0%| F|  |TAMS 0x000000008af00000, 0x000000008af00000| Untracked 
| 176|0x000000008b000000, 0x000000008b000000, 0x000000008b100000|  0%| F|  |TAMS 0x000000008b000000, 0x000000008b000000| Untracked 
| 177|0x000000008b100000, 0x000000008b100000, 0x000000008b200000|  0%| F|  |TAMS 0x000000008b100000, 0x000000008b100000| Untracked 
| 178|0x000000008b200000, 0x000000008b200000, 0x000000008b300000|  0%| F|  |TAMS 0x000000008b200000, 0x000000008b200000| Untracked 
| 179|0x000000008b300000, 0x000000008b300000, 0x000000008b400000|  0%| F|  |TAMS 0x000000008b300000, 0x000000008b300000| Untracked 
| 180|0x000000008b400000, 0x000000008b400000, 0x000000008b500000|  0%| F|  |TAMS 0x000000008b400000, 0x000000008b400000| Untracked 
| 181|0x000000008b500000, 0x000000008b500000, 0x000000008b600000|  0%| F|  |TAMS 0x000000008b500000, 0x000000008b500000| Untracked 
| 182|0x000000008b600000, 0x000000008b600000, 0x000000008b700000|  0%| F|  |TAMS 0x000000008b600000, 0x000000008b600000| Untracked 

Card table byte_map: [0x00000212fdac0000,0x00000212fdec0000] _byte_map_base: 0x00000212fd6c0000

Marking Bits (Prev, Next): (CMBitMap*) 0x00000212ea89fa58, (CMBitMap*) 0x00000212ea89fa90
 Prev Bits: [0x0000021280000000, 0x0000021282000000)
 Next Bits: [0x0000021282000000, 0x0000021284000000)

Polling page: 0x00000212e8750000

Metaspace:

Usage:
  Non-class:     69.67 MB capacity,    68.08 MB ( 98%) used,     1.37 MB (  2%) free+waste,   221.44 KB ( <1%) overhead. 
      Class:     10.80 MB capacity,    10.05 MB ( 93%) used,   665.95 KB (  6%) free+waste,   104.63 KB ( <1%) overhead. 
       Both:     80.46 MB capacity,    78.12 MB ( 97%) used,     2.02 MB (  3%) free+waste,   326.06 KB ( <1%) overhead. 

Virtual space:
  Non-class space:       70.00 MB reserved,      69.75 MB (>99%) committed 
      Class space:        1.00 GB reserved,      10.88 MB (  1%) committed 
             Both:        1.07 GB reserved,      80.63 MB (  7%) committed 

Chunk freelists:
   Non-Class:  23.00 KB
       Class:  14.00 KB
        Both:  37.00 KB

MaxMetaspaceSize: 17179869184.00 GB
CompressedClassSpaceSize: 1.00 GB
Initial GC threshold: 20.80 MB
Current GC threshold: 130.42 MB
CDS: off

CodeHeap 'non-profiled nmethods': size=120000Kb used=4553Kb max_used=4553Kb free=115446Kb
 bounds [0x00000212f5e50000, 0x00000212f62d0000, 0x00000212fd380000]
CodeHeap 'profiled nmethods': size=120000Kb used=16885Kb max_used=16885Kb free=103114Kb
 bounds [0x00000212ee920000, 0x00000212ef9a0000, 0x00000212f5e50000]
CodeHeap 'non-nmethods': size=5760Kb used=2373Kb max_used=2410Kb free=3386Kb
 bounds [0x00000212ee380000, 0x00000212ee5f0000, 0x00000212ee920000]
 total_blobs=8822 nmethods=7941 adapters=792
 compilation: enabled
              stopped_count=0, restarted_count=0
 full_count=0

Compilation events (20 events):
Event: 7.737 Thread 0x00000212ff691000 nmethod 8015 0x00000212ef994110 code [0x00000212ef994360, 0x00000212ef994a48]
Event: 7.738 Thread 0x00000212ff691000 8017       3       org.codehaus.groovy.runtime.metaclass.MetaClassRegistryImpl::getMetaClass (12 bytes)
Event: 7.738 Thread 0x00000212ff691000 nmethod 8017 0x00000212ef994d90 code [0x00000212ef995080, 0x00000212ef996238]
Event: 7.738 Thread 0x00000212ff691000 8016       3       org.gradle.api.internal.plugins.DefaultPluginRegistry::lookup (83 bytes)
Event: 7.739 Thread 0x00000212ff691000 nmethod 8016 0x00000212ef996890 code [0x00000212ef996c20, 0x00000212ef998488]
Event: 7.739 Thread 0x00000212ff691000 8018       3       org.gradle.api.internal.plugins.DefaultPluginRegistry$RegistryAwarePluginImplementation::isAlsoKnownAs (52 bytes)
Event: 7.739 Thread 0x00000212ff691000 nmethod 8018 0x00000212ef998d10 code [0x00000212ef998f20, 0x00000212ef999618]
Event: 7.739 Thread 0x00000212ff691000 8019       3       org.gradle.api.internal.plugins.DefaultPluginRegistry$PluginIdLookupCacheKey::equals (63 bytes)
Event: 7.739 Thread 0x00000212ff691000 nmethod 8019 0x00000212ef999890 code [0x00000212ef999a80, 0x00000212ef999fb8]
Event: 7.739 Thread 0x00000212ff691000 8020       3       java.util.Formatter$FormatSpecifier::printString (107 bytes)
Event: 7.740 Thread 0x00000212ff691000 nmethod 8020 0x00000212ef99a110 code [0x00000212ef99a440, 0x00000212ef99b5a8]
Event: 7.740 Thread 0x00000212ff691000 8021       3       java.util.Formatter$FormatSpecifier::print (63 bytes)
Event: 7.741 Thread 0x00000212ff691000 nmethod 8021 0x00000212ef99bc10 code [0x00000212ef99bea0, 0x00000212ef99c898]
Event: 7.741 Thread 0x00000212ff691000 8024       3       java.util.AbstractSet::hashCode (39 bytes)
Event: 7.741 Thread 0x00000212ff691000 nmethod 8024 0x00000212ef99cc90 code [0x00000212ef99ce80, 0x00000212ef99d378]
Event: 7.741 Thread 0x00000212ff691000 8022       1       groovy.lang.Tuple2::getV1 (5 bytes)
Event: 7.741 Thread 0x00000212ff691000 nmethod 8022 0x00000212f62c1f90 code [0x00000212f62c2140, 0x00000212f62c21f8]
Event: 7.741 Thread 0x00000212ff691000 8023       1       groovy.lang.Tuple2::getV2 (5 bytes)
Event: 7.741 Thread 0x00000212ff691000 nmethod 8023 0x00000212f62c2290 code [0x00000212f62c2440, 0x00000212f62c24f8]
Event: 7.741 Thread 0x00000212ff691000 8025       3       org.codehaus.groovy.runtime.ScriptBytecodeAdapter::compareEqual (99 bytes)

GC Heap History (20 events):
Event: 4.819 GC heap after
{Heap after GC invocations=14 (full 0):
 garbage-first heap   total 155648K, used 73101K [0x0000000080000000, 0x0000000100000000)
  region size 1024K, 3 young (3072K), 3 survivors (3072K)
 Metaspace       used 51755K, capacity 53502K, committed 53632K, reserved 1095680K
  class space    used 6608K, capacity 7188K, committed 7296K, reserved 1048576K
}
Event: 4.922 GC heap before
{Heap before GC invocations=15 (full 0):
 garbage-first heap   total 155648K, used 81293K [0x0000000080000000, 0x0000000100000000)
  region size 1024K, 10 young (10240K), 3 survivors (3072K)
 Metaspace       used 51763K, capacity 53502K, committed 53632K, reserved 1095680K
  class space    used 6608K, capacity 7188K, committed 7296K, reserved 1048576K
}
Event: 4.927 GC heap after
{Heap after GC invocations=16 (full 0):
 garbage-first heap   total 155648K, used 79409K [0x0000000080000000, 0x0000000100000000)
  region size 1024K, 7 young (7168K), 7 survivors (7168K)
 Metaspace       used 51763K, capacity 53502K, committed 53632K, reserved 1095680K
  class space    used 6608K, capacity 7188K, committed 7296K, reserved 1048576K
}
Event: 5.301 GC heap before
{Heap before GC invocations=17 (full 0):
 garbage-first heap   total 155648K, used 114225K [0x0000000080000000, 0x0000000100000000)
  region size 1024K, 39 young (39936K), 7 survivors (7168K)
 Metaspace       used 55352K, capacity 57180K, committed 57472K, reserved 1099776K
  class space    used 7080K, capacity 7733K, committed 7808K, reserved 1048576K
}
Event: 5.305 GC heap after
{Heap after GC invocations=18 (full 0):
 garbage-first heap   total 187392K, used 83845K [0x0000000080000000, 0x0000000100000000)
  region size 1024K, 3 young (3072K), 3 survivors (3072K)
 Metaspace       used 55352K, capacity 57180K, committed 57472K, reserved 1099776K
  class space    used 7080K, capacity 7733K, committed 7808K, reserved 1048576K
}
Event: 5.732 GC heap before
{Heap before GC invocations=18 (full 0):
 garbage-first heap   total 187392K, used 127877K [0x0000000080000000, 0x0000000100000000)
  region size 1024K, 46 young (47104K), 3 survivors (3072K)
 Metaspace       used 61335K, capacity 63314K, committed 63616K, reserved 1103872K
  class space    used 7787K, capacity 8472K, committed 8576K, reserved 1048576K
}
Event: 5.735 GC heap after
{Heap after GC invocations=19 (full 0):
 garbage-first heap   total 187392K, used 85130K [0x0000000080000000, 0x0000000100000000)
  region size 1024K, 4 young (4096K), 4 survivors (4096K)
 Metaspace       used 61335K, capacity 63314K, committed 63616K, reserved 1103872K
  class space    used 7787K, capacity 8472K, committed 8576K, reserved 1048576K
}
Event: 6.137 GC heap before
{Heap before GC invocations=19 (full 0):
 garbage-first heap   total 187392K, used 131210K [0x0000000080000000, 0x0000000100000000)
  region size 1024K, 50 young (51200K), 4 survivors (4096K)
 Metaspace       used 66637K, capacity 68592K, committed 68736K, reserved 1110016K
  class space    used 8405K, capacity 9073K, committed 9088K, reserved 1048576K
}
Event: 6.141 GC heap after
{Heap after GC invocations=20 (full 0):
 garbage-first heap   total 187392K, used 89300K [0x0000000080000000, 0x0000000100000000)
  region size 1024K, 6 young (6144K), 6 survivors (6144K)
 Metaspace       used 66637K, capacity 68592K, committed 68736K, reserved 1110016K
  class space    used 8405K, capacity 9073K, committed 9088K, reserved 1048576K
}
Event: 6.254 GC heap before
{Heap before GC invocations=20 (full 0):
 garbage-first heap   total 187392K, used 105684K [0x0000000080000000, 0x0000000100000000)
  region size 1024K, 23 young (23552K), 6 survivors (6144K)
 Metaspace       used 67891K, capacity 69882K, committed 70016K, reserved 1110016K
  class space    used 8577K, capacity 9246K, committed 9344K, reserved 1048576K
}
Event: 6.259 GC heap after
{Heap after GC invocations=21 (full 0):
 garbage-first heap   total 187392K, used 90765K [0x0000000080000000, 0x0000000100000000)
  region size 1024K, 2 young (2048K), 2 survivors (2048K)
 Metaspace       used 67891K, capacity 69882K, committed 70016K, reserved 1110016K
  class space    used 8577K, capacity 9246K, committed 9344K, reserved 1048576K
}
Event: 6.485 GC heap before
{Heap before GC invocations=22 (full 0):
 garbage-first heap   total 187392K, used 136845K [0x0000000080000000, 0x0000000100000000)
  region size 1024K, 46 young (47104K), 2 survivors (2048K)
 Metaspace       used 68758K, capacity 70910K, committed 71168K, reserved 1112064K
  class space    used 8711K, capacity 9432K, committed 9472K, reserved 1048576K
}
Event: 6.489 GC heap after
{Heap after GC invocations=23 (full 0):
 garbage-first heap   total 187392K, used 93156K [0x0000000080000000, 0x0000000100000000)
  region size 1024K, 4 young (4096K), 4 survivors (4096K)
 Metaspace       used 68758K, capacity 70910K, committed 71168K, reserved 1112064K
  class space    used 8711K, capacity 9432K, committed 9472K, reserved 1048576K
}
Event: 6.906 GC heap before
{Heap before GC invocations=23 (full 0):
 garbage-first heap   total 187392K, used 139236K [0x0000000080000000, 0x0000000100000000)
  region size 1024K, 49 young (50176K), 4 survivors (4096K)
 Metaspace       used 73770K, capacity 75884K, committed 76160K, reserved 1116160K
  class space    used 9522K, capacity 10254K, committed 10368K, reserved 1048576K
}
Event: 6.911 GC heap after
{Heap after GC invocations=24 (full 0):
 garbage-first heap   total 187392K, used 96200K [0x0000000080000000, 0x0000000100000000)
  region size 1024K, 6 young (6144K), 6 survivors (6144K)
 Metaspace       used 73770K, capacity 75884K, committed 76160K, reserved 1116160K
  class space    used 9522K, capacity 10254K, committed 10368K, reserved 1048576K
}
Event: 7.151 GC heap before
{Heap before GC invocations=25 (full 0):
 garbage-first heap   total 187392K, used 142280K [0x0000000080000000, 0x0000000100000000)
  region size 1024K, 51 young (52224K), 6 survivors (6144K)
 Metaspace       used 75204K, capacity 77347K, committed 77568K, reserved 1116160K
  class space    used 9732K, capacity 10480K, committed 10496K, reserved 1048576K
}
Event: 7.157 GC heap after
{Heap after GC invocations=26 (full 0):
 garbage-first heap   total 187392K, used 99728K [0x0000000080000000, 0x0000000100000000)
  region size 1024K, 7 young (7168K), 7 survivors (7168K)
 Metaspace       used 75204K, capacity 77347K, committed 77568K, reserved 1116160K
  class space    used 9732K, capacity 10480K, committed 10496K, reserved 1048576K
}
Event: 7.361 GC heap before
{Heap before GC invocations=26 (full 0):
 garbage-first heap   total 187392K, used 123280K [0x0000000080000000, 0x0000000100000000)
  region size 1024K, 32 young (32768K), 7 survivors (7168K)
 Metaspace       used 77757K, capacity 79863K, committed 80128K, reserved 1118208K
  class space    used 9962K, capacity 10693K, committed 10752K, reserved 1048576K
}
Event: 7.366 GC heap after
{Heap after GC invocations=27 (full 0):
 garbage-first heap   total 187392K, used 103612K [0x0000000080000000, 0x0000000100000000)
  region size 1024K, 7 young (7168K), 7 survivors (7168K)
 Metaspace       used 77757K, capacity 79863K, committed 80128K, reserved 1118208K
  class space    used 9962K, capacity 10693K, committed 10752K, reserved 1048576K
}
Event: 7.742 GC heap before
{Heap before GC invocations=28 (full 0):
 garbage-first heap   total 187392K, used 171196K [0x0000000080000000, 0x0000000100000000)
  region size 1024K, 51 young (52224K), 7 survivors (7168K)
 Metaspace       used 79998K, capacity 82395K, committed 82560K, reserved 1120256K
  class space    used 10287K, capacity 11058K, committed 11136K, reserved 1048576K
}

Deoptimization events (20 events):
Event: 7.708 Thread 0x0000021287866800 DEOPT PACKING pc=0x00000212f6099fc8 sp=0x0000006deddf9bc0
Event: 7.708 Thread 0x0000021287866800 DEOPT UNPACKING pc=0x00000212ee3885af sp=0x0000006deddf9b98 mode 2
Event: 7.731 Thread 0x0000021287866800 Uncommon trap: trap_request=0xffffffbe fr.pc=0x00000212f62a7f94 relative=0x0000000000000a94
Event: 7.731 Thread 0x0000021287866800 Uncommon trap: reason=profile_predicate action=maybe_recompile pc=0x00000212f62a7f94 method=jdk.internal.jimage.ImageStringsReader.charsFromByteBuffer([CLjava/nio/ByteBuffer;)V @ 6 c2
Event: 7.731 Thread 0x0000021287866800 DEOPT PACKING pc=0x00000212f62a7f94 sp=0x0000006deddf8600
Event: 7.731 Thread 0x0000021287866800 DEOPT UNPACKING pc=0x00000212ee3885af sp=0x0000006deddf84d8 mode 2
Event: 7.731 Thread 0x0000021287866800 Uncommon trap: trap_request=0xffffffbe fr.pc=0x00000212f62a7f94 relative=0x0000000000000a94
Event: 7.731 Thread 0x0000021287866800 Uncommon trap: reason=profile_predicate action=maybe_recompile pc=0x00000212f62a7f94 method=jdk.internal.jimage.ImageStringsReader.charsFromByteBuffer([CLjava/nio/ByteBuffer;)V @ 6 c2
Event: 7.731 Thread 0x0000021287866800 DEOPT PACKING pc=0x00000212f62a7f94 sp=0x0000006deddf8600
Event: 7.731 Thread 0x0000021287866800 DEOPT UNPACKING pc=0x00000212ee3885af sp=0x0000006deddf84d8 mode 2
Event: 7.731 Thread 0x0000021287866800 Uncommon trap: trap_request=0xffffffbe fr.pc=0x00000212f62a7f94 relative=0x0000000000000a94
Event: 7.731 Thread 0x0000021287866800 Uncommon trap: reason=profile_predicate action=maybe_recompile pc=0x00000212f62a7f94 method=jdk.internal.jimage.ImageStringsReader.charsFromByteBuffer([CLjava/nio/ByteBuffer;)V @ 6 c2
Event: 7.731 Thread 0x0000021287866800 DEOPT PACKING pc=0x00000212f62a7f94 sp=0x0000006deddf8600
Event: 7.731 Thread 0x0000021287866800 DEOPT UNPACKING pc=0x00000212ee3885af sp=0x0000006deddf84d8 mode 2
Event: 7.731 Thread 0x0000021287866800 Uncommon trap: trap_request=0xffffffbe fr.pc=0x00000212f62a7f94 relative=0x0000000000000a94
Event: 7.731 Thread 0x0000021287866800 Uncommon trap: reason=profile_predicate action=maybe_recompile pc=0x00000212f62a7f94 method=jdk.internal.jimage.ImageStringsReader.charsFromByteBuffer([CLjava/nio/ByteBuffer;)V @ 6 c2
Event: 7.731 Thread 0x0000021287866800 DEOPT PACKING pc=0x00000212f62a7f94 sp=0x0000006deddf8600
Event: 7.731 Thread 0x0000021287866800 DEOPT UNPACKING pc=0x00000212ee3885af sp=0x0000006deddf84d8 mode 2
Event: 7.735 Thread 0x0000021287866800 DEOPT PACKING pc=0x00000212ef75fe2f sp=0x0000006deddf8cc0
Event: 7.735 Thread 0x0000021287866800 DEOPT UNPACKING pc=0x00000212ee3c9d0e sp=0x0000006deddf8148 mode 0

Classes redefined (0 events):
No events

Internal exceptions (20 events):
Event: 7.545 Thread 0x0000021287979800 Exception <a 'java/lang/NoSuchMethodError'{0x000000008a78fe80}: <clinit>> (0x000000008a78fe80) thrown at [./src/hotspot/share/prims/jni.cpp, line 1366]
Event: 7.546 Thread 0x0000021287979800 Exception <a 'java/lang/NoSuchMethodError'{0x000000008a791a30}: <clinit>> (0x000000008a791a30) thrown at [./src/hotspot/share/prims/jni.cpp, line 1366]
Event: 7.591 Thread 0x0000021287866800 Exception <a 'java/lang/ClassNotFoundException'{0x000000008a2367d8}: org/jetbrains/plugins/gradle/tooling/util/SourceSetCachedFinder$1BeanInfo> (0x000000008a2367d8) thrown at [./src/hotspot/share/classfile/systemDictionary.cpp, line 231]
Event: 7.591 Thread 0x0000021287866800 Exception <a 'java/lang/ClassNotFoundException'{0x000000008a247f60}: org/jetbrains/plugins/gradle/tooling/util/SourceSetCachedFinder$1Customizer> (0x000000008a247f60) thrown at [./src/hotspot/share/classfile/systemDictionary.cpp, line 231]
Event: 7.592 Thread 0x0000021287866800 Exception <a 'java/lang/ClassNotFoundException'{0x000000008a284098}: org/jetbrains/plugins/gradle/tooling/util/SourceSetCachedFinder$2BeanInfo> (0x000000008a284098) thrown at [./src/hotspot/share/classfile/systemDictionary.cpp, line 231]
Event: 7.593 Thread 0x0000021287866800 Exception <a 'java/lang/ClassNotFoundException'{0x000000008a295820}: org/jetbrains/plugins/gradle/tooling/util/SourceSetCachedFinder$2Customizer> (0x000000008a295820) thrown at [./src/hotspot/share/classfile/systemDictionary.cpp, line 231]
Event: 7.594 Thread 0x0000021287866800 Exception <a 'java/lang/ClassNotFoundException'{0x000000008a2df708}: org/jetbrains/plugins/gradle/tooling/util/SourceSetCachedFinderBeanInfo> (0x000000008a2df708) thrown at [./src/hotspot/share/classfile/systemDictionary.cpp, line 231]
Event: 7.594 Thread 0x0000021287866800 Exception <a 'java/lang/ClassNotFoundException'{0x000000008a2f05b8}: org/jetbrains/plugins/gradle/tooling/util/SourceSetCachedFinderCustomizer> (0x000000008a2f05b8) thrown at [./src/hotspot/share/classfile/systemDictionary.cpp, line 231]
Event: 7.600 Thread 0x0000021287866800 Exception <a 'java/lang/ClassNotFoundException'{0x000000008a1c8ba0}: org/jetbrains/plugins/gradle/tooling/util/SourceSetCachedFinder$ArtifactsMapBeanInfo> (0x000000008a1c8ba0) thrown at [./src/hotspot/share/classfile/systemDictionary.cpp, line 231]
Event: 7.600 Thread 0x0000021287866800 Exception <a 'java/lang/ClassNotFoundException'{0x000000008a1daf38}: org/jetbrains/plugins/gradle/tooling/util/SourceSetCachedFinder$ArtifactsMapCustomizer> (0x000000008a1daf38) thrown at [./src/hotspot/share/classfile/systemDictionary.cpp, line 231]
Event: 7.715 Thread 0x0000021287866800 Exception <a 'java/lang/ClassNotFoundException'{0x0000000088bb99b0}: java/lang/IntegerBeanInfo> (0x0000000088bb99b0) thrown at [./src/hotspot/share/classfile/systemDictionary.cpp, line 231]
Event: 7.716 Thread 0x0000021287866800 Exception <a 'java/lang/ClassNotFoundException'{0x0000000088bc2db0}: java/lang/NumberBeanInfo> (0x0000000088bc2db0) thrown at [./src/hotspot/share/classfile/systemDictionary.cpp, line 231]
Event: 7.716 Thread 0x0000021287866800 Exception <a 'java/lang/ClassNotFoundException'{0x0000000088bcc5d8}: java/lang/NumberCustomizer> (0x0000000088bcc5d8) thrown at [./src/hotspot/share/classfile/systemDictionary.cpp, line 231]
Event: 7.716 Thread 0x0000021287866800 Exception <a 'java/lang/ClassNotFoundException'{0x0000000088bd8d08}: java/lang/IntegerCustomizer> (0x0000000088bd8d08) thrown at [./src/hotspot/share/classfile/systemDictionary.cpp, line 231]
Event: 7.720 Thread 0x0000021287866800 Exception <a 'java/lang/ClassNotFoundException'{0x0000000088a7f778}: org/gradle/internal/extensibility/DefaultExtensionsSchemaBeanInfo> (0x0000000088a7f778) thrown at [./src/hotspot/share/classfile/systemDictionary.cpp, line 231]
Event: 7.720 Thread 0x0000021287866800 Exception <a 'java/lang/ClassNotFoundException'{0x0000000088a97280}: org/gradle/internal/extensibility/DefaultExtensionsSchemaCustomizer> (0x0000000088a97280) thrown at [./src/hotspot/share/classfile/systemDictionary.cpp, line 231]
Event: 7.721 Thread 0x0000021287866800 Exception <a 'java/lang/ClassNotFoundException'{0x0000000088ad6ce0}: org/gradle/internal/extensibility/ExtensionsStorage$ExtensionHolderBeanInfo> (0x0000000088ad6ce0) thrown at [./src/hotspot/share/classfile/systemDictionary.cpp, line 231]
Event: 7.722 Thread 0x0000021287866800 Exception <a 'java/lang/ClassNotFoundException'{0x0000000088aef908}: org/gradle/internal/extensibility/ExtensionsStorage$ExtensionHolderCustomizer> (0x0000000088aef908) thrown at [./src/hotspot/share/classfile/systemDictionary.cpp, line 231]
Event: 7.728 Thread 0x0000021287866800 Exception <a 'java/lang/ClassNotFoundException'{0x0000000088724510}: org/codehaus/groovy/runtime/NullObjectBeanInfo> (0x0000000088724510) thrown at [./src/hotspot/share/classfile/systemDictionary.cpp, line 231]
Event: 7.729 Thread 0x0000021287866800 Exception <a 'java/lang/ClassNotFoundException'{0x00000000886f9708}: org/codehaus/groovy/runtime/NullObjectCustomizer> (0x00000000886f9708) thrown at [./src/hotspot/share/classfile/systemDictionary.cpp, line 231]

Events (20 events):
Event: 7.726 loading class org/codehaus/groovy/runtime/NullObjectBeanInfo done
Event: 7.727 loading class org/codehaus/groovy/runtime/NullObjectBeanInfo
Event: 7.727 loading class org/codehaus/groovy/runtime/NullObjectBeanInfo done
Event: 7.728 loading class org/codehaus/groovy/runtime/NullObjectBeanInfo
Event: 7.728 loading class org/codehaus/groovy/runtime/NullObjectBeanInfo done
Event: 7.728 loading class org/codehaus/groovy/runtime/NullObjectCustomizer
Event: 7.728 loading class org/codehaus/groovy/runtime/NullObjectCustomizer done
Event: 7.729 loading class org/codehaus/groovy/runtime/NullObjectCustomizer
Event: 7.729 loading class org/codehaus/groovy/runtime/NullObjectCustomizer done
Event: 7.729 loading class org/codehaus/groovy/runtime/NullObjectCustomizer
Event: 7.729 loading class org/codehaus/groovy/runtime/NullObjectCustomizer done
Event: 7.731 loading class org/jetbrains/kotlin/idea/gradleTooling/model/noarg/NoArgModelImpl
Event: 7.731 loading class org/jetbrains/kotlin/idea/gradleTooling/model/noarg/NoArgModelImpl done
Event: 7.739 loading class org/gradle/tooling/model/internal/ImmutableDomainObjectSet
Event: 7.739 loading class org/gradle/tooling/model/internal/ImmutableDomainObjectSet done
Event: 7.739 loading class org/gradle/tooling/model/internal/ImmutableDomainObjectSet
Event: 7.739 loading class org/gradle/tooling/model/internal/ImmutableDomainObjectSet done
Event: 7.740 loading class org/gradle/api/internal/artifacts/ivyservice/ShortCircuitEmptyConfigurationResolver$EmptyResolvedConfiguration$1
Event: 7.740 loading class org/gradle/api/internal/artifacts/ivyservice/ShortCircuitEmptyConfigurationResolver$EmptyResolvedConfiguration$1 done
Event: 7.741 Executing VM operation: G1CollectForAllocation


Dynamic libraries:
0x00007ff6d3fa0000 - 0x00007ff6d3faa000 	C:\Program Files\Android\Android Studio\jre\bin\java.exe
0x00007ffdea6f0000 - 0x00007ffdea8e8000 	C:\Windows\SYSTEM32\ntdll.dll
0x00007ffde93b0000 - 0x00007ffde946f000 	C:\Windows\System32\KERNEL32.DLL
0x00007ffde83c0000 - 0x00007ffde8692000 	C:\Windows\System32\KERNELBASE.dll
0x00007ffde7f20000 - 0x00007ffde8020000 	C:\Windows\System32\ucrtbase.dll
0x00007ffdd0250000 - 0x00007ffdd0269000 	C:\Program Files\Android\Android Studio\jre\bin\jli.dll
0x00007ffdea2b0000 - 0x00007ffdea451000 	C:\Windows\System32\USER32.dll
0x00007ffde8390000 - 0x00007ffde83b2000 	C:\Windows\System32\win32u.dll
0x00007ffdd0230000 - 0x00007ffdd0247000 	C:\Program Files\Android\Android Studio\jre\bin\VCRUNTIME140.dll
0x00007ffdea610000 - 0x00007ffdea63b000 	C:\Windows\System32\GDI32.dll
0x00007ffdd1b50000 - 0x00007ffdd1dea000 	C:\Windows\WinSxS\amd64_microsoft.windows.common-controls_6595b64144ccf1df_6.0.19041.1110_none_60b5254171f9507e\COMCTL32.dll
0x00007ffde7e10000 - 0x00007ffde7f1f000 	C:\Windows\System32\gdi32full.dll
0x00007ffde95a0000 - 0x00007ffde963e000 	C:\Windows\System32\msvcrt.dll
0x00007ffde8230000 - 0x00007ffde82cd000 	C:\Windows\System32\msvcp_win.dll
0x00007ffde8730000 - 0x00007ffde8762000 	C:\Windows\System32\IMM32.DLL
0x00007ffdd0190000 - 0x00007ffdd022d000 	C:\Program Files\Android\Android Studio\jre\bin\msvcp140.dll
0x00007ffd69130000 - 0x00007ffd69c32000 	C:\Program Files\Android\Android Studio\jre\bin\server\jvm.dll
0x00007ffde9640000 - 0x00007ffde96ee000 	C:\Windows\System32\ADVAPI32.dll
0x00007ffdea060000 - 0x00007ffdea0fc000 	C:\Windows\System32\sechost.dll
0x00007ffde8d80000 - 0x00007ffde8ea5000 	C:\Windows\System32\RPCRT4.dll
0x00007ffdea240000 - 0x00007ffdea248000 	C:\Windows\System32\PSAPI.DLL
0x00007ffddd1e0000 - 0x00007ffddd1e9000 	C:\Windows\SYSTEM32\WSOCK32.dll
0x00007ffddc180000 - 0x00007ffddc18a000 	C:\Windows\SYSTEM32\VERSION.dll
0x00007ffdcfaf0000 - 0x00007ffdcfb17000 	C:\Windows\SYSTEM32\WINMM.dll
0x00007ffdea640000 - 0x00007ffdea6ab000 	C:\Windows\System32\WS2_32.dll
0x00007ffde65f0000 - 0x00007ffde6602000 	C:\Windows\SYSTEM32\kernel.appcore.dll
0x00007ffdcee90000 - 0x00007ffdceea1000 	C:\Program Files\Android\Android Studio\jre\bin\verify.dll
0x00007ffde6150000 - 0x00007ffde6334000 	C:\Windows\SYSTEM32\DBGHELP.DLL
0x00007ffdc9b70000 - 0x00007ffdc9ba5000 	C:\Windows\SYSTEM32\dbgcore.DLL
0x00007ffde86a0000 - 0x00007ffde8722000 	C:\Windows\System32\bcryptPrimitives.dll
0x00007ffdcee60000 - 0x00007ffdcee89000 	C:\Program Files\Android\Android Studio\jre\bin\java.dll
0x00007ffddd1d0000 - 0x00007ffddd1db000 	C:\Program Files\Android\Android Studio\jre\bin\jimage.dll
0x00007ffdce970000 - 0x00007ffdce988000 	C:\Program Files\Android\Android Studio\jre\bin\zip.dll
0x00007ffde96f0000 - 0x00007ffde9e34000 	C:\Windows\System32\SHELL32.dll
0x00007ffde58e0000 - 0x00007ffde6072000 	C:\Windows\SYSTEM32\windows.storage.dll
0x00007ffde8960000 - 0x00007ffde8cb5000 	C:\Windows\System32\combase.dll
0x00007ffde7840000 - 0x00007ffde7870000 	C:\Windows\SYSTEM32\Wldp.dll
0x00007ffdea190000 - 0x00007ffdea23d000 	C:\Windows\System32\SHCORE.dll
0x00007ffde8d20000 - 0x00007ffde8d75000 	C:\Windows\System32\shlwapi.dll
0x00007ffde7d20000 - 0x00007ffde7d3f000 	C:\Windows\SYSTEM32\profapi.dll
0x00007ffdce950000 - 0x00007ffdce96a000 	C:\Program Files\Android\Android Studio\jre\bin\net.dll
0x00007ffdde410000 - 0x00007ffdde51c000 	C:\Windows\SYSTEM32\WINHTTP.dll
0x00007ffde75a0000 - 0x00007ffde760a000 	C:\Windows\system32\mswsock.dll
0x00007ffdce930000 - 0x00007ffdce944000 	C:\Program Files\Android\Android Studio\jre\bin\nio.dll
0x00007ffdd0270000 - 0x00007ffdd0297000 	C:\Program Files\Android\gradle-7.3.3\native\e1d6ef7f7dcc3fd88c89a11ec53ec762bb8ba0a96d01ffa2cd45eb1d1d8dd5c5\windows-amd64\native-platform.dll
0x00007ffdcef20000 - 0x00007ffdcf064000 	C:\Program Files\Android\gradle-7.3.3\native\0d407fdbe67a94daf76414ababcb853783967236a71b16ec16e742cd7a986fd3\windows-amd64\native-platform-file-events.dll
0x00007ffdd0f30000 - 0x00007ffdd0f3a000 	C:\Program Files\Android\Android Studio\jre\bin\management.dll
0x00007ffdd0e50000 - 0x00007ffdd0e5d000 	C:\Program Files\Android\Android Studio\jre\bin\management_ext.dll
0x00007ffde7790000 - 0x00007ffde77a8000 	C:\Windows\SYSTEM32\CRYPTSP.dll
0x00007ffde6e20000 - 0x00007ffde6e54000 	C:\Windows\system32\rsaenh.dll
0x00007ffde7de0000 - 0x00007ffde7e07000 	C:\Windows\System32\bcrypt.dll
0x00007ffde7ca0000 - 0x00007ffde7cce000 	C:\Windows\SYSTEM32\USERENV.dll
0x00007ffde77b0000 - 0x00007ffde77bc000 	C:\Windows\SYSTEM32\CRYPTBASE.dll
0x00007ffde7240000 - 0x00007ffde727b000 	C:\Windows\SYSTEM32\IPHLPAPI.DLL
0x00007ffde93a0000 - 0x00007ffde93a8000 	C:\Windows\System32\NSI.dll
0x00007ffdd5bf0000 - 0x00007ffdd5c07000 	C:\Windows\SYSTEM32\dhcpcsvc6.DLL
0x00007ffddaa30000 - 0x00007ffddaa4d000 	C:\Windows\SYSTEM32\dhcpcsvc.DLL
0x00007ffde7290000 - 0x00007ffde735a000 	C:\Windows\SYSTEM32\DNSAPI.dll

dbghelp: loaded successfully - version: 4.0.5 - missing functions: none
symbol engine: initialized successfully - sym options: 0x614 - pdb path: .;C:\Program Files\Android\Android Studio\jre\bin;C:\Windows\SYSTEM32;C:\Windows\WinSxS\amd64_microsoft.windows.common-controls_6595b64144ccf1df_6.0.19041.1110_none_60b5254171f9507e;C:\Program Files\Android\Android Studio\jre\bin\server;C:\Program Files\Android\gradle-7.3.3\native\e1d6ef7f7dcc3fd88c89a11ec53ec762bb8ba0a96d01ffa2cd45eb1d1d8dd5c5\windows-amd64;C:\Program Files\Android\gradle-7.3.3\native\0d407fdbe67a94daf76414ababcb853783967236a71b16ec16e742cd7a986fd3\windows-amd64

VM Arguments:
jvm_args: --add-opens=java.base/java.util=ALL-UNNAMED --add-opens=java.base/java.lang=ALL-UNNAMED --add-opens=java.base/java.lang.invoke=ALL-UNNAMED --add-opens=java.base/java.util=ALL-UNNAMED --add-opens=java.prefs/java.util.prefs=ALL-UNNAMED --add-opens=java.prefs/java.util.prefs=ALL-UNNAMED --add-opens=java.base/java.nio.charset=ALL-UNNAMED --add-opens=java.base/java.net=ALL-UNNAMED --add-opens=java.base/java.util.concurrent.atomic=ALL-UNNAMED -Xmx2048m -Dfile.encoding=UTF-8 -Duser.country=IN -Duser.language=en -Duser.variant 
java_command: org.gradle.launcher.daemon.bootstrap.GradleDaemon 7.4
java_class_path (initial): C:\Program Files\Android\gradle-7.3.3\wrapper\dists\gradle-7.4-bin\c0gwcg53nkjbqw7r0h0umtfvt\gradle-7.4\lib\gradle-launcher-7.4.jar
Launcher Type: SUN_STANDARD

[Global flags]
     intx CICompilerCount                          = 4                                         {product} {ergonomic}
     uint ConcGCThreads                            = 2                                         {product} {ergonomic}
     uint G1ConcRefinementThreads                  = 8                                         {product} {ergonomic}
   size_t G1HeapRegionSize                         = 1048576                                   {product} {ergonomic}
    uintx GCDrainStackTargetSize                   = 64                                        {product} {ergonomic}
   size_t InitialHeapSize                          = 132120576                                 {product} {ergonomic}
   size_t MarkStackSize                            = 4194304                                   {product} {ergonomic}
   size_t MaxHeapSize                              = 2147483648                                {product} {command line}
   size_t MaxNewSize                               = 1287651328                                {product} {ergonomic}
   size_t MinHeapDeltaBytes                        = 1048576                                   {product} {ergonomic}
    uintx NonNMethodCodeHeapSize                   = 5836300                                {pd product} {ergonomic}
    uintx NonProfiledCodeHeapSize                  = 122910970                              {pd product} {ergonomic}
    uintx ProfiledCodeHeapSize                     = 122910970                              {pd product} {ergonomic}
    uintx ReservedCodeCacheSize                    = 251658240                              {pd product} {ergonomic}
     bool SegmentedCodeCache                       = true                                      {product} {ergonomic}
     bool UseCompressedClassPointers               = true                                 {lp64_product} {ergonomic}
     bool UseCompressedOops                        = true                                 {lp64_product} {ergonomic}
     bool UseG1GC                                  = true                                      {product} {ergonomic}
     bool UseLargePagesIndividualAllocation        = false                                  {pd product} {ergonomic}

Logging:
Log output configuration:
 #0: stdout all=warning uptime,level,tags
 #1: stderr all=off uptime,level,tags

Environment Variables:
JAVA_HOME=C:\Program Files\Java\jdk-18.0.1.1
PATH=C:\Program Files\Python310\Scripts\;C:\Program Files\Python310\;C:\Program Files\Common Files\Oracle\Java\javapath;C:\Windows\system32;C:\Windows;C:\Windows\System32\Wbem;C:\Windows\System32\WindowsPowerShell\v1.0\;C:\Windows\System32\OpenSSH\;C:\Program Files\Git\cmd;C:\Users\suraj\AppData\Local\Microsoft\WindowsApps
USERNAME=suraj
OS=Windows_NT
PROCESSOR_IDENTIFIER=Intel64 Family 6 Model 140 Stepping 1, GenuineIntel



---------------  S Y S T E M  ---------------

OS: Windows 10 , 64 bit Build 19041 (10.0.19041.2251)
OS uptime: 0 days 0:52 hours
Hyper-V role detected

CPU:total 8 (initial active 8) (4 cores per cpu, 2 threads per core) family 6 model 140 stepping 1 microcode 0x86, cmov, cx8, fxsr, mmx, sse, sse2, sse3, ssse3, sse4.1, sse4.2, popcnt, avx, avx2, aes, clmul, erms, 3dnowpref, lzcnt, ht, tsc, tscinvbit, bmi1, bmi2, adx, evex, sha, fma

Memory: 4k page, system-wide physical 7987M (285M free)
TotalPageFile size 7987M (AvailPageFile size 37M)
current process WorkingSet (physical memory assigned to process): 421M, peak: 422M
current process commit charge ("private bytes"): 459M, peak: 496M

vm_info: OpenJDK 64-Bit Server VM (11.0.13+0-b1751.21-8125866) for windows-amd64 JRE (11.0.13+0-b1751.21-8125866), built on Feb  2 2022 03:00:22 by "builder" with MS VC++ 14.0 (VS2015)

END.
