#
# There is insufficient memory for the Java Runtime Environment to continue.
# Native memory allocation (malloc) failed to allocate 1208656 bytes for Chunk::new
# Possible reasons:
#   The system is out of physical RAM or swap space
#   The process is running with CompressedOops enabled, and the Java Heap may be blocking the growth of the native heap
# Possible solutions:
#   Reduce memory load on the system
#   Increase physical memory or swap space
#   Check if swap backing store is full
#   Decrease Java heap size (-Xmx/-Xms)
#   Decrease number of Java threads
#   Decrease Java thread stack sizes (-Xss)
#   Set larger code cache with -XX:ReservedCodeCacheSize=
#   JVM is running with Unscaled Compressed Oops mode in which the Java heap is
#     placed in the first 4GB address space. The Java Heap base address is the
#     maximum limit for the native heap growth. Please use -XX:HeapBaseMinAddress
#     to set the Java Heap base and to place the Java Heap above 4GB virtual address.
# This output file may be truncated or incomplete.
#
#  Out of Memory Error (./src/hotspot/share/memory/arena.cpp:197), pid=12864, tid=2172
#
# JRE version: OpenJDK Runtime Environment (11.0.13) (build 11.0.13+0-b1751.21-8125866)
# Java VM: OpenJDK 64-Bit Server VM (11.0.13+0-b1751.21-8125866, mixed mode, tiered, compressed oops, g1 gc, windows-amd64)
# No core dump will be written. Minidumps are not enabled by default on client versions of Windows
#

---------------  S U M M A R Y ------------

Command Line: --add-opens=java.base/java.util=ALL-UNNAMED --add-opens=java.base/java.lang=ALL-UNNAMED --add-opens=java.base/java.lang.invoke=ALL-UNNAMED --add-opens=java.base/java.util=ALL-UNNAMED --add-opens=java.prefs/java.util.prefs=ALL-UNNAMED --add-opens=java.prefs/java.util.prefs=ALL-UNNAMED --add-opens=java.base/java.nio.charset=ALL-UNNAMED --add-opens=java.base/java.net=ALL-UNNAMED --add-opens=java.base/java.util.concurrent.atomic=ALL-UNNAMED -Xmx2048m -Dfile.encoding=UTF-8 -Duser.country=IN -Duser.language=en -Duser.variant org.gradle.launcher.daemon.bootstrap.GradleDaemon 7.4

Host: 11th Gen Intel(R) Core(TM) i5-1135G7 @ 2.40GHz, 8 cores, 7G,  Windows 10 , 64 bit Build 19041 (10.0.19041.2251)
Time: Sat Dec 10 11:16:28 2022 India Standard Time elapsed time: 4.599276 seconds (0d 0h 0m 4s)

---------------  T H R E A D  ---------------

Current thread (0x000001bb7691f000):  JavaThread "C2 CompilerThread1" daemon [_thread_in_native, id=2172, stack(0x000000ad37200000,0x000000ad37300000)]


Current CompileTask:
C2:   4599 3728       4       groovy.lang.MetaClassImpl$1MOPIter::methodNameAction (325 bytes)

Stack: [0x000000ad37200000,0x000000ad37300000]
Native frames: (J=compiled Java code, j=interpreted, Vv=VM code, C=native code)
V  [jvm.dll+0x6100fa]
V  [jvm.dll+0x747090]
V  [jvm.dll+0x7486ad]
V  [jvm.dll+0x748d83]
V  [jvm.dll+0x24ab48]
V  [jvm.dll+0xc04dc]
V  [jvm.dll+0xc0a0c]
V  [jvm.dll+0x35eb9d]
V  [jvm.dll+0x19d7bc]
V  [jvm.dll+0x2033be]
V  [jvm.dll+0x202437]
V  [jvm.dll+0x188e01]
V  [jvm.dll+0x21106b]
V  [jvm.dll+0x20f8c1]
V  [jvm.dll+0x70de0f]
V  [jvm.dll+0x706a75]
V  [jvm.dll+0x60ed66]
C  [ucrtbase.dll+0x21bb2]
C  [KERNEL32.DLL+0x174b4]
C  [ntdll.dll+0x526a1]


---------------  P R O C E S S  ---------------

Threads class SMR info:
_java_thread_list=0x000001bb7a56ee30, length=36, elements={
0x000001bb5afcc800, 0x000001bb75c30800, 0x000001bb75c3a800, 0x000001bb75c4c800,
0x000001bb75c4d800, 0x000001bb75c4e800, 0x000001bb75c52800, 0x000001bb75c56000,
0x000001bb75c57800, 0x000001bb7670c800, 0x000001bb7691f000, 0x000001bb77ad1000,
0x000001bb77b28800, 0x000001bb786a6000, 0x000001bb78d85000, 0x000001bb77901800,
0x000001bb78683800, 0x000001bb784aa800, 0x000001bb7869f800, 0x000001bb78660800,
0x000001bb78d40000, 0x000001bb78f2c800, 0x000001bb78f2d000, 0x000001bb78f2b800,
0x000001bb78f2a800, 0x000001bb78c29000, 0x000001bb78c28800, 0x000001bb78c2a000,
0x000001bb78c2b000, 0x000001bb78c2b800, 0x000001bb78c27800, 0x000001bb78c2c800,
0x000001bb78c27000, 0x000001bb78c2f000, 0x000001bb78c31800, 0x000001bb78c32000
}

Java Threads: ( => current thread )
  0x000001bb5afcc800 JavaThread "main" [_thread_blocked, id=11732, stack(0x000000ad36100000,0x000000ad36200000)]
  0x000001bb75c30800 JavaThread "Reference Handler" daemon [_thread_blocked, id=13184, stack(0x000000ad36800000,0x000000ad36900000)]
  0x000001bb75c3a800 JavaThread "Finalizer" daemon [_thread_blocked, id=12604, stack(0x000000ad36900000,0x000000ad36a00000)]
  0x000001bb75c4c800 JavaThread "Signal Dispatcher" daemon [_thread_blocked, id=15488, stack(0x000000ad36a00000,0x000000ad36b00000)]
  0x000001bb75c4d800 JavaThread "Attach Listener" daemon [_thread_blocked, id=14004, stack(0x000000ad36b00000,0x000000ad36c00000)]
  0x000001bb75c4e800 JavaThread "Service Thread" daemon [_thread_blocked, id=15632, stack(0x000000ad36c00000,0x000000ad36d00000)]
  0x000001bb75c52800 JavaThread "C2 CompilerThread0" daemon [_thread_in_native, id=14836, stack(0x000000ad36d00000,0x000000ad36e00000)]
  0x000001bb75c56000 JavaThread "C1 CompilerThread0" daemon [_thread_blocked, id=12768, stack(0x000000ad36e00000,0x000000ad36f00000)]
  0x000001bb75c57800 JavaThread "Sweeper thread" daemon [_thread_blocked, id=14152, stack(0x000000ad36f00000,0x000000ad37000000)]
  0x000001bb7670c800 JavaThread "Common-Cleaner" daemon [_thread_blocked, id=15276, stack(0x000000ad37000000,0x000000ad37100000)]
=>0x000001bb7691f000 JavaThread "C2 CompilerThread1" daemon [_thread_in_native, id=2172, stack(0x000000ad37200000,0x000000ad37300000)]
  0x000001bb77ad1000 JavaThread "Daemon health stats" [_thread_blocked, id=10252, stack(0x000000ad37500000,0x000000ad37600000)]
  0x000001bb77b28800 JavaThread "Incoming local TCP Connector on port 50498" [_thread_in_native, id=11616, stack(0x000000ad37600000,0x000000ad37700000)]
  0x000001bb786a6000 JavaThread "Daemon periodic checks" [_thread_blocked, id=11644, stack(0x000000ad37700000,0x000000ad37800000)]
  0x000001bb78d85000 JavaThread "Daemon" [_thread_blocked, id=4776, stack(0x000000ad37800000,0x000000ad37900000)]
  0x000001bb77901800 JavaThread "Handler for socket connection from /127.0.0.1:50498 to /127.0.0.1:50499" [_thread_in_native, id=12484, stack(0x000000ad37900000,0x000000ad37a00000)]
  0x000001bb78683800 JavaThread "Cancel handler" [_thread_blocked, id=2188, stack(0x000000ad37a00000,0x000000ad37b00000)]
  0x000001bb784aa800 JavaThread "Daemon worker" [_thread_in_vm, id=12676, stack(0x000000ad37b00000,0x000000ad37c00000)]
  0x000001bb7869f800 JavaThread "Asynchronous log dispatcher for DefaultDaemonConnection: socket connection from /127.0.0.1:50498 to /127.0.0.1:50499" [_thread_blocked, id=12492, stack(0x000000ad37c00000,0x000000ad37d00000)]
  0x000001bb78660800 JavaThread "Stdin handler" [_thread_blocked, id=1908, stack(0x000000ad37d00000,0x000000ad37e00000)]
  0x000001bb78d40000 JavaThread "Daemon client event forwarder" [_thread_blocked, id=10260, stack(0x000000ad37e00000,0x000000ad37f00000)]
  0x000001bb78f2c800 JavaThread "Cache worker for journal cache (C:\Program Files\Android\gradle-7.3.3\caches\journal-1)" [_thread_blocked, id=12152, stack(0x000000ad38400000,0x000000ad38500000)]
  0x000001bb78f2d000 JavaThread "File lock request listener" [_thread_in_native, id=6096, stack(0x000000ad38500000,0x000000ad38600000)]
  0x000001bb78f2b800 JavaThread "Cache worker for file hash cache (C:\Program Files\Android\gradle-7.3.3\caches\7.4\fileHashes)" [_thread_blocked, id=12144, stack(0x000000ad38600000,0x000000ad38700000)]
  0x000001bb78f2a800 JavaThread "File watcher server" daemon [_thread_in_native, id=3160, stack(0x000000ad38800000,0x000000ad38900000)]
  0x000001bb78c29000 JavaThread "File watcher consumer" daemon [_thread_blocked, id=8060, stack(0x000000ad38900000,0x000000ad38a00000)]
  0x000001bb78c28800 JavaThread "Cache worker for checksums cache (D:\CollegeApp\.gradle\7.4\checksums)" [_thread_blocked, id=14744, stack(0x000000ad38a00000,0x000000ad38b00000)]
  0x000001bb78c2a000 JavaThread "Cache worker for cache directory md-rule (C:\Program Files\Android\gradle-7.3.3\caches\7.4\md-rule)" [_thread_blocked, id=12160, stack(0x000000ad38b00000,0x000000ad38c00000)]
  0x000001bb78c2b000 JavaThread "Cache worker for file hash cache (D:\CollegeApp\.gradle\7.4\fileHashes)" [_thread_blocked, id=1492, stack(0x000000ad38c00000,0x000000ad38d00000)]
  0x000001bb78c2b800 JavaThread "Cache worker for cache directory md-supplier (C:\Program Files\Android\gradle-7.3.3\caches\7.4\md-supplier)" [_thread_blocked, id=16124, stack(0x000000ad38d00000,0x000000ad38e00000)]
  0x000001bb78c27800 JavaThread "Cache worker for execution history cache (C:\Program Files\Android\gradle-7.3.3\caches\7.4\executionHistory)" [_thread_blocked, id=6408, stack(0x000000ad38e00000,0x000000ad38f00000)]
  0x000001bb78c2c800 JavaThread "jar transforms" [_thread_blocked, id=15824, stack(0x000000ad38f00000,0x000000ad39000000)]
  0x000001bb78c27000 JavaThread "Cache worker for file content cache (C:\Program Files\Android\gradle-7.3.3\caches\7.4\fileContent)" [_thread_blocked, id=8980, stack(0x000000ad39000000,0x000000ad39100000)]
  0x000001bb78c2f000 JavaThread "jar transforms Thread 2" [_thread_blocked, id=14372, stack(0x000000ad39100000,0x000000ad39200000)]
  0x000001bb78c31800 JavaThread "Cache worker for dependencies-accessors (D:\CollegeApp\.gradle\7.4\dependencies-accessors)" [_thread_blocked, id=13200, stack(0x000000ad39200000,0x000000ad39300000)]
  0x000001bb78c32000 JavaThread "jar transforms Thread 3" [_thread_blocked, id=2948, stack(0x000000ad39300000,0x000000ad39400000)]

Other Threads:
  0x000001bb75c2c800 VMThread "VM Thread" [stack: 0x000000ad36700000,0x000000ad36800000] [id=11692]
  0x000001bb7672e000 WatcherThread [stack: 0x000000ad37100000,0x000000ad37200000] [id=13116]
  0x000001bb5afe6000 GCTaskThread "GC Thread#0" [stack: 0x000000ad36200000,0x000000ad36300000] [id=14568]
  0x000001bb7711b000 GCTaskThread "GC Thread#1" [stack: 0x000000ad37300000,0x000000ad37400000] [id=9212]
  0x000001bb77255800 GCTaskThread "GC Thread#2" [stack: 0x000000ad37400000,0x000000ad37500000] [id=9152]
  0x000001bb7873b800 GCTaskThread "GC Thread#3" [stack: 0x000000ad37f00000,0x000000ad38000000] [id=11488]
  0x000001bb77a02000 GCTaskThread "GC Thread#4" [stack: 0x000000ad38000000,0x000000ad38100000] [id=8524]
  0x000001bb78775800 GCTaskThread "GC Thread#5" [stack: 0x000000ad38100000,0x000000ad38200000] [id=6904]
  0x000001bb7876b000 GCTaskThread "GC Thread#6" [stack: 0x000000ad38200000,0x000000ad38300000] [id=2700]
  0x000001bb789d5000 GCTaskThread "GC Thread#7" [stack: 0x000000ad38300000,0x000000ad38400000] [id=15156]
  0x000001bb5b018000 ConcurrentGCThread "G1 Main Marker" [stack: 0x000000ad36300000,0x000000ad36400000] [id=8104]
  0x000001bb5b019000 ConcurrentGCThread "G1 Conc#0" [stack: 0x000000ad36400000,0x000000ad36500000] [id=10852]
  0x000001bb78f19800 ConcurrentGCThread "G1 Conc#1" [stack: 0x000000ad38700000,0x000000ad38800000] [id=12184]
  0x000001bb5b0a7000 ConcurrentGCThread "G1 Refine#0" [stack: 0x000000ad36500000,0x000000ad36600000] [id=10868]
  0x000001bb75a80800 ConcurrentGCThread "G1 Young RemSet Sampling" [stack: 0x000000ad36600000,0x000000ad36700000] [id=4328]

Threads with active compile tasks:
C2 CompilerThread0   4610 3722       4       org.codehaus.groovy.runtime.metaclass.MetaMethodIndex::addMethodToList (131 bytes)
C2 CompilerThread1   4610 3728       4       groovy.lang.MetaClassImpl$1MOPIter::methodNameAction (325 bytes)

VM state:not at safepoint (normal execution)

VM Mutex/Monitor currently owned by a thread: None

Heap address: 0x0000000080000000, size: 2048 MB, Compressed Oops mode: 32-bit
Narrow klass base: 0x0000000000000000, Narrow klass shift: 3
Compressed class space size: 1073741824 Address: 0x0000000100000000

Heap:
 garbage-first heap   total 129024K, used 87283K [0x0000000080000000, 0x0000000100000000)
  region size 1024K, 68 young (69632K), 9 survivors (9216K)
 Metaspace       used 45458K, capacity 46722K, committed 46972K, reserved 1089536K
  class space    used 5774K, capacity 6214K, committed 6348K, reserved 1048576K
Heap Regions: E=young(eden), S=young(survivor), O=old, HS=humongous(starts), HC=humongous(continues), CS=collection set, F=free, A=archive, TAMS=top-at-mark-start (previous, next)
|   0|0x0000000080000000, 0x0000000080100000, 0x0000000080100000|100%| O|  |TAMS 0x0000000080100000, 0x0000000080000000| Untracked 
|   1|0x0000000080100000, 0x0000000080200000, 0x0000000080200000|100%| O|  |TAMS 0x0000000080200000, 0x0000000080100000| Untracked 
|   2|0x0000000080200000, 0x0000000080300000, 0x0000000080300000|100%| O|  |TAMS 0x0000000080300000, 0x0000000080200000| Untracked 
|   3|0x0000000080300000, 0x0000000080400000, 0x0000000080400000|100%|HS|  |TAMS 0x0000000080400000, 0x0000000080300000| Complete 
|   4|0x0000000080400000, 0x0000000080500000, 0x0000000080500000|100%|HC|  |TAMS 0x0000000080500000, 0x0000000080400000| Complete 
|   5|0x0000000080500000, 0x0000000080600000, 0x0000000080600000|100%|HC|  |TAMS 0x0000000080600000, 0x0000000080500000| Complete 
|   6|0x0000000080600000, 0x0000000080700000, 0x0000000080700000|100%| O|  |TAMS 0x0000000080700000, 0x0000000080600000| Untracked 
|   7|0x0000000080700000, 0x0000000080800000, 0x0000000080800000|100%| O|  |TAMS 0x0000000080800000, 0x0000000080700000| Untracked 
|   8|0x0000000080800000, 0x0000000080900000, 0x0000000080900000|100%| O|  |TAMS 0x0000000080900000, 0x0000000080800000| Untracked 
|   9|0x0000000080900000, 0x0000000080a00000, 0x0000000080a00000|100%| O|  |TAMS 0x0000000080a00000, 0x0000000080900000| Untracked 
|  10|0x0000000080a00000, 0x0000000080b00000, 0x0000000080b00000|100%| O|  |TAMS 0x0000000080b00000, 0x0000000080a00000| Untracked 
|  11|0x0000000080b00000, 0x0000000080c00000, 0x0000000080c00000|100%| O|  |TAMS 0x0000000080c00000, 0x0000000080b00000| Untracked 
|  12|0x0000000080c00000, 0x0000000080d00000, 0x0000000080d00000|100%| O|  |TAMS 0x0000000080d00000, 0x0000000080c00000| Untracked 
|  13|0x0000000080d00000, 0x0000000080e00000, 0x0000000080e00000|100%| O|  |TAMS 0x0000000080e00000, 0x0000000080d00000| Untracked 
|  14|0x0000000080e00000, 0x0000000080f00000, 0x0000000080f00000|100%| O|  |TAMS 0x0000000080f00000, 0x0000000080e00000| Untracked 
|  15|0x0000000080f00000, 0x0000000081000000, 0x0000000081000000|100%| O|  |TAMS 0x0000000080f23200, 0x0000000080f00000| Untracked 
|  16|0x0000000081000000, 0x0000000081100000, 0x0000000081100000|100%|HS|  |TAMS 0x0000000081000000, 0x0000000081000000| Complete 
|  17|0x0000000081100000, 0x0000000081100000, 0x0000000081200000|  0%| F|  |TAMS 0x0000000081100000, 0x0000000081100000| Untracked 
|  18|0x0000000081200000, 0x0000000081200000, 0x0000000081300000|  0%| F|  |TAMS 0x0000000081200000, 0x0000000081200000| Untracked 
|  19|0x0000000081300000, 0x0000000081400000, 0x0000000081400000|100%| O|  |TAMS 0x0000000081300000, 0x0000000081300000| Untracked 
|  20|0x0000000081400000, 0x0000000081500000, 0x0000000081500000|100%| O|  |TAMS 0x0000000081400000, 0x0000000081400000| Untracked 
|  21|0x0000000081500000, 0x000000008155e400, 0x0000000081600000| 36%| O|  |TAMS 0x0000000081500000, 0x0000000081500000| Untracked 
|  22|0x0000000081600000, 0x0000000081600000, 0x0000000081700000|  0%| F|  |TAMS 0x0000000081600000, 0x0000000081600000| Untracked 
|  23|0x0000000081700000, 0x0000000081700000, 0x0000000081800000|  0%| F|  |TAMS 0x0000000081700000, 0x0000000081700000| Untracked 
|  24|0x0000000081800000, 0x0000000081800000, 0x0000000081900000|  0%| F|  |TAMS 0x0000000081800000, 0x0000000081800000| Untracked 
|  25|0x0000000081900000, 0x0000000081900000, 0x0000000081a00000|  0%| F|  |TAMS 0x0000000081900000, 0x0000000081900000| Untracked 
|  26|0x0000000081a00000, 0x0000000081a00000, 0x0000000081b00000|  0%| F|  |TAMS 0x0000000081a00000, 0x0000000081a00000| Untracked 
|  27|0x0000000081b00000, 0x0000000081b00000, 0x0000000081c00000|  0%| F|  |TAMS 0x0000000081b00000, 0x0000000081b00000| Untracked 
|  28|0x0000000081c00000, 0x0000000081c00000, 0x0000000081d00000|  0%| F|  |TAMS 0x0000000081c00000, 0x0000000081c00000| Untracked 
|  29|0x0000000081d00000, 0x0000000081d00000, 0x0000000081e00000|  0%| F|  |TAMS 0x0000000081d00000, 0x0000000081d00000| Untracked 
|  30|0x0000000081e00000, 0x0000000081e00000, 0x0000000081f00000|  0%| F|  |TAMS 0x0000000081e00000, 0x0000000081e00000| Untracked 
|  31|0x0000000081f00000, 0x0000000081f00000, 0x0000000082000000|  0%| F|  |TAMS 0x0000000081f00000, 0x0000000081f00000| Untracked 
|  32|0x0000000082000000, 0x0000000082000000, 0x0000000082100000|  0%| F|  |TAMS 0x0000000082000000, 0x0000000082000000| Untracked 
|  33|0x0000000082100000, 0x0000000082100000, 0x0000000082200000|  0%| F|  |TAMS 0x0000000082100000, 0x0000000082100000| Untracked 
|  34|0x0000000082200000, 0x0000000082200000, 0x0000000082300000|  0%| F|  |TAMS 0x0000000082200000, 0x0000000082200000| Untracked 
|  35|0x0000000082300000, 0x0000000082300000, 0x0000000082400000|  0%| F|  |TAMS 0x0000000082300000, 0x0000000082300000| Untracked 
|  36|0x0000000082400000, 0x0000000082400000, 0x0000000082500000|  0%| F|  |TAMS 0x0000000082400000, 0x0000000082400000| Untracked 
|  37|0x0000000082500000, 0x0000000082500000, 0x0000000082600000|  0%| F|  |TAMS 0x0000000082500000, 0x0000000082500000| Untracked 
|  38|0x0000000082600000, 0x0000000082600000, 0x0000000082700000|  0%| F|  |TAMS 0x0000000082600000, 0x0000000082600000| Untracked 
|  39|0x0000000082700000, 0x0000000082700000, 0x0000000082800000|  0%| F|  |TAMS 0x0000000082700000, 0x0000000082700000| Untracked 
|  40|0x0000000082800000, 0x0000000082800000, 0x0000000082900000|  0%| F|  |TAMS 0x0000000082800000, 0x0000000082800000| Untracked 
|  41|0x0000000082900000, 0x0000000082900000, 0x0000000082a00000|  0%| F|  |TAMS 0x0000000082900000, 0x0000000082900000| Untracked 
|  42|0x0000000082a00000, 0x0000000082a00000, 0x0000000082b00000|  0%| F|  |TAMS 0x0000000082a00000, 0x0000000082a00000| Untracked 
|  43|0x0000000082b00000, 0x0000000082bdeb18, 0x0000000082c00000| 86%| S|CS|TAMS 0x0000000082b00000, 0x0000000082b00000| Complete 
|  44|0x0000000082c00000, 0x0000000082d00000, 0x0000000082d00000|100%| S|CS|TAMS 0x0000000082c00000, 0x0000000082c00000| Complete 
|  45|0x0000000082d00000, 0x0000000082e00000, 0x0000000082e00000|100%| S|CS|TAMS 0x0000000082d00000, 0x0000000082d00000| Complete 
|  46|0x0000000082e00000, 0x0000000082f00000, 0x0000000082f00000|100%| S|CS|TAMS 0x0000000082e00000, 0x0000000082e00000| Complete 
|  47|0x0000000082f00000, 0x0000000083000000, 0x0000000083000000|100%| S|CS|TAMS 0x0000000082f00000, 0x0000000082f00000| Complete 
|  48|0x0000000083000000, 0x0000000083100000, 0x0000000083100000|100%| S|CS|TAMS 0x0000000083000000, 0x0000000083000000| Complete 
|  49|0x0000000083100000, 0x0000000083200000, 0x0000000083200000|100%| S|CS|TAMS 0x0000000083100000, 0x0000000083100000| Complete 
|  50|0x0000000083200000, 0x0000000083300000, 0x0000000083300000|100%| S|CS|TAMS 0x0000000083200000, 0x0000000083200000| Complete 
|  51|0x0000000083300000, 0x0000000083400000, 0x0000000083400000|100%| S|CS|TAMS 0x0000000083300000, 0x0000000083300000| Complete 
|  52|0x0000000083400000, 0x0000000083400000, 0x0000000083500000|  0%| F|  |TAMS 0x0000000083400000, 0x0000000083400000| Untracked 
|  53|0x0000000083500000, 0x0000000083500000, 0x0000000083600000|  0%| F|  |TAMS 0x0000000083500000, 0x0000000083500000| Untracked 
|  54|0x0000000083600000, 0x0000000083600000, 0x0000000083700000|  0%| F|  |TAMS 0x0000000083600000, 0x0000000083600000| Untracked 
|  55|0x0000000083700000, 0x0000000083700000, 0x0000000083800000|  0%| F|  |TAMS 0x0000000083700000, 0x0000000083700000| Untracked 
|  56|0x0000000083800000, 0x0000000083800000, 0x0000000083900000|  0%| F|  |TAMS 0x0000000083800000, 0x0000000083800000| Untracked 
|  57|0x0000000083900000, 0x0000000083900000, 0x0000000083a00000|  0%| F|  |TAMS 0x0000000083900000, 0x0000000083900000| Untracked 
|  58|0x0000000083a00000, 0x0000000083a00000, 0x0000000083b00000|  0%| F|  |TAMS 0x0000000083a00000, 0x0000000083a00000| Untracked 
|  59|0x0000000083b00000, 0x0000000083b00000, 0x0000000083c00000|  0%| F|  |TAMS 0x0000000083b00000, 0x0000000083b00000| Untracked 
|  60|0x0000000083c00000, 0x0000000083c00000, 0x0000000083d00000|  0%| F|  |TAMS 0x0000000083c00000, 0x0000000083c00000| Untracked 
|  61|0x0000000083d00000, 0x0000000083d00000, 0x0000000083e00000|  0%| F|  |TAMS 0x0000000083d00000, 0x0000000083d00000| Untracked 
|  62|0x0000000083e00000, 0x0000000083e00000, 0x0000000083f00000|  0%| F|  |TAMS 0x0000000083e00000, 0x0000000083e00000| Untracked 
|  63|0x0000000083f00000, 0x0000000083f00000, 0x0000000084000000|  0%| F|  |TAMS 0x0000000083f00000, 0x0000000083f00000| Untracked 
|  64|0x0000000084000000, 0x0000000084000000, 0x0000000084100000|  0%| F|  |TAMS 0x0000000084000000, 0x0000000084000000| Untracked 
|  65|0x0000000084100000, 0x0000000084100000, 0x0000000084200000|  0%| F|  |TAMS 0x0000000084100000, 0x0000000084100000| Untracked 
|  66|0x0000000084200000, 0x0000000084280fe0, 0x0000000084300000| 50%| E|  |TAMS 0x0000000084200000, 0x0000000084200000| Complete 
|  67|0x0000000084300000, 0x0000000084400000, 0x0000000084400000|100%| E|CS|TAMS 0x0000000084300000, 0x0000000084300000| Complete 
|  68|0x0000000084400000, 0x0000000084500000, 0x0000000084500000|100%| E|CS|TAMS 0x0000000084400000, 0x0000000084400000| Complete 
|  69|0x0000000084500000, 0x0000000084600000, 0x0000000084600000|100%| E|CS|TAMS 0x0000000084500000, 0x0000000084500000| Complete 
|  70|0x0000000084600000, 0x0000000084700000, 0x0000000084700000|100%| E|CS|TAMS 0x0000000084600000, 0x0000000084600000| Complete 
|  71|0x0000000084700000, 0x0000000084800000, 0x0000000084800000|100%| E|CS|TAMS 0x0000000084700000, 0x0000000084700000| Complete 
|  72|0x0000000084800000, 0x0000000084900000, 0x0000000084900000|100%| E|CS|TAMS 0x0000000084800000, 0x0000000084800000| Complete 
|  73|0x0000000084900000, 0x0000000084a00000, 0x0000000084a00000|100%| E|CS|TAMS 0x0000000084900000, 0x0000000084900000| Complete 
|  74|0x0000000084a00000, 0x0000000084b00000, 0x0000000084b00000|100%| E|CS|TAMS 0x0000000084a00000, 0x0000000084a00000| Complete 
|  75|0x0000000084b00000, 0x0000000084c00000, 0x0000000084c00000|100%| E|CS|TAMS 0x0000000084b00000, 0x0000000084b00000| Complete 
|  76|0x0000000084c00000, 0x0000000084d00000, 0x0000000084d00000|100%| E|CS|TAMS 0x0000000084c00000, 0x0000000084c00000| Complete 
|  77|0x0000000084d00000, 0x0000000084e00000, 0x0000000084e00000|100%| E|CS|TAMS 0x0000000084d00000, 0x0000000084d00000| Complete 
|  78|0x0000000084e00000, 0x0000000084f00000, 0x0000000084f00000|100%| E|CS|TAMS 0x0000000084e00000, 0x0000000084e00000| Complete 
|  79|0x0000000084f00000, 0x0000000085000000, 0x0000000085000000|100%| E|CS|TAMS 0x0000000084f00000, 0x0000000084f00000| Complete 
|  80|0x0000000085000000, 0x0000000085100000, 0x0000000085100000|100%| E|CS|TAMS 0x0000000085000000, 0x0000000085000000| Complete 
|  81|0x0000000085100000, 0x0000000085200000, 0x0000000085200000|100%| E|CS|TAMS 0x0000000085100000, 0x0000000085100000| Complete 
|  82|0x0000000085200000, 0x0000000085300000, 0x0000000085300000|100%| E|CS|TAMS 0x0000000085200000, 0x0000000085200000| Complete 
|  83|0x0000000085300000, 0x0000000085400000, 0x0000000085400000|100%| E|CS|TAMS 0x0000000085300000, 0x0000000085300000| Complete 
|  84|0x0000000085400000, 0x0000000085500000, 0x0000000085500000|100%| E|CS|TAMS 0x0000000085400000, 0x0000000085400000| Complete 
|  85|0x0000000085500000, 0x0000000085600000, 0x0000000085600000|100%| E|CS|TAMS 0x0000000085500000, 0x0000000085500000| Complete 
|  86|0x0000000085600000, 0x0000000085700000, 0x0000000085700000|100%| E|CS|TAMS 0x0000000085600000, 0x0000000085600000| Complete 
|  87|0x0000000085700000, 0x0000000085800000, 0x0000000085800000|100%| E|CS|TAMS 0x0000000085700000, 0x0000000085700000| Complete 
|  88|0x0000000085800000, 0x0000000085900000, 0x0000000085900000|100%| E|CS|TAMS 0x0000000085800000, 0x0000000085800000| Complete 
|  89|0x0000000085900000, 0x0000000085a00000, 0x0000000085a00000|100%| E|CS|TAMS 0x0000000085900000, 0x0000000085900000| Complete 
|  90|0x0000000085a00000, 0x0000000085b00000, 0x0000000085b00000|100%| E|CS|TAMS 0x0000000085a00000, 0x0000000085a00000| Complete 
|  91|0x0000000085b00000, 0x0000000085c00000, 0x0000000085c00000|100%| E|CS|TAMS 0x0000000085b00000, 0x0000000085b00000| Complete 
|  92|0x0000000085c00000, 0x0000000085d00000, 0x0000000085d00000|100%| E|CS|TAMS 0x0000000085c00000, 0x0000000085c00000| Complete 
|  93|0x0000000085d00000, 0x0000000085e00000, 0x0000000085e00000|100%| E|CS|TAMS 0x0000000085d00000, 0x0000000085d00000| Complete 
|  94|0x0000000085e00000, 0x0000000085f00000, 0x0000000085f00000|100%| E|CS|TAMS 0x0000000085e00000, 0x0000000085e00000| Complete 
|  95|0x0000000085f00000, 0x0000000086000000, 0x0000000086000000|100%| E|CS|TAMS 0x0000000085f00000, 0x0000000085f00000| Complete 
|  96|0x0000000086000000, 0x0000000086100000, 0x0000000086100000|100%| E|  |TAMS 0x0000000086000000, 0x0000000086000000| Complete 
|  97|0x0000000086100000, 0x0000000086200000, 0x0000000086200000|100%| E|CS|TAMS 0x0000000086100000, 0x0000000086100000| Complete 
|  98|0x0000000086200000, 0x0000000086300000, 0x0000000086300000|100%| E|CS|TAMS 0x0000000086200000, 0x0000000086200000| Complete 
|  99|0x0000000086300000, 0x0000000086400000, 0x0000000086400000|100%| E|CS|TAMS 0x0000000086300000, 0x0000000086300000| Complete 
| 100|0x0000000086400000, 0x0000000086500000, 0x0000000086500000|100%| E|CS|TAMS 0x0000000086400000, 0x0000000086400000| Complete 
| 101|0x0000000086500000, 0x0000000086600000, 0x0000000086600000|100%| E|CS|TAMS 0x0000000086500000, 0x0000000086500000| Complete 
| 102|0x0000000086600000, 0x0000000086700000, 0x0000000086700000|100%| E|CS|TAMS 0x0000000086600000, 0x0000000086600000| Complete 
| 103|0x0000000086700000, 0x0000000086800000, 0x0000000086800000|100%| E|CS|TAMS 0x0000000086700000, 0x0000000086700000| Complete 
| 104|0x0000000086800000, 0x0000000086900000, 0x0000000086900000|100%| E|CS|TAMS 0x0000000086800000, 0x0000000086800000| Complete 
| 105|0x0000000086900000, 0x0000000086a00000, 0x0000000086a00000|100%| E|CS|TAMS 0x0000000086900000, 0x0000000086900000| Complete 
| 106|0x0000000086a00000, 0x0000000086b00000, 0x0000000086b00000|100%| E|CS|TAMS 0x0000000086a00000, 0x0000000086a00000| Complete 
| 107|0x0000000086b00000, 0x0000000086c00000, 0x0000000086c00000|100%| E|CS|TAMS 0x0000000086b00000, 0x0000000086b00000| Complete 
| 108|0x0000000086c00000, 0x0000000086d00000, 0x0000000086d00000|100%| E|CS|TAMS 0x0000000086c00000, 0x0000000086c00000| Complete 
| 109|0x0000000086d00000, 0x0000000086e00000, 0x0000000086e00000|100%| E|CS|TAMS 0x0000000086d00000, 0x0000000086d00000| Complete 
| 110|0x0000000086e00000, 0x0000000086f00000, 0x0000000086f00000|100%| E|CS|TAMS 0x0000000086e00000, 0x0000000086e00000| Complete 
| 111|0x0000000086f00000, 0x0000000087000000, 0x0000000087000000|100%| E|CS|TAMS 0x0000000086f00000, 0x0000000086f00000| Complete 
| 112|0x0000000087000000, 0x0000000087100000, 0x0000000087100000|100%| E|CS|TAMS 0x0000000087000000, 0x0000000087000000| Complete 
| 113|0x0000000087100000, 0x0000000087200000, 0x0000000087200000|100%| E|CS|TAMS 0x0000000087100000, 0x0000000087100000| Complete 
| 114|0x0000000087200000, 0x0000000087300000, 0x0000000087300000|100%| E|CS|TAMS 0x0000000087200000, 0x0000000087200000| Complete 
| 115|0x0000000087300000, 0x0000000087400000, 0x0000000087400000|100%| E|CS|TAMS 0x0000000087300000, 0x0000000087300000| Complete 
| 116|0x0000000087400000, 0x0000000087500000, 0x0000000087500000|100%| E|CS|TAMS 0x0000000087400000, 0x0000000087400000| Complete 
| 117|0x0000000087500000, 0x0000000087600000, 0x0000000087600000|100%| E|CS|TAMS 0x0000000087500000, 0x0000000087500000| Complete 
| 118|0x0000000087600000, 0x0000000087700000, 0x0000000087700000|100%| E|CS|TAMS 0x0000000087600000, 0x0000000087600000| Complete 
| 119|0x0000000087700000, 0x0000000087800000, 0x0000000087800000|100%| E|CS|TAMS 0x0000000087700000, 0x0000000087700000| Complete 
| 120|0x0000000087800000, 0x0000000087900000, 0x0000000087900000|100%| E|CS|TAMS 0x0000000087800000, 0x0000000087800000| Complete 
| 121|0x0000000087900000, 0x0000000087a00000, 0x0000000087a00000|100%| E|CS|TAMS 0x0000000087900000, 0x0000000087900000| Complete 
| 122|0x0000000087a00000, 0x0000000087b00000, 0x0000000087b00000|100%| E|CS|TAMS 0x0000000087a00000, 0x0000000087a00000| Complete 
| 123|0x0000000087b00000, 0x0000000087c00000, 0x0000000087c00000|100%| E|CS|TAMS 0x0000000087b00000, 0x0000000087b00000| Complete 
| 124|0x0000000087c00000, 0x0000000087d00000, 0x0000000087d00000|100%| E|CS|TAMS 0x0000000087c00000, 0x0000000087c00000| Complete 
| 125|0x0000000087d00000, 0x0000000087e00000, 0x0000000087e00000|100%| E|CS|TAMS 0x0000000087d00000, 0x0000000087d00000| Complete 

Card table byte_map: [0x000001bb6e950000,0x000001bb6ed50000] _byte_map_base: 0x000001bb6e550000

Marking Bits (Prev, Next): (CMBitMap*) 0x000001bb5b00f268, (CMBitMap*) 0x000001bb5b00f2a0
 Prev Bits: [0x000001bb6f150000, 0x000001bb71150000)
 Next Bits: [0x000001bb71150000, 0x000001bb73150000)

Polling page: 0x000001bb59750000

Metaspace:

Usage:
  Non-class:     39.62 MB capacity,    38.79 MB ( 98%) used,   747.55 KB (  2%) free+waste,   108.38 KB ( <1%) overhead. 
      Class:      6.07 MB capacity,     5.64 MB ( 93%) used,   382.99 KB (  6%) free+waste,    51.88 KB ( <1%) overhead. 
       Both:     45.69 MB capacity,    44.43 MB ( 97%) used,     1.10 MB (  2%) free+waste,   160.25 KB ( <1%) overhead. 

Virtual space:
  Non-class space:       40.00 MB reserved,      39.67 MB (>99%) committed 
      Class space:        1.00 GB reserved,       6.20 MB ( <1%) committed 
             Both:        1.04 GB reserved,      45.87 MB (  4%) committed 

Chunk freelists:
   Non-Class:  52.00 KB
       Class:  26.00 KB
        Both:  78.00 KB

MaxMetaspaceSize: 17179869184.00 GB
CompressedClassSpaceSize: 1.00 GB
Initial GC threshold: 20.80 MB
Current GC threshold: 59.16 MB
CDS: off

CodeHeap 'non-profiled nmethods': size=120000Kb used=2034Kb max_used=2034Kb free=117966Kb
 bounds [0x000001bb665c0000, 0x000001bb66830000, 0x000001bb6daf0000]
CodeHeap 'profiled nmethods': size=120000Kb used=8272Kb max_used=8272Kb free=111727Kb
 bounds [0x000001bb5f090000, 0x000001bb5f8b0000, 0x000001bb665c0000]
CodeHeap 'non-nmethods': size=5760Kb used=2286Kb max_used=2337Kb free=3474Kb
 bounds [0x000001bb5eaf0000, 0x000001bb5ed60000, 0x000001bb5f090000]
 total_blobs=4587 nmethods=3816 adapters=683
 compilation: enabled
              stopped_count=0, restarted_count=0
 full_count=0

Compilation events (20 events):
Event: 4.520 Thread 0x000001bb75c56000 3824       3       org.gradle.internal.service.DefaultServiceRegistry$CollectingVisitor::visit (25 bytes)
Event: 4.520 Thread 0x000001bb75c56000 nmethod 3824 0x000001bb5f898010 code [0x000001bb5f8981e0, 0x000001bb5f8984b8]
Event: 4.528 Thread 0x000001bb75c56000 3827       3       java.net.URI::match (56 bytes)
Event: 4.528 Thread 0x000001bb75c56000 nmethod 3827 0x000001bb5f898610 code [0x000001bb5f8987c0, 0x000001bb5f898a78]
Event: 4.557 Thread 0x000001bb75c56000 3830       3       java.util.regex.Matcher::appendExpandedReplacement (510 bytes)
Event: 4.563 Thread 0x000001bb75c56000 nmethod 3830 0x000001bb5f898b10 code [0x000001bb5f8993e0, 0x000001bb5f89e5f8]
Event: 4.563 Thread 0x000001bb75c56000 3829       3       java.util.regex.Matcher::appendReplacement (75 bytes)
Event: 4.563 Thread 0x000001bb75c56000 nmethod 3829 0x000001bb5f8a0390 code [0x000001bb5f8a05a0, 0x000001bb5f8a0a48]
Event: 4.563 Thread 0x000001bb75c56000 3832       3       org.objectweb.asm.Type::getSort (19 bytes)
Event: 4.563 Thread 0x000001bb75c56000 nmethod 3832 0x000001bb5f8a0c90 code [0x000001bb5f8a0e40, 0x000001bb5f8a0f98]
Event: 4.564 Thread 0x000001bb75c56000 3835       3       java.lang.invoke.LambdaFormEditor::getInCache (186 bytes)
Event: 4.565 Thread 0x000001bb75c56000 nmethod 3835 0x000001bb5f8a1010 code [0x000001bb5f8a12a0, 0x000001bb5f8a21e8]
Event: 4.565 Thread 0x000001bb75c56000 3836       3       java.lang.invoke.MethodTypeForm::pack (54 bytes)
Event: 4.565 Thread 0x000001bb75c56000 nmethod 3836 0x000001bb5f8a2590 code [0x000001bb5f8a2740, 0x000001bb5f8a2858]
Event: 4.565 Thread 0x000001bb75c56000 3833       3       java.lang.invoke.LambdaFormEditor$Transform::inRange (36 bytes)
Event: 4.565 Thread 0x000001bb75c56000 nmethod 3833 0x000001bb5f8a2910 code [0x000001bb5f8a2ac0, 0x000001bb5f8a2c18]
Event: 4.565 Thread 0x000001bb75c56000 3834       3       java.lang.invoke.LambdaFormEditor$Transform::<init> (28 bytes)
Event: 4.566 Thread 0x000001bb75c56000 nmethod 3834 0x000001bb5f8a2c90 code [0x000001bb5f8a2e60, 0x000001bb5f8a3148]
Event: 4.585 Thread 0x000001bb75c56000 3841       3       java.net.URI$Parser::scan (76 bytes)
Event: 4.585 Thread 0x000001bb75c56000 nmethod 3841 0x000001bb5f8a3290 code [0x000001bb5f8a34e0, 0x000001bb5f8a3db8]

GC Heap History (12 events):
Event: 0.637 GC heap before
{Heap before GC invocations=0 (full 0):
 garbage-first heap   total 129024K, used 29696K [0x0000000080000000, 0x0000000100000000)
  region size 1024K, 24 young (24576K), 0 survivors (0K)
 Metaspace       used 10111K, capacity 10333K, committed 10624K, reserved 1058816K
  class space    used 1034K, capacity 1108K, committed 1152K, reserved 1048576K
}
Event: 0.642 GC heap after
{Heap after GC invocations=1 (full 0):
 garbage-first heap   total 129024K, used 9315K [0x0000000080000000, 0x0000000100000000)
  region size 1024K, 3 young (3072K), 3 survivors (3072K)
 Metaspace       used 10111K, capacity 10333K, committed 10624K, reserved 1058816K
  class space    used 1034K, capacity 1108K, committed 1152K, reserved 1048576K
}
Event: 1.798 GC heap before
{Heap before GC invocations=1 (full 0):
 garbage-first heap   total 129024K, used 83043K [0x0000000080000000, 0x0000000100000000)
  region size 1024K, 75 young (76800K), 3 survivors (3072K)
 Metaspace       used 17242K, capacity 17628K, committed 17792K, reserved 1064960K
  class space    used 1987K, capacity 2136K, committed 2176K, reserved 1048576K
}
Event: 1.803 GC heap after
{Heap after GC invocations=2 (full 0):
 garbage-first heap   total 129024K, used 15796K [0x0000000080000000, 0x0000000100000000)
  region size 1024K, 10 young (10240K), 10 survivors (10240K)
 Metaspace       used 17242K, capacity 17628K, committed 17792K, reserved 1064960K
  class space    used 1987K, capacity 2136K, committed 2176K, reserved 1048576K
}
Event: 2.081 GC heap before
{Heap before GC invocations=2 (full 0):
 garbage-first heap   total 129024K, used 48564K [0x0000000080000000, 0x0000000100000000)
  region size 1024K, 44 young (45056K), 10 survivors (10240K)
 Metaspace       used 20742K, capacity 21191K, committed 21296K, reserved 1069056K
  class space    used 2527K, capacity 2686K, committed 2688K, reserved 1048576K
}
Event: 2.088 GC heap after
{Heap after GC invocations=3 (full 0):
 garbage-first heap   total 129024K, used 17176K [0x0000000080000000, 0x0000000100000000)
  region size 1024K, 2 young (2048K), 2 survivors (2048K)
 Metaspace       used 20742K, capacity 21191K, committed 21296K, reserved 1069056K
  class space    used 2527K, capacity 2686K, committed 2688K, reserved 1048576K
}
Event: 2.675 GC heap before
{Heap before GC invocations=4 (full 0):
 garbage-first heap   total 129024K, used 81688K [0x0000000080000000, 0x0000000100000000)
  region size 1024K, 65 young (66560K), 2 survivors (2048K)
 Metaspace       used 27071K, capacity 27699K, committed 27772K, reserved 1073152K
  class space    used 3515K, capacity 3738K, committed 3788K, reserved 1048576K
}
Event: 2.678 GC heap after
{Heap after GC invocations=5 (full 0):
 garbage-first heap   total 129024K, used 18868K [0x0000000080000000, 0x0000000100000000)
  region size 1024K, 4 young (4096K), 4 survivors (4096K)
 Metaspace       used 27071K, capacity 27699K, committed 27772K, reserved 1073152K
  class space    used 3515K, capacity 3738K, committed 3788K, reserved 1048576K
}
Event: 3.343 GC heap before
{Heap before GC invocations=5 (full 0):
 garbage-first heap   total 129024K, used 72116K [0x0000000080000000, 0x0000000100000000)
  region size 1024K, 57 young (58368K), 4 survivors (4096K)
 Metaspace       used 35174K, capacity 35937K, committed 35964K, reserved 1081344K
  class space    used 4516K, capacity 4806K, committed 4812K, reserved 1048576K
}
Event: 3.351 GC heap after
{Heap after GC invocations=6 (full 0):
 garbage-first heap   total 129024K, used 22375K [0x0000000080000000, 0x0000000100000000)
  region size 1024K, 7 young (7168K), 7 survivors (7168K)
 Metaspace       used 35174K, capacity 35937K, committed 35964K, reserved 1081344K
  class space    used 4516K, capacity 4806K, committed 4812K, reserved 1048576K
}
Event: 4.012 GC heap before
{Heap before GC invocations=7 (full 0):
 garbage-first heap   total 129024K, used 93031K [0x0000000080000000, 0x0000000100000000)
  region size 1024K, 74 young (75776K), 7 survivors (7168K)
 Metaspace       used 40087K, capacity 41125K, committed 41212K, reserved 1085440K
  class space    used 5068K, capacity 5442K, committed 5452K, reserved 1048576K
}
Event: 4.020 GC heap after
{Heap after GC invocations=8 (full 0):
 garbage-first heap   total 129024K, used 27891K [0x0000000080000000, 0x0000000100000000)
  region size 1024K, 9 young (9216K), 9 survivors (9216K)
 Metaspace       used 40087K, capacity 41125K, committed 41212K, reserved 1085440K
  class space    used 5068K, capacity 5442K, committed 5452K, reserved 1048576K
}

Deoptimization events (20 events):
Event: 4.351 Thread 0x000001bb784aa800 DEOPT PACKING pc=0x000001bb5f71e3f4 sp=0x000000ad37bf8410
Event: 4.351 Thread 0x000001bb784aa800 DEOPT UNPACKING pc=0x000001bb5eb39d0e sp=0x000000ad37bf79b0 mode 0
Event: 4.375 Thread 0x000001bb784aa800 DEOPT PACKING pc=0x000001bb5f3ea968 sp=0x000000ad37bf4f40
Event: 4.375 Thread 0x000001bb784aa800 DEOPT UNPACKING pc=0x000001bb5eb39d0e sp=0x000000ad37bf4448 mode 0
Event: 4.498 Thread 0x000001bb784aa800 Uncommon trap: trap_request=0xffffff7e fr.pc=0x000001bb666f3b28 relative=0x0000000000000248
Event: 4.498 Thread 0x000001bb784aa800 Uncommon trap: reason=predicate action=maybe_recompile pc=0x000001bb666f3b28 method=com.google.common.base.CharMatcher.indexIn(Ljava/lang/CharSequence;I)I @ 19 c2
Event: 4.498 Thread 0x000001bb784aa800 DEOPT PACKING pc=0x000001bb666f3b28 sp=0x000000ad37bf8110
Event: 4.498 Thread 0x000001bb784aa800 DEOPT UNPACKING pc=0x000001bb5eaf85af sp=0x000000ad37bf80b8 mode 2
Event: 4.526 Thread 0x000001bb784aa800 Uncommon trap: trap_request=0xffffff4d fr.pc=0x000001bb66621010 relative=0x00000000000001d0
Event: 4.526 Thread 0x000001bb784aa800 Uncommon trap: reason=unstable_if action=reinterpret pc=0x000001bb66621010 method=java.net.URI$Parser.scan(IILjava/lang/String;)I @ 26 c2
Event: 4.526 Thread 0x000001bb784aa800 DEOPT PACKING pc=0x000001bb66621010 sp=0x000000ad37bf8f30
Event: 4.526 Thread 0x000001bb784aa800 DEOPT UNPACKING pc=0x000001bb5eaf85af sp=0x000000ad37bf8ec0 mode 2
Event: 4.526 Thread 0x000001bb784aa800 Uncommon trap: trap_request=0xffffff4d fr.pc=0x000001bb66619de8 relative=0x0000000000000148
Event: 4.526 Thread 0x000001bb784aa800 Uncommon trap: reason=unstable_if action=reinterpret pc=0x000001bb66619de8 method=java.net.URI.match(CJJ)Z @ 45 c2
Event: 4.526 Thread 0x000001bb784aa800 DEOPT PACKING pc=0x000001bb66619de8 sp=0x000000ad37bf8ca0
Event: 4.526 Thread 0x000001bb784aa800 DEOPT UNPACKING pc=0x000001bb5eaf85af sp=0x000000ad37bf8bd8 mode 2
Event: 4.528 Thread 0x000001bb784aa800 Uncommon trap: trap_request=0xffffff4d fr.pc=0x000001bb665e4e44 relative=0x00000000000000a4
Event: 4.528 Thread 0x000001bb784aa800 Uncommon trap: reason=unstable_if action=reinterpret pc=0x000001bb665e4e44 method=java.net.URI.match(CJJ)Z @ 45 c2
Event: 4.528 Thread 0x000001bb784aa800 DEOPT PACKING pc=0x000001bb665e4e44 sp=0x000000ad37bf8c30
Event: 4.528 Thread 0x000001bb784aa800 DEOPT UNPACKING pc=0x000001bb5eaf85af sp=0x000000ad37bf8be0 mode 2

Classes redefined (0 events):
No events

Internal exceptions (20 events):
Event: 4.162 Thread 0x000001bb78d40000 Exception <a 'java/lang/NoSuchMethodError'{0x0000000087184a70}: <clinit>> (0x0000000087184a70) thrown at [./src/hotspot/share/prims/jni.cpp, line 1366]
Event: 4.163 Thread 0x000001bb78d40000 Exception <a 'java/lang/NoSuchMethodError'{0x0000000087186160}: <clinit>> (0x0000000087186160) thrown at [./src/hotspot/share/prims/jni.cpp, line 1366]
Event: 4.165 Thread 0x000001bb78d40000 Exception <a 'java/lang/NoSuchMethodError'{0x0000000087195690}: <clinit>> (0x0000000087195690) thrown at [./src/hotspot/share/prims/jni.cpp, line 1366]
Event: 4.165 Thread 0x000001bb78d40000 Exception <a 'java/lang/NoSuchMethodError'{0x0000000087197a18}: <clinit>> (0x0000000087197a18) thrown at [./src/hotspot/share/prims/jni.cpp, line 1366]
Event: 4.167 Thread 0x000001bb78d40000 Exception <a 'java/lang/NoSuchMethodError'{0x0000000087008030}: <clinit>> (0x0000000087008030) thrown at [./src/hotspot/share/prims/jni.cpp, line 1366]
Event: 4.255 Thread 0x000001bb784aa800 Implicit null exception at 0x000001bb666b9c74 to 0x000001bb666b9e8c
Event: 4.380 Thread 0x000001bb784aa800 Exception <a 'java/lang/ClassNotFoundException'{0x0000000085c21740}: build_7jvnsuwo07migsdm8krxem3e1BeanInfo> (0x0000000085c21740) thrown at [./src/hotspot/share/classfile/systemDictionary.cpp, line 231]
Event: 4.380 Thread 0x000001bb784aa800 Exception <a 'java/lang/ClassNotFoundException'{0x0000000085c38af8}: org/gradle/api/internal/project/ProjectScriptBeanInfo> (0x0000000085c38af8) thrown at [./src/hotspot/share/classfile/systemDictionary.cpp, line 231]
Event: 4.381 Thread 0x000001bb784aa800 Exception <a 'java/lang/ClassNotFoundException'{0x0000000085c50328}: org/gradle/api/internal/project/ProjectScriptCustomizer> (0x0000000085c50328) thrown at [./src/hotspot/share/classfile/systemDictionary.cpp, line 231]
Event: 4.382 Thread 0x000001bb784aa800 Exception <a 'java/lang/ClassNotFoundException'{0x0000000085c6c1f8}: build_7jvnsuwo07migsdm8krxem3e1Customizer> (0x0000000085c6c1f8) thrown at [./src/hotspot/share/classfile/systemDictionary.cpp, line 231]
Event: 4.391 Thread 0x000001bb784aa800 Exception <a 'java/lang/ClassNotFoundException'{0x0000000085b09978}: org/gradle/api/internal/initialization/DefaultScriptHandlerBeanInfo> (0x0000000085b09978) thrown at [./src/hotspot/share/classfile/systemDictionary.cpp, line 231]
Event: 4.391 Thread 0x000001bb784aa800 Exception <a 'java/lang/ClassNotFoundException'{0x0000000085b33dc8}: org/gradle/api/internal/initialization/DefaultScriptHandlerCustomizer> (0x0000000085b33dc8) thrown at [./src/hotspot/share/classfile/systemDictionary.cpp, line 231]
Event: 4.477 Thread 0x000001bb784aa800 Exception <a 'java/lang/ClassNotFoundException'{0x0000000085214f90}: org/gradle/api/internal/artifacts/dsl/dependencies/DefaultDependencyHandler_DecoratedBeanInfo> (0x0000000085214f90) thrown at [./src/hotspot/share/classfile/systemDictionary.cpp, line 231]
Event: 4.478 Thread 0x000001bb784aa800 Exception <a 'java/lang/ClassNotFoundException'{0x0000000085253c58}: org/gradle/api/internal/artifacts/dsl/dependencies/DefaultDependencyHandlerBeanInfo> (0x0000000085253c58) thrown at [./src/hotspot/share/classfile/systemDictionary.cpp, line 231]
Event: 4.479 Thread 0x000001bb784aa800 Exception <a 'java/lang/ClassNotFoundException'{0x0000000085292d60}: org/gradle/api/internal/artifacts/dsl/dependencies/DefaultDependencyHandlerCustomizer> (0x0000000085292d60) thrown at [./src/hotspot/share/classfile/systemDictionary.cpp, line 231]
Event: 4.481 Thread 0x000001bb784aa800 Exception <a 'java/lang/ClassNotFoundException'{0x00000000852fc460}: org/gradle/api/internal/artifacts/dsl/dependencies/DefaultDependencyHandler_DecoratedCustomizer> (0x00000000852fc460) thrown at [./src/hotspot/share/classfile/systemDictionary.cpp, line 231]
Event: 4.495 Thread 0x000001bb784aa800 Exception <a 'java/lang/ClassNotFoundException'{0x0000000085011c88}: org/gradle/plugin/use/internal/PluginRequestCollector$PluginDependenciesSpecImplBeanInfo> (0x0000000085011c88) thrown at [./src/hotspot/share/classfile/systemDictionary.cpp, line 231]
Event: 4.496 Thread 0x000001bb784aa800 Exception <a 'java/lang/ClassNotFoundException'{0x0000000085041138}: org/gradle/plugin/use/internal/PluginRequestCollector$PluginDependenciesSpecImplCustomizer> (0x0000000085041138) thrown at [./src/hotspot/share/classfile/systemDictionary.cpp, line 231]
Event: 4.500 Thread 0x000001bb784aa800 Exception <a 'java/lang/ClassNotFoundException'{0x00000000850a2db0}: org/gradle/plugin/use/internal/PluginRequestCollector$PluginDependencySpecImplBeanInfo> (0x00000000850a2db0) thrown at [./src/hotspot/share/classfile/systemDictionary.cpp, line 231]
Event: 4.501 Thread 0x000001bb784aa800 Exception <a 'java/lang/ClassNotFoundException'{0x00000000850d14b0}: org/gradle/plugin/use/internal/PluginRequestCollector$PluginDependencySpecImplCustomizer> (0x00000000850d14b0) thrown at [./src/hotspot/share/classfile/systemDictionary.cpp, line 231]

Events (20 events):
Event: 4.594 loading class org/apache/http/client/methods/AbortableHttpRequest
Event: 4.594 loading class org/apache/http/client/methods/AbortableHttpRequest done
Event: 4.595 loading class org/apache/http/message/AbstractHttpMessage
Event: 4.595 loading class org/apache/http/message/AbstractHttpMessage done
Event: 4.595 loading class org/apache/http/client/methods/HttpHead
Event: 4.595 loading class org/apache/http/client/methods/HttpHead done
Event: 4.595 loading class org/apache/http/client/methods/HttpGet
Event: 4.595 loading class org/apache/http/client/methods/HttpGet done
Event: 4.596 loading class org/gradle/internal/resource/transport/http/HttpClientHelper$FailureFromRedirectLocation
Event: 4.596 loading class org/gradle/internal/resource/transport/http/HttpClientHelper$FailureFromRedirectLocation done
Event: 4.596 loading class org/gradle/internal/resource/transport/http/HttpRequestException
Event: 4.596 loading class org/gradle/internal/resource/transport/http/HttpRequestException done
Event: 4.596 loading class org/apache/http/protocol/HttpContext
Event: 4.596 loading class org/apache/http/protocol/HttpContext done
Event: 4.596 loading class org/gradle/internal/resource/transport/http/HttpErrorStatusCodeException
Event: 4.596 loading class org/gradle/internal/resource/transport/http/HttpErrorStatusCodeException done
Event: 4.597 loading class org/gradle/internal/resource/transport/http/HttpResourceAccessor
Event: 4.597 loading class org/gradle/internal/resource/transport/http/HttpResourceAccessor done
Event: 4.597 loading class org/gradle/internal/resource/transfer/AbstractExternalResourceAccessor
Event: 4.597 loading class org/gradle/internal/resource/transfer/AbstractExternalResourceAccessor done


Dynamic libraries:
0x00007ff68c270000 - 0x00007ff68c27a000 	C:\Program Files\Android\Android Studio\jre\bin\java.exe
0x00007ffc95550000 - 0x00007ffc95748000 	C:\Windows\SYSTEM32\ntdll.dll
0x00007ffc95430000 - 0x00007ffc954ef000 	C:\Windows\System32\KERNEL32.DLL
0x00007ffc92d10000 - 0x00007ffc92fe2000 	C:\Windows\System32\KERNELBASE.dll
0x00007ffc93380000 - 0x00007ffc93480000 	C:\Windows\System32\ucrtbase.dll
0x00007ffc76d70000 - 0x00007ffc76d89000 	C:\Program Files\Android\Android Studio\jre\bin\jli.dll
0x00007ffc76d50000 - 0x00007ffc76d67000 	C:\Program Files\Android\Android Studio\jre\bin\VCRUNTIME140.dll
0x00007ffc94a30000 - 0x00007ffc94bd1000 	C:\Windows\System32\USER32.dll
0x00007ffc92c40000 - 0x00007ffc92c62000 	C:\Windows\System32\win32u.dll
0x00007ffc95070000 - 0x00007ffc9509b000 	C:\Windows\System32\GDI32.dll
0x00007ffc93480000 - 0x00007ffc9358f000 	C:\Windows\System32\gdi32full.dll
0x00007ffc77a20000 - 0x00007ffc77cba000 	C:\Windows\WinSxS\amd64_microsoft.windows.common-controls_6595b64144ccf1df_6.0.19041.1110_none_60b5254171f9507e\COMCTL32.dll
0x00007ffc932e0000 - 0x00007ffc9337d000 	C:\Windows\System32\msvcp_win.dll
0x00007ffc938f0000 - 0x00007ffc9398e000 	C:\Windows\System32\msvcrt.dll
0x00007ffc93a40000 - 0x00007ffc93a72000 	C:\Windows\System32\IMM32.DLL
0x00007ffc76cb0000 - 0x00007ffc76d4d000 	C:\Program Files\Android\Android Studio\jre\bin\msvcp140.dll
0x00007ffc451c0000 - 0x00007ffc45cc2000 	C:\Program Files\Android\Android Studio\jre\bin\server\jvm.dll
0x00007ffc93690000 - 0x00007ffc9373e000 	C:\Windows\System32\ADVAPI32.dll
0x00007ffc95390000 - 0x00007ffc9542c000 	C:\Windows\System32\sechost.dll
0x00007ffc94850000 - 0x00007ffc94975000 	C:\Windows\System32\RPCRT4.dll
0x00007ffc93620000 - 0x00007ffc93628000 	C:\Windows\System32\PSAPI.DLL
0x00007ffc681b0000 - 0x00007ffc681b9000 	C:\Windows\SYSTEM32\WSOCK32.dll
0x00007ffc845e0000 - 0x00007ffc845ea000 	C:\Windows\SYSTEM32\VERSION.dll
0x00007ffc93880000 - 0x00007ffc938eb000 	C:\Windows\System32\WS2_32.dll
0x00007ffc77f00000 - 0x00007ffc77f27000 	C:\Windows\SYSTEM32\WINMM.dll
0x00007ffc91450000 - 0x00007ffc91462000 	C:\Windows\SYSTEM32\kernel.appcore.dll
0x00007ffc6e750000 - 0x00007ffc6e761000 	C:\Program Files\Android\Android Studio\jre\bin\verify.dll
0x00007ffc90fa0000 - 0x00007ffc91184000 	C:\Windows\SYSTEM32\DBGHELP.DLL
0x00007ffc81510000 - 0x00007ffc81545000 	C:\Windows\SYSTEM32\dbgcore.DLL
0x00007ffc93250000 - 0x00007ffc932d2000 	C:\Windows\System32\bcryptPrimitives.dll
0x00007ffc538f0000 - 0x00007ffc53919000 	C:\Program Files\Android\Android Studio\jre\bin\java.dll
0x00007ffc6e740000 - 0x00007ffc6e74b000 	C:\Program Files\Android\Android Studio\jre\bin\jimage.dll
0x00007ffc4d6d0000 - 0x00007ffc4d6e8000 	C:\Program Files\Android\Android Studio\jre\bin\zip.dll
0x00007ffc94100000 - 0x00007ffc94844000 	C:\Windows\System32\SHELL32.dll
0x00007ffc90740000 - 0x00007ffc90ed2000 	C:\Windows\SYSTEM32\windows.storage.dll
0x00007ffc94be0000 - 0x00007ffc94f35000 	C:\Windows\System32\combase.dll
0x00007ffc926a0000 - 0x00007ffc926d0000 	C:\Windows\SYSTEM32\Wldp.dll
0x00007ffc93990000 - 0x00007ffc93a3d000 	C:\Windows\System32\SHCORE.dll
0x00007ffc93820000 - 0x00007ffc93875000 	C:\Windows\System32\shlwapi.dll
0x00007ffc92b80000 - 0x00007ffc92b9f000 	C:\Windows\SYSTEM32\profapi.dll
0x00007ffc4d6b0000 - 0x00007ffc4d6ca000 	C:\Program Files\Android\Android Studio\jre\bin\net.dll
0x00007ffc89200000 - 0x00007ffc8930c000 	C:\Windows\SYSTEM32\WINHTTP.dll
0x00007ffc92400000 - 0x00007ffc9246a000 	C:\Windows\system32\mswsock.dll
0x00007ffc4d690000 - 0x00007ffc4d6a4000 	C:\Program Files\Android\Android Studio\jre\bin\nio.dll
0x00007ffc638e0000 - 0x00007ffc63907000 	C:\Program Files\Android\gradle-7.3.3\native\e1d6ef7f7dcc3fd88c89a11ec53ec762bb8ba0a96d01ffa2cd45eb1d1d8dd5c5\windows-amd64\native-platform.dll
0x00007ffc76b60000 - 0x00007ffc76ca4000 	C:\Program Files\Android\gradle-7.3.3\native\0d407fdbe67a94daf76414ababcb853783967236a71b16ec16e742cd7a986fd3\windows-amd64\native-platform-file-events.dll
0x00007ffc539b0000 - 0x00007ffc539ba000 	C:\Program Files\Android\Android Studio\jre\bin\management.dll
0x00007ffc53570000 - 0x00007ffc5357d000 	C:\Program Files\Android\Android Studio\jre\bin\management_ext.dll
0x00007ffc925f0000 - 0x00007ffc92608000 	C:\Windows\SYSTEM32\CRYPTSP.dll
0x00007ffc91c80000 - 0x00007ffc91cb4000 	C:\Windows\system32\rsaenh.dll
0x00007ffc92ce0000 - 0x00007ffc92d07000 	C:\Windows\System32\bcrypt.dll
0x00007ffc92b00000 - 0x00007ffc92b2e000 	C:\Windows\SYSTEM32\USERENV.dll
0x00007ffc92610000 - 0x00007ffc9261c000 	C:\Windows\SYSTEM32\CRYPTBASE.dll
0x00007ffc920a0000 - 0x00007ffc920db000 	C:\Windows\SYSTEM32\IPHLPAPI.DLL
0x00007ffc95250000 - 0x00007ffc95258000 	C:\Windows\System32\NSI.dll
0x00007ffc80640000 - 0x00007ffc80657000 	C:\Windows\SYSTEM32\dhcpcsvc6.DLL
0x00007ffc80d70000 - 0x00007ffc80d8d000 	C:\Windows\SYSTEM32\dhcpcsvc.DLL
0x00007ffc920f0000 - 0x00007ffc921ba000 	C:\Windows\SYSTEM32\DNSAPI.dll

dbghelp: loaded successfully - version: 4.0.5 - missing functions: none
symbol engine: initialized successfully - sym options: 0x614 - pdb path: .;C:\Program Files\Android\Android Studio\jre\bin;C:\Windows\SYSTEM32;C:\Windows\WinSxS\amd64_microsoft.windows.common-controls_6595b64144ccf1df_6.0.19041.1110_none_60b5254171f9507e;C:\Program Files\Android\Android Studio\jre\bin\server;C:\Program Files\Android\gradle-7.3.3\native\e1d6ef7f7dcc3fd88c89a11ec53ec762bb8ba0a96d01ffa2cd45eb1d1d8dd5c5\windows-amd64;C:\Program Files\Android\gradle-7.3.3\native\0d407fdbe67a94daf76414ababcb853783967236a71b16ec16e742cd7a986fd3\windows-amd64

VM Arguments:
jvm_args: --add-opens=java.base/java.util=ALL-UNNAMED --add-opens=java.base/java.lang=ALL-UNNAMED --add-opens=java.base/java.lang.invoke=ALL-UNNAMED --add-opens=java.base/java.util=ALL-UNNAMED --add-opens=java.prefs/java.util.prefs=ALL-UNNAMED --add-opens=java.prefs/java.util.prefs=ALL-UNNAMED --add-opens=java.base/java.nio.charset=ALL-UNNAMED --add-opens=java.base/java.net=ALL-UNNAMED --add-opens=java.base/java.util.concurrent.atomic=ALL-UNNAMED -Xmx2048m -Dfile.encoding=UTF-8 -Duser.country=IN -Duser.language=en -Duser.variant 
java_command: org.gradle.launcher.daemon.bootstrap.GradleDaemon 7.4
java_class_path (initial): C:\Program Files\Android\gradle-7.3.3\wrapper\dists\gradle-7.4-bin\c0gwcg53nkjbqw7r0h0umtfvt\gradle-7.4\lib\gradle-launcher-7.4.jar
Launcher Type: SUN_STANDARD

[Global flags]
     intx CICompilerCount                          = 4                                         {product} {ergonomic}
     uint ConcGCThreads                            = 2                                         {product} {ergonomic}
     uint G1ConcRefinementThreads                  = 8                                         {product} {ergonomic}
   size_t G1HeapRegionSize                         = 1048576                                   {product} {ergonomic}
    uintx GCDrainStackTargetSize                   = 64                                        {product} {ergonomic}
   size_t InitialHeapSize                          = 132120576                                 {product} {ergonomic}
   size_t MarkStackSize                            = 4194304                                   {product} {ergonomic}
   size_t MaxHeapSize                              = 2147483648                                {product} {command line}
   size_t MaxNewSize                               = 1287651328                                {product} {ergonomic}
   size_t MinHeapDeltaBytes                        = 1048576                                   {product} {ergonomic}
    uintx NonNMethodCodeHeapSize                   = 5836300                                {pd product} {ergonomic}
    uintx NonProfiledCodeHeapSize                  = 122910970                              {pd product} {ergonomic}
    uintx ProfiledCodeHeapSize                     = 122910970                              {pd product} {ergonomic}
    uintx ReservedCodeCacheSize                    = 251658240                              {pd product} {ergonomic}
     bool SegmentedCodeCache                       = true                                      {product} {ergonomic}
     bool UseCompressedClassPointers               = true                                 {lp64_product} {ergonomic}
     bool UseCompressedOops                        = true                                 {lp64_product} {ergonomic}
     bool UseG1GC                                  = true                                      {product} {ergonomic}
     bool UseLargePagesIndividualAllocation        = false                                  {pd product} {ergonomic}

Logging:
Log output configuration:
 #0: stdout all=warning uptime,level,tags
 #1: stderr all=off uptime,level,tags

Environment Variables:
JAVA_HOME=C:\Program Files\Java\jdk-18.0.1.1
PATH=C:\Program Files\Python310\Scripts\;C:\Program Files\Python310\;C:\Program Files\Common Files\Oracle\Java\javapath;C:\Windows\system32;C:\Windows;C:\Windows\System32\Wbem;C:\Windows\System32\WindowsPowerShell\v1.0\;C:\Windows\System32\OpenSSH\;C:\Program Files\Git\cmd;C:\Users\suraj\AppData\Local\Microsoft\WindowsApps
USERNAME=suraj
OS=Windows_NT
PROCESSOR_IDENTIFIER=Intel64 Family 6 Model 140 Stepping 1, GenuineIntel



---------------  S Y S T E M  ---------------

OS: Windows 10 , 64 bit Build 19041 (10.0.19041.2251)
OS uptime: 0 days 0:12 hours
Hyper-V role detected

CPU:total 8 (initial active 8) (4 cores per cpu, 2 threads per core) family 6 model 140 stepping 1 microcode 0x86, cmov, cx8, fxsr, mmx, sse, sse2, sse3, ssse3, sse4.1, sse4.2, popcnt, avx, avx2, aes, clmul, erms, 3dnowpref, lzcnt, ht, tsc, tscinvbit, bmi1, bmi2, adx, evex, sha, fma

Memory: 4k page, system-wide physical 7987M (395M free)
TotalPageFile size 7987M (AvailPageFile size 6M)
current process WorkingSet (physical memory assigned to process): 272M, peak: 272M
current process commit charge ("private bytes"): 329M, peak: 330M

vm_info: OpenJDK 64-Bit Server VM (11.0.13+0-b1751.21-8125866) for windows-amd64 JRE (11.0.13+0-b1751.21-8125866), built on Feb  2 2022 03:00:22 by "builder" with MS VC++ 14.0 (VS2015)

END.
