#
# There is insufficient memory for the Java Runtime Environment to continue.
# Native memory allocation (mmap) failed to map 201326592 bytes for Failed to commit area from 0x000000008dc00000 to 0x0000000099c00000 of length 201326592.
# Possible reasons:
#   The system is out of physical RAM or swap space
#   The process is running with CompressedOops enabled, and the Java Heap may be blocking the growth of the native heap
# Possible solutions:
#   Reduce memory load on the system
#   Increase physical memory or swap space
#   Check if swap backing store is full
#   Decrease Java heap size (-Xmx/-Xms)
#   Decrease number of Java threads
#   Decrease Java thread stack sizes (-Xss)
#   Set larger code cache with -XX:ReservedCodeCacheSize=
#   JVM is running with Unscaled Compressed Oops mode in which the Java heap is
#     placed in the first 4GB address space. The Java Heap base address is the
#     maximum limit for the native heap growth. Please use -XX:HeapBaseMinAddress
#     to set the Java Heap base and to place the Java Heap above 4GB virtual address.
# This output file may be truncated or incomplete.
#
#  Out of Memory Error (./src/hotspot/os/windows/os_windows.cpp:3619), pid=3032, tid=12936
#
# JRE version: OpenJDK Runtime Environment (11.0.13) (build 11.0.13+0-b1751.21-8125866)
# Java VM: OpenJDK 64-Bit Server VM (11.0.13+0-b1751.21-8125866, mixed mode, tiered, compressed oops, g1 gc, windows-amd64)
# No core dump will be written. Minidumps are not enabled by default on client versions of Windows
#

---------------  S U M M A R Y ------------

Command Line: --add-opens=java.base/java.util=ALL-UNNAMED --add-opens=java.base/java.lang=ALL-UNNAMED --add-opens=java.base/java.lang.invoke=ALL-UNNAMED --add-opens=java.base/java.util=ALL-UNNAMED --add-opens=java.prefs/java.util.prefs=ALL-UNNAMED --add-opens=java.prefs/java.util.prefs=ALL-UNNAMED --add-opens=java.base/java.nio.charset=ALL-UNNAMED --add-opens=java.base/java.net=ALL-UNNAMED --add-opens=java.base/java.util.concurrent.atomic=ALL-UNNAMED -Xmx2048m -Dfile.encoding=UTF-8 -Duser.country=IN -Duser.language=en -Duser.variant org.gradle.launcher.daemon.bootstrap.GradleDaemon 7.4

Host: 11th Gen Intel(R) Core(TM) i5-1135G7 @ 2.40GHz, 8 cores, 7G,  Windows 10 , 64 bit Build 19041 (10.0.19041.2251)
Time: Sat Dec 10 10:04:24 2022 India Standard Time elapsed time: 236.362454 seconds (0d 0h 3m 56s)

---------------  T H R E A D  ---------------

Current thread (0x000001921e08f000):  VMThread "VM Thread" [stack: 0x0000003cf0900000,0x0000003cf0a00000] [id=12936]

Stack: [0x0000003cf0900000,0x0000003cf0a00000]
[error occurred during error reporting (printing stack bounds), id 0xc0000005, EXCEPTION_ACCESS_VIOLATION (0xc0000005) at pc=0x0000019206f412e7]

Native frames: (J=compiled Java code, j=interpreted, Vv=VM code, C=native code)
V  [jvm.dll+0x6100fa]
V  [jvm.dll+0x747090]
V  [jvm.dll+0x7486ad]
V  [jvm.dll+0x748ce5]
V  [jvm.dll+0x748c9b]
V  [jvm.dll+0x60f224]
V  [jvm.dll+0x60f9b8]
C  [ntdll.dll+0xa241f]
C  [ntdll.dll+0x514a4]
C  [ntdll.dll+0xa0f4e]
C  0x0000019206f412e7

VM_Operation (0x0000003cf3cfa2e0): G1CollectForAllocation, mode: safepoint, requested by thread 0x00000192266be000


---------------  P R O C E S S  ---------------

Threads class SMR info:
_java_thread_list=0x0000019221d1c7f0, length=127, elements={
0x0000019201c4b000, 0x000001921e092800, 0x000001921e094000, 0x000001921e0af000,
0x000001921e0af800, 0x000001921e0b1000, 0x000001921e0b5000, 0x000001921e0b8000,
0x000001921e0c4800, 0x000001921eb88800, 0x00000192216ac000, 0x0000019220548800,
0x0000019221d78800, 0x00000192203d0000, 0x00000192203ce800, 0x00000192203d1000,
0x00000192203d2000, 0x00000192203cf800, 0x0000019222670000, 0x0000019222671800,
0x0000019222671000, 0x000001922266d800, 0x000001922266e800, 0x000001922266f000,
0x000001922266c000, 0x0000019222676800, 0x0000019222677800, 0x0000019222410800,
0x000001922240b000, 0x00000192266b1000, 0x00000192266b2000, 0x00000192266b3800,
0x00000192266b4800, 0x00000192266b5000, 0x00000192266b6000, 0x00000192266b2800,
0x00000192266b0000, 0x000001921fb09800, 0x00000192266ba000, 0x00000192266b9000,
0x00000192266bb000, 0x00000192266bb800, 0x00000192266bc800, 0x00000192266b7000,
0x00000192266bd800, 0x00000192266b7800, 0x00000192266be000, 0x00000192266b8800,
0x00000192266bf000, 0x000001922240c000, 0x000001922240d800, 0x000001922240c800,
0x000001922240e800, 0x000001922240a000, 0x000001922240f000, 0x0000019222409800,
0x0000019222415000, 0x0000019222415800, 0x0000019222411800, 0x0000019222410000,
0x0000019222418000, 0x0000019222412800, 0x0000019222416800, 0x0000019222413000,
0x0000019222417800, 0x0000019222414000, 0x0000019222678000, 0x0000019222675800,
0x0000019222672800, 0x0000019222679000, 0x0000019222673800, 0x000001922267a000,
0x0000019222674000, 0x000001922267a800, 0x0000019222675000, 0x00000192203d2800,
0x00000192203d3800, 0x00000192203d4800, 0x00000192203d5000, 0x000001922a1f9000,
0x000001922a1fd000, 0x000001922a1fc800, 0x000001922a1f8000, 0x000001922a1fa000,
0x000001922a1fa800, 0x000001922a1f7800, 0x000001922a200800, 0x000001922a201000,
0x000001922a1fe000, 0x000001922a1fb800, 0x000001922a202000, 0x000001922a203000,
0x000001922a204800, 0x000001922a203800, 0x000001922a1fe800, 0x000001922a205800,
0x000001922a1ff800, 0x000001922a206000, 0x000001922a334000, 0x000001922a333000,
0x000001922a335000, 0x000001922a336800, 0x000001922a335800, 0x000001922a337800,
0x000001922a331800, 0x000001922a338000, 0x000001922a332800, 0x000001922a33d000,
0x000001922a33a800, 0x000001922a33b800, 0x000001922a33c000, 0x000001922a33e000,
0x000001922a33e800, 0x000001922a339000, 0x000001922a33f800, 0x000001922a33a000,
0x000001922a340800, 0x000001921fd7b800, 0x000001921fd77800, 0x000001921fd7a800,
0x000001921fd7c000, 0x000001921fd76800, 0x000001921fd7d000, 0x000001921fd7e000,
0x000001921fd78000, 0x000001921fd7e800, 0x000001921fd80000
}

Java Threads: ( => current thread )
  0x0000019201c4b000 JavaThread "main" [_thread_blocked, id=13748, stack(0x0000003cf0300000,0x0000003cf0400000)]
  0x000001921e092800 JavaThread "Reference Handler" daemon [_thread_blocked, id=12908, stack(0x0000003cf0a00000,0x0000003cf0b00000)]
  0x000001921e094000 JavaThread "Finalizer" daemon [_thread_blocked, id=4844, stack(0x0000003cf0b00000,0x0000003cf0c00000)]
  0x000001921e0af000 JavaThread "Signal Dispatcher" daemon [_thread_blocked, id=11988, stack(0x0000003cf0c00000,0x0000003cf0d00000)]
  0x000001921e0af800 JavaThread "Attach Listener" daemon [_thread_blocked, id=13148, stack(0x0000003cf0d00000,0x0000003cf0e00000)]
  0x000001921e0b1000 JavaThread "Service Thread" daemon [_thread_blocked, id=9092, stack(0x0000003cf0e00000,0x0000003cf0f00000)]
  0x000001921e0b5000 JavaThread "C2 CompilerThread0" daemon [_thread_blocked, id=14724, stack(0x0000003cf0f00000,0x0000003cf1000000)]
  0x000001921e0b8000 JavaThread "C1 CompilerThread0" daemon [_thread_blocked, id=4276, stack(0x0000003cf1000000,0x0000003cf1100000)]
  0x000001921e0c4800 JavaThread "Sweeper thread" daemon [_thread_blocked, id=13212, stack(0x0000003cf1100000,0x0000003cf1200000)]
  0x000001921eb88800 JavaThread "Common-Cleaner" daemon [_thread_blocked, id=15216, stack(0x0000003cf1200000,0x0000003cf1300000)]
  0x00000192216ac000 JavaThread "Daemon health stats" [_thread_blocked, id=952, stack(0x0000003cf1800000,0x0000003cf1900000)]
  0x0000019220548800 JavaThread "Incoming local TCP Connector on port 50286" [_thread_in_native, id=13640, stack(0x0000003cf1900000,0x0000003cf1a00000)]
  0x0000019221d78800 JavaThread "Daemon periodic checks" [_thread_blocked, id=12516, stack(0x0000003cf1a00000,0x0000003cf1b00000)]
  0x00000192203d0000 JavaThread "Cache worker for journal cache (C:\Program Files\Android\gradle-7.3.3\caches\journal-1)" [_thread_blocked, id=13660, stack(0x0000003cf2700000,0x0000003cf2800000)]
  0x00000192203ce800 JavaThread "File lock request listener" [_thread_in_native, id=12948, stack(0x0000003cf2800000,0x0000003cf2900000)]
  0x00000192203d1000 JavaThread "Cache worker for file hash cache (C:\Program Files\Android\gradle-7.3.3\caches\7.4\fileHashes)" [_thread_blocked, id=3272, stack(0x0000003cf2900000,0x0000003cf2a00000)]
  0x00000192203d2000 JavaThread "File watcher server" daemon [_thread_in_native, id=3768, stack(0x0000003cf2b00000,0x0000003cf2c00000)]
  0x00000192203cf800 JavaThread "File watcher consumer" daemon [_thread_blocked, id=8580, stack(0x0000003cf2c00000,0x0000003cf2d00000)]
  0x0000019222670000 JavaThread "Cache worker for execution history cache (C:\Program Files\Android\gradle-7.3.3\caches\7.4\executionHistory)" [_thread_blocked, id=13548, stack(0x0000003cf3100000,0x0000003cf3200000)]
  0x0000019222671800 JavaThread "jar transforms" [_thread_blocked, id=14164, stack(0x0000003cf3200000,0x0000003cf3300000)]
  0x0000019222671000 JavaThread "jar transforms Thread 2" [_thread_blocked, id=8840, stack(0x0000003cf3300000,0x0000003cf3400000)]
  0x000001922266d800 JavaThread "Cache worker for file content cache (C:\Program Files\Android\gradle-7.3.3\caches\7.4\fileContent)" [_thread_blocked, id=12768, stack(0x0000003cf3400000,0x0000003cf3500000)]
  0x000001922266e800 JavaThread "jar transforms Thread 3" [_thread_blocked, id=7124, stack(0x0000003cf3500000,0x0000003cf3600000)]
  0x000001922266f000 JavaThread "jar transforms Thread 4" [_thread_blocked, id=13796, stack(0x0000003cf3600000,0x0000003cf3700000)]
  0x000001922266c000 JavaThread "jar transforms Thread 5" [_thread_blocked, id=3764, stack(0x0000003cf3700000,0x0000003cf3800000)]
  0x0000019222676800 JavaThread "jar transforms Thread 6" [_thread_blocked, id=1116, stack(0x0000003cf3800000,0x0000003cf3900000)]
  0x0000019222677800 JavaThread "jar transforms Thread 7" [_thread_blocked, id=12576, stack(0x0000003cf3a00000,0x0000003cf3b00000)]
  0x0000019222410800 JavaThread "jar transforms Thread 8" [_thread_blocked, id=4188, stack(0x0000003cf8c00000,0x0000003cf8d00000)]
  0x000001922240b000 JavaThread "Memory manager" [_thread_blocked, id=1796, stack(0x0000003cf1500000,0x0000003cf1600000)]
  0x00000192266b1000 JavaThread "pool-4-thread-1" [_thread_blocked, id=13180, stack(0x0000003cf8d00000,0x0000003cf8e00000)]
  0x00000192266b2000 JavaThread "Daemon Thread 3" [_thread_blocked, id=13460, stack(0x0000003cf0000000,0x0000003cf0100000)]
  0x00000192266b3800 JavaThread "Handler for socket connection from /127.0.0.1:50286 to /127.0.0.1:50448" [_thread_in_native, id=12656, stack(0x0000003cf0100000,0x0000003cf0200000)]
  0x00000192266b4800 JavaThread "Cancel handler" [_thread_blocked, id=13744, stack(0x0000003cf0200000,0x0000003cf0300000)]
  0x00000192266b5000 JavaThread "Daemon worker Thread 3" [_thread_blocked, id=14328, stack(0x0000003cf1400000,0x0000003cf1500000)]
  0x00000192266b6000 JavaThread "Asynchronous log dispatcher for DefaultDaemonConnection: socket connection from /127.0.0.1:50286 to /127.0.0.1:50448" [_thread_blocked, id=992, stack(0x0000003cf1b00000,0x0000003cf1c00000)]
  0x00000192266b2800 JavaThread "Stdin handler" [_thread_blocked, id=1580, stack(0x0000003cf1c00000,0x0000003cf1d00000)]
  0x00000192266b0000 JavaThread "Daemon client event forwarder" [_thread_blocked, id=10264, stack(0x0000003cf1d00000,0x0000003cf1e00000)]
  0x000001921fb09800 JavaThread "C2 CompilerThread1" daemon [_thread_in_native, id=1348, stack(0x0000003cf1e00000,0x0000003cf1f00000)]
  0x00000192266ba000 JavaThread "Cache worker for checksums cache (D:\CollegeApp\.gradle\7.4\checksums)" [_thread_blocked, id=14152, stack(0x0000003cf1f00000,0x0000003cf2000000)]
  0x00000192266b9000 JavaThread "Cache worker for cache directory md-rule (C:\Program Files\Android\gradle-7.3.3\caches\7.4\md-rule)" [_thread_blocked, id=11268, stack(0x0000003cf2000000,0x0000003cf2100000)]
  0x00000192266bb000 JavaThread "Cache worker for file hash cache (D:\CollegeApp\.gradle\7.4\fileHashes)" [_thread_blocked, id=14212, stack(0x0000003cf2100000,0x0000003cf2200000)]
  0x00000192266bb800 JavaThread "Cache worker for cache directory md-supplier (C:\Program Files\Android\gradle-7.3.3\caches\7.4\md-supplier)" [_thread_blocked, id=6956, stack(0x0000003cf2e00000,0x0000003cf2f00000)]
  0x00000192266bc800 JavaThread "Cache worker for dependencies-accessors (D:\CollegeApp\.gradle\7.4\dependencies-accessors)" [_thread_blocked, id=5756, stack(0x0000003cf2f00000,0x0000003cf3000000)]
  0x00000192266b7000 JavaThread "Cache worker for Build Output Cleanup Cache (D:\CollegeApp\.gradle\buildOutputCleanup)" [_thread_blocked, id=7996, stack(0x0000003cf3000000,0x0000003cf3100000)]
  0x00000192266bd800 JavaThread "Unconstrained build operations" [_thread_blocked, id=13864, stack(0x0000003cf3900000,0x0000003cf3a00000)]
  0x00000192266b7800 JavaThread "Unconstrained build operations Thread 2" [_thread_blocked, id=4340, stack(0x0000003cf3b00000,0x0000003cf3c00000)]
  0x00000192266be000 JavaThread "Unconstrained build operations Thread 3" [_thread_blocked, id=2832, stack(0x0000003cf3c00000,0x0000003cf3d00000)]
  0x00000192266b8800 JavaThread "Unconstrained build operations Thread 4" [_thread_blocked, id=5624, stack(0x0000003cf3d00000,0x0000003cf3e00000)]
  0x00000192266bf000 JavaThread "Unconstrained build operations Thread 5" [_thread_blocked, id=1304, stack(0x0000003cf3e00000,0x0000003cf3f00000)]
  0x000001922240c000 JavaThread "Unconstrained build operations Thread 6" [_thread_blocked, id=2840, stack(0x0000003cf3f00000,0x0000003cf4000000)]
  0x000001922240d800 JavaThread "Unconstrained build operations Thread 7" [_thread_blocked, id=10608, stack(0x0000003cf4000000,0x0000003cf4100000)]
  0x000001922240c800 JavaThread "Unconstrained build operations Thread 8" [_thread_blocked, id=5356, stack(0x0000003cf4100000,0x0000003cf4200000)]
  0x000001922240e800 JavaThread "Unconstrained build operations Thread 9" [_thread_blocked, id=12312, stack(0x0000003cf4200000,0x0000003cf4300000)]
  0x000001922240a000 JavaThread "Unconstrained build operations Thread 10" [_thread_blocked, id=5544, stack(0x0000003cf4300000,0x0000003cf4400000)]
  0x000001922240f000 JavaThread "Unconstrained build operations Thread 11" [_thread_blocked, id=7128, stack(0x0000003cf4400000,0x0000003cf4500000)]
  0x0000019222409800 JavaThread "Unconstrained build operations Thread 12" [_thread_blocked, id=13664, stack(0x0000003cf4500000,0x0000003cf4600000)]
  0x0000019222415000 JavaThread "Unconstrained build operations Thread 13" [_thread_blocked, id=5992, stack(0x0000003cf4600000,0x0000003cf4700000)]
  0x0000019222415800 JavaThread "Unconstrained build operations Thread 14" [_thread_blocked, id=13256, stack(0x0000003cf4700000,0x0000003cf4800000)]
  0x0000019222411800 JavaThread "Unconstrained build operations Thread 15" [_thread_blocked, id=10716, stack(0x0000003cf4800000,0x0000003cf4900000)]
  0x0000019222410000 JavaThread "Unconstrained build operations Thread 16" [_thread_blocked, id=13216, stack(0x0000003cf4900000,0x0000003cf4a00000)]
  0x0000019222418000 JavaThread "Unconstrained build operations Thread 17" [_thread_blocked, id=3980, stack(0x0000003cf4a00000,0x0000003cf4b00000)]
  0x0000019222412800 JavaThread "Unconstrained build operations Thread 18" [_thread_blocked, id=12504, stack(0x0000003cf4b00000,0x0000003cf4c00000)]
  0x0000019222416800 JavaThread "Unconstrained build operations Thread 19" [_thread_blocked, id=2544, stack(0x0000003cf4c00000,0x0000003cf4d00000)]
  0x0000019222413000 JavaThread "Unconstrained build operations Thread 20" [_thread_blocked, id=3544, stack(0x0000003cf4d00000,0x0000003cf4e00000)]
  0x0000019222417800 JavaThread "Unconstrained build operations Thread 21" [_thread_blocked, id=8976, stack(0x0000003cf4e00000,0x0000003cf4f00000)]
  0x0000019222414000 JavaThread "Unconstrained build operations Thread 22" [_thread_blocked, id=4736, stack(0x0000003cf4f00000,0x0000003cf5000000)]
  0x0000019222678000 JavaThread "Unconstrained build operations Thread 23" [_thread_blocked, id=8988, stack(0x0000003cf5000000,0x0000003cf5100000)]
  0x0000019222675800 JavaThread "Unconstrained build operations Thread 24" [_thread_blocked, id=10336, stack(0x0000003cf5100000,0x0000003cf5200000)]
  0x0000019222672800 JavaThread "Unconstrained build operations Thread 25" [_thread_blocked, id=2588, stack(0x0000003cf5200000,0x0000003cf5300000)]
  0x0000019222679000 JavaThread "Unconstrained build operations Thread 26" [_thread_blocked, id=2152, stack(0x0000003cf5300000,0x0000003cf5400000)]
  0x0000019222673800 JavaThread "Unconstrained build operations Thread 27" [_thread_blocked, id=15100, stack(0x0000003cf5400000,0x0000003cf5500000)]
  0x000001922267a000 JavaThread "Unconstrained build operations Thread 28" [_thread_blocked, id=9404, stack(0x0000003cf5500000,0x0000003cf5600000)]
  0x0000019222674000 JavaThread "Unconstrained build operations Thread 29" [_thread_blocked, id=9400, stack(0x0000003cf5600000,0x0000003cf5700000)]
  0x000001922267a800 JavaThread "Unconstrained build operations Thread 30" [_thread_blocked, id=7200, stack(0x0000003cf5700000,0x0000003cf5800000)]
  0x0000019222675000 JavaThread "Unconstrained build operations Thread 31" [_thread_blocked, id=7152, stack(0x0000003cf5800000,0x0000003cf5900000)]
  0x00000192203d2800 JavaThread "Unconstrained build operations Thread 32" [_thread_blocked, id=9284, stack(0x0000003cf5900000,0x0000003cf5a00000)]
  0x00000192203d3800 JavaThread "Unconstrained build operations Thread 33" [_thread_blocked, id=9288, stack(0x0000003cf5a00000,0x0000003cf5b00000)]
  0x00000192203d4800 JavaThread "Unconstrained build operations Thread 34" [_thread_blocked, id=8208, stack(0x0000003cf5b00000,0x0000003cf5c00000)]
  0x00000192203d5000 JavaThread "Unconstrained build operations Thread 35" [_thread_blocked, id=8228, stack(0x0000003cf5c00000,0x0000003cf5d00000)]
  0x000001922a1f9000 JavaThread "Unconstrained build operations Thread 36" [_thread_blocked, id=8212, stack(0x0000003cf5d00000,0x0000003cf5e00000)]
  0x000001922a1fd000 JavaThread "Unconstrained build operations Thread 37" [_thread_blocked, id=10036, stack(0x0000003cf5e00000,0x0000003cf5f00000)]
  0x000001922a1fc800 JavaThread "Unconstrained build operations Thread 38" [_thread_blocked, id=10004, stack(0x0000003cf5f00000,0x0000003cf6000000)]
  0x000001922a1f8000 JavaThread "Unconstrained build operations Thread 39" [_thread_blocked, id=5916, stack(0x0000003cf6000000,0x0000003cf6100000)]
  0x000001922a1fa000 JavaThread "Unconstrained build operations Thread 40" [_thread_blocked, id=5480, stack(0x0000003cf6100000,0x0000003cf6200000)]
  0x000001922a1fa800 JavaThread "Unconstrained build operations Thread 41" [_thread_blocked, id=2516, stack(0x0000003cf6200000,0x0000003cf6300000)]
  0x000001922a1f7800 JavaThread "Unconstrained build operations Thread 42" [_thread_blocked, id=8876, stack(0x0000003cf6300000,0x0000003cf6400000)]
  0x000001922a200800 JavaThread "Unconstrained build operations Thread 43" [_thread_blocked, id=11456, stack(0x0000003cf6400000,0x0000003cf6500000)]
  0x000001922a201000 JavaThread "Unconstrained build operations Thread 44" [_thread_blocked, id=11816, stack(0x0000003cf6500000,0x0000003cf6600000)]
  0x000001922a1fe000 JavaThread "Unconstrained build operations Thread 45" [_thread_blocked, id=3036, stack(0x0000003cf6600000,0x0000003cf6700000)]
  0x000001922a1fb800 JavaThread "Unconstrained build operations Thread 46" [_thread_blocked, id=2964, stack(0x0000003cf6700000,0x0000003cf6800000)]
  0x000001922a202000 JavaThread "Unconstrained build operations Thread 47" [_thread_blocked, id=1500, stack(0x0000003cf6800000,0x0000003cf6900000)]
  0x000001922a203000 JavaThread "Unconstrained build operations Thread 48" [_thread_blocked, id=1840, stack(0x0000003cf6900000,0x0000003cf6a00000)]
  0x000001922a204800 JavaThread "Unconstrained build operations Thread 49" [_thread_blocked, id=6488, stack(0x0000003cf6a00000,0x0000003cf6b00000)]
  0x000001922a203800 JavaThread "Unconstrained build operations Thread 50" [_thread_blocked, id=15172, stack(0x0000003cf6b00000,0x0000003cf6c00000)]
  0x000001922a1fe800 JavaThread "Unconstrained build operations Thread 51" [_thread_blocked, id=13576, stack(0x0000003cf6c00000,0x0000003cf6d00000)]
  0x000001922a205800 JavaThread "Unconstrained build operations Thread 52" [_thread_blocked, id=13696, stack(0x0000003cf6d00000,0x0000003cf6e00000)]
  0x000001922a1ff800 JavaThread "Unconstrained build operations Thread 53" [_thread_blocked, id=2500, stack(0x0000003cf6e00000,0x0000003cf6f00000)]
  0x000001922a206000 JavaThread "Unconstrained build operations Thread 54" [_thread_blocked, id=10564, stack(0x0000003cf6f00000,0x0000003cf7000000)]
  0x000001922a334000 JavaThread "Unconstrained build operations Thread 55" [_thread_blocked, id=9524, stack(0x0000003cf7000000,0x0000003cf7100000)]
  0x000001922a333000 JavaThread "Unconstrained build operations Thread 56" [_thread_blocked, id=3608, stack(0x0000003cf7100000,0x0000003cf7200000)]
  0x000001922a335000 JavaThread "Unconstrained build operations Thread 57" [_thread_blocked, id=6548, stack(0x0000003cf7200000,0x0000003cf7300000)]
  0x000001922a336800 JavaThread "Unconstrained build operations Thread 58" [_thread_blocked, id=2132, stack(0x0000003cf7300000,0x0000003cf7400000)]
  0x000001922a335800 JavaThread "Unconstrained build operations Thread 59" [_thread_blocked, id=5696, stack(0x0000003cf7400000,0x0000003cf7500000)]
  0x000001922a337800 JavaThread "Unconstrained build operations Thread 60" [_thread_blocked, id=1876, stack(0x0000003cf7500000,0x0000003cf7600000)]
  0x000001922a331800 JavaThread "Unconstrained build operations Thread 61" [_thread_blocked, id=15348, stack(0x0000003cf7600000,0x0000003cf7700000)]
  0x000001922a338000 JavaThread "Unconstrained build operations Thread 62" [_thread_blocked, id=12008, stack(0x0000003cf7700000,0x0000003cf7800000)]
  0x000001922a332800 JavaThread "Unconstrained build operations Thread 63" [_thread_blocked, id=1812, stack(0x0000003cf7800000,0x0000003cf7900000)]
  0x000001922a33d000 JavaThread "Unconstrained build operations Thread 64" [_thread_blocked, id=11708, stack(0x0000003cf7900000,0x0000003cf7a00000)]
  0x000001922a33a800 JavaThread "Unconstrained build operations Thread 65" [_thread_blocked, id=13320, stack(0x0000003cf7a00000,0x0000003cf7b00000)]
  0x000001922a33b800 JavaThread "Unconstrained build operations Thread 66" [_thread_blocked, id=4472, stack(0x0000003cf7b00000,0x0000003cf7c00000)]
  0x000001922a33c000 JavaThread "Unconstrained build operations Thread 67" [_thread_blocked, id=8200, stack(0x0000003cf7c00000,0x0000003cf7d00000)]
  0x000001922a33e000 JavaThread "Unconstrained build operations Thread 68" [_thread_blocked, id=2412, stack(0x0000003cf7d00000,0x0000003cf7e00000)]
  0x000001922a33e800 JavaThread "Unconstrained build operations Thread 69" [_thread_blocked, id=14416, stack(0x0000003cf7e00000,0x0000003cf7f00000)]
  0x000001922a339000 JavaThread "Unconstrained build operations Thread 70" [_thread_blocked, id=12384, stack(0x0000003cf7f00000,0x0000003cf8000000)]
  0x000001922a33f800 JavaThread "Unconstrained build operations Thread 71" [_thread_blocked, id=15016, stack(0x0000003cf8000000,0x0000003cf8100000)]
  0x000001922a33a000 JavaThread "Unconstrained build operations Thread 72" [_thread_blocked, id=2080, stack(0x0000003cf8100000,0x0000003cf8200000)]
  0x000001922a340800 JavaThread "Unconstrained build operations Thread 73" [_thread_blocked, id=2296, stack(0x0000003cf8200000,0x0000003cf8300000)]
  0x000001921fd7b800 JavaThread "Unconstrained build operations Thread 74" [_thread_blocked, id=7748, stack(0x0000003cf8300000,0x0000003cf8400000)]
  0x000001921fd77800 JavaThread "Unconstrained build operations Thread 75" [_thread_blocked, id=15144, stack(0x0000003cf8400000,0x0000003cf8500000)]
  0x000001921fd7a800 JavaThread "Unconstrained build operations Thread 76" [_thread_blocked, id=10016, stack(0x0000003cf8500000,0x0000003cf8600000)]
  0x000001921fd7c000 JavaThread "Unconstrained build operations Thread 77" [_thread_blocked, id=5156, stack(0x0000003cf8600000,0x0000003cf8700000)]
  0x000001921fd76800 JavaThread "Unconstrained build operations Thread 78" [_thread_blocked, id=4716, stack(0x0000003cf8700000,0x0000003cf8800000)]
  0x000001921fd7d000 JavaThread "Unconstrained build operations Thread 79" [_thread_blocked, id=13580, stack(0x0000003cf8800000,0x0000003cf8900000)]
  0x000001921fd7e000 JavaThread "Unconstrained build operations Thread 80" [_thread_blocked, id=7192, stack(0x0000003cf8900000,0x0000003cf8a00000)]
  0x000001921fd78000 JavaThread "pool-7-thread-1" [_thread_blocked, id=5840, stack(0x0000003cf8a00000,0x0000003cf8b00000)]
  0x000001921fd7e800 JavaThread "included builds" [_thread_blocked, id=7776, stack(0x0000003cf8b00000,0x0000003cf8c00000)]
  0x000001921fd80000 JavaThread "Cache worker for execution history cache (D:\CollegeApp\.gradle\7.4\executionHistory)" [_thread_blocked, id=15132, stack(0x0000003cf9500000,0x0000003cf9600000)]

Other Threads:
=>0x000001921e08f000 VMThread "VM Thread" [stack: 0x0000003cf0900000,0x0000003cf0a00000] [id=12936]
  0x000001921ebb5800 WatcherThread [stack: 0x0000003cf1300000,0x0000003cf1400000] [id=12684]
  0x0000019201c66800 GCTaskThread "GC Thread#0" [stack: 0x0000003cf0400000,0x0000003cf0500000] [id=14284]
  0x000001921f868800 GCTaskThread "GC Thread#1" [stack: 0x0000003cf1600000,0x0000003cf1700000] [id=9860]
  0x000001921fb4a000 GCTaskThread "GC Thread#2" [stack: 0x0000003cf1700000,0x0000003cf1800000] [id=14384]
  0x00000192203d8800 GCTaskThread "GC Thread#3" [stack: 0x0000003cf2200000,0x0000003cf2300000] [id=6016]
  0x00000192203d9000 GCTaskThread "GC Thread#4" [stack: 0x0000003cf2300000,0x0000003cf2400000] [id=11272]
  0x00000192205ad800 GCTaskThread "GC Thread#5" [stack: 0x0000003cf2400000,0x0000003cf2500000] [id=7224]
  0x00000192205ae800 GCTaskThread "GC Thread#6" [stack: 0x0000003cf2500000,0x0000003cf2600000] [id=9500]
  0x000001922001d800 GCTaskThread "GC Thread#7" [stack: 0x0000003cf2600000,0x0000003cf2700000] [id=12716]
  0x0000019201c98800 ConcurrentGCThread "G1 Main Marker" [stack: 0x0000003cf0500000,0x0000003cf0600000] [id=11300]
  0x0000019201c99800 ConcurrentGCThread "G1 Conc#0" [stack: 0x0000003cf0600000,0x0000003cf0700000] [id=13488]
  0x000001921fe03000 ConcurrentGCThread "G1 Conc#1" [stack: 0x0000003cf2a00000,0x0000003cf2b00000] [id=9784]
  0x000001921dee0800 ConcurrentGCThread "G1 Refine#0" [stack: 0x0000003cf0700000,0x0000003cf0800000] [id=13732]
  0x00000192263f3800 ConcurrentGCThread "G1 Refine#1" [stack: 0x0000003cf2d00000,0x0000003cf2e00000] [id=14476]
  0x000001921dee1800 ConcurrentGCThread "G1 Young RemSet Sampling" [stack: 0x0000003cf0800000,0x0000003cf0900000] [id=2332]

Threads with active compile tasks:
C2 CompilerThread0 236378 11933       4       org.gradle.tooling.internal.provider.runner.ClientBuildEventGenerator::started (168 bytes)
C2 CompilerThread1 236378 11966   !   4       org.gradle.api.internal.attributes.DefaultImmutableAttributesFactory::doConcatIsolatable (128 bytes)

VM state:at safepoint (normal execution)

VM Mutex/Monitor currently owned by a thread:  ([mutex/lock_event])
[0x0000019201c47f90] Threads_lock - owner thread: 0x000001921e08f000
[0x0000019201c48140] Heap_lock - owner thread: 0x00000192266be000

Heap address: 0x0000000080000000, size: 2048 MB, Compressed Oops mode: 32-bit
Narrow klass base: 0x0000000000000000, Narrow klass shift: 3
Compressed class space size: 1073741824 Address: 0x0000000100000000

Heap:
 garbage-first heap   total 421888K, used 159127K [0x0000000080000000, 0x0000000100000000)
  region size 1024K, 5 young (5120K), 5 survivors (5120K)
 Metaspace       used 105049K, capacity 108288K, committed 108508K, reserved 1142784K
  class space    used 13181K, capacity 14303K, committed 14348K, reserved 1048576K
Heap Regions: E=young(eden), S=young(survivor), O=old, HS=humongous(starts), HC=humongous(continues), CS=collection set, F=free, A=archive, TAMS=top-at-mark-start (previous, next)
|   0|0x0000000080000000, 0x0000000080100000, 0x0000000080100000|100%| O|  |TAMS 0x0000000080100000, 0x0000000080000000| Untracked 
|   1|0x0000000080100000, 0x0000000080200000, 0x0000000080200000|100%| O|  |TAMS 0x0000000080200000, 0x0000000080100000| Untracked 
|   2|0x0000000080200000, 0x0000000080300000, 0x0000000080300000|100%| O|  |TAMS 0x0000000080300000, 0x0000000080200000| Untracked 
|   3|0x0000000080300000, 0x0000000080400000, 0x0000000080400000|100%|HS|  |TAMS 0x0000000080400000, 0x0000000080300000| Complete 
|   4|0x0000000080400000, 0x0000000080500000, 0x0000000080500000|100%|HC|  |TAMS 0x0000000080500000, 0x0000000080400000| Complete 
|   5|0x0000000080500000, 0x0000000080600000, 0x0000000080600000|100%|HC|  |TAMS 0x0000000080600000, 0x0000000080500000| Complete 
|   6|0x0000000080600000, 0x0000000080700000, 0x0000000080700000|100%| O|  |TAMS 0x0000000080700000, 0x0000000080600000| Untracked 
|   7|0x0000000080700000, 0x0000000080800000, 0x0000000080800000|100%| O|  |TAMS 0x0000000080800000, 0x0000000080700000| Untracked 
|   8|0x0000000080800000, 0x0000000080900000, 0x0000000080900000|100%| O|  |TAMS 0x0000000080900000, 0x0000000080800000| Untracked 
|   9|0x0000000080900000, 0x0000000080a00000, 0x0000000080a00000|100%| O|  |TAMS 0x0000000080a00000, 0x0000000080900000| Untracked 
|  10|0x0000000080a00000, 0x0000000080b00000, 0x0000000080b00000|100%| O|  |TAMS 0x0000000080b00000, 0x0000000080a00000| Untracked 
|  11|0x0000000080b00000, 0x0000000080c00000, 0x0000000080c00000|100%| O|  |TAMS 0x0000000080c00000, 0x0000000080b00000| Untracked 
|  12|0x0000000080c00000, 0x0000000080d00000, 0x0000000080d00000|100%| O|  |TAMS 0x0000000080d00000, 0x0000000080c00000| Untracked 
|  13|0x0000000080d00000, 0x0000000080e00000, 0x0000000080e00000|100%| O|  |TAMS 0x0000000080e00000, 0x0000000080d00000| Untracked 
|  14|0x0000000080e00000, 0x0000000080f00000, 0x0000000080f00000|100%| O|  |TAMS 0x0000000080f00000, 0x0000000080e00000| Untracked 
|  15|0x0000000080f00000, 0x0000000081000000, 0x0000000081000000|100%| O|  |TAMS 0x0000000081000000, 0x0000000080f00000| Untracked 
|  16|0x0000000081000000, 0x0000000081100000, 0x0000000081100000|100%| O|  |TAMS 0x0000000081100000, 0x0000000081000000| Untracked 
|  17|0x0000000081100000, 0x0000000081200000, 0x0000000081200000|100%| O|  |TAMS 0x0000000081200000, 0x0000000081100000| Untracked 
|  18|0x0000000081200000, 0x0000000081300000, 0x0000000081300000|100%| O|  |TAMS 0x0000000081300000, 0x0000000081200000| Untracked 
|  19|0x0000000081300000, 0x0000000081400000, 0x0000000081400000|100%| O|  |TAMS 0x0000000081400000, 0x0000000081300000| Untracked 
|  20|0x0000000081400000, 0x0000000081500000, 0x0000000081500000|100%| O|  |TAMS 0x0000000081500000, 0x0000000081400000| Untracked 
|  21|0x0000000081500000, 0x0000000081600000, 0x0000000081600000|100%| O|  |TAMS 0x0000000081600000, 0x0000000081500000| Untracked 
|  22|0x0000000081600000, 0x0000000081700000, 0x0000000081700000|100%| O|  |TAMS 0x0000000081700000, 0x0000000081600000| Untracked 
|  23|0x0000000081700000, 0x0000000081800000, 0x0000000081800000|100%| O|  |TAMS 0x0000000081800000, 0x0000000081700000| Untracked 
|  24|0x0000000081800000, 0x0000000081900000, 0x0000000081900000|100%| O|  |TAMS 0x0000000081900000, 0x0000000081800000| Untracked 
|  25|0x0000000081900000, 0x0000000081a00000, 0x0000000081a00000|100%| O|  |TAMS 0x0000000081a00000, 0x0000000081900000| Untracked 
|  26|0x0000000081a00000, 0x0000000081b00000, 0x0000000081b00000|100%| O|  |TAMS 0x0000000081b00000, 0x0000000081a00000| Untracked 
|  27|0x0000000081b00000, 0x0000000081c00000, 0x0000000081c00000|100%| O|  |TAMS 0x0000000081c00000, 0x0000000081b00000| Untracked 
|  28|0x0000000081c00000, 0x0000000081d00000, 0x0000000081d00000|100%| O|  |TAMS 0x0000000081d00000, 0x0000000081c00000| Untracked 
|  29|0x0000000081d00000, 0x0000000081e00000, 0x0000000081e00000|100%| O|  |TAMS 0x0000000081e00000, 0x0000000081d00000| Untracked 
|  30|0x0000000081e00000, 0x0000000081f00000, 0x0000000081f00000|100%|HS|  |TAMS 0x0000000081f00000, 0x0000000081e00000| Complete 
|  31|0x0000000081f00000, 0x0000000082000000, 0x0000000082000000|100%| O|  |TAMS 0x0000000082000000, 0x0000000081f00000| Untracked 
|  32|0x0000000082000000, 0x0000000082100000, 0x0000000082100000|100%| O|  |TAMS 0x0000000082100000, 0x0000000082000000| Untracked 
|  33|0x0000000082100000, 0x0000000082200000, 0x0000000082200000|100%| O|  |TAMS 0x0000000082200000, 0x0000000082100000| Untracked 
|  34|0x0000000082200000, 0x0000000082300000, 0x0000000082300000|100%| O|  |TAMS 0x0000000082300000, 0x0000000082200000| Untracked 
|  35|0x0000000082300000, 0x0000000082400000, 0x0000000082400000|100%|HS|  |TAMS 0x0000000082400000, 0x0000000082300000| Complete 
|  36|0x0000000082400000, 0x0000000082500000, 0x0000000082500000|100%|HS|  |TAMS 0x0000000082500000, 0x0000000082400000| Complete 
|  37|0x0000000082500000, 0x0000000082600000, 0x0000000082600000|100%|HC|  |TAMS 0x0000000082600000, 0x0000000082500000| Complete 
|  38|0x0000000082600000, 0x0000000082700000, 0x0000000082700000|100%| O|  |TAMS 0x0000000082700000, 0x0000000082600000| Untracked 
|  39|0x0000000082700000, 0x0000000082800000, 0x0000000082800000|100%| O|  |TAMS 0x0000000082800000, 0x0000000082700000| Untracked 
|  40|0x0000000082800000, 0x0000000082900000, 0x0000000082900000|100%| O|  |TAMS 0x0000000082900000, 0x0000000082800000| Untracked 
|  41|0x0000000082900000, 0x0000000082a00000, 0x0000000082a00000|100%| O|  |TAMS 0x0000000082a00000, 0x0000000082900000| Untracked 
|  42|0x0000000082a00000, 0x0000000082b00000, 0x0000000082b00000|100%| O|  |TAMS 0x0000000082b00000, 0x0000000082a00000| Untracked 
|  43|0x0000000082b00000, 0x0000000082c00000, 0x0000000082c00000|100%| O|  |TAMS 0x0000000082c00000, 0x0000000082b00000| Untracked 
|  44|0x0000000082c00000, 0x0000000082d00000, 0x0000000082d00000|100%| O|  |TAMS 0x0000000082d00000, 0x0000000082c00000| Untracked 
|  45|0x0000000082d00000, 0x0000000082e00000, 0x0000000082e00000|100%| O|  |TAMS 0x0000000082e00000, 0x0000000082d00000| Untracked 
|  46|0x0000000082e00000, 0x0000000082f00000, 0x0000000082f00000|100%| O|  |TAMS 0x0000000082f00000, 0x0000000082e00000| Untracked 
|  47|0x0000000082f00000, 0x0000000083000000, 0x0000000083000000|100%| O|  |TAMS 0x0000000083000000, 0x0000000082f00000| Untracked 
|  48|0x0000000083000000, 0x0000000083100000, 0x0000000083100000|100%| O|  |TAMS 0x0000000083100000, 0x0000000083000000| Untracked 
|  49|0x0000000083100000, 0x0000000083200000, 0x0000000083200000|100%| O|  |TAMS 0x0000000083200000, 0x0000000083100000| Untracked 
|  50|0x0000000083200000, 0x0000000083300000, 0x0000000083300000|100%| O|  |TAMS 0x0000000083300000, 0x0000000083200000| Untracked 
|  51|0x0000000083300000, 0x0000000083400000, 0x0000000083400000|100%| O|  |TAMS 0x0000000083300000, 0x0000000083300000| Untracked 
|  52|0x0000000083400000, 0x0000000083500000, 0x0000000083500000|100%| O|  |TAMS 0x0000000083500000, 0x0000000083400000| Untracked 
|  53|0x0000000083500000, 0x0000000083600000, 0x0000000083600000|100%|HS|  |TAMS 0x0000000083600000, 0x0000000083500000| Complete 
|  54|0x0000000083600000, 0x0000000083700000, 0x0000000083700000|100%| O|  |TAMS 0x0000000083700000, 0x0000000083600000| Untracked 
|  55|0x0000000083700000, 0x0000000083800000, 0x0000000083800000|100%| O|  |TAMS 0x0000000083800000, 0x0000000083700000| Untracked 
|  56|0x0000000083800000, 0x0000000083900000, 0x0000000083900000|100%| O|  |TAMS 0x0000000083900000, 0x0000000083800000| Untracked 
|  57|0x0000000083900000, 0x0000000083a00000, 0x0000000083a00000|100%| O|  |TAMS 0x0000000083a00000, 0x0000000083900000| Untracked 
|  58|0x0000000083a00000, 0x0000000083b00000, 0x0000000083b00000|100%| O|  |TAMS 0x0000000083b00000, 0x0000000083a00000| Untracked 
|  59|0x0000000083b00000, 0x0000000083c00000, 0x0000000083c00000|100%| O|  |TAMS 0x0000000083c00000, 0x0000000083b00000| Untracked 
|  60|0x0000000083c00000, 0x0000000083d00000, 0x0000000083d00000|100%| O|  |TAMS 0x0000000083d00000, 0x0000000083c00000| Untracked 
|  61|0x0000000083d00000, 0x0000000083e00000, 0x0000000083e00000|100%| O|  |TAMS 0x0000000083e00000, 0x0000000083d00000| Untracked 
|  62|0x0000000083e00000, 0x0000000083f00000, 0x0000000083f00000|100%| O|  |TAMS 0x0000000083f00000, 0x0000000083e00000| Untracked 
|  63|0x0000000083f00000, 0x0000000084000000, 0x0000000084000000|100%| O|  |TAMS 0x0000000084000000, 0x0000000083f00000| Untracked 
|  64|0x0000000084000000, 0x0000000084100000, 0x0000000084100000|100%| O|  |TAMS 0x0000000084100000, 0x0000000084000000| Untracked 
|  65|0x0000000084100000, 0x0000000084200000, 0x0000000084200000|100%| O|  |TAMS 0x0000000084200000, 0x0000000084100000| Untracked 
|  66|0x0000000084200000, 0x0000000084300000, 0x0000000084300000|100%| O|  |TAMS 0x0000000084300000, 0x0000000084200000| Untracked 
|  67|0x0000000084300000, 0x0000000084400000, 0x0000000084400000|100%|HS|  |TAMS 0x0000000084400000, 0x0000000084300000| Complete 
|  68|0x0000000084400000, 0x0000000084500000, 0x0000000084500000|100%|HC|  |TAMS 0x0000000084500000, 0x0000000084400000| Complete 
|  69|0x0000000084500000, 0x0000000084600000, 0x0000000084600000|100%|HS|  |TAMS 0x0000000084600000, 0x0000000084500000| Complete 
|  70|0x0000000084600000, 0x0000000084700000, 0x0000000084700000|100%|HC|  |TAMS 0x0000000084700000, 0x0000000084600000| Complete 
|  71|0x0000000084700000, 0x0000000084800000, 0x0000000084800000|100%|HC|  |TAMS 0x0000000084800000, 0x0000000084700000| Complete 
|  72|0x0000000084800000, 0x0000000084900000, 0x0000000084900000|100%|HS|  |TAMS 0x0000000084900000, 0x0000000084800000| Complete 
|  73|0x0000000084900000, 0x0000000084a00000, 0x0000000084a00000|100%|HC|  |TAMS 0x0000000084a00000, 0x0000000084900000| Complete 
|  74|0x0000000084a00000, 0x0000000084b00000, 0x0000000084b00000|100%|HC|  |TAMS 0x0000000084b00000, 0x0000000084a00000| Complete 
|  75|0x0000000084b00000, 0x0000000084c00000, 0x0000000084c00000|100%|HS|  |TAMS 0x0000000084c00000, 0x0000000084b00000| Complete 
|  76|0x0000000084c00000, 0x0000000084d00000, 0x0000000084d00000|100%|HC|  |TAMS 0x0000000084d00000, 0x0000000084c00000| Complete 
|  77|0x0000000084d00000, 0x0000000084e00000, 0x0000000084e00000|100%|HC|  |TAMS 0x0000000084e00000, 0x0000000084d00000| Complete 
|  78|0x0000000084e00000, 0x0000000084f00000, 0x0000000084f00000|100%|HC|  |TAMS 0x0000000084f00000, 0x0000000084e00000| Complete 
|  79|0x0000000084f00000, 0x0000000085000000, 0x0000000085000000|100%| O|  |TAMS 0x0000000085000000, 0x0000000084f00000| Untracked 
|  80|0x0000000085000000, 0x0000000085100000, 0x0000000085100000|100%| O|  |TAMS 0x0000000085100000, 0x0000000085000000| Untracked 
|  81|0x0000000085100000, 0x0000000085200000, 0x0000000085200000|100%| O|  |TAMS 0x0000000085200000, 0x0000000085100000| Untracked 
|  82|0x0000000085200000, 0x0000000085300000, 0x0000000085300000|100%| O|  |TAMS 0x0000000085300000, 0x0000000085200000| Untracked 
|  83|0x0000000085300000, 0x0000000085400000, 0x0000000085400000|100%| O|  |TAMS 0x0000000085400000, 0x0000000085300000| Untracked 
|  84|0x0000000085400000, 0x0000000085500000, 0x0000000085500000|100%| O|  |TAMS 0x0000000085500000, 0x0000000085400000| Untracked 
|  85|0x0000000085500000, 0x0000000085600000, 0x0000000085600000|100%| O|  |TAMS 0x0000000085600000, 0x0000000085500000| Untracked 
|  86|0x0000000085600000, 0x0000000085700000, 0x0000000085700000|100%| O|  |TAMS 0x0000000085700000, 0x0000000085600000| Untracked 
|  87|0x0000000085700000, 0x0000000085800000, 0x0000000085800000|100%| O|  |TAMS 0x0000000085800000, 0x0000000085700000| Untracked 
|  88|0x0000000085800000, 0x0000000085900000, 0x0000000085900000|100%| O|  |TAMS 0x000000008588ee00, 0x0000000085800000| Untracked 
|  89|0x0000000085900000, 0x0000000085a00000, 0x0000000085a00000|100%|HS|  |TAMS 0x0000000085a00000, 0x0000000085900000| Complete 
|  90|0x0000000085a00000, 0x0000000085b00000, 0x0000000085b00000|100%| O|  |TAMS 0x0000000085b00000, 0x0000000085a00000| Untracked 
|  91|0x0000000085b00000, 0x0000000085c00000, 0x0000000085c00000|100%| O|  |TAMS 0x0000000085c00000, 0x0000000085b00000| Untracked 
|  92|0x0000000085c00000, 0x0000000085d00000, 0x0000000085d00000|100%|HS|  |TAMS 0x0000000085d00000, 0x0000000085c00000| Complete 
|  93|0x0000000085d00000, 0x0000000085e00000, 0x0000000085e00000|100%|HC|  |TAMS 0x0000000085e00000, 0x0000000085d00000| Complete 
|  94|0x0000000085e00000, 0x0000000085f00000, 0x0000000085f00000|100%|HC|  |TAMS 0x0000000085f00000, 0x0000000085e00000| Complete 
|  95|0x0000000085f00000, 0x0000000086000000, 0x0000000086000000|100%|HC|  |TAMS 0x0000000086000000, 0x0000000085f00000| Complete 
|  96|0x0000000086000000, 0x0000000086100000, 0x0000000086100000|100%|HC|  |TAMS 0x0000000086100000, 0x0000000086000000| Complete 
|  97|0x0000000086100000, 0x0000000086200000, 0x0000000086200000|100%|HS|  |TAMS 0x0000000086200000, 0x0000000086100000| Complete 
|  98|0x0000000086200000, 0x0000000086300000, 0x0000000086300000|100%|HC|  |TAMS 0x0000000086300000, 0x0000000086200000| Complete 
|  99|0x0000000086300000, 0x0000000086400000, 0x0000000086400000|100%|HC|  |TAMS 0x0000000086400000, 0x0000000086300000| Complete 
| 100|0x0000000086400000, 0x0000000086500000, 0x0000000086500000|100%|HC|  |TAMS 0x0000000086500000, 0x0000000086400000| Complete 
| 101|0x0000000086500000, 0x0000000086600000, 0x0000000086600000|100%|HS|  |TAMS 0x0000000086600000, 0x0000000086500000| Complete 
| 102|0x0000000086600000, 0x0000000086700000, 0x0000000086700000|100%|HC|  |TAMS 0x0000000086700000, 0x0000000086600000| Complete 
| 103|0x0000000086700000, 0x0000000086800000, 0x0000000086800000|100%|HC|  |TAMS 0x0000000086800000, 0x0000000086700000| Complete 
| 104|0x0000000086800000, 0x0000000086900000, 0x0000000086900000|100%|HS|  |TAMS 0x0000000086900000, 0x0000000086800000| Complete 
| 105|0x0000000086900000, 0x0000000086a00000, 0x0000000086a00000|100%|HC|  |TAMS 0x0000000086a00000, 0x0000000086900000| Complete 
| 106|0x0000000086a00000, 0x0000000086b00000, 0x0000000086b00000|100%|HS|  |TAMS 0x0000000086b00000, 0x0000000086a00000| Complete 
| 107|0x0000000086b00000, 0x0000000086c00000, 0x0000000086c00000|100%|HC|  |TAMS 0x0000000086c00000, 0x0000000086b00000| Complete 
| 108|0x0000000086c00000, 0x0000000086d00000, 0x0000000086d00000|100%|HC|  |TAMS 0x0000000086d00000, 0x0000000086c00000| Complete 
| 109|0x0000000086d00000, 0x0000000086e00000, 0x0000000086e00000|100%| O|  |TAMS 0x0000000086e00000, 0x0000000086d00000| Untracked 
| 110|0x0000000086e00000, 0x0000000086f00000, 0x0000000086f00000|100%| O|  |TAMS 0x0000000086f00000, 0x0000000086e00000| Untracked 
| 111|0x0000000086f00000, 0x0000000087000000, 0x0000000087000000|100%| O|  |TAMS 0x0000000087000000, 0x0000000086f00000| Untracked 
| 112|0x0000000087000000, 0x0000000087100000, 0x0000000087100000|100%|HS|  |TAMS 0x0000000087100000, 0x0000000087000000| Complete 
| 113|0x0000000087100000, 0x0000000087200000, 0x0000000087200000|100%|HC|  |TAMS 0x0000000087200000, 0x0000000087100000| Complete 
| 114|0x0000000087200000, 0x0000000087300000, 0x0000000087300000|100%|HC|  |TAMS 0x0000000087300000, 0x0000000087200000| Complete 
| 115|0x0000000087300000, 0x0000000087400000, 0x0000000087400000|100%|HC|  |TAMS 0x0000000087400000, 0x0000000087300000| Complete 
| 116|0x0000000087400000, 0x0000000087500000, 0x0000000087500000|100%|HC|  |TAMS 0x0000000087500000, 0x0000000087400000| Complete 
| 117|0x0000000087500000, 0x0000000087600000, 0x0000000087600000|100%| O|  |TAMS 0x0000000087600000, 0x0000000087500000| Untracked 
| 118|0x0000000087600000, 0x0000000087700000, 0x0000000087700000|100%| O|  |TAMS 0x0000000087700000, 0x0000000087600000| Untracked 
| 119|0x0000000087700000, 0x0000000087800000, 0x0000000087800000|100%| O|  |TAMS 0x0000000087800000, 0x0000000087700000| Untracked 
| 120|0x0000000087800000, 0x0000000087900000, 0x0000000087900000|100%| O|  |TAMS 0x0000000087900000, 0x0000000087800000| Untracked 
| 121|0x0000000087900000, 0x0000000087a00000, 0x0000000087a00000|100%| O|  |TAMS 0x0000000087a00000, 0x0000000087900000| Untracked 
| 122|0x0000000087a00000, 0x0000000087b00000, 0x0000000087b00000|100%| O|  |TAMS 0x0000000087b00000, 0x0000000087a00000| Untracked 
| 123|0x0000000087b00000, 0x0000000087c00000, 0x0000000087c00000|100%| O|  |TAMS 0x0000000087c00000, 0x0000000087b00000| Untracked 
| 124|0x0000000087c00000, 0x0000000087d00000, 0x0000000087d00000|100%| O|  |TAMS 0x0000000087d00000, 0x0000000087c00000| Untracked 
| 125|0x0000000087d00000, 0x0000000087e00000, 0x0000000087e00000|100%| O|  |TAMS 0x0000000087e00000, 0x0000000087d00000| Untracked 
| 126|0x0000000087e00000, 0x0000000087f00000, 0x0000000087f00000|100%| O|  |TAMS 0x0000000087f00000, 0x0000000087e00000| Untracked 
| 127|0x0000000087f00000, 0x0000000088000000, 0x0000000088000000|100%|HS|  |TAMS 0x0000000088000000, 0x0000000087f00000| Complete 
| 128|0x0000000088000000, 0x0000000088100000, 0x0000000088100000|100%|HC|  |TAMS 0x0000000088100000, 0x0000000088000000| Complete 
| 129|0x0000000088100000, 0x0000000088200000, 0x0000000088200000|100%|HS|  |TAMS 0x0000000088200000, 0x0000000088100000| Complete 
| 130|0x0000000088200000, 0x0000000088300000, 0x0000000088300000|100%|HC|  |TAMS 0x0000000088300000, 0x0000000088200000| Complete 
| 131|0x0000000088300000, 0x0000000088400000, 0x0000000088400000|100%|HC|  |TAMS 0x0000000088400000, 0x0000000088300000| Complete 
| 132|0x0000000088400000, 0x0000000088500000, 0x0000000088500000|100%|HS|  |TAMS 0x0000000088500000, 0x0000000088400000| Complete 
| 133|0x0000000088500000, 0x0000000088600000, 0x0000000088600000|100%|HC|  |TAMS 0x0000000088600000, 0x0000000088500000| Complete 
| 134|0x0000000088600000, 0x0000000088700000, 0x0000000088700000|100%|HC|  |TAMS 0x0000000088700000, 0x0000000088600000| Complete 
| 135|0x0000000088700000, 0x0000000088800000, 0x0000000088800000|100%|HS|  |TAMS 0x0000000088800000, 0x0000000088700000| Complete 
| 136|0x0000000088800000, 0x0000000088900000, 0x0000000088900000|100%|HC|  |TAMS 0x0000000088900000, 0x0000000088800000| Complete 
| 137|0x0000000088900000, 0x0000000088a00000, 0x0000000088a00000|100%|HC|  |TAMS 0x0000000088a00000, 0x0000000088900000| Complete 
| 138|0x0000000088a00000, 0x0000000088b00000, 0x0000000088b00000|100%|HC|  |TAMS 0x0000000088b00000, 0x0000000088a00000| Complete 
| 139|0x0000000088b00000, 0x0000000088c00000, 0x0000000088c00000|100%|HS|  |TAMS 0x0000000088c00000, 0x0000000088b00000| Complete 
| 140|0x0000000088c00000, 0x0000000088d00000, 0x0000000088d00000|100%|HC|  |TAMS 0x0000000088d00000, 0x0000000088c00000| Complete 
| 141|0x0000000088d00000, 0x0000000088e00000, 0x0000000088e00000|100%|HC|  |TAMS 0x0000000088e00000, 0x0000000088d00000| Complete 
| 142|0x0000000088e00000, 0x0000000088f00000, 0x0000000088f00000|100%|HC|  |TAMS 0x0000000088f00000, 0x0000000088e00000| Complete 
| 143|0x0000000088f00000, 0x0000000089000000, 0x0000000089000000|100%|HC|  |TAMS 0x0000000089000000, 0x0000000088f00000| Complete 
| 144|0x0000000089000000, 0x0000000089100000, 0x0000000089100000|100%| O|  |TAMS 0x0000000089100000, 0x0000000089000000| Untracked 
| 145|0x0000000089100000, 0x0000000089200000, 0x0000000089200000|100%| O|  |TAMS 0x0000000089200000, 0x0000000089100000| Untracked 
| 146|0x0000000089200000, 0x0000000089300000, 0x0000000089300000|100%| O|  |TAMS 0x0000000089300000, 0x0000000089200000| Untracked 
| 147|0x0000000089300000, 0x0000000089301200, 0x0000000089400000|  0%| O|  |TAMS 0x0000000089300000, 0x0000000089300000| Untracked 
| 148|0x0000000089400000, 0x0000000089500000, 0x0000000089500000|100%| O|  |TAMS 0x0000000089500000, 0x0000000089400000| Untracked 
| 149|0x0000000089500000, 0x0000000089600000, 0x0000000089600000|100%| O|  |TAMS 0x0000000089600000, 0x0000000089500000| Untracked 
| 150|0x0000000089600000, 0x0000000089700000, 0x0000000089700000|100%| O|  |TAMS 0x0000000089700000, 0x0000000089600000| Untracked 
| 151|0x0000000089700000, 0x0000000089800000, 0x0000000089800000|100%| O|  |TAMS 0x0000000089800000, 0x0000000089700000| Untracked 
| 152|0x0000000089800000, 0x0000000089800000, 0x0000000089900000|  0%| F|  |TAMS 0x0000000089800000, 0x0000000089800000| Untracked 
| 153|0x0000000089900000, 0x0000000089900000, 0x0000000089a00000|  0%| F|  |TAMS 0x0000000089900000, 0x0000000089900000| Untracked 
| 154|0x0000000089a00000, 0x0000000089a00000, 0x0000000089b00000|  0%| F|  |TAMS 0x0000000089a00000, 0x0000000089a00000| Untracked 
| 155|0x0000000089b00000, 0x0000000089b00000, 0x0000000089c00000|  0%| F|  |TAMS 0x0000000089b00000, 0x0000000089b00000| Untracked 
| 156|0x0000000089c00000, 0x0000000089c00000, 0x0000000089d00000|  0%| F|  |TAMS 0x0000000089c00000, 0x0000000089c00000| Untracked 
| 157|0x0000000089d00000, 0x0000000089d00000, 0x0000000089e00000|  0%| F|  |TAMS 0x0000000089d00000, 0x0000000089d00000| Untracked 
| 158|0x0000000089e00000, 0x0000000089e00000, 0x0000000089f00000|  0%| F|  |TAMS 0x0000000089e00000, 0x0000000089e00000| Untracked 
| 159|0x0000000089f00000, 0x0000000089f00000, 0x000000008a000000|  0%| F|  |TAMS 0x0000000089f00000, 0x0000000089f00000| Untracked 
| 160|0x000000008a000000, 0x000000008a000000, 0x000000008a100000|  0%| F|  |TAMS 0x000000008a000000, 0x000000008a000000| Untracked 
| 161|0x000000008a100000, 0x000000008a100000, 0x000000008a200000|  0%| F|  |TAMS 0x000000008a100000, 0x000000008a100000| Untracked 
| 162|0x000000008a200000, 0x000000008a200000, 0x000000008a300000|  0%| F|  |TAMS 0x000000008a200000, 0x000000008a200000| Untracked 
| 163|0x000000008a300000, 0x000000008a300000, 0x000000008a400000|  0%| F|  |TAMS 0x000000008a300000, 0x000000008a300000| Untracked 
| 164|0x000000008a400000, 0x000000008a400000, 0x000000008a500000|  0%| F|  |TAMS 0x000000008a400000, 0x000000008a400000| Untracked 
| 165|0x000000008a500000, 0x000000008a500000, 0x000000008a600000|  0%| F|  |TAMS 0x000000008a500000, 0x000000008a500000| Untracked 
| 166|0x000000008a600000, 0x000000008a600000, 0x000000008a700000|  0%| F|  |TAMS 0x000000008a600000, 0x000000008a600000| Untracked 
| 167|0x000000008a700000, 0x000000008a700000, 0x000000008a800000|  0%| F|  |TAMS 0x000000008a700000, 0x000000008a700000| Untracked 
| 168|0x000000008a800000, 0x000000008a800000, 0x000000008a900000|  0%| F|  |TAMS 0x000000008a800000, 0x000000008a800000| Untracked 
| 169|0x000000008a900000, 0x000000008a900000, 0x000000008aa00000|  0%| F|  |TAMS 0x000000008a900000, 0x000000008a900000| Untracked 
| 170|0x000000008aa00000, 0x000000008aa00000, 0x000000008ab00000|  0%| F|  |TAMS 0x000000008aa00000, 0x000000008aa00000| Untracked 
| 171|0x000000008ab00000, 0x000000008ab00000, 0x000000008ac00000|  0%| F|  |TAMS 0x000000008ab00000, 0x000000008ab00000| Untracked 
| 172|0x000000008ac00000, 0x000000008ac00000, 0x000000008ad00000|  0%| F|  |TAMS 0x000000008ac00000, 0x000000008ac00000| Untracked 
| 173|0x000000008ad00000, 0x000000008ad00000, 0x000000008ae00000|  0%| F|  |TAMS 0x000000008ad00000, 0x000000008ad00000| Untracked 
| 174|0x000000008ae00000, 0x000000008ae00000, 0x000000008af00000|  0%| F|  |TAMS 0x000000008ae00000, 0x000000008ae00000| Untracked 
| 175|0x000000008af00000, 0x000000008af00000, 0x000000008b000000|  0%| F|  |TAMS 0x000000008af00000, 0x000000008af00000| Untracked 
| 176|0x000000008b000000, 0x000000008b000000, 0x000000008b100000|  0%| F|  |TAMS 0x000000008b000000, 0x000000008b000000| Untracked 
| 177|0x000000008b100000, 0x000000008b100000, 0x000000008b200000|  0%| F|  |TAMS 0x000000008b100000, 0x000000008b100000| Untracked 
| 178|0x000000008b200000, 0x000000008b200000, 0x000000008b300000|  0%| F|  |TAMS 0x000000008b200000, 0x000000008b200000| Untracked 
| 179|0x000000008b300000, 0x000000008b300000, 0x000000008b400000|  0%| F|  |TAMS 0x000000008b300000, 0x000000008b300000| Untracked 
| 180|0x000000008b400000, 0x000000008b400000, 0x000000008b500000|  0%| F|  |TAMS 0x000000008b400000, 0x000000008b400000| Untracked 
| 181|0x000000008b500000, 0x000000008b500000, 0x000000008b600000|  0%| F|  |TAMS 0x000000008b500000, 0x000000008b500000| Untracked 
| 182|0x000000008b600000, 0x000000008b664b60, 0x000000008b700000| 39%| S|CS|TAMS 0x000000008b600000, 0x000000008b600000| Complete 
| 183|0x000000008b700000, 0x000000008b800000, 0x000000008b800000|100%| S|CS|TAMS 0x000000008b700000, 0x000000008b700000| Complete 
| 184|0x000000008b800000, 0x000000008b900000, 0x000000008b900000|100%| S|CS|TAMS 0x000000008b800000, 0x000000008b800000| Complete 
| 185|0x000000008b900000, 0x000000008b900000, 0x000000008ba00000|  0%| F|  |TAMS 0x000000008b900000, 0x000000008b900000| Untracked 
| 186|0x000000008ba00000, 0x000000008ba00000, 0x000000008bb00000|  0%| F|  |TAMS 0x000000008ba00000, 0x000000008ba00000| Untracked 
| 187|0x000000008bb00000, 0x000000008bb00000, 0x000000008bc00000|  0%| F|  |TAMS 0x000000008bb00000, 0x000000008bb00000| Untracked 
| 188|0x000000008bc00000, 0x000000008bc00000, 0x000000008bd00000|  0%| F|  |TAMS 0x000000008bc00000, 0x000000008bc00000| Untracked 
| 189|0x000000008bd00000, 0x000000008be00000, 0x000000008be00000|100%| S|CS|TAMS 0x000000008bd00000, 0x000000008bd00000| Complete 
| 190|0x000000008be00000, 0x000000008bf00000, 0x000000008bf00000|100%| S|CS|TAMS 0x000000008be00000, 0x000000008be00000| Complete 
| 191|0x000000008bf00000, 0x000000008bf00000, 0x000000008c000000|  0%| F|  |TAMS 0x000000008bf00000, 0x000000008bf00000| Untracked 
| 192|0x000000008c000000, 0x000000008c000000, 0x000000008c100000|  0%| F|  |TAMS 0x000000008c000000, 0x000000008c000000| Untracked 
| 193|0x000000008c100000, 0x000000008c100000, 0x000000008c200000|  0%| F|  |TAMS 0x000000008c100000, 0x000000008c100000| Untracked 
| 194|0x000000008c200000, 0x000000008c200000, 0x000000008c300000|  0%| F|  |TAMS 0x000000008c200000, 0x000000008c200000| Untracked 
| 195|0x000000008c300000, 0x000000008c300000, 0x000000008c400000|  0%| F|  |TAMS 0x000000008c300000, 0x000000008c300000| Untracked 
| 196|0x000000008c400000, 0x000000008c400000, 0x000000008c500000|  0%| F|  |TAMS 0x000000008c400000, 0x000000008c400000| Untracked 
| 197|0x000000008c500000, 0x000000008c500000, 0x000000008c600000|  0%| F|  |TAMS 0x000000008c500000, 0x000000008c500000| Untracked 
| 198|0x000000008c600000, 0x000000008c600000, 0x000000008c700000|  0%| F|  |TAMS 0x000000008c600000, 0x000000008c600000| Untracked 
| 199|0x000000008c700000, 0x000000008c700000, 0x000000008c800000|  0%| F|  |TAMS 0x000000008c700000, 0x000000008c700000| Untracked 
| 200|0x000000008c800000, 0x000000008c800000, 0x000000008c900000|  0%| F|  |TAMS 0x000000008c800000, 0x000000008c800000| Untracked 
| 201|0x000000008c900000, 0x000000008c900000, 0x000000008ca00000|  0%| F|  |TAMS 0x000000008c900000, 0x000000008c900000| Untracked 
| 202|0x000000008ca00000, 0x000000008ca00000, 0x000000008cb00000|  0%| F|  |TAMS 0x000000008ca00000, 0x000000008ca00000| Untracked 
| 203|0x000000008cb00000, 0x000000008cb00000, 0x000000008cc00000|  0%| F|  |TAMS 0x000000008cb00000, 0x000000008cb00000| Untracked 
| 204|0x000000008cc00000, 0x000000008cc00000, 0x000000008cd00000|  0%| F|  |TAMS 0x000000008cc00000, 0x000000008cc00000| Untracked 
| 205|0x000000008cd00000, 0x000000008cd00000, 0x000000008ce00000|  0%| F|  |TAMS 0x000000008cd00000, 0x000000008cd00000| Untracked 
| 206|0x000000008ce00000, 0x000000008ce00000, 0x000000008cf00000|  0%| F|  |TAMS 0x000000008ce00000, 0x000000008ce00000| Untracked 
| 207|0x000000008cf00000, 0x000000008cf00000, 0x000000008d000000|  0%| F|  |TAMS 0x000000008cf00000, 0x000000008cf00000| Untracked 
| 208|0x000000008d000000, 0x000000008d000000, 0x000000008d100000|  0%| F|  |TAMS 0x000000008d000000, 0x000000008d000000| Untracked 
| 209|0x000000008d100000, 0x000000008d100000, 0x000000008d200000|  0%| F|  |TAMS 0x000000008d100000, 0x000000008d100000| Untracked 
| 210|0x000000008d200000, 0x000000008d200000, 0x000000008d300000|  0%| F|  |TAMS 0x000000008d200000, 0x000000008d200000| Untracked 
| 211|0x000000008d300000, 0x000000008d300000, 0x000000008d400000|  0%| F|  |TAMS 0x000000008d300000, 0x000000008d300000| Untracked 
| 212|0x000000008d400000, 0x000000008d400000, 0x000000008d500000|  0%| F|  |TAMS 0x000000008d400000, 0x000000008d400000| Untracked 
| 213|0x000000008d500000, 0x000000008d500000, 0x000000008d600000|  0%| F|  |TAMS 0x000000008d500000, 0x000000008d500000| Untracked 
| 214|0x000000008d600000, 0x000000008d600000, 0x000000008d700000|  0%| F|  |TAMS 0x000000008d600000, 0x000000008d600000| Untracked 
| 215|0x000000008d700000, 0x000000008d700000, 0x000000008d800000|  0%| F|  |TAMS 0x000000008d700000, 0x000000008d700000| Untracked 
| 216|0x000000008d800000, 0x000000008d800000, 0x000000008d900000|  0%| F|  |TAMS 0x000000008d800000, 0x000000008d800000| Untracked 
| 217|0x000000008d900000, 0x000000008d900000, 0x000000008da00000|  0%| F|  |TAMS 0x000000008d900000, 0x000000008d900000| Untracked 
| 218|0x000000008da00000, 0x000000008da00000, 0x000000008db00000|  0%| F|  |TAMS 0x000000008da00000, 0x000000008da00000| Untracked 
| 219|0x000000008db00000, 0x000000008db00000, 0x000000008dc00000|  0%| F|  |TAMS 0x000000008db00000, 0x000000008db00000| Untracked 

Card table byte_map: [0x0000019216db0000,0x00000192171b0000] _byte_map_base: 0x00000192169b0000

Marking Bits (Prev, Next): (CMBitMap*) 0x0000019201c8fa88, (CMBitMap*) 0x0000019201c8fac0
 Prev Bits: [0x00000192175b0000, 0x00000192195b0000)
 Next Bits: [0x00000192195b0000, 0x000001921b5b0000)

Polling page: 0x0000019201d30000

Metaspace:

Usage:
  Non-class:     91.78 MB capacity,    89.71 MB ( 98%) used,     1.77 MB (  2%) free+waste,   308.31 KB ( <1%) overhead. 
      Class:     13.97 MB capacity,    12.87 MB ( 92%) used,   979.72 KB (  7%) free+waste,   141.81 KB ( <1%) overhead. 
       Both:    105.75 MB capacity,   102.59 MB ( 97%) used,     2.72 MB (  3%) free+waste,   450.13 KB ( <1%) overhead. 

Virtual space:
  Non-class space:       92.00 MB reserved,      91.95 MB (>99%) committed 
      Class space:        1.00 GB reserved,      14.01 MB (  1%) committed 
             Both:        1.09 GB reserved,     105.96 MB (  9%) committed 

Chunk freelists:
   Non-Class:  47.00 KB
       Class:  1.00 KB
        Both:  48.00 KB

MaxMetaspaceSize: 17179869184.00 GB
CompressedClassSpaceSize: 1.00 GB
Initial GC threshold: 20.80 MB
Current GC threshold: 159.94 MB
CDS: off

CodeHeap 'non-profiled nmethods': size=120000Kb used=7637Kb max_used=7637Kb free=112362Kb
 bounds [0x000001920ea10000, 0x000001920f190000, 0x0000019215f40000]
CodeHeap 'profiled nmethods': size=120000Kb used=25463Kb max_used=25463Kb free=94536Kb
 bounds [0x00000192074e0000, 0x0000019208dc0000, 0x000001920ea10000]
CodeHeap 'non-nmethods': size=5760Kb used=2404Kb max_used=2453Kb free=3355Kb
 bounds [0x0000019206f40000, 0x00000192071c0000, 0x00000192074e0000]
 total_blobs=12788 nmethods=11867 adapters=832
 compilation: enabled
              stopped_count=0, restarted_count=0
 full_count=0

Compilation events (20 events):
Event: 236.305 Thread 0x000001921e0b8000 11991       3       com.google.common.collect.MultimapBuilder$3::createMap (12 bytes)
Event: 236.305 Thread 0x000001921e0b8000 nmethod 11991 0x0000019208db9790 code [0x0000019208db9960, 0x0000019208db9c38]
Event: 236.321 Thread 0x000001921e0b8000 11992   !   3       java.util.concurrent.LinkedBlockingQueue::offer (131 bytes)
Event: 236.323 Thread 0x000001921e0b8000 nmethod 11992 0x0000019208db9d90 code [0x0000019208dba140, 0x0000019208dbba78]
Event: 236.323 Thread 0x000001921e0b8000 11993       1       com.google.common.cache.LocalCache$WeakValueReference::isLoading (2 bytes)
Event: 236.323 Thread 0x000001921e0b8000 nmethod 11993 0x000001920f17d310 code [0x000001920f17d4c0, 0x000001920f17d578]
Event: 236.332 Thread 0x000001921e0b8000 11994       3       org.gradle.api.internal.cache.StringInterner::intern (9 bytes)
Event: 236.332 Thread 0x000001921e0b8000 nmethod 11994 0x0000019208dbc510 code [0x0000019208dbc6e0, 0x0000019208dbcb28]
Event: 236.336 Thread 0x000001921e0b8000 11995       3       org.gradle.internal.snapshot.RelativePathTracker::enter (26 bytes)
Event: 236.336 Thread 0x000001921e0b8000 nmethod 11995 0x0000019208dbcc90 code [0x0000019208dbce60, 0x0000019208dbd0e8]
Event: 236.336 Thread 0x000001921e0b8000 11996       3       org.gradle.internal.snapshot.RelativePathTracker::leave (29 bytes)
Event: 236.336 Thread 0x000001921e0b8000 nmethod 11996 0x0000019208dbd190 code [0x0000019208dbd360, 0x0000019208dbd668]
Event: 236.336 Thread 0x000001921e0b8000 11997       3       org.gradle.internal.snapshot.RegularFileSnapshot::<init> (25 bytes)
Event: 236.337 Thread 0x000001921e0b8000 nmethod 11997 0x0000019208dbd790 code [0x0000019208dbd960, 0x0000019208dbdd58]
Event: 236.344 Thread 0x000001921e0b5000 nmethod 11928 0x000001920f17d610 code [0x000001920f17dac0, 0x000001920f182448]
Event: 236.344 Thread 0x000001921e0b5000 11942       4       org.gradle.internal.instantiation.generator.DependencyInjectingInstantiator::verifyParameters (175 bytes)
Event: 236.347 Thread 0x000001921e0b5000 nmethod 11942 0x000001920f184590 code [0x000001920f184760, 0x000001920f184ac8]
Event: 236.348 Thread 0x000001921e0b5000 11964       4       java.util.AbstractCollection::toArray (144 bytes)
Event: 236.352 Thread 0x000001921e0b5000 nmethod 11964 0x000001920f184d90 code [0x000001920f184f40, 0x000001920f185338]
Event: 236.352 Thread 0x000001921e0b5000 11933       4       org.gradle.tooling.internal.provider.runner.ClientBuildEventGenerator::started (168 bytes)

GC Heap History (20 events):
Event: 235.036 GC heap after
{Heap after GC invocations=36 (full 0):
 garbage-first heap   total 187392K, used 154441K [0x0000000080000000, 0x0000000100000000)
  region size 1024K, 1 young (1024K), 1 survivors (1024K)
 Metaspace       used 92778K, capacity 95825K, committed 96092K, reserved 1132544K
  class space    used 11625K, capacity 12671K, committed 12684K, reserved 1048576K
}
Event: 235.056 GC heap before
{Heap before GC invocations=36 (full 0):
 garbage-first heap   total 187392K, used 162633K [0x0000000080000000, 0x0000000100000000)
  region size 1024K, 9 young (9216K), 1 survivors (1024K)
 Metaspace       used 93027K, capacity 96081K, committed 96348K, reserved 1132544K
  class space    used 11650K, capacity 12671K, committed 12684K, reserved 1048576K
}
Event: 235.057 GC heap after
{Heap after GC invocations=37 (full 0):
 garbage-first heap   total 187392K, used 154430K [0x0000000080000000, 0x0000000100000000)
  region size 1024K, 1 young (1024K), 1 survivors (1024K)
 Metaspace       used 93027K, capacity 96081K, committed 96348K, reserved 1132544K
  class space    used 11650K, capacity 12671K, committed 12684K, reserved 1048576K
}
Event: 235.088 GC heap before
{Heap before GC invocations=37 (full 0):
 garbage-first heap   total 187392K, used 162622K [0x0000000080000000, 0x0000000100000000)
  region size 1024K, 9 young (9216K), 1 survivors (1024K)
 Metaspace       used 93257K, capacity 96217K, committed 96476K, reserved 1132544K
  class space    used 11679K, capacity 12695K, committed 12812K, reserved 1048576K
}
Event: 235.090 GC heap after
{Heap after GC invocations=38 (full 0):
 garbage-first heap   total 187392K, used 154493K [0x0000000080000000, 0x0000000100000000)
  region size 1024K, 1 young (1024K), 1 survivors (1024K)
 Metaspace       used 93257K, capacity 96217K, committed 96476K, reserved 1132544K
  class space    used 11679K, capacity 12695K, committed 12812K, reserved 1048576K
}
Event: 235.122 GC heap before
{Heap before GC invocations=39 (full 0):
 garbage-first heap   total 187392K, used 162685K [0x0000000080000000, 0x0000000100000000)
  region size 1024K, 10 young (10240K), 1 survivors (1024K)
 Metaspace       used 93513K, capacity 96477K, committed 96732K, reserved 1132544K
  class space    used 11710K, capacity 12733K, committed 12812K, reserved 1048576K
}
Event: 235.123 GC heap after
{Heap after GC invocations=40 (full 0):
 garbage-first heap   total 187392K, used 154598K [0x0000000080000000, 0x0000000100000000)
  region size 1024K, 1 young (1024K), 1 survivors (1024K)
 Metaspace       used 93513K, capacity 96477K, committed 96732K, reserved 1132544K
  class space    used 11710K, capacity 12733K, committed 12812K, reserved 1048576K
}
Event: 235.200 GC heap before
{Heap before GC invocations=40 (full 0):
 garbage-first heap   total 187392K, used 161766K [0x0000000080000000, 0x0000000100000000)
  region size 1024K, 9 young (9216K), 1 survivors (1024K)
 Metaspace       used 94356K, capacity 97415K, committed 97628K, reserved 1134592K
  class space    used 11817K, capacity 12855K, committed 12940K, reserved 1048576K
}
Event: 235.201 GC heap after
{Heap after GC invocations=41 (full 0):
 garbage-first heap   total 187392K, used 154217K [0x0000000080000000, 0x0000000100000000)
  region size 1024K, 2 young (2048K), 2 survivors (2048K)
 Metaspace       used 94356K, capacity 97415K, committed 97628K, reserved 1134592K
  class space    used 11817K, capacity 12855K, committed 12940K, reserved 1048576K
}
Event: 235.256 GC heap before
{Heap before GC invocations=41 (full 0):
 garbage-first heap   total 187392K, used 162409K [0x0000000080000000, 0x0000000100000000)
  region size 1024K, 10 young (10240K), 2 survivors (2048K)
 Metaspace       used 94755K, capacity 97710K, committed 97884K, reserved 1134592K
  class space    used 11877K, capacity 12888K, committed 12940K, reserved 1048576K
}
Event: 235.259 GC heap after
{Heap after GC invocations=42 (full 0):
 garbage-first heap   total 187392K, used 154687K [0x0000000080000000, 0x0000000100000000)
  region size 1024K, 2 young (2048K), 2 survivors (2048K)
 Metaspace       used 94755K, capacity 97710K, committed 97884K, reserved 1134592K
  class space    used 11877K, capacity 12888K, committed 12940K, reserved 1048576K
}
Event: 235.335 GC heap before
{Heap before GC invocations=42 (full 0):
 garbage-first heap   total 187392K, used 162879K [0x0000000080000000, 0x0000000100000000)
  region size 1024K, 10 young (10240K), 2 survivors (2048K)
 Metaspace       used 95214K, capacity 98174K, committed 98524K, reserved 1134592K
  class space    used 11939K, capacity 12957K, committed 13068K, reserved 1048576K
}
Event: 235.342 GC heap after
{Heap after GC invocations=43 (full 0):
 garbage-first heap   total 225280K, used 154920K [0x0000000080000000, 0x0000000100000000)
  region size 1024K, 2 young (2048K), 2 survivors (2048K)
 Metaspace       used 95214K, capacity 98174K, committed 98524K, reserved 1134592K
  class space    used 11939K, capacity 12957K, committed 13068K, reserved 1048576K
}
Event: 235.516 GC heap before
{Heap before GC invocations=44 (full 0):
 garbage-first heap   total 225280K, used 179496K [0x0000000080000000, 0x0000000100000000)
  region size 1024K, 26 young (26624K), 2 survivors (2048K)
 Metaspace       used 95873K, capacity 98846K, committed 99036K, reserved 1134592K
  class space    used 12016K, capacity 13053K, committed 13068K, reserved 1048576K
}
Event: 235.522 GC heap after
{Heap after GC invocations=45 (full 0):
 garbage-first heap   total 225280K, used 155039K [0x0000000080000000, 0x0000000100000000)
  region size 1024K, 2 young (2048K), 2 survivors (2048K)
 Metaspace       used 95873K, capacity 98846K, committed 99036K, reserved 1134592K
  class space    used 12016K, capacity 13053K, committed 13068K, reserved 1048576K
}
Event: 235.779 GC heap before
{Heap before GC invocations=45 (full 0):
 garbage-first heap   total 225280K, used 182687K [0x0000000080000000, 0x0000000100000000)
  region size 1024K, 29 young (29696K), 2 survivors (2048K)
 Metaspace       used 99370K, capacity 102410K, committed 102492K, reserved 1138688K
  class space    used 12377K, capacity 13408K, committed 13452K, reserved 1048576K
}
Event: 235.782 GC heap after
{Heap after GC invocations=46 (full 0):
 garbage-first heap   total 225280K, used 155341K [0x0000000080000000, 0x0000000100000000)
  region size 1024K, 2 young (2048K), 2 survivors (2048K)
 Metaspace       used 99370K, capacity 102410K, committed 102492K, reserved 1138688K
  class space    used 12377K, capacity 13408K, committed 13452K, reserved 1048576K
}
Event: 236.110 GC heap before
{Heap before GC invocations=46 (full 0):
 garbage-first heap   total 225280K, used 185037K [0x0000000080000000, 0x0000000100000000)
  region size 1024K, 31 young (31744K), 2 survivors (2048K)
 Metaspace       used 103087K, capacity 106167K, committed 106332K, reserved 1142784K
  class space    used 12884K, capacity 13923K, committed 13964K, reserved 1048576K
}
Event: 236.113 GC heap after
{Heap after GC invocations=47 (full 0):
 garbage-first heap   total 225280K, used 157012K [0x0000000080000000, 0x0000000100000000)
  region size 1024K, 4 young (4096K), 4 survivors (4096K)
 Metaspace       used 103087K, capacity 106167K, committed 106332K, reserved 1142784K
  class space    used 12884K, capacity 13923K, committed 13964K, reserved 1048576K
}
Event: 236.355 GC heap before
{Heap before GC invocations=47 (full 0):
 garbage-first heap   total 225280K, used 186708K [0x0000000080000000, 0x0000000100000000)
  region size 1024K, 33 young (33792K), 4 survivors (4096K)
 Metaspace       used 105049K, capacity 108288K, committed 108508K, reserved 1142784K
  class space    used 13181K, capacity 14303K, committed 14348K, reserved 1048576K
}

Deoptimization events (20 events):
Event: 236.035 Thread 0x00000192266b5000 Uncommon trap: trap_request=0xffffffc6 fr.pc=0x000001920ec432e8 relative=0x0000000000000488
Event: 236.035 Thread 0x00000192266b5000 Uncommon trap: reason=bimorphic_or_optimized_type_check action=maybe_recompile pc=0x000001920ec432e8 method=java.util.HashMap$TreeNode.find(ILjava/lang/Object;Ljava/lang/Class;)Ljava/util/HashMap$TreeNode; @ 68 c2
Event: 236.035 Thread 0x00000192266b5000 DEOPT PACKING pc=0x000001920ec432e8 sp=0x0000003cf14f8980
Event: 236.035 Thread 0x00000192266b5000 DEOPT UNPACKING pc=0x0000019206f485af sp=0x0000003cf14f8910 mode 2
Event: 236.036 Thread 0x00000192266b5000 Uncommon trap: trap_request=0xffffffc6 fr.pc=0x000001920ec432e8 relative=0x0000000000000488
Event: 236.036 Thread 0x00000192266b5000 Uncommon trap: reason=bimorphic_or_optimized_type_check action=maybe_recompile pc=0x000001920ec432e8 method=java.util.HashMap$TreeNode.find(ILjava/lang/Object;Ljava/lang/Class;)Ljava/util/HashMap$TreeNode; @ 68 c2
Event: 236.036 Thread 0x00000192266b5000 DEOPT PACKING pc=0x000001920ec432e8 sp=0x0000003cf14f8a40
Event: 236.036 Thread 0x00000192266b5000 DEOPT UNPACKING pc=0x0000019206f485af sp=0x0000003cf14f89d0 mode 2
Event: 236.175 Thread 0x00000192266b5000 Uncommon trap: trap_request=0xffffff7e fr.pc=0x000001920f12e954 relative=0x00000000000006f4
Event: 236.175 Thread 0x00000192266b5000 Uncommon trap: reason=predicate action=maybe_recompile pc=0x000001920f12e954 method=java.util.TimSort.reverseRange([Ljava/lang/Object;II)V @ 5 c2
Event: 236.175 Thread 0x00000192266b5000 DEOPT PACKING pc=0x000001920f12e954 sp=0x0000003cf14f8e10
Event: 236.175 Thread 0x00000192266b5000 DEOPT UNPACKING pc=0x0000019206f485af sp=0x0000003cf14f8d48 mode 2
Event: 236.233 Thread 0x00000192266b5000 Uncommon trap: trap_request=0xffffff4d fr.pc=0x000001920f14e9b8 relative=0x00000000000001f8
Event: 236.233 Thread 0x00000192266b5000 Uncommon trap: reason=unstable_if action=reinterpret pc=0x000001920f14e9b8 method=org.gradle.internal.instantiation.generator.AbstractClassGenerator.isNameProperty(Lorg/gradle/internal/instantiation/generator/AbstractClassGenerator$PropertyMetadata;)Z @ 2
Event: 236.233 Thread 0x00000192266b5000 DEOPT PACKING pc=0x000001920f14e9b8 sp=0x0000003cf14f70c0
Event: 236.233 Thread 0x00000192266b5000 DEOPT UNPACKING pc=0x0000019206f485af sp=0x0000003cf14f7050 mode 2
Event: 236.321 Thread 0x00000192266be000 Uncommon trap: trap_request=0xfffffff4 fr.pc=0x000001920f0bc77c relative=0x00000000000000dc
Event: 236.321 Thread 0x00000192266be000 Uncommon trap: reason=null_check action=make_not_entrant pc=0x000001920f0bc77c method=org.gradle.tooling.internal.provider.runner.ClientBuildEventGenerator$Disabled.accept(Lorg/gradle/internal/operations/BuildOperationDescriptor;)Lorg/gradle/tooling/inter
Event: 236.321 Thread 0x00000192266be000 DEOPT PACKING pc=0x000001920f0bc77c sp=0x0000003cf3cfe200
Event: 236.321 Thread 0x00000192266be000 DEOPT UNPACKING pc=0x0000019206f485af sp=0x0000003cf3cfe188 mode 2

Classes redefined (0 events):
No events

Internal exceptions (20 events):
Event: 235.949 Thread 0x00000192266b5000 Exception <a 'java/lang/NoSuchMethodError'{0x000000008ca383f8}: 'int java.lang.invoke.DirectMethodHandle$Holder.invokeStatic(java.lang.Object, java.lang.Object, int, java.lang.Object)'> (0x000000008ca383f8) thrown at [./src/hotspot/share/interpreter/linkResolver.cpp, line 773]
Event: 235.995 Thread 0x00000192266b5000 Exception <a 'sun/nio/fs/WindowsException'{0x000000008c96aef0}> (0x000000008c96aef0) thrown at [./src/hotspot/share/prims/jni.cpp, line 616]
Event: 235.995 Thread 0x00000192266b5000 Exception <a 'sun/nio/fs/WindowsException'{0x000000008c96c268}> (0x000000008c96c268) thrown at [./src/hotspot/share/prims/jni.cpp, line 616]
Event: 235.995 Thread 0x00000192266b5000 Exception <a 'sun/nio/fs/WindowsException'{0x000000008c96d630}> (0x000000008c96d630) thrown at [./src/hotspot/share/prims/jni.cpp, line 616]
Event: 235.995 Thread 0x00000192266b5000 Exception <a 'sun/nio/fs/WindowsException'{0x000000008c96e9f8}> (0x000000008c96e9f8) thrown at [./src/hotspot/share/prims/jni.cpp, line 616]
Event: 236.126 Thread 0x00000192266b5000 Exception <a 'java/lang/ClassNotFoundException'{0x000000008da90658}: com/google/gms/googleservices/GoogleServicesTask_DecoratedBeanInfo> (0x000000008da90658) thrown at [./src/hotspot/share/classfile/systemDictionary.cpp, line 231]
Event: 236.127 Thread 0x00000192266b5000 Exception <a 'java/lang/ClassNotFoundException'{0x000000008daae690}: com/google/gms/googleservices/GoogleServicesTask_DecoratedCustomizer> (0x000000008daae690) thrown at [./src/hotspot/share/classfile/systemDictionary.cpp, line 231]
Event: 236.131 Thread 0x00000192266b5000 Exception <a 'java/lang/ClassNotFoundException'{0x000000008d92cdc0}: org/gradle/api/internal/file/DefaultFilePropertyFactory$DefaultDirectoryVarBeanInfo> (0x000000008d92cdc0) thrown at [./src/hotspot/share/classfile/systemDictionary.cpp, line 231]
Event: 236.131 Thread 0x00000192266b5000 Exception <a 'java/lang/ClassNotFoundException'{0x000000008d94a8b8}: org/gradle/api/internal/file/DefaultFilePropertyFactory$AbstractFileVarBeanInfo> (0x000000008d94a8b8) thrown at [./src/hotspot/share/classfile/systemDictionary.cpp, line 231]
Event: 236.131 Thread 0x00000192266b5000 Exception <a 'java/lang/ClassNotFoundException'{0x000000008d968400}: org/gradle/api/internal/file/DefaultFilePropertyFactory$AbstractFileVarCustomizer> (0x000000008d968400) thrown at [./src/hotspot/share/classfile/systemDictionary.cpp, line 231]
Event: 236.133 Thread 0x00000192266b5000 Exception <a 'java/lang/ClassNotFoundException'{0x000000008d9c6ba0}: org/gradle/api/internal/file/DefaultFilePropertyFactory$DefaultDirectoryVarCustomizer> (0x000000008d9c6ba0) thrown at [./src/hotspot/share/classfile/systemDictionary.cpp, line 231]
Event: 236.137 Thread 0x00000192266b5000 Exception <a 'java/lang/ClassNotFoundException'{0x000000008d8beeb0}: org/gradle/api/internal/file/collections/DefaultConfigurableFileCollectionBeanInfo> (0x000000008d8beeb0) thrown at [./src/hotspot/share/classfile/systemDictionary.cpp, line 231]
Event: 236.137 Thread 0x00000192266b5000 Exception <a 'java/lang/ClassNotFoundException'{0x000000008d8d9ee0}: org/gradle/api/internal/file/CompositeFileCollectionBeanInfo> (0x000000008d8d9ee0) thrown at [./src/hotspot/share/classfile/systemDictionary.cpp, line 231]
Event: 236.137 Thread 0x00000192266b5000 Exception <a 'java/lang/ClassNotFoundException'{0x000000008d8f5110}: org/gradle/api/internal/file/CompositeFileCollectionCustomizer> (0x000000008d8f5110) thrown at [./src/hotspot/share/classfile/systemDictionary.cpp, line 231]
Event: 236.138 Thread 0x00000192266b5000 Exception <a 'java/lang/ClassNotFoundException'{0x000000008d71c768}: org/gradle/api/internal/file/collections/DefaultConfigurableFileCollectionCustomizer> (0x000000008d71c768) thrown at [./src/hotspot/share/classfile/systemDictionary.cpp, line 231]
Event: 236.153 Thread 0x00000192266b5000 Exception <a 'java/lang/NoSuchMethodError'{0x000000008d66c4e8}: 'int java.lang.invoke.DirectMethodHandle$Holder.invokeSpecialIFC(java.lang.Object, java.lang.Object, java.lang.Object)'> (0x000000008d66c4e8) thrown at [./src/hotspot/share/interpreter/linkResolver.cpp, line 773]
Event: 236.303 Thread 0x00000192266b5000 Exception <a 'java/lang/NoSuchMethodError'{0x000000008c4428c8}: 'void java.lang.invoke.DirectMethodHandle$Holder.invokeStatic(java.lang.Object, java.lang.Object, java.lang.Object, java.lang.Object, int, java.lang.Object, java.lang.Object)'> (0x000000008c4428c8) thrown at [./src/hotspot/share/interpreter/linkResolver.cpp, line 773]
Event: 236.321 Thread 0x00000192266be000 Implicit null exception at 0x000001920f0bc6db to 0x000001920f0bc770
Event: 236.338 Thread 0x00000192266be000 Exception <a 'java/lang/IncompatibleClassChangeError'{0x000000008c1bc238}: Found class java.lang.Object, but interface was expected> (0x000000008c1bc238) thrown at [./src/hotspot/share/interpreter/linkResolver.cpp, line 839]
Event: 236.349 Thread 0x00000192266be000 Exception <a 'java/lang/NoSuchMethodError'{0x000000008bf27768}: 'int java.lang.invoke.DirectMethodHandle$Holder.invokeStaticInit(java.lang.Object, java.lang.Object, java.lang.Object, java.lang.Object, java.lang.Object)'> (0x000000008bf27768) thrown at [./src/hotspot/share/interpreter/linkResolver.cpp, line 773]

Events (20 events):
Event: 236.353 loading class org/gradle/internal/execution/history/changes/AbstractFingerprintChanges$1 done
Event: 236.354 loading class org/gradle/internal/execution/history/changes/InputFileChanges$1
Event: 236.354 loading class org/gradle/internal/execution/history/changes/InputFileChanges$1 done
Event: 236.354 loading class org/gradle/internal/execution/history/changes/CachingChangeContainer
Event: 236.354 loading class org/gradle/internal/execution/history/changes/CachingChangeContainer done
Event: 236.354 loading class org/gradle/internal/execution/history/changes/DefaultExecutionStateChangeDetector$InputFileChangesWrapper
Event: 236.354 loading class org/gradle/internal/execution/history/changes/DefaultExecutionStateChangeDetector$InputFileChangesWrapper done
Event: 236.354 loading class org/gradle/internal/execution/history/changes/CachingChangeContainer$CachingVisitor
Event: 236.354 loading class org/gradle/internal/execution/history/changes/CachingChangeContainer$CachingVisitor done
Event: 236.354 loading class org/gradle/internal/execution/history/changes/ExecutionStateChanges$1
Event: 236.354 loading class org/gradle/internal/execution/history/changes/ExecutionStateChanges$1 done
Event: 236.355 loading class org/gradle/internal/execution/history/BeforeExecutionState
Event: 236.355 loading class org/gradle/internal/execution/history/BeforeExecutionState done
Event: 236.355 loading class org/gradle/internal/execution/history/BeforeExecutionState
Event: 236.355 loading class org/gradle/internal/execution/history/BeforeExecutionState done
Event: 236.355 loading class org/gradle/internal/execution/history/impl/DefaultAfterExecutionState
Event: 236.355 loading class org/gradle/internal/execution/history/impl/DefaultAfterExecutionState done
Event: 236.355 loading class org/gradle/internal/execution/steps/SkipUpToDateStep$1
Event: 236.355 loading class org/gradle/internal/execution/steps/SkipUpToDateStep$1 done
Event: 236.355 Executing VM operation: G1CollectForAllocation


Dynamic libraries:
0x00007ff7f9db0000 - 0x00007ff7f9dba000 	C:\Program Files\Android\Android Studio\jre\bin\java.exe
0x00007fff628b0000 - 0x00007fff62aa8000 	C:\Windows\SYSTEM32\ntdll.dll
0x00007fff621c0000 - 0x00007fff6227f000 	C:\Windows\System32\KERNEL32.DLL
0x00007fff60540000 - 0x00007fff60812000 	C:\Windows\System32\KERNELBASE.dll
0x00007fff60330000 - 0x00007fff60430000 	C:\Windows\System32\ucrtbase.dll
0x00007fff45c20000 - 0x00007fff45c39000 	C:\Program Files\Android\Android Studio\jre\bin\jli.dll
0x00007fff3bf70000 - 0x00007fff3bf87000 	C:\Program Files\Android\Android Studio\jre\bin\VCRUNTIME140.dll
0x00007fff60c70000 - 0x00007fff60e11000 	C:\Windows\System32\USER32.dll
0x00007fff60820000 - 0x00007fff60842000 	C:\Windows\System32\win32u.dll
0x00007fff46910000 - 0x00007fff46baa000 	C:\Windows\WinSxS\amd64_microsoft.windows.common-controls_6595b64144ccf1df_6.0.19041.1110_none_60b5254171f9507e\COMCTL32.dll
0x00007fff608f0000 - 0x00007fff6091b000 	C:\Windows\System32\GDI32.dll
0x00007fff60430000 - 0x00007fff6053f000 	C:\Windows\System32\gdi32full.dll
0x00007fff60b90000 - 0x00007fff60c2e000 	C:\Windows\System32\msvcrt.dll
0x00007fff60850000 - 0x00007fff608ed000 	C:\Windows\System32\msvcp_win.dll
0x00007fff60c30000 - 0x00007fff60c62000 	C:\Windows\System32\IMM32.DLL
0x00007fff3bed0000 - 0x00007fff3bf6d000 	C:\Program Files\Android\Android Studio\jre\bin\msvcp140.dll
0x00007ffeb9310000 - 0x00007ffeb9e12000 	C:\Program Files\Android\Android Studio\jre\bin\server\jvm.dll
0x00007fff62280000 - 0x00007fff6232e000 	C:\Windows\System32\ADVAPI32.dll
0x00007fff60920000 - 0x00007fff609bc000 	C:\Windows\System32\sechost.dll
0x00007fff62740000 - 0x00007fff62865000 	C:\Windows\System32\RPCRT4.dll
0x00007fff611c0000 - 0x00007fff611c8000 	C:\Windows\System32\PSAPI.DLL
0x00007fff45f80000 - 0x00007fff45fa7000 	C:\Windows\SYSTEM32\WINMM.dll
0x00007fff5c5f0000 - 0x00007fff5c5f9000 	C:\Windows\SYSTEM32\WSOCK32.dll
0x00007fff52c30000 - 0x00007fff52c3a000 	C:\Windows\SYSTEM32\VERSION.dll
0x00007fff61990000 - 0x00007fff619fb000 	C:\Windows\System32\WS2_32.dll
0x00007fff5e7b0000 - 0x00007fff5e7c2000 	C:\Windows\SYSTEM32\kernel.appcore.dll
0x00007fff56d60000 - 0x00007fff56d71000 	C:\Program Files\Android\Android Studio\jre\bin\verify.dll
0x00007fff5e310000 - 0x00007fff5e4f4000 	C:\Windows\SYSTEM32\DBGHELP.DLL
0x00007fff4dee0000 - 0x00007fff4df15000 	C:\Windows\SYSTEM32\dbgcore.DLL
0x00007fff5ffa0000 - 0x00007fff60022000 	C:\Windows\System32\bcryptPrimitives.dll
0x00007fff43d20000 - 0x00007fff43d49000 	C:\Program Files\Android\Android Studio\jre\bin\java.dll
0x00007fff5b2a0000 - 0x00007fff5b2ab000 	C:\Program Files\Android\Android Studio\jre\bin\jimage.dll
0x00007fff45490000 - 0x00007fff454a8000 	C:\Program Files\Android\Android Studio\jre\bin\zip.dll
0x00007fff611d0000 - 0x00007fff61914000 	C:\Windows\System32\SHELL32.dll
0x00007fff5daa0000 - 0x00007fff5e232000 	C:\Windows\SYSTEM32\windows.storage.dll
0x00007fff623e0000 - 0x00007fff62735000 	C:\Windows\System32\combase.dll
0x00007fff5fa00000 - 0x00007fff5fa30000 	C:\Windows\SYSTEM32\Wldp.dll
0x00007fff62330000 - 0x00007fff623dd000 	C:\Windows\System32\SHCORE.dll
0x00007fff62140000 - 0x00007fff62195000 	C:\Windows\System32\shlwapi.dll
0x00007fff5fee0000 - 0x00007fff5feff000 	C:\Windows\SYSTEM32\profapi.dll
0x00007fff43d00000 - 0x00007fff43d1a000 	C:\Program Files\Android\Android Studio\jre\bin\net.dll
0x00007fff56eb0000 - 0x00007fff56fbc000 	C:\Windows\SYSTEM32\WINHTTP.dll
0x00007fff5f760000 - 0x00007fff5f7ca000 	C:\Windows\system32\mswsock.dll
0x00007fff43ce0000 - 0x00007fff43cf4000 	C:\Program Files\Android\Android Studio\jre\bin\nio.dll
0x00007fff454c0000 - 0x00007fff454e7000 	C:\Program Files\Android\gradle-7.3.3\native\e1d6ef7f7dcc3fd88c89a11ec53ec762bb8ba0a96d01ffa2cd45eb1d1d8dd5c5\windows-amd64\native-platform.dll
0x00007fff36d90000 - 0x00007fff36ed4000 	C:\Program Files\Android\gradle-7.3.3\native\0d407fdbe67a94daf76414ababcb853783967236a71b16ec16e742cd7a986fd3\windows-amd64\native-platform-file-events.dll
0x00007fff56d50000 - 0x00007fff56d5a000 	C:\Program Files\Android\Android Studio\jre\bin\management.dll
0x00007fff43cd0000 - 0x00007fff43cdd000 	C:\Program Files\Android\Android Studio\jre\bin\management_ext.dll
0x00007fff5f960000 - 0x00007fff5f978000 	C:\Windows\SYSTEM32\CRYPTSP.dll
0x00007fff5efe0000 - 0x00007fff5f014000 	C:\Windows\system32\rsaenh.dll
0x00007fff60300000 - 0x00007fff60327000 	C:\Windows\System32\bcrypt.dll
0x00007fff5fe60000 - 0x00007fff5fe8e000 	C:\Windows\SYSTEM32\USERENV.dll
0x00007fff5f950000 - 0x00007fff5f95c000 	C:\Windows\SYSTEM32\CRYPTBASE.dll
0x00007fff5f3e0000 - 0x00007fff5f41b000 	C:\Windows\SYSTEM32\IPHLPAPI.DLL
0x00007fff61980000 - 0x00007fff61988000 	C:\Windows\System32\NSI.dll
0x00007fff52090000 - 0x00007fff520a7000 	C:\Windows\SYSTEM32\dhcpcsvc6.DLL
0x00007fff52bf0000 - 0x00007fff52c0d000 	C:\Windows\SYSTEM32\dhcpcsvc.DLL
0x00007fff5f430000 - 0x00007fff5f4fa000 	C:\Windows\SYSTEM32\DNSAPI.dll
0x00007fff36f40000 - 0x00007fff36f67000 	C:\Program Files\Android\Android Studio\jre\bin\sunec.dll

dbghelp: loaded successfully - version: 4.0.5 - missing functions: none
symbol engine: initialized successfully - sym options: 0x614 - pdb path: .;C:\Program Files\Android\Android Studio\jre\bin;C:\Windows\SYSTEM32;C:\Windows\WinSxS\amd64_microsoft.windows.common-controls_6595b64144ccf1df_6.0.19041.1110_none_60b5254171f9507e;C:\Program Files\Android\Android Studio\jre\bin\server;C:\Program Files\Android\gradle-7.3.3\native\e1d6ef7f7dcc3fd88c89a11ec53ec762bb8ba0a96d01ffa2cd45eb1d1d8dd5c5\windows-amd64;C:\Program Files\Android\gradle-7.3.3\native\0d407fdbe67a94daf76414ababcb853783967236a71b16ec16e742cd7a986fd3\windows-amd64

VM Arguments:
jvm_args: --add-opens=java.base/java.util=ALL-UNNAMED --add-opens=java.base/java.lang=ALL-UNNAMED --add-opens=java.base/java.lang.invoke=ALL-UNNAMED --add-opens=java.base/java.util=ALL-UNNAMED --add-opens=java.prefs/java.util.prefs=ALL-UNNAMED --add-opens=java.prefs/java.util.prefs=ALL-UNNAMED --add-opens=java.base/java.nio.charset=ALL-UNNAMED --add-opens=java.base/java.net=ALL-UNNAMED --add-opens=java.base/java.util.concurrent.atomic=ALL-UNNAMED -Xmx2048m -Dfile.encoding=UTF-8 -Duser.country=IN -Duser.language=en -Duser.variant 
java_command: org.gradle.launcher.daemon.bootstrap.GradleDaemon 7.4
java_class_path (initial): C:\Program Files\Android\gradle-7.3.3\wrapper\dists\gradle-7.4-bin\c0gwcg53nkjbqw7r0h0umtfvt\gradle-7.4\lib\gradle-launcher-7.4.jar
Launcher Type: SUN_STANDARD

[Global flags]
     intx CICompilerCount                          = 4                                         {product} {ergonomic}
     uint ConcGCThreads                            = 2                                         {product} {ergonomic}
     uint G1ConcRefinementThreads                  = 8                                         {product} {ergonomic}
   size_t G1HeapRegionSize                         = 1048576                                   {product} {ergonomic}
    uintx GCDrainStackTargetSize                   = 64                                        {product} {ergonomic}
   size_t InitialHeapSize                          = 132120576                                 {product} {ergonomic}
   size_t MarkStackSize                            = 4194304                                   {product} {ergonomic}
   size_t MaxHeapSize                              = 2147483648                                {product} {command line}
   size_t MaxNewSize                               = 1287651328                                {product} {ergonomic}
   size_t MinHeapDeltaBytes                        = 1048576                                   {product} {ergonomic}
    uintx NonNMethodCodeHeapSize                   = 5836300                                {pd product} {ergonomic}
    uintx NonProfiledCodeHeapSize                  = 122910970                              {pd product} {ergonomic}
    uintx ProfiledCodeHeapSize                     = 122910970                              {pd product} {ergonomic}
    uintx ReservedCodeCacheSize                    = 251658240                              {pd product} {ergonomic}
     bool SegmentedCodeCache                       = true                                      {product} {ergonomic}
     bool UseCompressedClassPointers               = true                                 {lp64_product} {ergonomic}
     bool UseCompressedOops                        = true                                 {lp64_product} {ergonomic}
     bool UseG1GC                                  = true                                      {product} {ergonomic}
     bool UseLargePagesIndividualAllocation        = false                                  {pd product} {ergonomic}

Logging:
Log output configuration:
 #0: stdout all=warning uptime,level,tags
 #1: stderr all=off uptime,level,tags

Environment Variables:
JAVA_HOME=C:\Program Files\Java\jdk-18.0.1.1
PATH=C:\Program Files\Python310\Scripts\;C:\Program Files\Python310\;C:\Program Files\Common Files\Oracle\Java\javapath;C:\Windows\system32;C:\Windows;C:\Windows\System32\Wbem;C:\Windows\System32\WindowsPowerShell\v1.0\;C:\Windows\System32\OpenSSH\;C:\Program Files\Git\cmd;C:\Users\suraj\AppData\Local\Microsoft\WindowsApps
USERNAME=suraj
OS=Windows_NT
PROCESSOR_IDENTIFIER=Intel64 Family 6 Model 140 Stepping 1, GenuineIntel



---------------  S Y S T E M  ---------------

OS: Windows 10 , 64 bit Build 19041 (10.0.19041.2251)
OS uptime: 0 days 0:22 hours
Hyper-V role detected

CPU:total 8 (initial active 8) (4 cores per cpu, 2 threads per core) family 6 model 140 stepping 1 microcode 0x86, cmov, cx8, fxsr, mmx, sse, sse2, sse3, ssse3, sse4.1, sse4.2, popcnt, avx, avx2, aes, clmul, erms, 3dnowpref, lzcnt, ht, tsc, tscinvbit, bmi1, bmi2, adx, evex, sha, fma

Memory: 4k page, system-wide physical 7987M (365M free)
TotalPageFile size 7987M (AvailPageFile size 164M)
current process WorkingSet (physical memory assigned to process): 397M, peak: 463M
current process commit charge ("private bytes"): 559M, peak: 751M

vm_info: OpenJDK 64-Bit Server VM (11.0.13+0-b1751.21-8125866) for windows-amd64 JRE (11.0.13+0-b1751.21-8125866), built on Feb  2 2022 03:00:22 by "builder" with MS VC++ 14.0 (VS2015)

END.
