#
# There is insufficient memory for the Java Runtime Environment to continue.
# Native memory allocation (malloc) failed to allocate 1074736 bytes for Chunk::new
# Possible reasons:
#   The system is out of physical RAM or swap space
#   The process is running with CompressedOops enabled, and the Java Heap may be blocking the growth of the native heap
# Possible solutions:
#   Reduce memory load on the system
#   Increase physical memory or swap space
#   Check if swap backing store is full
#   Decrease Java heap size (-Xmx/-Xms)
#   Decrease number of Java threads
#   Decrease Java thread stack sizes (-Xss)
#   Set larger code cache with -XX:ReservedCodeCacheSize=
#   JVM is running with Unscaled Compressed Oops mode in which the Java heap is
#     placed in the first 4GB address space. The Java Heap base address is the
#     maximum limit for the native heap growth. Please use -XX:HeapBaseMinAddress
#     to set the Java Heap base and to place the Java Heap above 4GB virtual address.
# This output file may be truncated or incomplete.
#
#  Out of Memory Error (./src/hotspot/share/memory/arena.cpp:197), pid=4156, tid=7416
#
# JRE version: OpenJDK Runtime Environment (11.0.13) (build 11.0.13+0-b1751.21-8125866)
# Java VM: OpenJDK 64-Bit Server VM (11.0.13+0-b1751.21-8125866, mixed mode, tiered, compressed oops, g1 gc, windows-amd64)
# No core dump will be written. Minidumps are not enabled by default on client versions of Windows
#

---------------  S U M M A R Y ------------

Command Line: --add-opens=java.base/java.util=ALL-UNNAMED --add-opens=java.base/java.lang=ALL-UNNAMED --add-opens=java.base/java.lang.invoke=ALL-UNNAMED --add-opens=java.base/java.util=ALL-UNNAMED --add-opens=java.prefs/java.util.prefs=ALL-UNNAMED --add-opens=java.prefs/java.util.prefs=ALL-UNNAMED --add-opens=java.base/java.nio.charset=ALL-UNNAMED --add-opens=java.base/java.net=ALL-UNNAMED --add-opens=java.base/java.util.concurrent.atomic=ALL-UNNAMED -Xmx2048m -Dfile.encoding=UTF-8 -Duser.country=IN -Duser.language=en -Duser.variant org.gradle.launcher.daemon.bootstrap.GradleDaemon 7.4

Host: 11th Gen Intel(R) Core(TM) i5-1135G7 @ 2.40GHz, 8 cores, 7G,  Windows 10 , 64 bit Build 19041 (10.0.19041.2251)
Time: Sat Dec 10 11:16:17 2022 India Standard Time elapsed time: 3.742595 seconds (0d 0h 0m 3s)

---------------  T H R E A D  ---------------

Current thread (0x000001df842d0800):  JavaThread "C2 CompilerThread1" daemon [_thread_in_native, id=7416, stack(0x000000301fe00000,0x000000301ff00000)]


Current CompileTask:
C2:   3742 3131       4       java.util.regex.Pattern::compile (498 bytes)

Stack: [0x000000301fe00000,0x000000301ff00000]
Native frames: (J=compiled Java code, j=interpreted, Vv=VM code, C=native code)
V  [jvm.dll+0x6100fa]
V  [jvm.dll+0x747090]
V  [jvm.dll+0x7486ad]
V  [jvm.dll+0x748d83]
V  [jvm.dll+0x24ab48]
V  [jvm.dll+0xc04dc]
V  [jvm.dll+0xc0a0c]
V  [jvm.dll+0x35eb9d]
V  [jvm.dll+0x32b833]
V  [jvm.dll+0x32ad2a]
V  [jvm.dll+0x2032b2]
V  [jvm.dll+0x202437]
V  [jvm.dll+0x188e01]
V  [jvm.dll+0x21106b]
V  [jvm.dll+0x20f8c1]
V  [jvm.dll+0x70de0f]
V  [jvm.dll+0x706a75]
V  [jvm.dll+0x60ed66]
C  [ucrtbase.dll+0x21bb2]
C  [KERNEL32.DLL+0x174b4]
C  [ntdll.dll+0x526a1]


---------------  P R O C E S S  ---------------

Threads class SMR info:
_java_thread_list=0x000001df874def10, length=31, elements={
0x000001dfe729c000, 0x000001dfff6f0000, 0x000001dfff6f1800, 0x000001df84143800,
0x000001dfff70d000, 0x000001dfff70e800, 0x000001dfff713000, 0x000001dfff71b000,
0x000001dfff72c800, 0x000001df842b7000, 0x000001df842d0800, 0x000001df86c26800,
0x000001df87c91800, 0x000001df86a16800, 0x000001df861ec000, 0x000001df86487000,
0x000001df86527000, 0x000001df86c79000, 0x000001df866f4000, 0x000001df866d8800,
0x000001df86a77800, 0x000001df86de5000, 0x000001df86de2000, 0x000001df86de3000,
0x000001df86de4800, 0x000001df86de3800, 0x000001df86de6000, 0x000001df86de0800,
0x000001df86de7000, 0x000001df86de1000, 0x000001df874c8000
}

Java Threads: ( => current thread )
  0x000001dfe729c000 JavaThread "main" [_thread_blocked, id=9500, stack(0x000000301ed00000,0x000000301ee00000)]
  0x000001dfff6f0000 JavaThread "Reference Handler" daemon [_thread_blocked, id=12700, stack(0x000000301f400000,0x000000301f500000)]
  0x000001dfff6f1800 JavaThread "Finalizer" daemon [_thread_blocked, id=15924, stack(0x000000301f500000,0x000000301f600000)]
  0x000001df84143800 JavaThread "Signal Dispatcher" daemon [_thread_blocked, id=10952, stack(0x000000301f600000,0x000000301f700000)]
  0x000001dfff70d000 JavaThread "Attach Listener" daemon [_thread_blocked, id=4316, stack(0x000000301f700000,0x000000301f800000)]
  0x000001dfff70e800 JavaThread "Service Thread" daemon [_thread_blocked, id=10760, stack(0x000000301f800000,0x000000301f900000)]
  0x000001dfff713000 JavaThread "C2 CompilerThread0" daemon [_thread_in_native, id=8328, stack(0x000000301f900000,0x000000301fa00000)]
  0x000001dfff71b000 JavaThread "C1 CompilerThread0" daemon [_thread_blocked, id=3420, stack(0x000000301fa00000,0x000000301fb00000)]
  0x000001dfff72c800 JavaThread "Sweeper thread" daemon [_thread_blocked, id=13996, stack(0x000000301fb00000,0x000000301fc00000)]
  0x000001df842b7000 JavaThread "Common-Cleaner" daemon [_thread_blocked, id=10876, stack(0x000000301fc00000,0x000000301fd00000)]
=>0x000001df842d0800 JavaThread "C2 CompilerThread1" daemon [_thread_in_native, id=7416, stack(0x000000301fe00000,0x000000301ff00000)]
  0x000001df86c26800 JavaThread "Daemon health stats" [_thread_blocked, id=14644, stack(0x0000003020100000,0x0000003020200000)]
  0x000001df87c91800 JavaThread "Incoming local TCP Connector on port 50492" [_thread_in_native, id=14272, stack(0x0000003020200000,0x0000003020300000)]
  0x000001df86a16800 JavaThread "Daemon periodic checks" [_thread_blocked, id=14872, stack(0x0000003020300000,0x0000003020400000)]
  0x000001df861ec000 JavaThread "Daemon" [_thread_blocked, id=14084, stack(0x0000003020400000,0x0000003020500000)]
  0x000001df86487000 JavaThread "Handler for socket connection from /127.0.0.1:50492 to /127.0.0.1:50493" [_thread_in_native, id=7400, stack(0x0000003020500000,0x0000003020600000)]
  0x000001df86527000 JavaThread "Cancel handler" [_thread_blocked, id=12068, stack(0x0000003020600000,0x0000003020700000)]
  0x000001df86c79000 JavaThread "Daemon worker" [_thread_in_vm, id=9332, stack(0x0000003020700000,0x0000003020800000)]
  0x000001df866f4000 JavaThread "Asynchronous log dispatcher for DefaultDaemonConnection: socket connection from /127.0.0.1:50492 to /127.0.0.1:50493" [_thread_blocked, id=4192, stack(0x0000003020800000,0x0000003020900000)]
  0x000001df866d8800 JavaThread "Stdin handler" [_thread_blocked, id=4876, stack(0x0000003020900000,0x0000003020a00000)]
  0x000001df86a77800 JavaThread "Daemon client event forwarder" [_thread_blocked, id=12600, stack(0x0000003020a00000,0x0000003020b00000)]
  0x000001df86de5000 JavaThread "Cache worker for journal cache (C:\Program Files\Android\gradle-7.3.3\caches\journal-1)" [_thread_blocked, id=2028, stack(0x0000003021000000,0x0000003021100000)]
  0x000001df86de2000 JavaThread "File lock request listener" [_thread_in_native, id=1640, stack(0x0000003021100000,0x0000003021200000)]
  0x000001df86de3000 JavaThread "Cache worker for file hash cache (C:\Program Files\Android\gradle-7.3.3\caches\7.4\fileHashes)" [_thread_blocked, id=14768, stack(0x0000003021200000,0x0000003021300000)]
  0x000001df86de4800 JavaThread "File watcher server" daemon [_thread_in_native, id=2564, stack(0x0000003021400000,0x0000003021500000)]
  0x000001df86de3800 JavaThread "File watcher consumer" daemon [_thread_blocked, id=6676, stack(0x0000003021500000,0x0000003021600000)]
  0x000001df86de6000 JavaThread "Cache worker for checksums cache (D:\CollegeApp\.gradle\7.4\checksums)" [_thread_blocked, id=5152, stack(0x0000003021600000,0x0000003021700000)]
  0x000001df86de0800 JavaThread "Cache worker for cache directory md-rule (C:\Program Files\Android\gradle-7.3.3\caches\7.4\md-rule)" [_thread_blocked, id=12452, stack(0x0000003021700000,0x0000003021800000)]
  0x000001df86de7000 JavaThread "Cache worker for file hash cache (D:\CollegeApp\.gradle\7.4\fileHashes)" [_thread_blocked, id=4280, stack(0x0000003021800000,0x0000003021900000)]
  0x000001df86de1000 JavaThread "Cache worker for cache directory md-supplier (C:\Program Files\Android\gradle-7.3.3\caches\7.4\md-supplier)" [_thread_blocked, id=16144, stack(0x0000003021900000,0x0000003021a00000)]
  0x000001df874c8000 JavaThread "Cache worker for execution history cache (C:\Program Files\Android\gradle-7.3.3\caches\7.4\executionHistory)" [_thread_blocked, id=8664, stack(0x0000003021a00000,0x0000003021b00000)]

Other Threads:
  0x000001dfff6eb800 VMThread "VM Thread" [stack: 0x000000301f300000,0x000000301f400000] [id=15796]
  0x000001df842cd800 WatcherThread [stack: 0x000000301fd00000,0x000000301fe00000] [id=8296]
  0x000001dfe72b6000 GCTaskThread "GC Thread#0" [stack: 0x000000301ee00000,0x000000301ef00000] [id=9696]
  0x000001df84ebc800 GCTaskThread "GC Thread#1" [stack: 0x000000301ff00000,0x0000003020000000] [id=4364]
  0x000001df85210800 GCTaskThread "GC Thread#2" [stack: 0x0000003020000000,0x0000003020100000] [id=12076]
  0x000001df86cbe000 GCTaskThread "GC Thread#3" [stack: 0x0000003020b00000,0x0000003020c00000] [id=13852]
  0x000001df86558800 GCTaskThread "GC Thread#4" [stack: 0x0000003020c00000,0x0000003020d00000] [id=6068]
  0x000001df86694000 GCTaskThread "GC Thread#5" [stack: 0x0000003020d00000,0x0000003020e00000] [id=712]
  0x000001df865d9800 GCTaskThread "GC Thread#6" [stack: 0x0000003020e00000,0x0000003020f00000] [id=4100]
  0x000001df86141000 GCTaskThread "GC Thread#7" [stack: 0x0000003020f00000,0x0000003021000000] [id=10232]
  0x000001dfe72e8000 ConcurrentGCThread "G1 Main Marker" [stack: 0x000000301ef00000,0x000000301f000000] [id=1760]
  0x000001dfe72e9000 ConcurrentGCThread "G1 Conc#0" [stack: 0x000000301f000000,0x000000301f100000] [id=3732]
  0x000001df87410800 ConcurrentGCThread "G1 Conc#1" [stack: 0x0000003021300000,0x0000003021400000] [id=3208]
  0x000001dfe7377000 ConcurrentGCThread "G1 Refine#0" [stack: 0x000000301f100000,0x000000301f200000] [id=4076]
  0x000001dfff540800 ConcurrentGCThread "G1 Young RemSet Sampling" [stack: 0x000000301f200000,0x000000301f300000] [id=2888]

Threads with active compile tasks:
C2 CompilerThread0   3760 3196       4       java.net.URLClassLoader$1::run (5 bytes)
C2 CompilerThread1   3760 3131       4       java.util.regex.Pattern::compile (498 bytes)

VM state:not at safepoint (normal execution)

VM Mutex/Monitor currently owned by a thread: None

Heap address: 0x0000000080000000, size: 2048 MB, Compressed Oops mode: 32-bit
Narrow klass base: 0x0000000000000000, Narrow klass shift: 3
Compressed class space size: 1073741824 Address: 0x0000000100000000

Heap:
 garbage-first heap   total 129024K, used 53536K [0x0000000080000000, 0x0000000100000000)
  region size 1024K, 35 young (35840K), 4 survivors (4096K)
 Metaspace       used 37709K, capacity 38603K, committed 38736K, reserved 1083392K
  class space    used 4817K, capacity 5157K, committed 5280K, reserved 1048576K
Heap Regions: E=young(eden), S=young(survivor), O=old, HS=humongous(starts), HC=humongous(continues), CS=collection set, F=free, A=archive, TAMS=top-at-mark-start (previous, next)
|   0|0x0000000080000000, 0x0000000080100000, 0x0000000080100000|100%| O|  |TAMS 0x0000000080100000, 0x0000000080000000| Untracked 
|   1|0x0000000080100000, 0x0000000080200000, 0x0000000080200000|100%| O|  |TAMS 0x0000000080200000, 0x0000000080100000| Untracked 
|   2|0x0000000080200000, 0x0000000080300000, 0x0000000080300000|100%| O|  |TAMS 0x0000000080300000, 0x0000000080200000| Untracked 
|   3|0x0000000080300000, 0x0000000080400000, 0x0000000080400000|100%|HS|  |TAMS 0x0000000080400000, 0x0000000080300000| Complete 
|   4|0x0000000080400000, 0x0000000080500000, 0x0000000080500000|100%|HC|  |TAMS 0x0000000080500000, 0x0000000080400000| Complete 
|   5|0x0000000080500000, 0x0000000080600000, 0x0000000080600000|100%|HC|  |TAMS 0x0000000080600000, 0x0000000080500000| Complete 
|   6|0x0000000080600000, 0x0000000080700000, 0x0000000080700000|100%| O|  |TAMS 0x0000000080700000, 0x0000000080600000| Untracked 
|   7|0x0000000080700000, 0x0000000080800000, 0x0000000080800000|100%| O|  |TAMS 0x0000000080800000, 0x0000000080700000| Untracked 
|   8|0x0000000080800000, 0x0000000080900000, 0x0000000080900000|100%| O|  |TAMS 0x0000000080900000, 0x0000000080800000| Untracked 
|   9|0x0000000080900000, 0x0000000080a00000, 0x0000000080a00000|100%| O|  |TAMS 0x0000000080a00000, 0x0000000080900000| Untracked 
|  10|0x0000000080a00000, 0x0000000080b00000, 0x0000000080b00000|100%| O|  |TAMS 0x0000000080b00000, 0x0000000080a00000| Untracked 
|  11|0x0000000080b00000, 0x0000000080c00000, 0x0000000080c00000|100%| O|  |TAMS 0x0000000080c00000, 0x0000000080b00000| Untracked 
|  12|0x0000000080c00000, 0x0000000080d00000, 0x0000000080d00000|100%| O|  |TAMS 0x0000000080d00000, 0x0000000080c00000| Untracked 
|  13|0x0000000080d00000, 0x0000000080e00000, 0x0000000080e00000|100%| O|  |TAMS 0x0000000080e00000, 0x0000000080d00000| Untracked 
|  14|0x0000000080e00000, 0x0000000080f00000, 0x0000000080f00000|100%| O|  |TAMS 0x0000000080f00000, 0x0000000080e00000| Untracked 
|  15|0x0000000080f00000, 0x0000000081000000, 0x0000000081000000|100%| O|  |TAMS 0x0000000081000000, 0x0000000080f00000| Untracked 
|  16|0x0000000081000000, 0x0000000081100000, 0x0000000081100000|100%| O|  |TAMS 0x0000000081100000, 0x0000000081000000| Untracked 
|  17|0x0000000081100000, 0x0000000081200000, 0x0000000081200000|100%| O|  |TAMS 0x0000000081200000, 0x0000000081100000| Untracked 
|  18|0x0000000081200000, 0x0000000081268600, 0x0000000081300000| 40%| O|  |TAMS 0x0000000081268600, 0x0000000081200000| Untracked 
|  19|0x0000000081300000, 0x0000000081300000, 0x0000000081400000|  0%| F|  |TAMS 0x0000000081300000, 0x0000000081300000| Untracked 
|  20|0x0000000081400000, 0x0000000081400000, 0x0000000081500000|  0%| F|  |TAMS 0x0000000081400000, 0x0000000081400000| Untracked 
|  21|0x0000000081500000, 0x0000000081500000, 0x0000000081600000|  0%| F|  |TAMS 0x0000000081500000, 0x0000000081500000| Untracked 
|  22|0x0000000081600000, 0x0000000081600000, 0x0000000081700000|  0%| F|  |TAMS 0x0000000081600000, 0x0000000081600000| Untracked 
|  23|0x0000000081700000, 0x0000000081700000, 0x0000000081800000|  0%| F|  |TAMS 0x0000000081700000, 0x0000000081700000| Untracked 
|  24|0x0000000081800000, 0x0000000081800000, 0x0000000081900000|  0%| F|  |TAMS 0x0000000081800000, 0x0000000081800000| Untracked 
|  25|0x0000000081900000, 0x0000000081900000, 0x0000000081a00000|  0%| F|  |TAMS 0x0000000081900000, 0x0000000081900000| Untracked 
|  26|0x0000000081a00000, 0x0000000081a00000, 0x0000000081b00000|  0%| F|  |TAMS 0x0000000081a00000, 0x0000000081a00000| Untracked 
|  27|0x0000000081b00000, 0x0000000081b00000, 0x0000000081c00000|  0%| F|  |TAMS 0x0000000081b00000, 0x0000000081b00000| Untracked 
|  28|0x0000000081c00000, 0x0000000081c00000, 0x0000000081d00000|  0%| F|  |TAMS 0x0000000081c00000, 0x0000000081c00000| Untracked 
|  29|0x0000000081d00000, 0x0000000081d00000, 0x0000000081e00000|  0%| F|  |TAMS 0x0000000081d00000, 0x0000000081d00000| Untracked 
|  30|0x0000000081e00000, 0x0000000081e00000, 0x0000000081f00000|  0%| F|  |TAMS 0x0000000081e00000, 0x0000000081e00000| Untracked 
|  31|0x0000000081f00000, 0x0000000081f00000, 0x0000000082000000|  0%| F|  |TAMS 0x0000000081f00000, 0x0000000081f00000| Untracked 
|  32|0x0000000082000000, 0x0000000082000000, 0x0000000082100000|  0%| F|  |TAMS 0x0000000082000000, 0x0000000082000000| Untracked 
|  33|0x0000000082100000, 0x0000000082100000, 0x0000000082200000|  0%| F|  |TAMS 0x0000000082100000, 0x0000000082100000| Untracked 
|  34|0x0000000082200000, 0x0000000082200000, 0x0000000082300000|  0%| F|  |TAMS 0x0000000082200000, 0x0000000082200000| Untracked 
|  35|0x0000000082300000, 0x0000000082300000, 0x0000000082400000|  0%| F|  |TAMS 0x0000000082300000, 0x0000000082300000| Untracked 
|  36|0x0000000082400000, 0x0000000082400000, 0x0000000082500000|  0%| F|  |TAMS 0x0000000082400000, 0x0000000082400000| Untracked 
|  37|0x0000000082500000, 0x0000000082500000, 0x0000000082600000|  0%| F|  |TAMS 0x0000000082500000, 0x0000000082500000| Untracked 
|  38|0x0000000082600000, 0x0000000082600000, 0x0000000082700000|  0%| F|  |TAMS 0x0000000082600000, 0x0000000082600000| Untracked 
|  39|0x0000000082700000, 0x0000000082700000, 0x0000000082800000|  0%| F|  |TAMS 0x0000000082700000, 0x0000000082700000| Untracked 
|  40|0x0000000082800000, 0x0000000082800000, 0x0000000082900000|  0%| F|  |TAMS 0x0000000082800000, 0x0000000082800000| Untracked 
|  41|0x0000000082900000, 0x0000000082900000, 0x0000000082a00000|  0%| F|  |TAMS 0x0000000082900000, 0x0000000082900000| Untracked 
|  42|0x0000000082a00000, 0x0000000082a00000, 0x0000000082b00000|  0%| F|  |TAMS 0x0000000082a00000, 0x0000000082a00000| Untracked 
|  43|0x0000000082b00000, 0x0000000082b00000, 0x0000000082c00000|  0%| F|  |TAMS 0x0000000082b00000, 0x0000000082b00000| Untracked 
|  44|0x0000000082c00000, 0x0000000082c00000, 0x0000000082d00000|  0%| F|  |TAMS 0x0000000082c00000, 0x0000000082c00000| Untracked 
|  45|0x0000000082d00000, 0x0000000082d00000, 0x0000000082e00000|  0%| F|  |TAMS 0x0000000082d00000, 0x0000000082d00000| Untracked 
|  46|0x0000000082e00000, 0x0000000082e00000, 0x0000000082f00000|  0%| F|  |TAMS 0x0000000082e00000, 0x0000000082e00000| Untracked 
|  47|0x0000000082f00000, 0x0000000082f00000, 0x0000000083000000|  0%| F|  |TAMS 0x0000000082f00000, 0x0000000082f00000| Untracked 
|  48|0x0000000083000000, 0x0000000083000000, 0x0000000083100000|  0%| F|  |TAMS 0x0000000083000000, 0x0000000083000000| Untracked 
|  49|0x0000000083100000, 0x0000000083100000, 0x0000000083200000|  0%| F|  |TAMS 0x0000000083100000, 0x0000000083100000| Untracked 
|  50|0x0000000083200000, 0x0000000083200000, 0x0000000083300000|  0%| F|  |TAMS 0x0000000083200000, 0x0000000083200000| Untracked 
|  51|0x0000000083300000, 0x0000000083300000, 0x0000000083400000|  0%| F|  |TAMS 0x0000000083300000, 0x0000000083300000| Untracked 
|  52|0x0000000083400000, 0x0000000083400000, 0x0000000083500000|  0%| F|  |TAMS 0x0000000083400000, 0x0000000083400000| Untracked 
|  53|0x0000000083500000, 0x0000000083500000, 0x0000000083600000|  0%| F|  |TAMS 0x0000000083500000, 0x0000000083500000| Untracked 
|  54|0x0000000083600000, 0x0000000083600000, 0x0000000083700000|  0%| F|  |TAMS 0x0000000083600000, 0x0000000083600000| Untracked 
|  55|0x0000000083700000, 0x0000000083700000, 0x0000000083800000|  0%| F|  |TAMS 0x0000000083700000, 0x0000000083700000| Untracked 
|  56|0x0000000083800000, 0x0000000083800000, 0x0000000083900000|  0%| F|  |TAMS 0x0000000083800000, 0x0000000083800000| Untracked 
|  57|0x0000000083900000, 0x0000000083900000, 0x0000000083a00000|  0%| F|  |TAMS 0x0000000083900000, 0x0000000083900000| Untracked 
|  58|0x0000000083a00000, 0x0000000083a00000, 0x0000000083b00000|  0%| F|  |TAMS 0x0000000083a00000, 0x0000000083a00000| Untracked 
|  59|0x0000000083b00000, 0x0000000083b00000, 0x0000000083c00000|  0%| F|  |TAMS 0x0000000083b00000, 0x0000000083b00000| Untracked 
|  60|0x0000000083c00000, 0x0000000083c00000, 0x0000000083d00000|  0%| F|  |TAMS 0x0000000083c00000, 0x0000000083c00000| Untracked 
|  61|0x0000000083d00000, 0x0000000083d00000, 0x0000000083e00000|  0%| F|  |TAMS 0x0000000083d00000, 0x0000000083d00000| Untracked 
|  62|0x0000000083e00000, 0x0000000083e00000, 0x0000000083f00000|  0%| F|  |TAMS 0x0000000083e00000, 0x0000000083e00000| Untracked 
|  63|0x0000000083f00000, 0x0000000083f00000, 0x0000000084000000|  0%| F|  |TAMS 0x0000000083f00000, 0x0000000083f00000| Untracked 
|  64|0x0000000084000000, 0x0000000084000000, 0x0000000084100000|  0%| F|  |TAMS 0x0000000084000000, 0x0000000084000000| Untracked 
|  65|0x0000000084100000, 0x0000000084100000, 0x0000000084200000|  0%| F|  |TAMS 0x0000000084100000, 0x0000000084100000| Untracked 
|  66|0x0000000084200000, 0x0000000084200000, 0x0000000084300000|  0%| F|  |TAMS 0x0000000084200000, 0x0000000084200000| Untracked 
|  67|0x0000000084300000, 0x0000000084300000, 0x0000000084400000|  0%| F|  |TAMS 0x0000000084300000, 0x0000000084300000| Untracked 
|  68|0x0000000084400000, 0x0000000084400000, 0x0000000084500000|  0%| F|  |TAMS 0x0000000084400000, 0x0000000084400000| Untracked 
|  69|0x0000000084500000, 0x0000000084500000, 0x0000000084600000|  0%| F|  |TAMS 0x0000000084500000, 0x0000000084500000| Untracked 
|  70|0x0000000084600000, 0x0000000084600000, 0x0000000084700000|  0%| F|  |TAMS 0x0000000084600000, 0x0000000084600000| Untracked 
|  71|0x0000000084700000, 0x0000000084700000, 0x0000000084800000|  0%| F|  |TAMS 0x0000000084700000, 0x0000000084700000| Untracked 
|  72|0x0000000084800000, 0x0000000084800000, 0x0000000084900000|  0%| F|  |TAMS 0x0000000084800000, 0x0000000084800000| Untracked 
|  73|0x0000000084900000, 0x0000000084900000, 0x0000000084a00000|  0%| F|  |TAMS 0x0000000084900000, 0x0000000084900000| Untracked 
|  74|0x0000000084a00000, 0x0000000084a00000, 0x0000000084b00000|  0%| F|  |TAMS 0x0000000084a00000, 0x0000000084a00000| Untracked 
|  75|0x0000000084b00000, 0x0000000084b00000, 0x0000000084c00000|  0%| F|  |TAMS 0x0000000084b00000, 0x0000000084b00000| Untracked 
|  76|0x0000000084c00000, 0x0000000084c00000, 0x0000000084d00000|  0%| F|  |TAMS 0x0000000084c00000, 0x0000000084c00000| Untracked 
|  77|0x0000000084d00000, 0x0000000084d00000, 0x0000000084e00000|  0%| F|  |TAMS 0x0000000084d00000, 0x0000000084d00000| Untracked 
|  78|0x0000000084e00000, 0x0000000084e00000, 0x0000000084f00000|  0%| F|  |TAMS 0x0000000084e00000, 0x0000000084e00000| Untracked 
|  79|0x0000000084f00000, 0x0000000084f00000, 0x0000000085000000|  0%| F|  |TAMS 0x0000000084f00000, 0x0000000084f00000| Untracked 
|  80|0x0000000085000000, 0x0000000085000000, 0x0000000085100000|  0%| F|  |TAMS 0x0000000085000000, 0x0000000085000000| Untracked 
|  81|0x0000000085100000, 0x0000000085100000, 0x0000000085200000|  0%| F|  |TAMS 0x0000000085100000, 0x0000000085100000| Untracked 
|  82|0x0000000085200000, 0x0000000085200000, 0x0000000085300000|  0%| F|  |TAMS 0x0000000085200000, 0x0000000085200000| Untracked 
|  83|0x0000000085300000, 0x0000000085300000, 0x0000000085400000|  0%| F|  |TAMS 0x0000000085300000, 0x0000000085300000| Untracked 
|  84|0x0000000085400000, 0x0000000085400000, 0x0000000085500000|  0%| F|  |TAMS 0x0000000085400000, 0x0000000085400000| Untracked 
|  85|0x0000000085500000, 0x0000000085500000, 0x0000000085600000|  0%| F|  |TAMS 0x0000000085500000, 0x0000000085500000| Untracked 
|  86|0x0000000085600000, 0x0000000085600000, 0x0000000085700000|  0%| F|  |TAMS 0x0000000085600000, 0x0000000085600000| Untracked 
|  87|0x0000000085700000, 0x0000000085700000, 0x0000000085800000|  0%| F|  |TAMS 0x0000000085700000, 0x0000000085700000| Untracked 
|  88|0x0000000085800000, 0x0000000085800000, 0x0000000085900000|  0%| F|  |TAMS 0x0000000085800000, 0x0000000085800000| Untracked 
|  89|0x0000000085900000, 0x0000000085900000, 0x0000000085a00000|  0%| F|  |TAMS 0x0000000085900000, 0x0000000085900000| Untracked 
|  90|0x0000000085a00000, 0x0000000085a00000, 0x0000000085b00000|  0%| F|  |TAMS 0x0000000085a00000, 0x0000000085a00000| Untracked 
|  91|0x0000000085b00000, 0x0000000085bb7f88, 0x0000000085c00000| 71%| E|  |TAMS 0x0000000085b00000, 0x0000000085b00000| Complete 
|  92|0x0000000085c00000, 0x0000000085d00000, 0x0000000085d00000|100%| E|CS|TAMS 0x0000000085c00000, 0x0000000085c00000| Complete 
|  93|0x0000000085d00000, 0x0000000085e00000, 0x0000000085e00000|100%| E|CS|TAMS 0x0000000085d00000, 0x0000000085d00000| Complete 
|  94|0x0000000085e00000, 0x0000000085f00000, 0x0000000085f00000|100%| E|CS|TAMS 0x0000000085e00000, 0x0000000085e00000| Complete 
|  95|0x0000000085f00000, 0x0000000086000000, 0x0000000086000000|100%| E|CS|TAMS 0x0000000085f00000, 0x0000000085f00000| Complete 
|  96|0x0000000086000000, 0x0000000086100000, 0x0000000086100000|100%| E|CS|TAMS 0x0000000086000000, 0x0000000086000000| Complete 
|  97|0x0000000086100000, 0x0000000086200000, 0x0000000086200000|100%| E|CS|TAMS 0x0000000086100000, 0x0000000086100000| Complete 
|  98|0x0000000086200000, 0x0000000086300000, 0x0000000086300000|100%| E|CS|TAMS 0x0000000086200000, 0x0000000086200000| Complete 
|  99|0x0000000086300000, 0x0000000086400000, 0x0000000086400000|100%| E|CS|TAMS 0x0000000086300000, 0x0000000086300000| Complete 
| 100|0x0000000086400000, 0x0000000086500000, 0x0000000086500000|100%| E|CS|TAMS 0x0000000086400000, 0x0000000086400000| Complete 
| 101|0x0000000086500000, 0x0000000086600000, 0x0000000086600000|100%| E|CS|TAMS 0x0000000086500000, 0x0000000086500000| Complete 
| 102|0x0000000086600000, 0x0000000086700000, 0x0000000086700000|100%| E|CS|TAMS 0x0000000086600000, 0x0000000086600000| Complete 
| 103|0x0000000086700000, 0x0000000086800000, 0x0000000086800000|100%| E|CS|TAMS 0x0000000086700000, 0x0000000086700000| Complete 
| 104|0x0000000086800000, 0x0000000086900000, 0x0000000086900000|100%| E|CS|TAMS 0x0000000086800000, 0x0000000086800000| Complete 
| 105|0x0000000086900000, 0x0000000086a00000, 0x0000000086a00000|100%| E|CS|TAMS 0x0000000086900000, 0x0000000086900000| Complete 
| 106|0x0000000086a00000, 0x0000000086b00000, 0x0000000086b00000|100%| E|CS|TAMS 0x0000000086a00000, 0x0000000086a00000| Complete 
| 107|0x0000000086b00000, 0x0000000086c00000, 0x0000000086c00000|100%| E|CS|TAMS 0x0000000086b00000, 0x0000000086b00000| Complete 
| 108|0x0000000086c00000, 0x0000000086d00000, 0x0000000086d00000|100%| E|CS|TAMS 0x0000000086c00000, 0x0000000086c00000| Complete 
| 109|0x0000000086d00000, 0x0000000086e00000, 0x0000000086e00000|100%| E|CS|TAMS 0x0000000086d00000, 0x0000000086d00000| Complete 
| 110|0x0000000086e00000, 0x0000000086f00000, 0x0000000086f00000|100%| E|CS|TAMS 0x0000000086e00000, 0x0000000086e00000| Complete 
| 111|0x0000000086f00000, 0x0000000087000000, 0x0000000087000000|100%| E|CS|TAMS 0x0000000086f00000, 0x0000000086f00000| Complete 
| 112|0x0000000087000000, 0x0000000087100000, 0x0000000087100000|100%| E|CS|TAMS 0x0000000087000000, 0x0000000087000000| Complete 
| 113|0x0000000087100000, 0x0000000087200000, 0x0000000087200000|100%| E|CS|TAMS 0x0000000087100000, 0x0000000087100000| Complete 
| 114|0x0000000087200000, 0x0000000087300000, 0x0000000087300000|100%| E|CS|TAMS 0x0000000087200000, 0x0000000087200000| Complete 
| 115|0x0000000087300000, 0x0000000087400000, 0x0000000087400000|100%| E|CS|TAMS 0x0000000087300000, 0x0000000087300000| Complete 
| 116|0x0000000087400000, 0x0000000087500000, 0x0000000087500000|100%| E|CS|TAMS 0x0000000087400000, 0x0000000087400000| Complete 
| 117|0x0000000087500000, 0x0000000087600000, 0x0000000087600000|100%| E|CS|TAMS 0x0000000087500000, 0x0000000087500000| Complete 
| 118|0x0000000087600000, 0x00000000876dfd98, 0x0000000087700000| 87%| S|CS|TAMS 0x0000000087600000, 0x0000000087600000| Complete 
| 119|0x0000000087700000, 0x0000000087800000, 0x0000000087800000|100%| S|CS|TAMS 0x0000000087700000, 0x0000000087700000| Complete 
| 120|0x0000000087800000, 0x0000000087900000, 0x0000000087900000|100%| S|CS|TAMS 0x0000000087800000, 0x0000000087800000| Complete 
| 121|0x0000000087900000, 0x0000000087a00000, 0x0000000087a00000|100%| S|CS|TAMS 0x0000000087900000, 0x0000000087900000| Complete 
| 122|0x0000000087a00000, 0x0000000087b00000, 0x0000000087b00000|100%| E|CS|TAMS 0x0000000087a00000, 0x0000000087a00000| Complete 
| 123|0x0000000087b00000, 0x0000000087c00000, 0x0000000087c00000|100%| E|CS|TAMS 0x0000000087b00000, 0x0000000087b00000| Complete 
| 124|0x0000000087c00000, 0x0000000087d00000, 0x0000000087d00000|100%| E|CS|TAMS 0x0000000087c00000, 0x0000000087c00000| Complete 
| 125|0x0000000087d00000, 0x0000000087e00000, 0x0000000087e00000|100%| E|CS|TAMS 0x0000000087d00000, 0x0000000087d00000| Complete 

Card table byte_map: [0x000001dffc410000,0x000001dffc810000] _byte_map_base: 0x000001dffc010000

Marking Bits (Prev, Next): (CMBitMap*) 0x000001dfe72df0d8, (CMBitMap*) 0x000001dfe72df110
 Prev Bits: [0x000001dffcc10000, 0x000001dffec10000)
 Next Bits: [0x000001df80000000, 0x000001df82000000)

Polling page: 0x000001dfe7380000

Metaspace:

Usage:
  Non-class:     32.74 MB capacity,    32.15 MB ( 98%) used,   520.04 KB (  2%) free+waste,    86.75 KB ( <1%) overhead. 
      Class:      5.05 MB capacity,     4.71 MB ( 93%) used,   300.63 KB (  6%) free+waste,    41.75 KB ( <1%) overhead. 
       Both:     37.79 MB capacity,    36.86 MB ( 98%) used,   820.67 KB (  2%) free+waste,   128.50 KB ( <1%) overhead. 

Virtual space:
  Non-class space:       34.00 MB reserved,      32.92 MB ( 97%) committed 
      Class space:        1.00 GB reserved,       5.16 MB ( <1%) committed 
             Both:        1.03 GB reserved,      38.08 MB (  4%) committed 

Chunk freelists:
   Non-Class:  57.00 KB
       Class:  0 bytes
        Both:  56.00 KB

MaxMetaspaceSize: 17179869184.00 GB
CompressedClassSpaceSize: 1.00 GB
Initial GC threshold: 20.80 MB
Current GC threshold: 59.09 MB
CDS: off

CodeHeap 'non-profiled nmethods': size=120000Kb used=1700Kb max_used=1700Kb free=118299Kb
 bounds [0x000001dff4060000, 0x000001dff42d0000, 0x000001dffb590000]
CodeHeap 'profiled nmethods': size=120000Kb used=6701Kb max_used=6701Kb free=113298Kb
 bounds [0x000001dfecb30000, 0x000001dfed1c0000, 0x000001dff4060000]
CodeHeap 'non-nmethods': size=5760Kb used=1590Kb max_used=1634Kb free=4169Kb
 bounds [0x000001dfec590000, 0x000001dfec800000, 0x000001dfecb30000]
 total_blobs=3834 nmethods=3214 adapters=532
 compilation: enabled
              stopped_count=0, restarted_count=0
 full_count=0

Compilation events (20 events):
Event: 3.692 Thread 0x000001dfff713000 3061       4       java.util.ArrayList::<init> (61 bytes)
Event: 3.694 Thread 0x000001dfff71b000 3193       3       jdk.internal.org.objectweb.asm.FieldVisitor::<init> (7 bytes)
Event: 3.694 Thread 0x000001dfff71b000 nmethod 3193 0x000001dfed1ad910 code [0x000001dfed1adae0, 0x000001dfed1ade08]
Event: 3.694 Thread 0x000001dfff71b000 3194       3       jdk.internal.org.objectweb.asm.FieldVisitor::<init> (35 bytes)
Event: 3.694 Thread 0x000001dfff71b000 nmethod 3194 0x000001dfed1adf10 code [0x000001dfed1ae0e0, 0x000001dfed1ae3c8]
Event: 3.694 Thread 0x000001dfff71b000 3195       3       jdk.internal.org.objectweb.asm.FieldWriter::visitEnd (1 bytes)
Event: 3.694 Thread 0x000001dfff71b000 nmethod 3195 0x000001dfed1ae510 code [0x000001dfed1ae6c0, 0x000001dfed1ae7b8]
Event: 3.694 Thread 0x000001dfff713000 nmethod 3061 0x000001dff4207f90 code [0x000001dff4208140, 0x000001dff4208438]
Event: 3.694 Thread 0x000001dfff71b000 3197   !   2       java.net.URLClassLoader$1::run (81 bytes)
Event: 3.694 Thread 0x000001dfff713000 3196       4       java.net.URLClassLoader$1::run (5 bytes)
Event: 3.695 Thread 0x000001dfff71b000 nmethod 3197 0x000001dfed1ae890 code [0x000001dfed1aeac0, 0x000001dfed1aee38]
Event: 3.713 Thread 0x000001dfff71b000 3198       3       jdk.internal.org.objectweb.asm.FieldWriter::<init> (97 bytes)
Event: 3.713 Thread 0x000001dfff71b000 nmethod 3198 0x000001dfed1af110 code [0x000001dfed1af320, 0x000001dfed1af888]
Event: 3.715 Thread 0x000001dfff71b000 3199       3       java.util.ImmutableCollections$Set12::contains (28 bytes)
Event: 3.715 Thread 0x000001dfff71b000 nmethod 3199 0x000001dfed1afb10 code [0x000001dfed1afce0, 0x000001dfed1b0018]
Event: 3.726 Thread 0x000001dfff71b000 3200       3       java.lang.String::equalsIgnoreCase (45 bytes)
Event: 3.727 Thread 0x000001dfff71b000 nmethod 3200 0x000001dfed1b0110 code [0x000001dfed1b0320, 0x000001dfed1b0868]
Event: 3.740 Thread 0x000001dfff71b000 3202  s    2       java.io.BufferedInputStream::read (49 bytes)
Event: 3.740 Thread 0x000001dfff71b000 nmethod 3202 0x000001dfed1b0a90 code [0x000001dfed1b0c60, 0x000001dfed1b1058]
Event: 3.740 Thread 0x000001dfff71b000 3203       3       java.io.BufferedInputStream::read1 (108 bytes)

GC Heap History (12 events):
Event: 0.634 GC heap before
{Heap before GC invocations=0 (full 0):
 garbage-first heap   total 129024K, used 29696K [0x0000000080000000, 0x0000000100000000)
  region size 1024K, 24 young (24576K), 0 survivors (0K)
 Metaspace       used 10112K, capacity 10333K, committed 10624K, reserved 1058816K
  class space    used 1037K, capacity 1108K, committed 1152K, reserved 1048576K
}
Event: 0.639 GC heap after
{Heap after GC invocations=1 (full 0):
 garbage-first heap   total 129024K, used 9457K [0x0000000080000000, 0x0000000100000000)
  region size 1024K, 3 young (3072K), 3 survivors (3072K)
 Metaspace       used 10112K, capacity 10333K, committed 10624K, reserved 1058816K
  class space    used 1037K, capacity 1108K, committed 1152K, reserved 1048576K
}
Event: 1.827 GC heap before
{Heap before GC invocations=1 (full 0):
 garbage-first heap   total 129024K, used 84209K [0x0000000080000000, 0x0000000100000000)
  region size 1024K, 75 young (76800K), 3 survivors (3072K)
 Metaspace       used 17262K, capacity 17640K, committed 17792K, reserved 1064960K
  class space    used 1992K, capacity 2141K, committed 2176K, reserved 1048576K
}
Event: 1.833 GC heap after
{Heap after GC invocations=2 (full 0):
 garbage-first heap   total 129024K, used 16409K [0x0000000080000000, 0x0000000100000000)
  region size 1024K, 10 young (10240K), 10 survivors (10240K)
 Metaspace       used 17262K, capacity 17640K, committed 17792K, reserved 1064960K
  class space    used 1992K, capacity 2141K, committed 2176K, reserved 1048576K
}
Event: 2.135 GC heap before
{Heap before GC invocations=2 (full 0):
 garbage-first heap   total 129024K, used 50201K [0x0000000080000000, 0x0000000100000000)
  region size 1024K, 44 young (45056K), 10 survivors (10240K)
 Metaspace       used 20750K, capacity 21191K, committed 21296K, reserved 1069056K
  class space    used 2532K, capacity 2686K, committed 2688K, reserved 1048576K
}
Event: 2.141 GC heap after
{Heap after GC invocations=3 (full 0):
 garbage-first heap   total 129024K, used 17237K [0x0000000080000000, 0x0000000100000000)
  region size 1024K, 2 young (2048K), 2 survivors (2048K)
 Metaspace       used 20750K, capacity 21191K, committed 21296K, reserved 1069056K
  class space    used 2532K, capacity 2686K, committed 2688K, reserved 1048576K
}
Event: 2.709 GC heap before
{Heap before GC invocations=4 (full 0):
 garbage-first heap   total 129024K, used 71509K [0x0000000080000000, 0x0000000100000000)
  region size 1024K, 56 young (57344K), 2 survivors (2048K)
 Metaspace       used 26543K, capacity 27149K, committed 27388K, reserved 1073152K
  class space    used 3440K, capacity 3640K, committed 3660K, reserved 1048576K
}
Event: 2.713 GC heap after
{Heap after GC invocations=5 (full 0):
 garbage-first heap   total 129024K, used 18969K [0x0000000080000000, 0x0000000100000000)
  region size 1024K, 4 young (4096K), 4 survivors (4096K)
 Metaspace       used 26543K, capacity 27149K, committed 27388K, reserved 1073152K
  class space    used 3440K, capacity 3640K, committed 3660K, reserved 1048576K
}
Event: 3.403 GC heap before
{Heap before GC invocations=5 (full 0):
 garbage-first heap   total 129024K, used 79385K [0x0000000080000000, 0x0000000100000000)
  region size 1024K, 63 young (64512K), 4 survivors (4096K)
 Metaspace       used 34522K, capacity 35289K, committed 35452K, reserved 1079296K
  class space    used 4435K, capacity 4716K, committed 4812K, reserved 1048576K
}
Event: 3.408 GC heap after
{Heap after GC invocations=6 (full 0):
 garbage-first heap   total 129024K, used 21977K [0x0000000080000000, 0x0000000100000000)
  region size 1024K, 7 young (7168K), 7 survivors (7168K)
 Metaspace       used 34522K, capacity 35289K, committed 35452K, reserved 1079296K
  class space    used 4435K, capacity 4716K, committed 4812K, reserved 1048576K
}
Event: 3.468 GC heap before
{Heap before GC invocations=6 (full 0):
 garbage-first heap   total 129024K, used 25049K [0x0000000080000000, 0x0000000100000000)
  region size 1024K, 11 young (11264K), 7 survivors (7168K)
 Metaspace       used 35181K, capacity 35970K, committed 36048K, reserved 1081344K
  class space    used 4522K, capacity 4838K, committed 4896K, reserved 1048576K
}
Event: 3.476 GC heap after
{Heap after GC invocations=7 (full 0):
 garbage-first heap   total 129024K, used 22816K [0x0000000080000000, 0x0000000100000000)
  region size 1024K, 4 young (4096K), 4 survivors (4096K)
 Metaspace       used 35181K, capacity 35970K, committed 36048K, reserved 1081344K
  class space    used 4522K, capacity 4838K, committed 4896K, reserved 1048576K
}

Deoptimization events (20 events):
Event: 3.655 Thread 0x000001df86c79000 DEOPT PACKING pc=0x000001dfed162398 sp=0x00000030207f8a10
Event: 3.655 Thread 0x000001df86c79000 DEOPT UNPACKING pc=0x000001dfec5d9d0e sp=0x00000030207f7f20 mode 0
Event: 3.656 Thread 0x000001df86c79000 DEOPT PACKING pc=0x000001dfed162398 sp=0x00000030207f8a10
Event: 3.656 Thread 0x000001df86c79000 DEOPT UNPACKING pc=0x000001dfec5d9d0e sp=0x00000030207f7f20 mode 0
Event: 3.668 Thread 0x000001df86c79000 Uncommon trap: trap_request=0xffffffbe fr.pc=0x000001dff4202dc4 relative=0x00000000000009c4
Event: 3.668 Thread 0x000001df86c79000 Uncommon trap: reason=profile_predicate action=maybe_recompile pc=0x000001dff4202dc4 method=jdk.internal.jimage.ImageStringsReader.charsFromByteBuffer([CLjava/nio/ByteBuffer;)V @ 6 c2
Event: 3.668 Thread 0x000001df86c79000 DEOPT PACKING pc=0x000001dff4202dc4 sp=0x00000030207f85d0
Event: 3.668 Thread 0x000001df86c79000 DEOPT UNPACKING pc=0x000001dfec5985af sp=0x00000030207f83d8 mode 2
Event: 3.668 Thread 0x000001df86c79000 Uncommon trap: trap_request=0xffffffbe fr.pc=0x000001dff4202dc4 relative=0x00000000000009c4
Event: 3.668 Thread 0x000001df86c79000 Uncommon trap: reason=profile_predicate action=maybe_recompile pc=0x000001dff4202dc4 method=jdk.internal.jimage.ImageStringsReader.charsFromByteBuffer([CLjava/nio/ByteBuffer;)V @ 6 c2
Event: 3.668 Thread 0x000001df86c79000 DEOPT PACKING pc=0x000001dff4202dc4 sp=0x00000030207f85d0
Event: 3.668 Thread 0x000001df86c79000 DEOPT UNPACKING pc=0x000001dfec5985af sp=0x00000030207f83d8 mode 2
Event: 3.668 Thread 0x000001df86c79000 Uncommon trap: trap_request=0xffffffbe fr.pc=0x000001dff4202dc4 relative=0x00000000000009c4
Event: 3.668 Thread 0x000001df86c79000 Uncommon trap: reason=profile_predicate action=maybe_recompile pc=0x000001dff4202dc4 method=jdk.internal.jimage.ImageStringsReader.charsFromByteBuffer([CLjava/nio/ByteBuffer;)V @ 6 c2
Event: 3.668 Thread 0x000001df86c79000 DEOPT PACKING pc=0x000001dff4202dc4 sp=0x00000030207f85d0
Event: 3.668 Thread 0x000001df86c79000 DEOPT UNPACKING pc=0x000001dfec5985af sp=0x00000030207f83d8 mode 2
Event: 3.668 Thread 0x000001df86c79000 Uncommon trap: trap_request=0xffffffbe fr.pc=0x000001dff4202dc4 relative=0x00000000000009c4
Event: 3.668 Thread 0x000001df86c79000 Uncommon trap: reason=profile_predicate action=maybe_recompile pc=0x000001dff4202dc4 method=jdk.internal.jimage.ImageStringsReader.charsFromByteBuffer([CLjava/nio/ByteBuffer;)V @ 6 c2
Event: 3.668 Thread 0x000001df86c79000 DEOPT PACKING pc=0x000001dff4202dc4 sp=0x00000030207f85d0
Event: 3.668 Thread 0x000001df86c79000 DEOPT UNPACKING pc=0x000001dfec5985af sp=0x00000030207f83d8 mode 2

Classes redefined (0 events):
No events

Internal exceptions (20 events):
Event: 3.036 Thread 0x000001df86c79000 Exception <a 'java/lang/NoSuchMethodError'{0x0000000085cffc80}: 'java.lang.Object java.lang.invoke.Invokers$Holder.linkToTargetMethod(java.lang.Object, java.lang.Object, java.lang.Object, java.lang.Object, java.lang.Object, java.lang.Object, java.lang.Object)'> (0x0000000085cffc80) thrown at [./src/hotspot/share/interpreter/linkResolver.cpp, line 773]
Event: 3.039 Thread 0x000001df86c79000 Exception <a 'java/lang/IncompatibleClassChangeError'{0x0000000085b54d48}: Found class java.lang.Object, but interface was expected> (0x0000000085b54d48) thrown at [./src/hotspot/share/interpreter/linkResolver.cpp, line 839]
Event: 3.243 Thread 0x000001df86c79000 Exception <a 'java/lang/NoSuchMethodError'{0x00000000848111e0}: 'void java.lang.invoke.DirectMethodHandle$Holder.invokeStaticInit(java.lang.Object, java.lang.Object, java.lang.Object)'> (0x00000000848111e0) thrown at [./src/hotspot/share/interpreter/linkResolver.cpp, line 773]
Event: 3.244 Thread 0x000001df86c79000 Exception <a 'java/lang/NoSuchMethodError'{0x0000000084818438}: 'void java.lang.invoke.DirectMethodHandle$Holder.invokeStaticInit(java.lang.Object, java.lang.Object, java.lang.Object, java.lang.Object)'> (0x0000000084818438) thrown at [./src/hotspot/share/interpreter/linkResolver.cpp, line 773]
Event: 3.248 Thread 0x000001df86c79000 Exception <a 'java/lang/NoSuchMethodError'{0x000000008483ab70}: 'void java.lang.invoke.DirectMethodHandle$Holder.invokeStaticInit(java.lang.Object, java.lang.Object, java.lang.Object, java.lang.Object, java.lang.Object)'> (0x000000008483ab70) thrown at [./src/hotspot/share/interpreter/linkResolver.cpp, line 773]
Event: 3.281 Thread 0x000001df86c79000 Exception <a 'java/lang/NoSuchMethodError'{0x00000000848ba1d0}: 'int java.lang.invoke.DirectMethodHandle$Holder.invokeStaticInit(java.lang.Object, java.lang.Object, java.lang.Object, java.lang.Object)'> (0x00000000848ba1d0) thrown at [./src/hotspot/share/interpreter/linkResolver.cpp, line 773]
Event: 3.457 Thread 0x000001df86c79000 Exception <a 'java/lang/NoSuchMethodError'{0x0000000087b4a180}: 'java.lang.Object java.lang.invoke.DirectMethodHandle$Holder.invokeStatic(java.lang.Object, java.lang.Object, java.lang.Object, java.lang.Object, java.lang.Object, java.lang.Object, java.lang.Object, java.lang.Object, java.lang.Object, java.lang.Object, java.lang.Object, int)'> (0x0000000087b4a180) thrown at [./src/hotspot/share/interpreter/linkResolver.cpp, line 773]
Event: 3.459 Thread 0x000001df86c79000 Exception <a 'java/lang/NoSuchMethodError'{0x0000000087b68b20}: 'java.lang.Object java.lang.invoke.DirectMethodHandle$Holder.invokeStatic(java.lang.Object, java.lang.Object, java.lang.Object, java.lang.Object, java.lang.Object, java.lang.Object, java.lang.Object, java.lang.Object, java.lang.Object, java.lang.Object, java.lang.Object, int, int)'> (0x0000000087b68b20) thrown at [./src/hotspot/share/interpreter/linkResolver.cpp, line 773]
Event: 3.460 Thread 0x000001df86c79000 Exception <a 'java/lang/NoSuchMethodError'{0x0000000087b88728}: 'java.lang.Object java.lang.invoke.DirectMethodHandle$Holder.invokeStatic(java.lang.Object, java.lang.Object, java.lang.Object, java.lang.Object, java.lang.Object, java.lang.Object, java.lang.Object, java.lang.Object, java.lang.Object, java.lang.Object, java.lang.Object, int, int, java.lang.Object)'> (0x0000000087b88728) thrown at [./src/hotspot/share/interpreter/linkResolver.cpp, line 773]
Event: 3.463 Thread 0x000001df86c79000 Exception <a 'java/lang/NoSuchMethodError'{0x0000000087ba9820}: 'java.lang.Object java.lang.invoke.DirectMethodHandle$Holder.invokeStatic(java.lang.Object, java.lang.Object, java.lang.Object, java.lang.Object, java.lang.Object, java.lang.Object, java.lang.Object, java.lang.Object, java.lang.Object, java.lang.Object, java.lang.Object, int, int, java.lang.Object, java.lang.Object)'> (0x0000000087ba9820) thrown at [./src/hotspot/share/interpreter/linkResolver.cpp, line 773]
Event: 3.465 Thread 0x000001df86c79000 Exception <a 'java/lang/ClassNotFoundException'{0x0000000087bd9ae8}: groovy/lang/ExpandoMetaClassBeanInfo> (0x0000000087bd9ae8) thrown at [./src/hotspot/share/classfile/systemDictionary.cpp, line 231]
Event: 3.466 Thread 0x000001df86c79000 Exception <a 'java/lang/ClassNotFoundException'{0x0000000087bfa290}: groovy/lang/MetaClassImplBeanInfo> (0x0000000087bfa290) thrown at [./src/hotspot/share/classfile/systemDictionary.cpp, line 231]
Event: 3.467 Thread 0x000001df86c79000 Exception <a 'java/lang/ClassNotFoundException'{0x0000000087a03b40}: java/lang/ObjectBeanInfo> (0x0000000087a03b40) thrown at [./src/hotspot/share/classfile/systemDictionary.cpp, line 231]
Event: 3.467 Thread 0x000001df86c79000 Exception <a 'java/lang/ClassNotFoundException'{0x0000000087a0f3a0}: java/lang/ObjectCustomizer> (0x0000000087a0f3a0) thrown at [./src/hotspot/share/classfile/systemDictionary.cpp, line 231]
Event: 3.482 Thread 0x000001df86c79000 Exception <a 'java/lang/ClassNotFoundException'{0x0000000087d26380}: groovy/lang/MetaClassImplCustomizer> (0x0000000087d26380) thrown at [./src/hotspot/share/classfile/systemDictionary.cpp, line 231]
Event: 3.485 Thread 0x000001df86c79000 Exception <a 'java/lang/ClassNotFoundException'{0x0000000087d66560}: groovy/lang/ExpandoMetaClassCustomizer> (0x0000000087d66560) thrown at [./src/hotspot/share/classfile/systemDictionary.cpp, line 231]
Event: 3.683 Thread 0x000001df86c79000 Exception <a 'java/lang/ClassNotFoundException'{0x0000000086062468}: org/gradle/internal/extensibility/DefaultExtraPropertiesExtensionBeanInfo> (0x0000000086062468) thrown at [./src/hotspot/share/classfile/systemDictionary.cpp, line 231]
Event: 3.683 Thread 0x000001df86c79000 Exception <a 'java/lang/ClassNotFoundException'{0x0000000086084138}: groovy/lang/GroovyObjectSupportBeanInfo> (0x0000000086084138) thrown at [./src/hotspot/share/classfile/systemDictionary.cpp, line 231]
Event: 3.684 Thread 0x000001df86c79000 Exception <a 'java/lang/ClassNotFoundException'{0x00000000860a5bd8}: groovy/lang/GroovyObjectSupportCustomizer> (0x00000000860a5bd8) thrown at [./src/hotspot/share/classfile/systemDictionary.cpp, line 231]
Event: 3.686 Thread 0x000001df86c79000 Exception <a 'java/lang/ClassNotFoundException'{0x00000000860cdb88}: org/gradle/internal/extensibility/DefaultExtraPropertiesExtensionCustomizer> (0x00000000860cdb88) thrown at [./src/hotspot/share/classfile/systemDictionary.cpp, line 231]

Events (20 events):
Event: 3.735 loading class org/gradle/cache/internal/btree/ByteInput$ResettableBufferedInputStream
Event: 3.735 loading class org/gradle/cache/internal/btree/ByteInput$ResettableBufferedInputStream done
Event: 3.735 Executing VM operation: Deoptimize
Event: 3.736 Executing VM operation: Deoptimize done
Event: 3.736 loading class com/google/common/io/CountingInputStream
Event: 3.736 loading class com/google/common/io/CountingInputStream done
Event: 3.736 loading class org/gradle/cache/internal/btree/BlockPointer
Event: 3.736 loading class org/gradle/cache/internal/btree/BlockPointer done
Event: 3.738 loading class com/google/common/primitives/Longs
Event: 3.738 loading class com/google/common/primitives/Longs done
Event: 3.738 loading class com/google/common/primitives/Longs$LongConverter
Event: 3.738 loading class com/google/common/primitives/Longs$LongConverter done
Event: 3.739 loading class org/gradle/cache/internal/btree/BTreePersistentIndexedCache$IndexRoot
Event: 3.739 loading class org/gradle/cache/internal/btree/BTreePersistentIndexedCache$IndexRoot done
Event: 3.740 loading class org/gradle/cache/internal/btree/BTreePersistentIndexedCache
Event: 3.740 loading class org/gradle/cache/internal/btree/BTreePersistentIndexedCache done
Event: 3.740 loading class org/gradle/cache/internal/btree/BTreePersistentIndexedCache
Event: 3.740 loading class org/gradle/cache/internal/btree/BTreePersistentIndexedCache done
Event: 3.740 loading class org/gradle/cache/internal/btree/BTreePersistentIndexedCache$IndexEntry
Event: 3.740 loading class org/gradle/cache/internal/btree/BTreePersistentIndexedCache$IndexEntry done


Dynamic libraries:
0x00007ff68c270000 - 0x00007ff68c27a000 	C:\Program Files\Android\Android Studio\jre\bin\java.exe
0x00007ffc95550000 - 0x00007ffc95748000 	C:\Windows\SYSTEM32\ntdll.dll
0x00007ffc95430000 - 0x00007ffc954ef000 	C:\Windows\System32\KERNEL32.DLL
0x00007ffc92d10000 - 0x00007ffc92fe2000 	C:\Windows\System32\KERNELBASE.dll
0x00007ffc93380000 - 0x00007ffc93480000 	C:\Windows\System32\ucrtbase.dll
0x00007ffc76d70000 - 0x00007ffc76d89000 	C:\Program Files\Android\Android Studio\jre\bin\jli.dll
0x00007ffc76d50000 - 0x00007ffc76d67000 	C:\Program Files\Android\Android Studio\jre\bin\VCRUNTIME140.dll
0x00007ffc94a30000 - 0x00007ffc94bd1000 	C:\Windows\System32\USER32.dll
0x00007ffc92c40000 - 0x00007ffc92c62000 	C:\Windows\System32\win32u.dll
0x00007ffc77a20000 - 0x00007ffc77cba000 	C:\Windows\WinSxS\amd64_microsoft.windows.common-controls_6595b64144ccf1df_6.0.19041.1110_none_60b5254171f9507e\COMCTL32.dll
0x00007ffc95070000 - 0x00007ffc9509b000 	C:\Windows\System32\GDI32.dll
0x00007ffc938f0000 - 0x00007ffc9398e000 	C:\Windows\System32\msvcrt.dll
0x00007ffc93480000 - 0x00007ffc9358f000 	C:\Windows\System32\gdi32full.dll
0x00007ffc932e0000 - 0x00007ffc9337d000 	C:\Windows\System32\msvcp_win.dll
0x00007ffc93a40000 - 0x00007ffc93a72000 	C:\Windows\System32\IMM32.DLL
0x00007ffc76cb0000 - 0x00007ffc76d4d000 	C:\Program Files\Android\Android Studio\jre\bin\msvcp140.dll
0x00007ffc451c0000 - 0x00007ffc45cc2000 	C:\Program Files\Android\Android Studio\jre\bin\server\jvm.dll
0x00007ffc93690000 - 0x00007ffc9373e000 	C:\Windows\System32\ADVAPI32.dll
0x00007ffc95390000 - 0x00007ffc9542c000 	C:\Windows\System32\sechost.dll
0x00007ffc94850000 - 0x00007ffc94975000 	C:\Windows\System32\RPCRT4.dll
0x00007ffc93620000 - 0x00007ffc93628000 	C:\Windows\System32\PSAPI.DLL
0x00007ffc681b0000 - 0x00007ffc681b9000 	C:\Windows\SYSTEM32\WSOCK32.dll
0x00007ffc845e0000 - 0x00007ffc845ea000 	C:\Windows\SYSTEM32\VERSION.dll
0x00007ffc77f00000 - 0x00007ffc77f27000 	C:\Windows\SYSTEM32\WINMM.dll
0x00007ffc93880000 - 0x00007ffc938eb000 	C:\Windows\System32\WS2_32.dll
0x00007ffc91450000 - 0x00007ffc91462000 	C:\Windows\SYSTEM32\kernel.appcore.dll
0x00007ffc6e750000 - 0x00007ffc6e761000 	C:\Program Files\Android\Android Studio\jre\bin\verify.dll
0x00007ffc90fa0000 - 0x00007ffc91184000 	C:\Windows\SYSTEM32\DBGHELP.DLL
0x00007ffc81510000 - 0x00007ffc81545000 	C:\Windows\SYSTEM32\dbgcore.DLL
0x00007ffc93250000 - 0x00007ffc932d2000 	C:\Windows\System32\bcryptPrimitives.dll
0x00007ffc538f0000 - 0x00007ffc53919000 	C:\Program Files\Android\Android Studio\jre\bin\java.dll
0x00007ffc6e740000 - 0x00007ffc6e74b000 	C:\Program Files\Android\Android Studio\jre\bin\jimage.dll
0x00007ffc4d6d0000 - 0x00007ffc4d6e8000 	C:\Program Files\Android\Android Studio\jre\bin\zip.dll
0x00007ffc94100000 - 0x00007ffc94844000 	C:\Windows\System32\SHELL32.dll
0x00007ffc90740000 - 0x00007ffc90ed2000 	C:\Windows\SYSTEM32\windows.storage.dll
0x00007ffc94be0000 - 0x00007ffc94f35000 	C:\Windows\System32\combase.dll
0x00007ffc926a0000 - 0x00007ffc926d0000 	C:\Windows\SYSTEM32\Wldp.dll
0x00007ffc93990000 - 0x00007ffc93a3d000 	C:\Windows\System32\SHCORE.dll
0x00007ffc93820000 - 0x00007ffc93875000 	C:\Windows\System32\shlwapi.dll
0x00007ffc92b80000 - 0x00007ffc92b9f000 	C:\Windows\SYSTEM32\profapi.dll
0x00007ffc4d6b0000 - 0x00007ffc4d6ca000 	C:\Program Files\Android\Android Studio\jre\bin\net.dll
0x00007ffc89200000 - 0x00007ffc8930c000 	C:\Windows\SYSTEM32\WINHTTP.dll
0x00007ffc92400000 - 0x00007ffc9246a000 	C:\Windows\system32\mswsock.dll
0x00007ffc4d690000 - 0x00007ffc4d6a4000 	C:\Program Files\Android\Android Studio\jre\bin\nio.dll
0x00007ffc638e0000 - 0x00007ffc63907000 	C:\Program Files\Android\gradle-7.3.3\native\e1d6ef7f7dcc3fd88c89a11ec53ec762bb8ba0a96d01ffa2cd45eb1d1d8dd5c5\windows-amd64\native-platform.dll
0x00007ffc76b60000 - 0x00007ffc76ca4000 	C:\Program Files\Android\gradle-7.3.3\native\0d407fdbe67a94daf76414ababcb853783967236a71b16ec16e742cd7a986fd3\windows-amd64\native-platform-file-events.dll
0x00007ffc539b0000 - 0x00007ffc539ba000 	C:\Program Files\Android\Android Studio\jre\bin\management.dll
0x00007ffc53570000 - 0x00007ffc5357d000 	C:\Program Files\Android\Android Studio\jre\bin\management_ext.dll
0x00007ffc925f0000 - 0x00007ffc92608000 	C:\Windows\SYSTEM32\CRYPTSP.dll
0x00007ffc91c80000 - 0x00007ffc91cb4000 	C:\Windows\system32\rsaenh.dll
0x00007ffc92ce0000 - 0x00007ffc92d07000 	C:\Windows\System32\bcrypt.dll
0x00007ffc92b00000 - 0x00007ffc92b2e000 	C:\Windows\SYSTEM32\USERENV.dll
0x00007ffc92610000 - 0x00007ffc9261c000 	C:\Windows\SYSTEM32\CRYPTBASE.dll
0x00007ffc920a0000 - 0x00007ffc920db000 	C:\Windows\SYSTEM32\IPHLPAPI.DLL
0x00007ffc95250000 - 0x00007ffc95258000 	C:\Windows\System32\NSI.dll
0x00007ffc80640000 - 0x00007ffc80657000 	C:\Windows\SYSTEM32\dhcpcsvc6.DLL
0x00007ffc80d70000 - 0x00007ffc80d8d000 	C:\Windows\SYSTEM32\dhcpcsvc.DLL
0x00007ffc920f0000 - 0x00007ffc921ba000 	C:\Windows\SYSTEM32\DNSAPI.dll

dbghelp: loaded successfully - version: 4.0.5 - missing functions: none
symbol engine: initialized successfully - sym options: 0x614 - pdb path: .;C:\Program Files\Android\Android Studio\jre\bin;C:\Windows\SYSTEM32;C:\Windows\WinSxS\amd64_microsoft.windows.common-controls_6595b64144ccf1df_6.0.19041.1110_none_60b5254171f9507e;C:\Program Files\Android\Android Studio\jre\bin\server;C:\Program Files\Android\gradle-7.3.3\native\e1d6ef7f7dcc3fd88c89a11ec53ec762bb8ba0a96d01ffa2cd45eb1d1d8dd5c5\windows-amd64;C:\Program Files\Android\gradle-7.3.3\native\0d407fdbe67a94daf76414ababcb853783967236a71b16ec16e742cd7a986fd3\windows-amd64

VM Arguments:
jvm_args: --add-opens=java.base/java.util=ALL-UNNAMED --add-opens=java.base/java.lang=ALL-UNNAMED --add-opens=java.base/java.lang.invoke=ALL-UNNAMED --add-opens=java.base/java.util=ALL-UNNAMED --add-opens=java.prefs/java.util.prefs=ALL-UNNAMED --add-opens=java.prefs/java.util.prefs=ALL-UNNAMED --add-opens=java.base/java.nio.charset=ALL-UNNAMED --add-opens=java.base/java.net=ALL-UNNAMED --add-opens=java.base/java.util.concurrent.atomic=ALL-UNNAMED -Xmx2048m -Dfile.encoding=UTF-8 -Duser.country=IN -Duser.language=en -Duser.variant 
java_command: org.gradle.launcher.daemon.bootstrap.GradleDaemon 7.4
java_class_path (initial): C:\Program Files\Android\gradle-7.3.3\wrapper\dists\gradle-7.4-bin\c0gwcg53nkjbqw7r0h0umtfvt\gradle-7.4\lib\gradle-launcher-7.4.jar
Launcher Type: SUN_STANDARD

[Global flags]
     intx CICompilerCount                          = 4                                         {product} {ergonomic}
     uint ConcGCThreads                            = 2                                         {product} {ergonomic}
     uint G1ConcRefinementThreads                  = 8                                         {product} {ergonomic}
   size_t G1HeapRegionSize                         = 1048576                                   {product} {ergonomic}
    uintx GCDrainStackTargetSize                   = 64                                        {product} {ergonomic}
   size_t InitialHeapSize                          = 132120576                                 {product} {ergonomic}
   size_t MarkStackSize                            = 4194304                                   {product} {ergonomic}
   size_t MaxHeapSize                              = 2147483648                                {product} {command line}
   size_t MaxNewSize                               = 1287651328                                {product} {ergonomic}
   size_t MinHeapDeltaBytes                        = 1048576                                   {product} {ergonomic}
    uintx NonNMethodCodeHeapSize                   = 5836300                                {pd product} {ergonomic}
    uintx NonProfiledCodeHeapSize                  = 122910970                              {pd product} {ergonomic}
    uintx ProfiledCodeHeapSize                     = 122910970                              {pd product} {ergonomic}
    uintx ReservedCodeCacheSize                    = 251658240                              {pd product} {ergonomic}
     bool SegmentedCodeCache                       = true                                      {product} {ergonomic}
     bool UseCompressedClassPointers               = true                                 {lp64_product} {ergonomic}
     bool UseCompressedOops                        = true                                 {lp64_product} {ergonomic}
     bool UseG1GC                                  = true                                      {product} {ergonomic}
     bool UseLargePagesIndividualAllocation        = false                                  {pd product} {ergonomic}

Logging:
Log output configuration:
 #0: stdout all=warning uptime,level,tags
 #1: stderr all=off uptime,level,tags

Environment Variables:
JAVA_HOME=C:\Program Files\Java\jdk-18.0.1.1
PATH=C:\Program Files\Python310\Scripts\;C:\Program Files\Python310\;C:\Program Files\Common Files\Oracle\Java\javapath;C:\Windows\system32;C:\Windows;C:\Windows\System32\Wbem;C:\Windows\System32\WindowsPowerShell\v1.0\;C:\Windows\System32\OpenSSH\;C:\Program Files\Git\cmd;C:\Users\suraj\AppData\Local\Microsoft\WindowsApps
USERNAME=suraj
OS=Windows_NT
PROCESSOR_IDENTIFIER=Intel64 Family 6 Model 140 Stepping 1, GenuineIntel



---------------  S Y S T E M  ---------------

OS: Windows 10 , 64 bit Build 19041 (10.0.19041.2251)
OS uptime: 0 days 0:12 hours
Hyper-V role detected

CPU:total 8 (initial active 8) (4 cores per cpu, 2 threads per core) family 6 model 140 stepping 1 microcode 0x86, cmov, cx8, fxsr, mmx, sse, sse2, sse3, ssse3, sse4.1, sse4.2, popcnt, avx, avx2, aes, clmul, erms, 3dnowpref, lzcnt, ht, tsc, tscinvbit, bmi1, bmi2, adx, evex, sha, fma

Memory: 4k page, system-wide physical 7987M (388M free)
TotalPageFile size 7987M (AvailPageFile size 5M)
current process WorkingSet (physical memory assigned to process): 252M, peak: 252M
current process commit charge ("private bytes"): 312M, peak: 313M

vm_info: OpenJDK 64-Bit Server VM (11.0.13+0-b1751.21-8125866) for windows-amd64 JRE (11.0.13+0-b1751.21-8125866), built on Feb  2 2022 03:00:22 by "builder" with MS VC++ 14.0 (VS2015)

END.
