#
# There is insufficient memory for the Java Runtime Environment to continue.
# Native memory allocation (mmap) failed to map 46137344 bytes for Failed to commit area from 0x000000008dc00000 to 0x0000000090800000 of length 46137344.
# Possible reasons:
#   The system is out of physical RAM or swap space
#   The process is running with CompressedOops enabled, and the Java Heap may be blocking the growth of the native heap
# Possible solutions:
#   Reduce memory load on the system
#   Increase physical memory or swap space
#   Check if swap backing store is full
#   Decrease Java heap size (-Xmx/-Xms)
#   Decrease number of Java threads
#   Decrease Java thread stack sizes (-Xss)
#   Set larger code cache with -XX:ReservedCodeCacheSize=
#   JVM is running with Unscaled Compressed Oops mode in which the Java heap is
#     placed in the first 4GB address space. The Java Heap base address is the
#     maximum limit for the native heap growth. Please use -XX:HeapBaseMinAddress
#     to set the Java Heap base and to place the Java Heap above 4GB virtual address.
# This output file may be truncated or incomplete.
#
#  Out of Memory Error (./src/hotspot/os/windows/os_windows.cpp:3619), pid=4760, tid=2564
#
# JRE version: OpenJDK Runtime Environment (11.0.13) (build 11.0.13+0-b1751.21-8125866)
# Java VM: OpenJDK 64-Bit Server VM (11.0.13+0-b1751.21-8125866, mixed mode, tiered, compressed oops, g1 gc, windows-amd64)
# No core dump will be written. Minidumps are not enabled by default on client versions of Windows
#

---------------  S U M M A R Y ------------

Command Line: --add-opens=java.base/java.util=ALL-UNNAMED --add-opens=java.base/java.lang=ALL-UNNAMED --add-opens=java.base/java.lang.invoke=ALL-UNNAMED --add-opens=java.base/java.util=ALL-UNNAMED --add-opens=java.prefs/java.util.prefs=ALL-UNNAMED --add-opens=java.prefs/java.util.prefs=ALL-UNNAMED --add-opens=java.base/java.nio.charset=ALL-UNNAMED --add-opens=java.base/java.net=ALL-UNNAMED --add-opens=java.base/java.util.concurrent.atomic=ALL-UNNAMED -Xmx2048m -Dfile.encoding=UTF-8 -Duser.country=IN -Duser.language=en -Duser.variant org.gradle.launcher.daemon.bootstrap.GradleDaemon 7.4

Host: 11th Gen Intel(R) Core(TM) i5-1135G7 @ 2.40GHz, 8 cores, 7G,  Windows 10 , 64 bit Build 19041 (10.0.19041.2251)
Time: Sat Dec 10 10:05:48 2022 India Standard Time elapsed time: 12.620468 seconds (0d 0h 0m 12s)

---------------  T H R E A D  ---------------

Current thread (0x00000278d129d800):  VMThread "VM Thread" [stack: 0x0000007e37a00000,0x0000007e37b00000] [id=2564]

Stack: [0x0000007e37a00000,0x0000007e37b00000]
[error occurred during error reporting (printing stack bounds), id 0xc0000005, EXCEPTION_ACCESS_VIOLATION (0xc0000005) at pc=0x00000278ba1612e7]

Native frames: (J=compiled Java code, j=interpreted, Vv=VM code, C=native code)
V  [jvm.dll+0x6100fa]
V  [jvm.dll+0x747090]
V  [jvm.dll+0x7486ad]
V  [jvm.dll+0x748ce5]
V  [jvm.dll+0x748c9b]
V  [jvm.dll+0x60f224]
V  [jvm.dll+0x60f9b8]
C  [ntdll.dll+0xa241f]
C  [ntdll.dll+0x514a4]
C  [ntdll.dll+0xa0f4e]
C  0x00000278ba1612e7

VM_Operation (0x0000007e41cfebf0): G1CollectForAllocation, mode: safepoint, requested by thread 0x00000278db404800


---------------  P R O C E S S  ---------------

Threads class SMR info:
_java_thread_list=0x00000278daabfd00, length=155, elements={
0x00000278b663c800, 0x00000278d12a2000, 0x00000278d12a3000, 0x00000278d12bd800,
0x00000278d12be000, 0x00000278d12bf000, 0x00000278d12c3800, 0x00000278d12c6800,
0x00000278d12c7800, 0x00000278d1d96000, 0x00000278d3e26800, 0x00000278d4215800,
0x00000278d3c85800, 0x00000278d3a0d000, 0x00000278d3d71000, 0x00000278d3eb1000,
0x00000278d3669000, 0x00000278d4476800, 0x00000278d3384000, 0x00000278d3bd4000,
0x00000278d4336000, 0x00000278d4338800, 0x00000278d433a800, 0x00000278d433c000,
0x00000278d4339800, 0x00000278d433b000, 0x00000278d433c800, 0x00000278d4337000,
0x00000278d4338000, 0x00000278d5546800, 0x00000278d5549000, 0x00000278d554a000,
0x00000278d5546000, 0x00000278d554c800, 0x00000278d554d000, 0x00000278d5547800,
0x00000278d554e000, 0x00000278d5548000, 0x00000278d554f800, 0x00000278d5551000,
0x00000278d5550800, 0x00000278d5553000, 0x00000278d5553800, 0x00000278d5554800,
0x00000278d5552000, 0x00000278d554e800, 0x00000278d8e7c000, 0x00000278d8e7a000,
0x00000278d8e7b000, 0x00000278d8e81800, 0x00000278d8e80800, 0x00000278d8e82800,
0x00000278d8e7f000, 0x00000278d8e7c800, 0x00000278d8e83000, 0x00000278d8e80000,
0x00000278d8e7e000, 0x00000278d8e7d800, 0x00000278d8e85000, 0x00000278d8e84000,
0x00000278d8e85800, 0x00000278d8e87000, 0x00000278d8e89000, 0x00000278d8e86800,
0x00000278d8e88000, 0x00000278d7728800, 0x00000278d7729800, 0x00000278d7725800,
0x00000278d7727000, 0x00000278d772a000, 0x00000278d7724800, 0x00000278d772b000,
0x00000278d772c000, 0x00000278d7726000, 0x00000278d772c800, 0x00000278d7727800,
0x00000278d772d800, 0x00000278d772f000, 0x00000278d772e000, 0x00000278d7730000,
0x00000278d7732800, 0x00000278d7730800, 0x00000278d7731800, 0x00000278d7733000,
0x00000278d75fe000, 0x00000278d75fb800, 0x00000278d75fd000, 0x00000278d7600800,
0x00000278d75fc000, 0x00000278d75fe800, 0x00000278d75ff800, 0x00000278d75fa800,
0x00000278d7605000, 0x00000278d7603800, 0x00000278d7604800, 0x00000278d7602800,
0x00000278d7606000, 0x00000278d7607000, 0x00000278d7601000, 0x00000278d7607800,
0x00000278d7602000, 0x00000278d7608800, 0x00000278d7609800, 0x00000278d51c9000,
0x00000278d51cb800, 0x00000278d51ca800, 0x00000278d51c6800, 0x00000278d51c7800,
0x00000278d51c8000, 0x00000278d51ce000, 0x00000278d51ce800, 0x00000278d51cf800,
0x00000278d51ca000, 0x00000278d51d1000, 0x00000278d51d0800, 0x00000278d51d2000,
0x00000278d51cc000, 0x00000278d51d3000, 0x00000278d51cd000, 0x00000278d51d3800,
0x00000278d51d4800, 0x00000278d51d5000, 0x00000278db45c800, 0x00000278db45b000,
0x00000278db45c000, 0x00000278db45f000, 0x00000278db45d800, 0x00000278db45e800,
0x00000278db45a800, 0x00000278db461000, 0x00000278d9018800, 0x00000278d9013800,
0x00000278d9014800, 0x00000278d9015000, 0x00000278d9017000, 0x00000278d9016000,
0x00000278d9013000, 0x00000278d901d800, 0x00000278d901a000, 0x00000278d901c800,
0x00000278d901b000, 0x00000278d9019800, 0x00000278d901c000, 0x00000278d9017800,
0x00000278d901e000, 0x00000278d901f000, 0x00000278d9020000, 0x00000278d9021800,
0x00000278d9020800, 0x00000278db401000, 0x00000278db403800, 0x00000278db402000,
0x00000278db402800, 0x00000278db404800, 0x00000278db405000
}

Java Threads: ( => current thread )
  0x00000278b663c800 JavaThread "main" [_thread_blocked, id=2460, stack(0x0000007e37400000,0x0000007e37500000)]
  0x00000278d12a2000 JavaThread "Reference Handler" daemon [_thread_blocked, id=8356, stack(0x0000007e37b00000,0x0000007e37c00000)]
  0x00000278d12a3000 JavaThread "Finalizer" daemon [_thread_blocked, id=4036, stack(0x0000007e37c00000,0x0000007e37d00000)]
  0x00000278d12bd800 JavaThread "Signal Dispatcher" daemon [_thread_blocked, id=5404, stack(0x0000007e37d00000,0x0000007e37e00000)]
  0x00000278d12be000 JavaThread "Attach Listener" daemon [_thread_blocked, id=708, stack(0x0000007e37e00000,0x0000007e37f00000)]
  0x00000278d12bf000 JavaThread "Service Thread" daemon [_thread_blocked, id=3520, stack(0x0000007e37f00000,0x0000007e38000000)]
  0x00000278d12c3800 JavaThread "C2 CompilerThread0" daemon [_thread_blocked, id=13768, stack(0x0000007e38000000,0x0000007e38100000)]
  0x00000278d12c6800 JavaThread "C1 CompilerThread0" daemon [_thread_blocked, id=13592, stack(0x0000007e38100000,0x0000007e38200000)]
  0x00000278d12c7800 JavaThread "Sweeper thread" daemon [_thread_blocked, id=13348, stack(0x0000007e38200000,0x0000007e38300000)]
  0x00000278d1d96000 JavaThread "Common-Cleaner" daemon [_thread_blocked, id=14944, stack(0x0000007e38300000,0x0000007e38400000)]
  0x00000278d3e26800 JavaThread "Daemon health stats" [_thread_blocked, id=8100, stack(0x0000007e38900000,0x0000007e38a00000)]
  0x00000278d4215800 JavaThread "Incoming local TCP Connector on port 50517" [_thread_in_native, id=11068, stack(0x0000007e38a00000,0x0000007e38b00000)]
  0x00000278d3c85800 JavaThread "Daemon periodic checks" [_thread_blocked, id=9948, stack(0x0000007e38b00000,0x0000007e38c00000)]
  0x00000278d3a0d000 JavaThread "Daemon" [_thread_blocked, id=756, stack(0x0000007e38c00000,0x0000007e38d00000)]
  0x00000278d3d71000 JavaThread "Handler for socket connection from /127.0.0.1:50517 to /127.0.0.1:50518" [_thread_in_native, id=9144, stack(0x0000007e38d00000,0x0000007e38e00000)]
  0x00000278d3eb1000 JavaThread "Cancel handler" [_thread_blocked, id=12640, stack(0x0000007e38e00000,0x0000007e38f00000)]
  0x00000278d3669000 JavaThread "Daemon worker" [_thread_blocked, id=1608, stack(0x0000007e38f00000,0x0000007e39000000)]
  0x00000278d4476800 JavaThread "Asynchronous log dispatcher for DefaultDaemonConnection: socket connection from /127.0.0.1:50517 to /127.0.0.1:50518" [_thread_blocked, id=11396, stack(0x0000007e39000000,0x0000007e39100000)]
  0x00000278d3384000 JavaThread "Stdin handler" [_thread_blocked, id=13056, stack(0x0000007e39100000,0x0000007e39200000)]
  0x00000278d3bd4000 JavaThread "Daemon client event forwarder" [_thread_blocked, id=1600, stack(0x0000007e39200000,0x0000007e39300000)]
  0x00000278d4336000 JavaThread "Cache worker for journal cache (C:\Program Files\Android\gradle-7.3.3\caches\journal-1)" [_thread_blocked, id=15088, stack(0x0000007e39800000,0x0000007e39900000)]
  0x00000278d4338800 JavaThread "File lock request listener" [_thread_in_native, id=6804, stack(0x0000007e39900000,0x0000007e39a00000)]
  0x00000278d433a800 JavaThread "Cache worker for file hash cache (C:\Program Files\Android\gradle-7.3.3\caches\7.4\fileHashes)" [_thread_blocked, id=12612, stack(0x0000007e39a00000,0x0000007e39b00000)]
  0x00000278d433c000 JavaThread "File watcher server" daemon [_thread_blocked, id=12696, stack(0x0000007e39c00000,0x0000007e39d00000)]
  0x00000278d4339800 JavaThread "File watcher consumer" daemon [_thread_blocked, id=10984, stack(0x0000007e39d00000,0x0000007e39e00000)]
  0x00000278d433b000 JavaThread "Cache worker for checksums cache (D:\CollegeApp\.gradle\7.4\checksums)" [_thread_blocked, id=9344, stack(0x0000007e39e00000,0x0000007e39f00000)]
  0x00000278d433c800 JavaThread "Cache worker for cache directory md-rule (C:\Program Files\Android\gradle-7.3.3\caches\7.4\md-rule)" [_thread_blocked, id=3388, stack(0x0000007e39f00000,0x0000007e3a000000)]
  0x00000278d4337000 JavaThread "Cache worker for file hash cache (D:\CollegeApp\.gradle\7.4\fileHashes)" [_thread_blocked, id=10652, stack(0x0000007e3a000000,0x0000007e3a100000)]
  0x00000278d4338000 JavaThread "Cache worker for cache directory md-supplier (C:\Program Files\Android\gradle-7.3.3\caches\7.4\md-supplier)" [_thread_blocked, id=14000, stack(0x0000007e3a100000,0x0000007e3a200000)]
  0x00000278d5546800 JavaThread "Cache worker for execution history cache (C:\Program Files\Android\gradle-7.3.3\caches\7.4\executionHistory)" [_thread_blocked, id=6820, stack(0x0000007e3a200000,0x0000007e3a300000)]
  0x00000278d5549000 JavaThread "jar transforms" [_thread_blocked, id=15276, stack(0x0000007e3a300000,0x0000007e3a400000)]
  0x00000278d554a000 JavaThread "Cache worker for file content cache (C:\Program Files\Android\gradle-7.3.3\caches\7.4\fileContent)" [_thread_blocked, id=12712, stack(0x0000007e3a400000,0x0000007e3a500000)]
  0x00000278d5546000 JavaThread "jar transforms Thread 2" [_thread_blocked, id=6960, stack(0x0000007e3a500000,0x0000007e3a600000)]
  0x00000278d554c800 JavaThread "Cache worker for dependencies-accessors (D:\CollegeApp\.gradle\7.4\dependencies-accessors)" [_thread_blocked, id=2000, stack(0x0000007e3a600000,0x0000007e3a700000)]
  0x00000278d554d000 JavaThread "jar transforms Thread 3" [_thread_blocked, id=10948, stack(0x0000007e3a700000,0x0000007e3a800000)]
  0x00000278d5547800 JavaThread "Cache worker for Build Output Cleanup Cache (D:\CollegeApp\.gradle\buildOutputCleanup)" [_thread_blocked, id=13404, stack(0x0000007e3a800000,0x0000007e3a900000)]
  0x00000278d554e000 JavaThread "Unconstrained build operations" [_thread_blocked, id=13812, stack(0x0000007e3a900000,0x0000007e3aa00000)]
  0x00000278d5548000 JavaThread "Unconstrained build operations Thread 2" [_thread_blocked, id=13140, stack(0x0000007e3aa00000,0x0000007e3ab00000)]
  0x00000278d554f800 JavaThread "Unconstrained build operations Thread 3" [_thread_blocked, id=10312, stack(0x0000007e3ab00000,0x0000007e3ac00000)]
  0x00000278d5551000 JavaThread "Unconstrained build operations Thread 4" [_thread_blocked, id=6112, stack(0x0000007e3ac00000,0x0000007e3ad00000)]
  0x00000278d5550800 JavaThread "Unconstrained build operations Thread 5" [_thread_blocked, id=14656, stack(0x0000007e3ad00000,0x0000007e3ae00000)]
  0x00000278d5553000 JavaThread "Unconstrained build operations Thread 6" [_thread_blocked, id=14092, stack(0x0000007e3ae00000,0x0000007e3af00000)]
  0x00000278d5553800 JavaThread "Unconstrained build operations Thread 7" [_thread_blocked, id=11820, stack(0x0000007e3af00000,0x0000007e3b000000)]
  0x00000278d5554800 JavaThread "Unconstrained build operations Thread 8" [_thread_blocked, id=15136, stack(0x0000007e3b000000,0x0000007e3b100000)]
  0x00000278d5552000 JavaThread "Unconstrained build operations Thread 9" [_thread_blocked, id=5296, stack(0x0000007e3b100000,0x0000007e3b200000)]
  0x00000278d554e800 JavaThread "Unconstrained build operations Thread 10" [_thread_blocked, id=4384, stack(0x0000007e3b200000,0x0000007e3b300000)]
  0x00000278d8e7c000 JavaThread "Unconstrained build operations Thread 11" [_thread_blocked, id=3252, stack(0x0000007e3b300000,0x0000007e3b400000)]
  0x00000278d8e7a000 JavaThread "Unconstrained build operations Thread 12" [_thread_blocked, id=9332, stack(0x0000007e3b400000,0x0000007e3b500000)]
  0x00000278d8e7b000 JavaThread "Unconstrained build operations Thread 13" [_thread_blocked, id=8612, stack(0x0000007e3b500000,0x0000007e3b600000)]
  0x00000278d8e81800 JavaThread "Unconstrained build operations Thread 14" [_thread_blocked, id=9388, stack(0x0000007e3b600000,0x0000007e3b700000)]
  0x00000278d8e80800 JavaThread "Unconstrained build operations Thread 15" [_thread_blocked, id=5912, stack(0x0000007e3b700000,0x0000007e3b800000)]
  0x00000278d8e82800 JavaThread "Unconstrained build operations Thread 16" [_thread_blocked, id=6084, stack(0x0000007e3b800000,0x0000007e3b900000)]
  0x00000278d8e7f000 JavaThread "Unconstrained build operations Thread 17" [_thread_blocked, id=6152, stack(0x0000007e3b900000,0x0000007e3ba00000)]
  0x00000278d8e7c800 JavaThread "Unconstrained build operations Thread 18" [_thread_blocked, id=7212, stack(0x0000007e3ba00000,0x0000007e3bb00000)]
  0x00000278d8e83000 JavaThread "Unconstrained build operations Thread 19" [_thread_blocked, id=11848, stack(0x0000007e3bb00000,0x0000007e3bc00000)]
  0x00000278d8e80000 JavaThread "Unconstrained build operations Thread 20" [_thread_blocked, id=2968, stack(0x0000007e3bc00000,0x0000007e3bd00000)]
  0x00000278d8e7e000 JavaThread "Unconstrained build operations Thread 21" [_thread_blocked, id=4204, stack(0x0000007e3bd00000,0x0000007e3be00000)]
  0x00000278d8e7d800 JavaThread "Unconstrained build operations Thread 22" [_thread_blocked, id=11212, stack(0x0000007e3be00000,0x0000007e3bf00000)]
  0x00000278d8e85000 JavaThread "Unconstrained build operations Thread 23" [_thread_blocked, id=14676, stack(0x0000007e3bf00000,0x0000007e3c000000)]
  0x00000278d8e84000 JavaThread "Unconstrained build operations Thread 24" [_thread_blocked, id=5272, stack(0x0000007e3c000000,0x0000007e3c100000)]
  0x00000278d8e85800 JavaThread "Unconstrained build operations Thread 25" [_thread_blocked, id=3524, stack(0x0000007e3c100000,0x0000007e3c200000)]
  0x00000278d8e87000 JavaThread "Unconstrained build operations Thread 26" [_thread_blocked, id=15252, stack(0x0000007e3c200000,0x0000007e3c300000)]
  0x00000278d8e89000 JavaThread "Unconstrained build operations Thread 27" [_thread_blocked, id=15128, stack(0x0000007e3c300000,0x0000007e3c400000)]
  0x00000278d8e86800 JavaThread "Unconstrained build operations Thread 28" [_thread_blocked, id=7516, stack(0x0000007e3c400000,0x0000007e3c500000)]
  0x00000278d8e88000 JavaThread "Unconstrained build operations Thread 29" [_thread_blocked, id=11444, stack(0x0000007e3c500000,0x0000007e3c600000)]
  0x00000278d7728800 JavaThread "Unconstrained build operations Thread 30" [_thread_blocked, id=10068, stack(0x0000007e3c600000,0x0000007e3c700000)]
  0x00000278d7729800 JavaThread "Unconstrained build operations Thread 31" [_thread_blocked, id=8316, stack(0x0000007e3c700000,0x0000007e3c800000)]
  0x00000278d7725800 JavaThread "Unconstrained build operations Thread 32" [_thread_blocked, id=2436, stack(0x0000007e3c800000,0x0000007e3c900000)]
  0x00000278d7727000 JavaThread "Unconstrained build operations Thread 33" [_thread_blocked, id=8348, stack(0x0000007e3c900000,0x0000007e3ca00000)]
  0x00000278d772a000 JavaThread "Unconstrained build operations Thread 34" [_thread_blocked, id=9828, stack(0x0000007e3ca00000,0x0000007e3cb00000)]
  0x00000278d7724800 JavaThread "Unconstrained build operations Thread 35" [_thread_blocked, id=12332, stack(0x0000007e3cb00000,0x0000007e3cc00000)]
  0x00000278d772b000 JavaThread "Unconstrained build operations Thread 36" [_thread_blocked, id=416, stack(0x0000007e3cc00000,0x0000007e3cd00000)]
  0x00000278d772c000 JavaThread "Unconstrained build operations Thread 37" [_thread_blocked, id=3748, stack(0x0000007e3cd00000,0x0000007e3ce00000)]
  0x00000278d7726000 JavaThread "Unconstrained build operations Thread 38" [_thread_blocked, id=8268, stack(0x0000007e3ce00000,0x0000007e3cf00000)]
  0x00000278d772c800 JavaThread "Unconstrained build operations Thread 39" [_thread_blocked, id=11460, stack(0x0000007e3cf00000,0x0000007e3d000000)]
  0x00000278d7727800 JavaThread "Unconstrained build operations Thread 40" [_thread_blocked, id=14704, stack(0x0000007e3d000000,0x0000007e3d100000)]
  0x00000278d772d800 JavaThread "Unconstrained build operations Thread 41" [_thread_blocked, id=4628, stack(0x0000007e3d100000,0x0000007e3d200000)]
  0x00000278d772f000 JavaThread "Unconstrained build operations Thread 42" [_thread_blocked, id=3856, stack(0x0000007e3d200000,0x0000007e3d300000)]
  0x00000278d772e000 JavaThread "Unconstrained build operations Thread 43" [_thread_blocked, id=4280, stack(0x0000007e3d300000,0x0000007e3d400000)]
  0x00000278d7730000 JavaThread "Unconstrained build operations Thread 44" [_thread_blocked, id=8172, stack(0x0000007e3d400000,0x0000007e3d500000)]
  0x00000278d7732800 JavaThread "Unconstrained build operations Thread 45" [_thread_blocked, id=6216, stack(0x0000007e3d500000,0x0000007e3d600000)]
  0x00000278d7730800 JavaThread "Unconstrained build operations Thread 46" [_thread_blocked, id=6392, stack(0x0000007e3d600000,0x0000007e3d700000)]
  0x00000278d7731800 JavaThread "Unconstrained build operations Thread 47" [_thread_blocked, id=5336, stack(0x0000007e3d700000,0x0000007e3d800000)]
  0x00000278d7733000 JavaThread "Unconstrained build operations Thread 48" [_thread_blocked, id=3424, stack(0x0000007e3d800000,0x0000007e3d900000)]
  0x00000278d75fe000 JavaThread "Unconstrained build operations Thread 49" [_thread_blocked, id=15316, stack(0x0000007e3d900000,0x0000007e3da00000)]
  0x00000278d75fb800 JavaThread "Unconstrained build operations Thread 50" [_thread_blocked, id=8800, stack(0x0000007e3da00000,0x0000007e3db00000)]
  0x00000278d75fd000 JavaThread "Unconstrained build operations Thread 51" [_thread_blocked, id=5448, stack(0x0000007e3db00000,0x0000007e3dc00000)]
  0x00000278d7600800 JavaThread "Unconstrained build operations Thread 52" [_thread_blocked, id=4728, stack(0x0000007e3dc00000,0x0000007e3dd00000)]
  0x00000278d75fc000 JavaThread "Unconstrained build operations Thread 53" [_thread_blocked, id=5964, stack(0x0000007e3dd00000,0x0000007e3de00000)]
  0x00000278d75fe800 JavaThread "Unconstrained build operations Thread 54" [_thread_blocked, id=1412, stack(0x0000007e3de00000,0x0000007e3df00000)]
  0x00000278d75ff800 JavaThread "Unconstrained build operations Thread 55" [_thread_blocked, id=3508, stack(0x0000007e3df00000,0x0000007e3e000000)]
  0x00000278d75fa800 JavaThread "Unconstrained build operations Thread 56" [_thread_blocked, id=3336, stack(0x0000007e3e000000,0x0000007e3e100000)]
  0x00000278d7605000 JavaThread "Unconstrained build operations Thread 57" [_thread_blocked, id=3164, stack(0x0000007e3e100000,0x0000007e3e200000)]
  0x00000278d7603800 JavaThread "Unconstrained build operations Thread 58" [_thread_blocked, id=10516, stack(0x0000007e3e200000,0x0000007e3e300000)]
  0x00000278d7604800 JavaThread "Unconstrained build operations Thread 59" [_thread_blocked, id=10512, stack(0x0000007e3e300000,0x0000007e3e400000)]
  0x00000278d7602800 JavaThread "Unconstrained build operations Thread 60" [_thread_blocked, id=12352, stack(0x0000007e3e400000,0x0000007e3e500000)]
  0x00000278d7606000 JavaThread "Unconstrained build operations Thread 61" [_thread_blocked, id=7372, stack(0x0000007e3e500000,0x0000007e3e600000)]
  0x00000278d7607000 JavaThread "Unconstrained build operations Thread 62" [_thread_blocked, id=12756, stack(0x0000007e3e600000,0x0000007e3e700000)]
  0x00000278d7601000 JavaThread "Unconstrained build operations Thread 63" [_thread_blocked, id=5376, stack(0x0000007e3e700000,0x0000007e3e800000)]
  0x00000278d7607800 JavaThread "Unconstrained build operations Thread 64" [_thread_blocked, id=15224, stack(0x0000007e3e800000,0x0000007e3e900000)]
  0x00000278d7602000 JavaThread "Unconstrained build operations Thread 65" [_thread_blocked, id=14720, stack(0x0000007e3e900000,0x0000007e3ea00000)]
  0x00000278d7608800 JavaThread "Unconstrained build operations Thread 66" [_thread_blocked, id=6044, stack(0x0000007e3ea00000,0x0000007e3eb00000)]
  0x00000278d7609800 JavaThread "Unconstrained build operations Thread 67" [_thread_blocked, id=848, stack(0x0000007e3eb00000,0x0000007e3ec00000)]
  0x00000278d51c9000 JavaThread "Unconstrained build operations Thread 68" [_thread_blocked, id=6980, stack(0x0000007e3ec00000,0x0000007e3ed00000)]
  0x00000278d51cb800 JavaThread "Unconstrained build operations Thread 69" [_thread_blocked, id=3620, stack(0x0000007e3ed00000,0x0000007e3ee00000)]
  0x00000278d51ca800 JavaThread "Unconstrained build operations Thread 70" [_thread_blocked, id=13388, stack(0x0000007e3ee00000,0x0000007e3ef00000)]
  0x00000278d51c6800 JavaThread "Unconstrained build operations Thread 71" [_thread_blocked, id=1068, stack(0x0000007e3ef00000,0x0000007e3f000000)]
  0x00000278d51c7800 JavaThread "Unconstrained build operations Thread 72" [_thread_blocked, id=15196, stack(0x0000007e3f000000,0x0000007e3f100000)]
  0x00000278d51c8000 JavaThread "Unconstrained build operations Thread 73" [_thread_blocked, id=2660, stack(0x0000007e3f100000,0x0000007e3f200000)]
  0x00000278d51ce000 JavaThread "Unconstrained build operations Thread 74" [_thread_blocked, id=9260, stack(0x0000007e3f200000,0x0000007e3f300000)]
  0x00000278d51ce800 JavaThread "Unconstrained build operations Thread 75" [_thread_blocked, id=5700, stack(0x0000007e3f300000,0x0000007e3f400000)]
  0x00000278d51cf800 JavaThread "Unconstrained build operations Thread 76" [_thread_blocked, id=11912, stack(0x0000007e3f400000,0x0000007e3f500000)]
  0x00000278d51ca000 JavaThread "Unconstrained build operations Thread 77" [_thread_blocked, id=632, stack(0x0000007e3f500000,0x0000007e3f600000)]
  0x00000278d51d1000 JavaThread "Unconstrained build operations Thread 78" [_thread_blocked, id=10108, stack(0x0000007e3f600000,0x0000007e3f700000)]
  0x00000278d51d0800 JavaThread "Unconstrained build operations Thread 79" [_thread_blocked, id=1988, stack(0x0000007e3f700000,0x0000007e3f800000)]
  0x00000278d51d2000 JavaThread "Unconstrained build operations Thread 80" [_thread_blocked, id=5188, stack(0x0000007e3f800000,0x0000007e3f900000)]
  0x00000278d51cc000 JavaThread "jar transforms Thread 4" [_thread_blocked, id=13156, stack(0x0000007e3f900000,0x0000007e3fa00000)]
  0x00000278d51d3000 JavaThread "jar transforms Thread 5" [_thread_blocked, id=1432, stack(0x0000007e3fa00000,0x0000007e3fb00000)]
  0x00000278d51cd000 JavaThread "jar transforms Thread 6" [_thread_blocked, id=6992, stack(0x0000007e3fb00000,0x0000007e3fc00000)]
  0x00000278d51d3800 JavaThread "jar transforms Thread 7" [_thread_blocked, id=3968, stack(0x0000007e3fc00000,0x0000007e3fd00000)]
  0x00000278d51d4800 JavaThread "jar transforms Thread 8" [_thread_blocked, id=5304, stack(0x0000007e3fd00000,0x0000007e3fe00000)]
  0x00000278d51d5000 JavaThread "Memory manager" [_thread_blocked, id=12076, stack(0x0000007e3fe00000,0x0000007e3ff00000)]
  0x00000278db45c800 JavaThread "build event listener" [_thread_blocked, id=13048, stack(0x0000007e3ff00000,0x0000007e40000000)]
  0x00000278db45b000 JavaThread "pool-3-thread-1" [_thread_blocked, id=12824, stack(0x0000007e40000000,0x0000007e40100000)]
  0x00000278db45c000 JavaThread "build event listener" [_thread_blocked, id=15292, stack(0x0000007e40100000,0x0000007e40200000)]
  0x00000278db45f000 JavaThread "included builds" [_thread_blocked, id=9476, stack(0x0000007e40200000,0x0000007e40300000)]
  0x00000278db45d800 JavaThread "Execution worker for ':'" [_thread_blocked, id=3528, stack(0x0000007e40300000,0x0000007e40400000)]
  0x00000278db45e800 JavaThread "Execution worker for ':' Thread 2" [_thread_blocked, id=8496, stack(0x0000007e40400000,0x0000007e40500000)]
  0x00000278db45a800 JavaThread "Execution worker for ':' Thread 3" [_thread_blocked, id=7360, stack(0x0000007e40500000,0x0000007e40600000)]
  0x00000278db461000 JavaThread "Execution worker for ':' Thread 4" [_thread_blocked, id=8080, stack(0x0000007e40600000,0x0000007e40700000)]
  0x00000278d9018800 JavaThread "Execution worker for ':' Thread 5" [_thread_blocked, id=2492, stack(0x0000007e40700000,0x0000007e40800000)]
  0x00000278d9013800 JavaThread "Execution worker for ':' Thread 6" [_thread_blocked, id=8252, stack(0x0000007e40800000,0x0000007e40900000)]
  0x00000278d9014800 JavaThread "Execution worker for ':' Thread 7" [_thread_blocked, id=13524, stack(0x0000007e40900000,0x0000007e40a00000)]
  0x00000278d9015000 JavaThread "Cache worker for execution history cache (D:\CollegeApp\.gradle\7.4\executionHistory)" [_thread_blocked, id=4676, stack(0x0000007e40a00000,0x0000007e40b00000)]
  0x00000278d9017000 JavaThread "Cache worker for Java compile cache (C:\Program Files\Android\gradle-7.3.3\caches\7.4\javaCompile)" [_thread_blocked, id=5520, stack(0x0000007e40b00000,0x0000007e40c00000)]
  0x00000278d9016000 JavaThread "Build operations" [_thread_blocked, id=2224, stack(0x0000007e40c00000,0x0000007e40d00000)]
  0x00000278d9013000 JavaThread "Build operations Thread 2" [_thread_blocked, id=10624, stack(0x0000007e40d00000,0x0000007e40e00000)]
  0x00000278d901d800 JavaThread "Build operations Thread 3" [_thread_blocked, id=11920, stack(0x0000007e40e00000,0x0000007e40f00000)]
  0x00000278d901a000 JavaThread "Build operations Thread 4" [_thread_blocked, id=11552, stack(0x0000007e40f00000,0x0000007e41000000)]
  0x00000278d901c800 JavaThread "Build operations Thread 5" [_thread_blocked, id=12672, stack(0x0000007e41000000,0x0000007e41100000)]
  0x00000278d901b000 JavaThread "Build operations Thread 6" [_thread_blocked, id=584, stack(0x0000007e41100000,0x0000007e41200000)]
  0x00000278d9019800 JavaThread "Build operations Thread 7" [_thread_blocked, id=12520, stack(0x0000007e41200000,0x0000007e41300000)]
  0x00000278d901c000 JavaThread "Build operations Thread 8" [_thread_blocked, id=3200, stack(0x0000007e41300000,0x0000007e41400000)]
  0x00000278d9017800 JavaThread "WorkerExecutor Queue" [_thread_blocked, id=7056, stack(0x0000007e38600000,0x0000007e38700000)]
  0x00000278d901e000 JavaThread "WorkerExecutor Queue Thread 2" [_thread_blocked, id=8888, stack(0x0000007e41400000,0x0000007e41500000)]
  0x00000278d901f000 JavaThread "WorkerExecutor Queue Thread 3" [_thread_blocked, id=9932, stack(0x0000007e41500000,0x0000007e41600000)]
  0x00000278d9020000 JavaThread "WorkerExecutor Queue Thread 4" [_thread_blocked, id=9604, stack(0x0000007e41600000,0x0000007e41700000)]
  0x00000278d9021800 JavaThread "WorkerExecutor Queue Thread 5" [_thread_blocked, id=5092, stack(0x0000007e41700000,0x0000007e41800000)]
  0x00000278d9020800 JavaThread "WorkerExecutor Queue Thread 6" [_thread_blocked, id=4952, stack(0x0000007e41800000,0x0000007e41900000)]
  0x00000278db401000 JavaThread "WorkerExecutor Queue Thread 7" [_thread_blocked, id=4936, stack(0x0000007e41900000,0x0000007e41a00000)]
  0x00000278db403800 JavaThread "WorkerExecutor Queue Thread 8" [_thread_blocked, id=15124, stack(0x0000007e41a00000,0x0000007e41b00000)]
  0x00000278db402000 JavaThread "WorkerExecutor Queue Thread 9" [_thread_blocked, id=12592, stack(0x0000007e41b00000,0x0000007e41c00000)]
  0x00000278db402800 JavaThread "ForkJoinPool.commonPool-worker-3" daemon [_thread_blocked, id=11956, stack(0x0000007e38500000,0x0000007e38600000)]
  0x00000278db404800 JavaThread "ForkJoinPool.commonPool-worker-5" daemon [_thread_blocked, id=11844, stack(0x0000007e41c00000,0x0000007e41d00000)]
  0x00000278db405000 JavaThread "ForkJoinPool.commonPool-worker-7" daemon [_thread_blocked, id=8240, stack(0x0000007e41d00000,0x0000007e41e00000)]

Other Threads:
=>0x00000278d129d800 VMThread "VM Thread" [stack: 0x0000007e37a00000,0x0000007e37b00000] [id=2564]
  0x00000278d1dd3000 WatcherThread [stack: 0x0000007e38400000,0x0000007e38500000] [id=14064]
  0x00000278b6656000 GCTaskThread "GC Thread#0" [stack: 0x0000007e37500000,0x0000007e37600000] [id=11132]
  0x00000278d29bf000 GCTaskThread "GC Thread#1" [stack: 0x0000007e38700000,0x0000007e38800000] [id=2720]
  0x00000278d39c0800 GCTaskThread "GC Thread#2" [stack: 0x0000007e38800000,0x0000007e38900000] [id=10112]
  0x00000278d3cec000 GCTaskThread "GC Thread#3" [stack: 0x0000007e39300000,0x0000007e39400000] [id=12564]
  0x00000278d3c5b000 GCTaskThread "GC Thread#4" [stack: 0x0000007e39400000,0x0000007e39500000] [id=15000]
  0x00000278d2de4000 GCTaskThread "GC Thread#5" [stack: 0x0000007e39500000,0x0000007e39600000] [id=5428]
  0x00000278d2e63800 GCTaskThread "GC Thread#6" [stack: 0x0000007e39600000,0x0000007e39700000] [id=4100]
  0x00000278d2dbb000 GCTaskThread "GC Thread#7" [stack: 0x0000007e39700000,0x0000007e39800000] [id=12788]
  0x00000278b6688000 ConcurrentGCThread "G1 Main Marker" [stack: 0x0000007e37600000,0x0000007e37700000] [id=14624]
  0x00000278b6689000 ConcurrentGCThread "G1 Conc#0" [stack: 0x0000007e37700000,0x0000007e37800000] [id=8]
  0x00000278d3fa6800 ConcurrentGCThread "G1 Conc#1" [stack: 0x0000007e39b00000,0x0000007e39c00000] [id=2680]
  0x00000278d10f0800 ConcurrentGCThread "G1 Refine#0" [stack: 0x0000007e37800000,0x0000007e37900000] [id=6744]
  0x00000278d10f1800 ConcurrentGCThread "G1 Young RemSet Sampling" [stack: 0x0000007e37900000,0x0000007e37a00000] [id=3064]

Threads with active compile tasks:
C2 CompilerThread0  12636 14980 % !   4       com.sun.crypto.provider.PBKDF2KeyImpl::deriveKey @ 191 (295 bytes)

VM state:at safepoint (normal execution)

VM Mutex/Monitor currently owned by a thread:  ([mutex/lock_event])
[0x00000278b66382d0] Threads_lock - owner thread: 0x00000278d129d800
[0x00000278b6638cf0] Heap_lock - owner thread: 0x00000278db404800

Heap address: 0x0000000080000000, size: 2048 MB, Compressed Oops mode: 32-bit
Narrow klass base: 0x0000000000000000, Narrow klass shift: 3
Compressed class space size: 1073741824 Address: 0x0000000100000000

Heap:
 garbage-first heap   total 270336K, used 115199K [0x0000000080000000, 0x0000000100000000)
  region size 1024K, 4 young (4096K), 4 survivors (4096K)
 Metaspace       used 114213K, capacity 117566K, committed 118824K, reserved 1150976K
  class space    used 14727K, capacity 15966K, committed 16536K, reserved 1048576K
Heap Regions: E=young(eden), S=young(survivor), O=old, HS=humongous(starts), HC=humongous(continues), CS=collection set, F=free, A=archive, TAMS=top-at-mark-start (previous, next)
|   0|0x0000000080000000, 0x0000000080100000, 0x0000000080100000|100%| O|  |TAMS 0x0000000080100000, 0x0000000080100000| Untracked 
|   1|0x0000000080100000, 0x0000000080200000, 0x0000000080200000|100%| O|  |TAMS 0x0000000080200000, 0x0000000080200000| Untracked 
|   2|0x0000000080200000, 0x0000000080300000, 0x0000000080300000|100%| O|  |TAMS 0x0000000080300000, 0x0000000080300000| Untracked 
|   3|0x0000000080300000, 0x0000000080400000, 0x0000000080400000|100%|HS|  |TAMS 0x0000000080400000, 0x0000000080400000| Complete 
|   4|0x0000000080400000, 0x0000000080500000, 0x0000000080500000|100%|HC|  |TAMS 0x0000000080500000, 0x0000000080500000| Complete 
|   5|0x0000000080500000, 0x0000000080600000, 0x0000000080600000|100%|HC|  |TAMS 0x0000000080600000, 0x0000000080600000| Complete 
|   6|0x0000000080600000, 0x0000000080700000, 0x0000000080700000|100%| O|  |TAMS 0x0000000080700000, 0x0000000080700000| Untracked 
|   7|0x0000000080700000, 0x0000000080800000, 0x0000000080800000|100%| O|  |TAMS 0x0000000080800000, 0x0000000080800000| Untracked 
|   8|0x0000000080800000, 0x0000000080900000, 0x0000000080900000|100%| O|  |TAMS 0x0000000080900000, 0x0000000080900000| Untracked 
|   9|0x0000000080900000, 0x0000000080a00000, 0x0000000080a00000|100%| O|  |TAMS 0x0000000080a00000, 0x0000000080a00000| Untracked 
|  10|0x0000000080a00000, 0x0000000080b00000, 0x0000000080b00000|100%| O|  |TAMS 0x0000000080b00000, 0x0000000080b00000| Untracked 
|  11|0x0000000080b00000, 0x0000000080c00000, 0x0000000080c00000|100%| O|  |TAMS 0x0000000080c00000, 0x0000000080c00000| Untracked 
|  12|0x0000000080c00000, 0x0000000080d00000, 0x0000000080d00000|100%| O|  |TAMS 0x0000000080d00000, 0x0000000080d00000| Untracked 
|  13|0x0000000080d00000, 0x0000000080e00000, 0x0000000080e00000|100%| O|  |TAMS 0x0000000080e00000, 0x0000000080e00000| Untracked 
|  14|0x0000000080e00000, 0x0000000080f00000, 0x0000000080f00000|100%| O|  |TAMS 0x0000000080f00000, 0x0000000080f00000| Untracked 
|  15|0x0000000080f00000, 0x0000000081000000, 0x0000000081000000|100%| O|  |TAMS 0x0000000081000000, 0x0000000081000000| Untracked 
|  16|0x0000000081000000, 0x0000000081100000, 0x0000000081100000|100%|HS|  |TAMS 0x0000000081100000, 0x0000000081100000| Complete 
|  17|0x0000000081100000, 0x0000000081200000, 0x0000000081200000|100%| O|  |TAMS 0x0000000081200000, 0x0000000081200000| Untracked 
|  18|0x0000000081200000, 0x0000000081300000, 0x0000000081300000|100%| O|  |TAMS 0x0000000081300000, 0x0000000081300000| Untracked 
|  19|0x0000000081300000, 0x0000000081400000, 0x0000000081400000|100%| O|  |TAMS 0x0000000081400000, 0x0000000081400000| Untracked 
|  20|0x0000000081400000, 0x0000000081500000, 0x0000000081500000|100%| O|  |TAMS 0x0000000081500000, 0x0000000081500000| Untracked 
|  21|0x0000000081500000, 0x0000000081600000, 0x0000000081600000|100%| O|  |TAMS 0x0000000081600000, 0x0000000081600000| Untracked 
|  22|0x0000000081600000, 0x0000000081700000, 0x0000000081700000|100%| O|  |TAMS 0x0000000081700000, 0x0000000081700000| Untracked 
|  23|0x0000000081700000, 0x0000000081800000, 0x0000000081800000|100%| O|  |TAMS 0x0000000081800000, 0x0000000081800000| Untracked 
|  24|0x0000000081800000, 0x0000000081900000, 0x0000000081900000|100%| O|  |TAMS 0x0000000081900000, 0x0000000081900000| Untracked 
|  25|0x0000000081900000, 0x0000000081a00000, 0x0000000081a00000|100%| O|  |TAMS 0x0000000081a00000, 0x0000000081a00000| Untracked 
|  26|0x0000000081a00000, 0x0000000081b00000, 0x0000000081b00000|100%| O|  |TAMS 0x0000000081b00000, 0x0000000081b00000| Untracked 
|  27|0x0000000081b00000, 0x0000000081c00000, 0x0000000081c00000|100%| O|  |TAMS 0x0000000081c00000, 0x0000000081c00000| Untracked 
|  28|0x0000000081c00000, 0x0000000081d00000, 0x0000000081d00000|100%| O|  |TAMS 0x0000000081d00000, 0x0000000081d00000| Untracked 
|  29|0x0000000081d00000, 0x0000000081e00000, 0x0000000081e00000|100%|HS|  |TAMS 0x0000000081e00000, 0x0000000081e00000| Complete 
|  30|0x0000000081e00000, 0x0000000081f00000, 0x0000000081f00000|100%|HS|  |TAMS 0x0000000081f00000, 0x0000000081f00000| Complete 
|  31|0x0000000081f00000, 0x0000000082000000, 0x0000000082000000|100%|HC|  |TAMS 0x0000000082000000, 0x0000000082000000| Complete 
|  32|0x0000000082000000, 0x0000000082100000, 0x0000000082100000|100%| O|  |TAMS 0x0000000082100000, 0x0000000082100000| Untracked 
|  33|0x0000000082100000, 0x0000000082200000, 0x0000000082200000|100%| O|  |TAMS 0x0000000082200000, 0x0000000082200000| Untracked 
|  34|0x0000000082200000, 0x0000000082300000, 0x0000000082300000|100%| O|  |TAMS 0x0000000082300000, 0x0000000082300000| Untracked 
|  35|0x0000000082300000, 0x0000000082400000, 0x0000000082400000|100%| O|  |TAMS 0x0000000082400000, 0x0000000082400000| Untracked 
|  36|0x0000000082400000, 0x0000000082500000, 0x0000000082500000|100%| O|  |TAMS 0x0000000082500000, 0x0000000082500000| Untracked 
|  37|0x0000000082500000, 0x0000000082600000, 0x0000000082600000|100%| O|  |TAMS 0x0000000082600000, 0x0000000082600000| Untracked 
|  38|0x0000000082600000, 0x0000000082700000, 0x0000000082700000|100%| O|  |TAMS 0x0000000082700000, 0x0000000082700000| Untracked 
|  39|0x0000000082700000, 0x0000000082800000, 0x0000000082800000|100%| O|  |TAMS 0x0000000082800000, 0x0000000082800000| Untracked 
|  40|0x0000000082800000, 0x0000000082900000, 0x0000000082900000|100%| O|  |TAMS 0x0000000082900000, 0x0000000082900000| Untracked 
|  41|0x0000000082900000, 0x0000000082a00000, 0x0000000082a00000|100%| O|  |TAMS 0x0000000082a00000, 0x0000000082a00000| Untracked 
|  42|0x0000000082a00000, 0x0000000082b00000, 0x0000000082b00000|100%| O|  |TAMS 0x0000000082b00000, 0x0000000082b00000| Untracked 
|  43|0x0000000082b00000, 0x0000000082c00000, 0x0000000082c00000|100%| O|  |TAMS 0x0000000082c00000, 0x0000000082c00000| Untracked 
|  44|0x0000000082c00000, 0x0000000082d00000, 0x0000000082d00000|100%| O|  |TAMS 0x0000000082d00000, 0x0000000082d00000| Untracked 
|  45|0x0000000082d00000, 0x0000000082e00000, 0x0000000082e00000|100%| O|  |TAMS 0x0000000082e00000, 0x0000000082e00000| Untracked 
|  46|0x0000000082e00000, 0x0000000082f00000, 0x0000000082f00000|100%| O|  |TAMS 0x0000000082f00000, 0x0000000082f00000| Untracked 
|  47|0x0000000082f00000, 0x0000000083000000, 0x0000000083000000|100%| O|  |TAMS 0x0000000083000000, 0x0000000083000000| Untracked 
|  48|0x0000000083000000, 0x0000000083100000, 0x0000000083100000|100%| O|  |TAMS 0x0000000083100000, 0x0000000083100000| Untracked 
|  49|0x0000000083100000, 0x0000000083200000, 0x0000000083200000|100%| O|  |TAMS 0x0000000083200000, 0x0000000083200000| Untracked 
|  50|0x0000000083200000, 0x0000000083300000, 0x0000000083300000|100%| O|  |TAMS 0x0000000083300000, 0x0000000083300000| Untracked 
|  51|0x0000000083300000, 0x0000000083400000, 0x0000000083400000|100%| O|  |TAMS 0x0000000083400000, 0x0000000083400000| Untracked 
|  52|0x0000000083400000, 0x0000000083500000, 0x0000000083500000|100%| O|  |TAMS 0x0000000083500000, 0x0000000083500000| Untracked 
|  53|0x0000000083500000, 0x0000000083600000, 0x0000000083600000|100%| O|  |TAMS 0x0000000083600000, 0x0000000083600000| Untracked 
|  54|0x0000000083600000, 0x0000000083700000, 0x0000000083700000|100%| O|  |TAMS 0x0000000083700000, 0x0000000083700000| Untracked 
|  55|0x0000000083700000, 0x0000000083800000, 0x0000000083800000|100%| O|  |TAMS 0x0000000083800000, 0x0000000083800000| Untracked 
|  56|0x0000000083800000, 0x0000000083900000, 0x0000000083900000|100%| O|  |TAMS 0x0000000083900000, 0x0000000083900000| Untracked 
|  57|0x0000000083900000, 0x0000000083a00000, 0x0000000083a00000|100%| O|  |TAMS 0x0000000083a00000, 0x0000000083a00000| Untracked 
|  58|0x0000000083a00000, 0x0000000083b00000, 0x0000000083b00000|100%| O|  |TAMS 0x0000000083b00000, 0x0000000083b00000| Untracked 
|  59|0x0000000083b00000, 0x0000000083c00000, 0x0000000083c00000|100%| O|  |TAMS 0x0000000083c00000, 0x0000000083c00000| Untracked 
|  60|0x0000000083c00000, 0x0000000083d00000, 0x0000000083d00000|100%| O|  |TAMS 0x0000000083d00000, 0x0000000083d00000| Untracked 
|  61|0x0000000083d00000, 0x0000000083e00000, 0x0000000083e00000|100%| O|  |TAMS 0x0000000083e00000, 0x0000000083e00000| Untracked 
|  62|0x0000000083e00000, 0x0000000083f00000, 0x0000000083f00000|100%| O|  |TAMS 0x0000000083f00000, 0x0000000083f00000| Untracked 
|  63|0x0000000083f00000, 0x0000000084000000, 0x0000000084000000|100%| O|  |TAMS 0x0000000084000000, 0x0000000084000000| Untracked 
|  64|0x0000000084000000, 0x0000000084100000, 0x0000000084100000|100%| O|  |TAMS 0x0000000084100000, 0x0000000084100000| Untracked 
|  65|0x0000000084100000, 0x0000000084200000, 0x0000000084200000|100%| O|  |TAMS 0x0000000084200000, 0x0000000084200000| Untracked 
|  66|0x0000000084200000, 0x0000000084300000, 0x0000000084300000|100%| O|  |TAMS 0x0000000084300000, 0x0000000084300000| Untracked 
|  67|0x0000000084300000, 0x0000000084400000, 0x0000000084400000|100%| O|  |TAMS 0x0000000084400000, 0x0000000084400000| Untracked 
|  68|0x0000000084400000, 0x0000000084500000, 0x0000000084500000|100%| O|  |TAMS 0x0000000084500000, 0x0000000084500000| Untracked 
|  69|0x0000000084500000, 0x0000000084600000, 0x0000000084600000|100%| O|  |TAMS 0x0000000084600000, 0x0000000084600000| Untracked 
|  70|0x0000000084600000, 0x0000000084700000, 0x0000000084700000|100%| O|  |TAMS 0x0000000084700000, 0x0000000084700000| Untracked 
|  71|0x0000000084700000, 0x0000000084800000, 0x0000000084800000|100%| O|  |TAMS 0x0000000084800000, 0x0000000084800000| Untracked 
|  72|0x0000000084800000, 0x0000000084900000, 0x0000000084900000|100%| O|  |TAMS 0x0000000084900000, 0x0000000084900000| Untracked 
|  73|0x0000000084900000, 0x0000000084a00000, 0x0000000084a00000|100%| O|  |TAMS 0x0000000084a00000, 0x0000000084a00000| Untracked 
|  74|0x0000000084a00000, 0x0000000084b00000, 0x0000000084b00000|100%| O|  |TAMS 0x0000000084b00000, 0x0000000084b00000| Untracked 
|  75|0x0000000084b00000, 0x0000000084c00000, 0x0000000084c00000|100%| O|  |TAMS 0x0000000084c00000, 0x0000000084c00000| Untracked 
|  76|0x0000000084c00000, 0x0000000084d00000, 0x0000000084d00000|100%| O|  |TAMS 0x0000000084d00000, 0x0000000084d00000| Untracked 
|  77|0x0000000084d00000, 0x0000000084e00000, 0x0000000084e00000|100%| O|  |TAMS 0x0000000084e00000, 0x0000000084e00000| Untracked 
|  78|0x0000000084e00000, 0x0000000084f00000, 0x0000000084f00000|100%| O|  |TAMS 0x0000000084f00000, 0x0000000084f00000| Untracked 
|  79|0x0000000084f00000, 0x0000000085000000, 0x0000000085000000|100%| O|  |TAMS 0x0000000085000000, 0x0000000085000000| Untracked 
|  80|0x0000000085000000, 0x0000000085100000, 0x0000000085100000|100%| O|  |TAMS 0x0000000085100000, 0x0000000085100000| Untracked 
|  81|0x0000000085100000, 0x0000000085200000, 0x0000000085200000|100%| O|  |TAMS 0x0000000085100000, 0x0000000085200000| Untracked 
|  82|0x0000000085200000, 0x0000000085300000, 0x0000000085300000|100%| O|  |TAMS 0x0000000085200000, 0x0000000085300000| Untracked 
|  83|0x0000000085300000, 0x0000000085400000, 0x0000000085400000|100%| O|  |TAMS 0x0000000085400000, 0x0000000085400000| Untracked 
|  84|0x0000000085400000, 0x0000000085500000, 0x0000000085500000|100%| O|  |TAMS 0x0000000085500000, 0x0000000085500000| Untracked 
|  85|0x0000000085500000, 0x0000000085600000, 0x0000000085600000|100%| O|  |TAMS 0x0000000085600000, 0x0000000085600000| Untracked 
|  86|0x0000000085600000, 0x0000000085700000, 0x0000000085700000|100%| O|  |TAMS 0x0000000085700000, 0x0000000085700000| Untracked 
|  87|0x0000000085700000, 0x0000000085800000, 0x0000000085800000|100%| O|  |TAMS 0x0000000085800000, 0x0000000085800000| Untracked 
|  88|0x0000000085800000, 0x0000000085900000, 0x0000000085900000|100%| O|  |TAMS 0x0000000085900000, 0x0000000085900000| Untracked 
|  89|0x0000000085900000, 0x0000000085a00000, 0x0000000085a00000|100%| O|  |TAMS 0x0000000085a00000, 0x0000000085a00000| Untracked 
|  90|0x0000000085a00000, 0x0000000085a00000, 0x0000000085b00000|  0%| F|  |TAMS 0x0000000085a00000, 0x0000000085a00000| Untracked 
|  91|0x0000000085b00000, 0x0000000085c00000, 0x0000000085c00000|100%| O|  |TAMS 0x0000000085c00000, 0x0000000085c00000| Untracked 
|  92|0x0000000085c00000, 0x0000000085d00000, 0x0000000085d00000|100%| O|  |TAMS 0x0000000085d00000, 0x0000000085d00000| Untracked 
|  93|0x0000000085d00000, 0x0000000085d00000, 0x0000000085e00000|  0%| F|  |TAMS 0x0000000085d00000, 0x0000000085d00000| Untracked 
|  94|0x0000000085e00000, 0x0000000085e00000, 0x0000000085f00000|  0%| F|  |TAMS 0x0000000085e00000, 0x0000000085e00000| Untracked 
|  95|0x0000000085f00000, 0x0000000086000000, 0x0000000086000000|100%|HS|  |TAMS 0x0000000085f00000, 0x0000000086000000| Complete 
|  96|0x0000000086000000, 0x0000000086100000, 0x0000000086100000|100%| O|  |TAMS 0x0000000086000000, 0x0000000086100000| Untracked 
|  97|0x0000000086100000, 0x0000000086200000, 0x0000000086200000|100%| O|  |TAMS 0x0000000086200000, 0x0000000086200000| Untracked 
|  98|0x0000000086200000, 0x0000000086200000, 0x0000000086300000|  0%| F|  |TAMS 0x0000000086200000, 0x0000000086200000| Untracked 
|  99|0x0000000086300000, 0x0000000086300000, 0x0000000086400000|  0%| F|  |TAMS 0x0000000086300000, 0x0000000086300000| Untracked 
| 100|0x0000000086400000, 0x0000000086400000, 0x0000000086500000|  0%| F|  |TAMS 0x0000000086400000, 0x0000000086400000| Untracked 
| 101|0x0000000086500000, 0x0000000086500000, 0x0000000086600000|  0%| F|  |TAMS 0x0000000086500000, 0x0000000086500000| Untracked 
| 102|0x0000000086600000, 0x0000000086700000, 0x0000000086700000|100%| O|  |TAMS 0x0000000086700000, 0x0000000086700000| Untracked 
| 103|0x0000000086700000, 0x0000000086800000, 0x0000000086800000|100%| O|  |TAMS 0x0000000086800000, 0x0000000086800000| Untracked 
| 104|0x0000000086800000, 0x0000000086800000, 0x0000000086900000|  0%| F|  |TAMS 0x0000000086800000, 0x0000000086800000| Untracked 
| 105|0x0000000086900000, 0x0000000086a00000, 0x0000000086a00000|100%| O|  |TAMS 0x0000000086a00000, 0x0000000086a00000| Untracked 
| 106|0x0000000086a00000, 0x0000000086a00000, 0x0000000086b00000|  0%| F|  |TAMS 0x0000000086a00000, 0x0000000086a00000| Untracked 
| 107|0x0000000086b00000, 0x0000000086c00000, 0x0000000086c00000|100%| O|  |TAMS 0x0000000086b00000, 0x0000000086c00000| Untracked 
| 108|0x0000000086c00000, 0x0000000086d00000, 0x0000000086d00000|100%| O|  |TAMS 0x0000000086c00000, 0x0000000086d00000| Untracked 
| 109|0x0000000086d00000, 0x0000000086d00000, 0x0000000086e00000|  0%| F|  |TAMS 0x0000000086d00000, 0x0000000086d00000| Untracked 
| 110|0x0000000086e00000, 0x0000000086e00000, 0x0000000086f00000|  0%| F|  |TAMS 0x0000000086e00000, 0x0000000086e00000| Untracked 
| 111|0x0000000086f00000, 0x0000000087000000, 0x0000000087000000|100%| O|  |TAMS 0x0000000087000000, 0x0000000087000000| Untracked 
| 112|0x0000000087000000, 0x0000000087000000, 0x0000000087100000|  0%| F|  |TAMS 0x0000000087000000, 0x0000000087000000| Untracked 
| 113|0x0000000087100000, 0x0000000087200000, 0x0000000087200000|100%| O|  |TAMS 0x0000000087200000, 0x0000000087200000| Untracked 
| 114|0x0000000087200000, 0x0000000087300000, 0x0000000087300000|100%| O|  |TAMS 0x0000000087300000, 0x0000000087300000| Untracked 
| 115|0x0000000087300000, 0x0000000087400000, 0x0000000087400000|100%| O|  |TAMS 0x0000000087400000, 0x0000000087400000| Untracked 
| 116|0x0000000087400000, 0x0000000087500000, 0x0000000087500000|100%| O|  |TAMS 0x0000000087500000, 0x0000000087500000| Untracked 
| 117|0x0000000087500000, 0x0000000087600000, 0x0000000087600000|100%| O|  |TAMS 0x0000000087600000, 0x0000000087600000| Untracked 
| 118|0x0000000087600000, 0x0000000087700000, 0x0000000087700000|100%| O|  |TAMS 0x0000000087700000, 0x0000000087700000| Untracked 
| 119|0x0000000087700000, 0x0000000087800000, 0x0000000087800000|100%| O|  |TAMS 0x0000000087800000, 0x0000000087800000| Untracked 
| 120|0x0000000087800000, 0x0000000087900000, 0x0000000087900000|100%| O|  |TAMS 0x0000000087882200, 0x0000000087900000| Untracked 
| 121|0x0000000087900000, 0x000000008793a600, 0x0000000087a00000| 22%| O|  |TAMS 0x0000000087900000, 0x000000008793a600| Untracked 
| 122|0x0000000087a00000, 0x0000000087a00000, 0x0000000087b00000|  0%| F|  |TAMS 0x0000000087a00000, 0x0000000087a00000| Untracked 
| 123|0x0000000087b00000, 0x0000000087b00000, 0x0000000087c00000|  0%| F|  |TAMS 0x0000000087b00000, 0x0000000087b00000| Untracked 
| 124|0x0000000087c00000, 0x0000000087c00000, 0x0000000087d00000|  0%| F|  |TAMS 0x0000000087c00000, 0x0000000087c00000| Untracked 
| 125|0x0000000087d00000, 0x0000000087d00000, 0x0000000087e00000|  0%| F|  |TAMS 0x0000000087d00000, 0x0000000087d00000| Untracked 
| 126|0x0000000087e00000, 0x0000000087e00000, 0x0000000087f00000|  0%| F|  |TAMS 0x0000000087e00000, 0x0000000087e00000| Untracked 
| 127|0x0000000087f00000, 0x0000000087f00000, 0x0000000088000000|  0%| F|  |TAMS 0x0000000087f00000, 0x0000000087f00000| Untracked 
| 128|0x0000000088000000, 0x0000000088000000, 0x0000000088100000|  0%| F|  |TAMS 0x0000000088000000, 0x0000000088000000| Untracked 
| 129|0x0000000088100000, 0x0000000088100000, 0x0000000088200000|  0%| F|  |TAMS 0x0000000088100000, 0x0000000088100000| Untracked 
| 130|0x0000000088200000, 0x0000000088200000, 0x0000000088300000|  0%| F|  |TAMS 0x0000000088200000, 0x0000000088200000| Untracked 
| 131|0x0000000088300000, 0x0000000088300000, 0x0000000088400000|  0%| F|  |TAMS 0x0000000088300000, 0x0000000088300000| Untracked 
| 132|0x0000000088400000, 0x0000000088400000, 0x0000000088500000|  0%| F|  |TAMS 0x0000000088400000, 0x0000000088400000| Untracked 
| 133|0x0000000088500000, 0x0000000088500000, 0x0000000088600000|  0%| F|  |TAMS 0x0000000088500000, 0x0000000088500000| Untracked 
| 134|0x0000000088600000, 0x0000000088600000, 0x0000000088700000|  0%| F|  |TAMS 0x0000000088600000, 0x0000000088600000| Untracked 
| 135|0x0000000088700000, 0x0000000088700000, 0x0000000088800000|  0%| F|  |TAMS 0x0000000088700000, 0x0000000088700000| Untracked 
| 136|0x0000000088800000, 0x0000000088800000, 0x0000000088900000|  0%| F|  |TAMS 0x0000000088800000, 0x0000000088800000| Untracked 
| 137|0x0000000088900000, 0x0000000088900000, 0x0000000088a00000|  0%| F|  |TAMS 0x0000000088900000, 0x0000000088900000| Untracked 
| 138|0x0000000088a00000, 0x0000000088a00000, 0x0000000088b00000|  0%| F|  |TAMS 0x0000000088a00000, 0x0000000088a00000| Untracked 
| 139|0x0000000088b00000, 0x0000000088b00000, 0x0000000088c00000|  0%| F|  |TAMS 0x0000000088b00000, 0x0000000088b00000| Untracked 
| 140|0x0000000088c00000, 0x0000000088c00000, 0x0000000088d00000|  0%| F|  |TAMS 0x0000000088c00000, 0x0000000088c00000| Untracked 
| 141|0x0000000088d00000, 0x0000000088d00000, 0x0000000088e00000|  0%| F|  |TAMS 0x0000000088d00000, 0x0000000088d00000| Untracked 
| 142|0x0000000088e00000, 0x0000000088e00000, 0x0000000088f00000|  0%| F|  |TAMS 0x0000000088e00000, 0x0000000088e00000| Untracked 
| 143|0x0000000088f00000, 0x0000000088f00000, 0x0000000089000000|  0%| F|  |TAMS 0x0000000088f00000, 0x0000000088f00000| Untracked 
| 144|0x0000000089000000, 0x0000000089000000, 0x0000000089100000|  0%| F|  |TAMS 0x0000000089000000, 0x0000000089000000| Untracked 
| 145|0x0000000089100000, 0x0000000089100000, 0x0000000089200000|  0%| F|  |TAMS 0x0000000089100000, 0x0000000089100000| Untracked 
| 146|0x0000000089200000, 0x0000000089200000, 0x0000000089300000|  0%| F|  |TAMS 0x0000000089200000, 0x0000000089200000| Untracked 
| 147|0x0000000089300000, 0x0000000089300000, 0x0000000089400000|  0%| F|  |TAMS 0x0000000089300000, 0x0000000089300000| Untracked 
| 148|0x0000000089400000, 0x0000000089400000, 0x0000000089500000|  0%| F|  |TAMS 0x0000000089400000, 0x0000000089400000| Untracked 
| 149|0x0000000089500000, 0x0000000089500000, 0x0000000089600000|  0%| F|  |TAMS 0x0000000089500000, 0x0000000089500000| Untracked 
| 150|0x0000000089600000, 0x0000000089600000, 0x0000000089700000|  0%| F|  |TAMS 0x0000000089600000, 0x0000000089600000| Untracked 
| 151|0x0000000089700000, 0x0000000089700000, 0x0000000089800000|  0%| F|  |TAMS 0x0000000089700000, 0x0000000089700000| Untracked 
| 152|0x0000000089800000, 0x0000000089800000, 0x0000000089900000|  0%| F|  |TAMS 0x0000000089800000, 0x0000000089800000| Untracked 
| 153|0x0000000089900000, 0x0000000089900000, 0x0000000089a00000|  0%| F|  |TAMS 0x0000000089900000, 0x0000000089900000| Untracked 
| 154|0x0000000089a00000, 0x0000000089a00000, 0x0000000089b00000|  0%| F|  |TAMS 0x0000000089a00000, 0x0000000089a00000| Untracked 
| 155|0x0000000089b00000, 0x0000000089b00000, 0x0000000089c00000|  0%| F|  |TAMS 0x0000000089b00000, 0x0000000089b00000| Untracked 
| 156|0x0000000089c00000, 0x0000000089c00000, 0x0000000089d00000|  0%| F|  |TAMS 0x0000000089c00000, 0x0000000089c00000| Untracked 
| 157|0x0000000089d00000, 0x0000000089d00000, 0x0000000089e00000|  0%| F|  |TAMS 0x0000000089d00000, 0x0000000089d00000| Untracked 
| 158|0x0000000089e00000, 0x0000000089e00000, 0x0000000089f00000|  0%| F|  |TAMS 0x0000000089e00000, 0x0000000089e00000| Untracked 
| 159|0x0000000089f00000, 0x0000000089f00000, 0x000000008a000000|  0%| F|  |TAMS 0x0000000089f00000, 0x0000000089f00000| Untracked 
| 160|0x000000008a000000, 0x000000008a000000, 0x000000008a100000|  0%| F|  |TAMS 0x000000008a000000, 0x000000008a000000| Untracked 
| 161|0x000000008a100000, 0x000000008a100000, 0x000000008a200000|  0%| F|  |TAMS 0x000000008a100000, 0x000000008a100000| Untracked 
| 162|0x000000008a200000, 0x000000008a200000, 0x000000008a300000|  0%| F|  |TAMS 0x000000008a200000, 0x000000008a200000| Untracked 
| 163|0x000000008a300000, 0x000000008a300000, 0x000000008a400000|  0%| F|  |TAMS 0x000000008a300000, 0x000000008a300000| Untracked 
| 164|0x000000008a400000, 0x000000008a400000, 0x000000008a500000|  0%| F|  |TAMS 0x000000008a400000, 0x000000008a400000| Untracked 
| 165|0x000000008a500000, 0x000000008a500000, 0x000000008a600000|  0%| F|  |TAMS 0x000000008a500000, 0x000000008a500000| Untracked 
| 166|0x000000008a600000, 0x000000008a600000, 0x000000008a700000|  0%| F|  |TAMS 0x000000008a600000, 0x000000008a600000| Untracked 
| 167|0x000000008a700000, 0x000000008a700000, 0x000000008a800000|  0%| F|  |TAMS 0x000000008a700000, 0x000000008a700000| Untracked 
| 168|0x000000008a800000, 0x000000008a800000, 0x000000008a900000|  0%| F|  |TAMS 0x000000008a800000, 0x000000008a800000| Untracked 
| 169|0x000000008a900000, 0x000000008a900000, 0x000000008aa00000|  0%| F|  |TAMS 0x000000008a900000, 0x000000008a900000| Untracked 
| 170|0x000000008aa00000, 0x000000008aa00000, 0x000000008ab00000|  0%| F|  |TAMS 0x000000008aa00000, 0x000000008aa00000| Untracked 
| 171|0x000000008ab00000, 0x000000008ab00000, 0x000000008ac00000|  0%| F|  |TAMS 0x000000008ab00000, 0x000000008ab00000| Untracked 
| 172|0x000000008ac00000, 0x000000008ac00000, 0x000000008ad00000|  0%| F|  |TAMS 0x000000008ac00000, 0x000000008ac00000| Untracked 
| 173|0x000000008ad00000, 0x000000008ad00000, 0x000000008ae00000|  0%| F|  |TAMS 0x000000008ad00000, 0x000000008ad00000| Untracked 
| 174|0x000000008ae00000, 0x000000008ae00000, 0x000000008af00000|  0%| F|  |TAMS 0x000000008ae00000, 0x000000008ae00000| Untracked 
| 175|0x000000008af00000, 0x000000008af00000, 0x000000008b000000|  0%| F|  |TAMS 0x000000008af00000, 0x000000008af00000| Untracked 
| 176|0x000000008b000000, 0x000000008b000000, 0x000000008b100000|  0%| F|  |TAMS 0x000000008b000000, 0x000000008b000000| Untracked 
| 177|0x000000008b100000, 0x000000008b100000, 0x000000008b200000|  0%| F|  |TAMS 0x000000008b100000, 0x000000008b100000| Untracked 
| 178|0x000000008b200000, 0x000000008b200000, 0x000000008b300000|  0%| F|  |TAMS 0x000000008b200000, 0x000000008b200000| Untracked 
| 179|0x000000008b300000, 0x000000008b300000, 0x000000008b400000|  0%| F|  |TAMS 0x000000008b300000, 0x000000008b300000| Untracked 
| 180|0x000000008b400000, 0x000000008b400000, 0x000000008b500000|  0%| F|  |TAMS 0x000000008b400000, 0x000000008b400000| Untracked 
| 181|0x000000008b500000, 0x000000008b500000, 0x000000008b600000|  0%| F|  |TAMS 0x000000008b500000, 0x000000008b500000| Untracked 
| 182|0x000000008b600000, 0x000000008b600000, 0x000000008b700000|  0%| F|  |TAMS 0x000000008b600000, 0x000000008b600000| Untracked 
| 183|0x000000008b700000, 0x000000008b700000, 0x000000008b800000|  0%| F|  |TAMS 0x000000008b700000, 0x000000008b700000| Untracked 
| 184|0x000000008b800000, 0x000000008b800000, 0x000000008b900000|  0%| F|  |TAMS 0x000000008b800000, 0x000000008b800000| Untracked 
| 185|0x000000008b900000, 0x000000008b900000, 0x000000008ba00000|  0%| F|  |TAMS 0x000000008b900000, 0x000000008b900000| Untracked 
| 186|0x000000008ba00000, 0x000000008ba00000, 0x000000008bb00000|  0%| F|  |TAMS 0x000000008ba00000, 0x000000008ba00000| Untracked 
| 187|0x000000008bb00000, 0x000000008bb00000, 0x000000008bc00000|  0%| F|  |TAMS 0x000000008bb00000, 0x000000008bb00000| Untracked 
| 188|0x000000008bc00000, 0x000000008bc00000, 0x000000008bd00000|  0%| F|  |TAMS 0x000000008bc00000, 0x000000008bc00000| Untracked 
| 189|0x000000008bd00000, 0x000000008bd00000, 0x000000008be00000|  0%| F|  |TAMS 0x000000008bd00000, 0x000000008bd00000| Untracked 
| 190|0x000000008be00000, 0x000000008be00000, 0x000000008bf00000|  0%| F|  |TAMS 0x000000008be00000, 0x000000008be00000| Untracked 
| 191|0x000000008bf00000, 0x000000008bf00000, 0x000000008c000000|  0%| F|  |TAMS 0x000000008bf00000, 0x000000008bf00000| Untracked 
| 192|0x000000008c000000, 0x000000008c000000, 0x000000008c100000|  0%| F|  |TAMS 0x000000008c000000, 0x000000008c000000| Untracked 
| 193|0x000000008c100000, 0x000000008c100000, 0x000000008c200000|  0%| F|  |TAMS 0x000000008c100000, 0x000000008c100000| Untracked 
| 194|0x000000008c200000, 0x000000008c200000, 0x000000008c300000|  0%| F|  |TAMS 0x000000008c200000, 0x000000008c200000| Untracked 
| 195|0x000000008c300000, 0x000000008c300000, 0x000000008c400000|  0%| F|  |TAMS 0x000000008c300000, 0x000000008c300000| Untracked 
| 196|0x000000008c400000, 0x000000008c400000, 0x000000008c500000|  0%| F|  |TAMS 0x000000008c400000, 0x000000008c400000| Untracked 
| 197|0x000000008c500000, 0x000000008c500000, 0x000000008c600000|  0%| F|  |TAMS 0x000000008c500000, 0x000000008c500000| Untracked 
| 198|0x000000008c600000, 0x000000008c600000, 0x000000008c700000|  0%| F|  |TAMS 0x000000008c600000, 0x000000008c600000| Untracked 
| 199|0x000000008c700000, 0x000000008c700000, 0x000000008c800000|  0%| F|  |TAMS 0x000000008c700000, 0x000000008c700000| Untracked 
| 200|0x000000008c800000, 0x000000008c845780, 0x000000008c900000| 27%| S|CS|TAMS 0x000000008c800000, 0x000000008c800000| Complete 
| 201|0x000000008c900000, 0x000000008ca00000, 0x000000008ca00000|100%| S|CS|TAMS 0x000000008c900000, 0x000000008c900000| Complete 
| 202|0x000000008ca00000, 0x000000008cb00000, 0x000000008cb00000|100%| S|CS|TAMS 0x000000008ca00000, 0x000000008ca00000| Complete 
| 203|0x000000008cb00000, 0x000000008cc00000, 0x000000008cc00000|100%| S|CS|TAMS 0x000000008cb00000, 0x000000008cb00000| Complete 
| 204|0x000000008cc00000, 0x000000008cc00000, 0x000000008cd00000|  0%| F|  |TAMS 0x000000008cc00000, 0x000000008cc00000| Untracked 
| 205|0x000000008cd00000, 0x000000008cd00000, 0x000000008ce00000|  0%| F|  |TAMS 0x000000008cd00000, 0x000000008cd00000| Untracked 
| 206|0x000000008ce00000, 0x000000008ce00000, 0x000000008cf00000|  0%| F|  |TAMS 0x000000008ce00000, 0x000000008ce00000| Untracked 
| 207|0x000000008cf00000, 0x000000008cf00000, 0x000000008d000000|  0%| F|  |TAMS 0x000000008cf00000, 0x000000008cf00000| Untracked 
| 208|0x000000008d000000, 0x000000008d000000, 0x000000008d100000|  0%| F|  |TAMS 0x000000008d000000, 0x000000008d000000| Untracked 
| 209|0x000000008d100000, 0x000000008d100000, 0x000000008d200000|  0%| F|  |TAMS 0x000000008d100000, 0x000000008d100000| Untracked 
| 210|0x000000008d200000, 0x000000008d200000, 0x000000008d300000|  0%| F|  |TAMS 0x000000008d200000, 0x000000008d200000| Untracked 
| 211|0x000000008d300000, 0x000000008d300000, 0x000000008d400000|  0%| F|  |TAMS 0x000000008d300000, 0x000000008d300000| Untracked 
| 212|0x000000008d400000, 0x000000008d400000, 0x000000008d500000|  0%| F|  |TAMS 0x000000008d400000, 0x000000008d400000| Untracked 
| 213|0x000000008d500000, 0x000000008d500000, 0x000000008d600000|  0%| F|  |TAMS 0x000000008d500000, 0x000000008d500000| Untracked 
| 214|0x000000008d600000, 0x000000008d600000, 0x000000008d700000|  0%| F|  |TAMS 0x000000008d600000, 0x000000008d600000| Untracked 
| 215|0x000000008d700000, 0x000000008d700000, 0x000000008d800000|  0%| F|  |TAMS 0x000000008d700000, 0x000000008d700000| Untracked 
| 216|0x000000008d800000, 0x000000008d800000, 0x000000008d900000|  0%| F|  |TAMS 0x000000008d800000, 0x000000008d800000| Untracked 
| 217|0x000000008d900000, 0x000000008d900000, 0x000000008da00000|  0%| F|  |TAMS 0x000000008d900000, 0x000000008d900000| Untracked 
| 218|0x000000008da00000, 0x000000008da00000, 0x000000008db00000|  0%| F|  |TAMS 0x000000008da00000, 0x000000008da00000| Untracked 
| 219|0x000000008db00000, 0x000000008db00000, 0x000000008dc00000|  0%| F|  |TAMS 0x000000008db00000, 0x000000008db00000| Untracked 

Card table byte_map: [0x00000278c9fd0000,0x00000278ca3d0000] _byte_map_base: 0x00000278c9bd0000

Marking Bits (Prev, Next): (CMBitMap*) 0x00000278b667f1a0, (CMBitMap*) 0x00000278b667f168
 Prev Bits: [0x00000278cc7d0000, 0x00000278ce7d0000)
 Next Bits: [0x00000278ca7d0000, 0x00000278cc7d0000)

Polling page: 0x00000278b4fd0000

Metaspace:

Usage:
  Non-class:     99.22 MB capacity,    97.15 MB ( 98%) used,     1.69 MB (  2%) free+waste,   380.00 KB ( <1%) overhead. 
      Class:     15.59 MB capacity,    14.38 MB ( 92%) used,     1.04 MB (  7%) free+waste,   173.19 KB (  1%) overhead. 
       Both:    114.81 MB capacity,   111.54 MB ( 97%) used,     2.73 MB (  2%) free+waste,   553.19 KB ( <1%) overhead. 

Virtual space:
  Non-class space:      100.00 MB reserved,      99.89 MB (>99%) committed 
      Class space:        1.00 GB reserved,      16.15 MB (  2%) committed 
             Both:        1.10 GB reserved,     116.04 MB ( 10%) committed 

Chunk freelists:
   Non-Class:  688.00 KB
       Class:  450.00 KB
        Both:  1.11 MB

MaxMetaspaceSize: 17179869184.00 GB
CompressedClassSpaceSize: 1.00 GB
Initial GC threshold: 20.80 MB
Current GC threshold: 184.86 MB
CDS: off

CodeHeap 'non-profiled nmethods': size=120000Kb used=9149Kb max_used=9149Kb free=110850Kb
 bounds [0x00000278c1c30000, 0x00000278c2520000, 0x00000278c9160000]
CodeHeap 'profiled nmethods': size=120000Kb used=31714Kb max_used=31714Kb free=88285Kb
 bounds [0x00000278ba700000, 0x00000278bc600000, 0x00000278c1c30000]
CodeHeap 'non-nmethods': size=5760Kb used=2438Kb max_used=2476Kb free=3321Kb
 bounds [0x00000278ba160000, 0x00000278ba3d0000, 0x00000278ba700000]
 total_blobs=15787 nmethods=14828 adapters=871
 compilation: enabled
              stopped_count=0, restarted_count=0
 full_count=0

Compilation events (20 events):
Event: 12.594 Thread 0x00000278d12c6800 15047       2       com.android.zipflinger.ZipMap::parseName (16 bytes)
Event: 12.595 Thread 0x00000278d12c6800 nmethod 15047 0x00000278bc5f4790 code [0x00000278bc5f4960, 0x00000278bc5f4c38]
Event: 12.595 Thread 0x00000278d12c6800 15049       2       com.android.zipflinger.ZipMap::checkPolicy (99 bytes)
Event: 12.595 Thread 0x00000278d12c6800 nmethod 15049 0x00000278bc5f4e10 code [0x00000278bc5f5080, 0x00000278bc5f5968]
Event: 12.596 Thread 0x00000278d12c6800 15050       2       com.android.zipflinger.ZipMap::readLocalFields (96 bytes)
Event: 12.597 Thread 0x00000278d12c6800 nmethod 15050 0x00000278bc5f5d90 code [0x00000278bc5f6000, 0x00000278bc5f65d8]
Event: 12.599 Thread 0x00000278d12c6800 15052       2       com.android.zipflinger.Location::size (12 bytes)
Event: 12.599 Thread 0x00000278d12c6800 nmethod 15052 0x00000278bc5f6910 code [0x00000278bc5f6ac0, 0x00000278bc5f6bd8]
Event: 12.599 Thread 0x00000278d12c6800 15051       1       com.android.zipflinger.Entry::getCdLocation (5 bytes)
Event: 12.599 Thread 0x00000278d12c6800 nmethod 15051 0x00000278c251eb90 code [0x00000278c251ed40, 0x00000278c251edf8]
Event: 12.600 Thread 0x00000278d12c6800 15055       2       com.android.zipflinger.Location::compareTo (13 bytes)
Event: 12.600 Thread 0x00000278d12c6800 nmethod 15055 0x00000278bc5f6c90 code [0x00000278bc5f6e60, 0x00000278bc5f7028]
Event: 12.600 Thread 0x00000278d12c6800 15053       2       java.lang.Math::toIntExact (21 bytes)
Event: 12.600 Thread 0x00000278d12c6800 nmethod 15053 0x00000278bc5f7110 code [0x00000278bc5f72c0, 0x00000278bc5f7448]
Event: 12.600 Thread 0x00000278d12c6800 15054       2       com.android.zipflinger.Location::compareTo (9 bytes)
Event: 12.600 Thread 0x00000278d12c6800 nmethod 15054 0x00000278bc5f7510 code [0x00000278bc5f76e0, 0x00000278bc5f78e8]
Event: 12.602 Thread 0x00000278d12c6800 15056       2       sun.net.util.URLUtil::urlNoFragString (114 bytes)
Event: 12.602 Thread 0x00000278d12c6800 nmethod 15056 0x00000278bc5f7a10 code [0x00000278bc5f7c80, 0x00000278bc5f81d8]
Event: 12.602 Thread 0x00000278d12c6800 15057       2       java.net.URL::getDefaultPort (8 bytes)
Event: 12.602 Thread 0x00000278d12c6800 nmethod 15057 0x00000278bc5f8510 code [0x00000278bc5f86c0, 0x00000278bc5f87e8]

GC Heap History (20 events):
Event: 10.002 GC heap after
{Heap after GC invocations=22 (full 0):
 garbage-first heap   total 187392K, used 102962K [0x0000000080000000, 0x0000000100000000)
  region size 1024K, 9 young (9216K), 9 survivors (9216K)
 Metaspace       used 94329K, capacity 97053K, committed 97192K, reserved 1134592K
  class space    used 12092K, capacity 13049K, committed 13080K, reserved 1048576K
}
Event: 10.301 GC heap before
{Heap before GC invocations=22 (full 0):
 garbage-first heap   total 187392K, used 150066K [0x0000000080000000, 0x0000000100000000)
  region size 1024K, 56 young (57344K), 9 survivors (9216K)
 Metaspace       used 95856K, capacity 98687K, committed 98984K, reserved 1134592K
  class space    used 12286K, capacity 13291K, committed 13336K, reserved 1048576K
}
Event: 10.309 GC heap after
{Heap after GC invocations=23 (full 0):
 garbage-first heap   total 225280K, used 104037K [0x0000000080000000, 0x0000000100000000)
  region size 1024K, 5 young (5120K), 5 survivors (5120K)
 Metaspace       used 95856K, capacity 98687K, committed 98984K, reserved 1134592K
  class space    used 12286K, capacity 13291K, committed 13336K, reserved 1048576K
}
Event: 10.567 GC heap before
{Heap before GC invocations=24 (full 0):
 garbage-first heap   total 225280K, used 167525K [0x0000000080000000, 0x0000000100000000)
  region size 1024K, 67 young (68608K), 5 survivors (5120K)
 Metaspace       used 95752K, capacity 98344K, committed 98984K, reserved 1134592K
  class space    used 12211K, capacity 13127K, committed 13336K, reserved 1048576K
}
Event: 10.574 GC heap after
{Heap after GC invocations=25 (full 0):
 garbage-first heap   total 225280K, used 108514K [0x0000000080000000, 0x0000000100000000)
  region size 1024K, 7 young (7168K), 7 survivors (7168K)
 Metaspace       used 95752K, capacity 98344K, committed 98984K, reserved 1134592K
  class space    used 12211K, capacity 13127K, committed 13336K, reserved 1048576K
}
Event: 10.956 GC heap before
{Heap before GC invocations=26 (full 0):
 garbage-first heap   total 225280K, used 176098K [0x0000000080000000, 0x0000000100000000)
  region size 1024K, 72 young (73728K), 7 survivors (7168K)
 Metaspace       used 102110K, capacity 105075K, committed 105384K, reserved 1140736K
  class space    used 13142K, capacity 14274K, committed 14360K, reserved 1048576K
}
Event: 10.967 GC heap after
{Heap after GC invocations=27 (full 0):
 garbage-first heap   total 225280K, used 117657K [0x0000000080000000, 0x0000000100000000)
  region size 1024K, 9 young (9216K), 9 survivors (9216K)
 Metaspace       used 102110K, capacity 105075K, committed 105384K, reserved 1140736K
  class space    used 13142K, capacity 14274K, committed 14360K, reserved 1048576K
}
Event: 11.286 GC heap before
{Heap before GC invocations=27 (full 0):
 garbage-first heap   total 225280K, used 176025K [0x0000000080000000, 0x0000000100000000)
  region size 1024K, 67 young (68608K), 9 survivors (9216K)
 Metaspace       used 107530K, capacity 111107K, committed 111400K, reserved 1144832K
  class space    used 14007K, capacity 15396K, committed 15512K, reserved 1048576K
}
Event: 11.297 GC heap after
{Heap after GC invocations=28 (full 0):
 garbage-first heap   total 225280K, used 120832K [0x0000000080000000, 0x0000000100000000)
  region size 1024K, 3 young (3072K), 3 survivors (3072K)
 Metaspace       used 107530K, capacity 111107K, committed 111400K, reserved 1144832K
  class space    used 14007K, capacity 15396K, committed 15512K, reserved 1048576K
}
Event: 11.716 GC heap before
{Heap before GC invocations=29 (full 0):
 garbage-first heap   total 225280K, used 181248K [0x0000000080000000, 0x0000000100000000)
  region size 1024K, 61 young (62464K), 3 survivors (3072K)
 Metaspace       used 108550K, capacity 112127K, committed 112296K, reserved 1146880K
  class space    used 14094K, capacity 15492K, committed 15640K, reserved 1048576K
}
Event: 11.723 GC heap after
{Heap after GC invocations=30 (full 0):
 garbage-first heap   total 225280K, used 122796K [0x0000000080000000, 0x0000000100000000)
  region size 1024K, 5 young (5120K), 5 survivors (5120K)
 Metaspace       used 108550K, capacity 112127K, committed 112296K, reserved 1146880K
  class space    used 14094K, capacity 15492K, committed 15640K, reserved 1048576K
}
Event: 11.745 GC heap before
{Heap before GC invocations=30 (full 0):
 garbage-first heap   total 225280K, used 127916K [0x0000000080000000, 0x0000000100000000)
  region size 1024K, 11 young (11264K), 5 survivors (5120K)
 Metaspace       used 108874K, capacity 112501K, committed 112808K, reserved 1146880K
  class space    used 14156K, capacity 15559K, committed 15640K, reserved 1048576K
}
Event: 11.750 GC heap after
{Heap after GC invocations=31 (full 0):
 garbage-first heap   total 225280K, used 123400K [0x0000000080000000, 0x0000000100000000)
  region size 1024K, 2 young (2048K), 2 survivors (2048K)
 Metaspace       used 108874K, capacity 112501K, committed 112808K, reserved 1146880K
  class space    used 14156K, capacity 15559K, committed 15640K, reserved 1048576K
}
Event: 11.855 GC heap before
{Heap before GC invocations=31 (full 0):
 garbage-first heap   total 225280K, used 147976K [0x0000000080000000, 0x0000000100000000)
  region size 1024K, 28 young (28672K), 2 survivors (2048K)
 Metaspace       used 109689K, capacity 113351K, committed 113576K, reserved 1146880K
  class space    used 14354K, capacity 15775K, committed 15896K, reserved 1048576K
}
Event: 11.862 GC heap after
{Heap after GC invocations=32 (full 0):
 garbage-first heap   total 225280K, used 128509K [0x0000000080000000, 0x0000000100000000)
  region size 1024K, 7 young (7168K), 7 survivors (7168K)
 Metaspace       used 109689K, capacity 113351K, committed 113576K, reserved 1146880K
  class space    used 14354K, capacity 15775K, committed 15896K, reserved 1048576K
}
Event: 12.309 GC heap before
{Heap before GC invocations=33 (full 0):
 garbage-first heap   total 225280K, used 182781K [0x0000000080000000, 0x0000000100000000)
  region size 1024K, 61 young (62464K), 7 survivors (7168K)
 Metaspace       used 112419K, capacity 115558K, committed 117032K, reserved 1150976K
  class space    used 14525K, capacity 15710K, committed 16280K, reserved 1048576K
}
Event: 12.315 GC heap after
{Heap after GC invocations=34 (full 0):
 garbage-first heap   total 225280K, used 122862K [0x0000000080000000, 0x0000000100000000)
  region size 1024K, 2 young (2048K), 2 survivors (2048K)
 Metaspace       used 112419K, capacity 115558K, committed 117032K, reserved 1150976K
  class space    used 14525K, capacity 15710K, committed 16280K, reserved 1048576K
}
Event: 12.379 GC heap before
{Heap before GC invocations=34 (full 0):
 garbage-first heap   total 225280K, used 132078K [0x0000000080000000, 0x0000000100000000)
  region size 1024K, 11 young (11264K), 2 survivors (2048K)
 Metaspace       used 112772K, capacity 116004K, committed 117544K, reserved 1150976K
  class space    used 14547K, capacity 15747K, committed 16280K, reserved 1048576K
}
Event: 12.385 GC heap after
{Heap after GC invocations=35 (full 0):
 garbage-first heap   total 225280K, used 113897K [0x0000000080000000, 0x0000000100000000)
  region size 1024K, 2 young (2048K), 2 survivors (2048K)
 Metaspace       used 112772K, capacity 116004K, committed 117544K, reserved 1150976K
  class space    used 14547K, capacity 15747K, committed 16280K, reserved 1048576K
}
Event: 12.611 GC heap before
{Heap before GC invocations=35 (full 0):
 garbage-first heap   total 225280K, used 127209K [0x0000000080000000, 0x0000000100000000)
  region size 1024K, 16 young (16384K), 2 survivors (2048K)
 Metaspace       used 114213K, capacity 117566K, committed 118824K, reserved 1150976K
  class space    used 14727K, capacity 15966K, committed 16536K, reserved 1048576K
}

Deoptimization events (20 events):
Event: 12.553 Thread 0x00000278d9020800 DEOPT PACKING pc=0x00000278bb3534d7 sp=0x0000007e418fced0
Event: 12.553 Thread 0x00000278d9020800 DEOPT UNPACKING pc=0x00000278ba1a9d0e sp=0x0000007e418fc328 mode 0
Event: 12.553 Thread 0x00000278d9020800 DEOPT PACKING pc=0x00000278bb3534d7 sp=0x0000007e418fcec0
Event: 12.553 Thread 0x00000278d9020800 DEOPT UNPACKING pc=0x00000278ba1a9d0e sp=0x0000007e418fc318 mode 0
Event: 12.553 Thread 0x00000278d9020800 DEOPT PACKING pc=0x00000278bb3534d7 sp=0x0000007e418fced0
Event: 12.553 Thread 0x00000278d9020800 DEOPT UNPACKING pc=0x00000278ba1a9d0e sp=0x0000007e418fc328 mode 0
Event: 12.553 Thread 0x00000278d9020800 DEOPT PACKING pc=0x00000278bb3535c2 sp=0x0000007e418fcec0
Event: 12.553 Thread 0x00000278d9020800 DEOPT UNPACKING pc=0x00000278ba1a9d0e sp=0x0000007e418fc318 mode 0
Event: 12.553 Thread 0x00000278d9020800 DEOPT PACKING pc=0x00000278bb3535c2 sp=0x0000007e418fced0
Event: 12.553 Thread 0x00000278d9020800 DEOPT UNPACKING pc=0x00000278ba1a9d0e sp=0x0000007e418fc328 mode 0
Event: 12.570 Thread 0x00000278d9020800 DEOPT PACKING pc=0x00000278bab9ae91 sp=0x0000007e418fd940
Event: 12.570 Thread 0x00000278d9020800 DEOPT UNPACKING pc=0x00000278ba1a9d0e sp=0x0000007e418fce18 mode 0
Event: 12.586 Thread 0x00000278d9020800 Uncommon trap: trap_request=0xffffff4d fr.pc=0x00000278c234d860 relative=0x0000000000000f40
Event: 12.586 Thread 0x00000278d9020800 Uncommon trap: reason=unstable_if action=reinterpret pc=0x00000278c234d860 method=sun.nio.ch.IOUtil.readIntoNativeBuffer(Ljava/io/FileDescriptor;Ljava/nio/ByteBuffer;JZILsun/nio/ch/NativeDispatcher;)I @ 86 c2
Event: 12.586 Thread 0x00000278d9020800 DEOPT PACKING pc=0x00000278c234d860 sp=0x0000007e418fd610
Event: 12.586 Thread 0x00000278d9020800 DEOPT UNPACKING pc=0x00000278ba1685af sp=0x0000007e418fd548 mode 2
Event: 12.587 Thread 0x00000278d9020800 Uncommon trap: trap_request=0xffffff4d fr.pc=0x00000278c234fcdc relative=0x000000000000019c
Event: 12.587 Thread 0x00000278d9020800 Uncommon trap: reason=unstable_if action=reinterpret pc=0x00000278c234fcdc method=sun.nio.ch.IOUtil.readIntoNativeBuffer(Ljava/io/FileDescriptor;Ljava/nio/ByteBuffer;JZILsun/nio/ch/NativeDispatcher;)I @ 86 c2
Event: 12.587 Thread 0x00000278d9020800 DEOPT PACKING pc=0x00000278c234fcdc sp=0x0000007e418fd5c0
Event: 12.587 Thread 0x00000278d9020800 DEOPT UNPACKING pc=0x00000278ba1685af sp=0x0000007e418fd560 mode 2

Classes redefined (0 events):
No events

Internal exceptions (20 events):
Event: 11.693 Thread 0x00000278d9020800 Exception <a 'sun/nio/fs/WindowsException'{0x000000008ba5d6e8}> (0x000000008ba5d6e8) thrown at [./src/hotspot/share/prims/jni.cpp, line 616]
Event: 11.696 Thread 0x00000278d901e000 Exception <a 'sun/nio/fs/WindowsException'{0x000000008a4bc930}> (0x000000008a4bc930) thrown at [./src/hotspot/share/prims/jni.cpp, line 616]
Event: 11.697 Thread 0x00000278d9017800 Exception <a 'sun/nio/fs/WindowsException'{0x000000008db15cc8}> (0x000000008db15cc8) thrown at [./src/hotspot/share/prims/jni.cpp, line 616]
Event: 11.699 Thread 0x00000278d901f000 Exception <a 'sun/nio/fs/WindowsException'{0x000000008a3d4560}> (0x000000008a3d4560) thrown at [./src/hotspot/share/prims/jni.cpp, line 616]
Event: 11.794 Thread 0x00000278d9020800 Exception <a 'sun/nio/fs/WindowsException'{0x000000008ce5a148}> (0x000000008ce5a148) thrown at [./src/hotspot/share/prims/jni.cpp, line 616]
Event: 11.798 Thread 0x00000278db403800 Exception <a 'sun/nio/fs/WindowsException'{0x000000008cdf55b0}> (0x000000008cdf55b0) thrown at [./src/hotspot/share/prims/jni.cpp, line 616]
Event: 11.798 Thread 0x00000278db401000 Exception <a 'sun/nio/fs/WindowsException'{0x000000008d1cacc8}> (0x000000008d1cacc8) thrown at [./src/hotspot/share/prims/jni.cpp, line 616]
Event: 11.798 Thread 0x00000278d9017800 Exception <a 'sun/nio/fs/WindowsException'{0x000000008cde4950}> (0x000000008cde4950) thrown at [./src/hotspot/share/prims/jni.cpp, line 616]
Event: 11.804 Thread 0x00000278db402000 Exception <a 'sun/nio/fs/WindowsException'{0x000000008cbf04a8}> (0x000000008cbf04a8) thrown at [./src/hotspot/share/prims/jni.cpp, line 616]
Event: 11.806 Thread 0x00000278d901f000 Exception <a 'sun/nio/fs/WindowsException'{0x000000008ca23520}> (0x000000008ca23520) thrown at [./src/hotspot/share/prims/jni.cpp, line 616]
Event: 12.019 Thread 0x00000278d901e000 Exception <a 'sun/nio/fs/WindowsException'{0x000000008d4b5820}> (0x000000008d4b5820) thrown at [./src/hotspot/share/prims/jni.cpp, line 616]
Event: 12.387 Thread 0x00000278db45e800 Exception <a 'java/lang/NoSuchMethodError'{0x000000008db425b0}: <clinit>> (0x000000008db425b0) thrown at [./src/hotspot/share/prims/jni.cpp, line 1366]
Event: 12.388 Thread 0x00000278db45e800 Exception <a 'java/lang/NoSuchMethodError'{0x000000008db54d40}: <clinit>> (0x000000008db54d40) thrown at [./src/hotspot/share/prims/jni.cpp, line 1366]
Event: 12.440 Thread 0x00000278d9020800 Exception <a 'sun/nio/fs/WindowsException'{0x000000008d8ee920}> (0x000000008d8ee920) thrown at [./src/hotspot/share/prims/jni.cpp, line 616]
Event: 12.445 Thread 0x00000278d9020800 Implicit null exception at 0x00000278c1d81e64 to 0x00000278c1d85968
Event: 12.490 Thread 0x00000278d9020800 Exception <a 'java/lang/NoSuchMethodError'{0x000000008d79d468}: 'java.lang.Object java.lang.invoke.DirectMethodHandle$Holder.invokeStatic(java.lang.Object, java.lang.Object, java.lang.Object, java.lang.Object, java.lang.Object, int, java.lang.Object)'> (0x000000008d79d468) thrown at [./src/hotspot/share/interpreter/linkResolver.cpp, line 773]
Event: 12.491 Thread 0x00000278d9020800 Exception <a 'java/lang/NoSuchMethodError'{0x000000008d7a4910}: 'java.lang.Object java.lang.invoke.Invokers$Holder.linkToTargetMethod(java.lang.Object, java.lang.Object, java.lang.Object, java.lang.Object, int, java.lang.Object, java.lang.Object)'> (0x000000008d7a4910) thrown at [./src/hotspot/share/interpreter/linkResolver.cpp, line 773]
Event: 12.531 Thread 0x00000278d9020800 Exception <a 'java/lang/NoSuchMethodError'{0x000000008d38aa10}: 'java.lang.Object java.lang.invoke.DirectMethodHandle$Holder.invokeStatic(java.lang.Object, java.lang.Object, java.lang.Object, java.lang.Object, java.lang.Object, java.lang.Object, java.lang.Object, int)'> (0x000000008d38aa10) thrown at [./src/hotspot/share/interpreter/linkResolver.cpp, line 773]
Event: 12.531 Thread 0x00000278d9020800 Exception <a 'java/lang/NoSuchMethodError'{0x000000008d38f0f0}: 'java.lang.Object java.lang.invoke.DirectMethodHandle$Holder.invokeSpecial(java.lang.Object, java.lang.Object, java.lang.Object, java.lang.Object, java.lang.Object, java.lang.Object, java.lang.Object, java.lang.Object, int)'> (0x000000008d38f0f0) thrown at [./src/hotspot/share/interpreter/linkResolver.cpp, line 773]
Event: 12.531 Thread 0x00000278d9020800 Exception <a 'java/lang/NoSuchMethodError'{0x000000008d393150}: 'java.lang.Object java.lang.invoke.Invokers$Holder.linkToTargetMethod(java.lang.Object, java.lang.Object, java.lang.Object, java.lang.Object, java.lang.Object, java.lang.Object, int, java.lang.Object)'> (0x000000008d393150) thrown at [./src/hotspot/share/interpreter/linkResolver.cpp, line 773]

Events (20 events):
Event: 12.608 loading class com/android/zipflinger/Sources
Event: 12.608 loading class com/android/zipflinger/Sources done
Event: 12.609 loading class com/google/common/collect/FluentIterable
Event: 12.609 loading class com/google/common/collect/FluentIterable done
Event: 12.609 loading class com/android/zipflinger/StreamSource
Event: 12.609 loading class com/android/zipflinger/StreamSource done
Event: 12.609 Executing VM operation: RevokeBias
Event: 12.610 Executing VM operation: RevokeBias done
Event: 12.610 loading class com/google/common/collect/FluentIterable$2
Event: 12.610 loading class com/google/common/collect/FluentIterable$2 done
Event: 12.610 Thread 0x00000278db405000 Thread added: 0x00000278db405000
Event: 12.611 loading class com/android/zipflinger/LargeFileSource
Event: 12.611 loading class com/android/zipflinger/LargeFileSource done
Event: 12.611 loading class com/google/common/collect/FluentIterable$1
Event: 12.611 loading class com/google/common/collect/FluentIterable$1 done
Event: 12.611 loading class com/google/common/collect/FluentIterable$3
Event: 12.611 loading class com/google/common/collect/FluentIterable$3 done
Event: 12.611 loading class com/google/common/collect/Iterators$6
Event: 12.611 loading class com/google/common/collect/Iterators$6 done
Event: 12.611 Executing VM operation: G1CollectForAllocation


Dynamic libraries:
0x00007ff7f9db0000 - 0x00007ff7f9dba000 	C:\Program Files\Android\Android Studio\jre\bin\java.exe
0x00007fff628b0000 - 0x00007fff62aa8000 	C:\Windows\SYSTEM32\ntdll.dll
0x00007fff621c0000 - 0x00007fff6227f000 	C:\Windows\System32\KERNEL32.DLL
0x00007fff60540000 - 0x00007fff60812000 	C:\Windows\System32\KERNELBASE.dll
0x00007fff60330000 - 0x00007fff60430000 	C:\Windows\System32\ucrtbase.dll
0x00007fff4f2e0000 - 0x00007fff4f2f9000 	C:\Program Files\Android\Android Studio\jre\bin\jli.dll
0x00007fff45c20000 - 0x00007fff45c37000 	C:\Program Files\Android\Android Studio\jre\bin\VCRUNTIME140.dll
0x00007fff60c70000 - 0x00007fff60e11000 	C:\Windows\System32\USER32.dll
0x00007fff60820000 - 0x00007fff60842000 	C:\Windows\System32\win32u.dll
0x00007fff46910000 - 0x00007fff46baa000 	C:\Windows\WinSxS\amd64_microsoft.windows.common-controls_6595b64144ccf1df_6.0.19041.1110_none_60b5254171f9507e\COMCTL32.dll
0x00007fff608f0000 - 0x00007fff6091b000 	C:\Windows\System32\GDI32.dll
0x00007fff60b90000 - 0x00007fff60c2e000 	C:\Windows\System32\msvcrt.dll
0x00007fff60430000 - 0x00007fff6053f000 	C:\Windows\System32\gdi32full.dll
0x00007fff60850000 - 0x00007fff608ed000 	C:\Windows\System32\msvcp_win.dll
0x00007fff60c30000 - 0x00007fff60c62000 	C:\Windows\System32\IMM32.DLL
0x00007fff3bef0000 - 0x00007fff3bf8d000 	C:\Program Files\Android\Android Studio\jre\bin\msvcp140.dll
0x00007ffeb9310000 - 0x00007ffeb9e12000 	C:\Program Files\Android\Android Studio\jre\bin\server\jvm.dll
0x00007fff62280000 - 0x00007fff6232e000 	C:\Windows\System32\ADVAPI32.dll
0x00007fff60920000 - 0x00007fff609bc000 	C:\Windows\System32\sechost.dll
0x00007fff62740000 - 0x00007fff62865000 	C:\Windows\System32\RPCRT4.dll
0x00007fff611c0000 - 0x00007fff611c8000 	C:\Windows\System32\PSAPI.DLL
0x00007fff5c5f0000 - 0x00007fff5c5f9000 	C:\Windows\SYSTEM32\WSOCK32.dll
0x00007fff52c30000 - 0x00007fff52c3a000 	C:\Windows\SYSTEM32\VERSION.dll
0x00007fff45f80000 - 0x00007fff45fa7000 	C:\Windows\SYSTEM32\WINMM.dll
0x00007fff61990000 - 0x00007fff619fb000 	C:\Windows\System32\WS2_32.dll
0x00007fff5e7b0000 - 0x00007fff5e7c2000 	C:\Windows\SYSTEM32\kernel.appcore.dll
0x00007fff56d60000 - 0x00007fff56d71000 	C:\Program Files\Android\Android Studio\jre\bin\verify.dll
0x00007fff5e310000 - 0x00007fff5e4f4000 	C:\Windows\SYSTEM32\DBGHELP.DLL
0x00007fff4dee0000 - 0x00007fff4df15000 	C:\Windows\SYSTEM32\dbgcore.DLL
0x00007fff5ffa0000 - 0x00007fff60022000 	C:\Windows\System32\bcryptPrimitives.dll
0x00007fff43d20000 - 0x00007fff43d49000 	C:\Program Files\Android\Android Studio\jre\bin\java.dll
0x00007fff5b2a0000 - 0x00007fff5b2ab000 	C:\Program Files\Android\Android Studio\jre\bin\jimage.dll
0x00007fff45490000 - 0x00007fff454a8000 	C:\Program Files\Android\Android Studio\jre\bin\zip.dll
0x00007fff611d0000 - 0x00007fff61914000 	C:\Windows\System32\SHELL32.dll
0x00007fff5daa0000 - 0x00007fff5e232000 	C:\Windows\SYSTEM32\windows.storage.dll
0x00007fff623e0000 - 0x00007fff62735000 	C:\Windows\System32\combase.dll
0x00007fff5fa00000 - 0x00007fff5fa30000 	C:\Windows\SYSTEM32\Wldp.dll
0x00007fff62330000 - 0x00007fff623dd000 	C:\Windows\System32\SHCORE.dll
0x00007fff62140000 - 0x00007fff62195000 	C:\Windows\System32\shlwapi.dll
0x00007fff5fee0000 - 0x00007fff5feff000 	C:\Windows\SYSTEM32\profapi.dll
0x00007fff43d00000 - 0x00007fff43d1a000 	C:\Program Files\Android\Android Studio\jre\bin\net.dll
0x00007fff56eb0000 - 0x00007fff56fbc000 	C:\Windows\SYSTEM32\WINHTTP.dll
0x00007fff5f760000 - 0x00007fff5f7ca000 	C:\Windows\system32\mswsock.dll
0x00007fff43ce0000 - 0x00007fff43cf4000 	C:\Program Files\Android\Android Studio\jre\bin\nio.dll
0x00007fff454c0000 - 0x00007fff454e7000 	C:\Program Files\Android\gradle-7.3.3\native\e1d6ef7f7dcc3fd88c89a11ec53ec762bb8ba0a96d01ffa2cd45eb1d1d8dd5c5\windows-amd64\native-platform.dll
0x00007fff36d90000 - 0x00007fff36ed4000 	C:\Program Files\Android\gradle-7.3.3\native\0d407fdbe67a94daf76414ababcb853783967236a71b16ec16e742cd7a986fd3\windows-amd64\native-platform-file-events.dll
0x00007fff56d50000 - 0x00007fff56d5a000 	C:\Program Files\Android\Android Studio\jre\bin\management.dll
0x00007fff43cd0000 - 0x00007fff43cdd000 	C:\Program Files\Android\Android Studio\jre\bin\management_ext.dll
0x00007fff5f960000 - 0x00007fff5f978000 	C:\Windows\SYSTEM32\CRYPTSP.dll
0x00007fff5efe0000 - 0x00007fff5f014000 	C:\Windows\system32\rsaenh.dll
0x00007fff60300000 - 0x00007fff60327000 	C:\Windows\System32\bcrypt.dll
0x00007fff5fe60000 - 0x00007fff5fe8e000 	C:\Windows\SYSTEM32\USERENV.dll
0x00007fff5f950000 - 0x00007fff5f95c000 	C:\Windows\SYSTEM32\CRYPTBASE.dll
0x00007fff5f3e0000 - 0x00007fff5f41b000 	C:\Windows\SYSTEM32\IPHLPAPI.DLL
0x00007fff61980000 - 0x00007fff61988000 	C:\Windows\System32\NSI.dll
0x00007fff52090000 - 0x00007fff520a7000 	C:\Windows\SYSTEM32\dhcpcsvc6.DLL
0x00007fff52bf0000 - 0x00007fff52c0d000 	C:\Windows\SYSTEM32\dhcpcsvc.DLL
0x00007fff5f430000 - 0x00007fff5f4fa000 	C:\Windows\SYSTEM32\DNSAPI.dll
0x00007fff36f40000 - 0x00007fff36f67000 	C:\Program Files\Android\Android Studio\jre\bin\sunec.dll

dbghelp: loaded successfully - version: 4.0.5 - missing functions: none
symbol engine: initialized successfully - sym options: 0x614 - pdb path: .;C:\Program Files\Android\Android Studio\jre\bin;C:\Windows\SYSTEM32;C:\Windows\WinSxS\amd64_microsoft.windows.common-controls_6595b64144ccf1df_6.0.19041.1110_none_60b5254171f9507e;C:\Program Files\Android\Android Studio\jre\bin\server;C:\Program Files\Android\gradle-7.3.3\native\e1d6ef7f7dcc3fd88c89a11ec53ec762bb8ba0a96d01ffa2cd45eb1d1d8dd5c5\windows-amd64;C:\Program Files\Android\gradle-7.3.3\native\0d407fdbe67a94daf76414ababcb853783967236a71b16ec16e742cd7a986fd3\windows-amd64

VM Arguments:
jvm_args: --add-opens=java.base/java.util=ALL-UNNAMED --add-opens=java.base/java.lang=ALL-UNNAMED --add-opens=java.base/java.lang.invoke=ALL-UNNAMED --add-opens=java.base/java.util=ALL-UNNAMED --add-opens=java.prefs/java.util.prefs=ALL-UNNAMED --add-opens=java.prefs/java.util.prefs=ALL-UNNAMED --add-opens=java.base/java.nio.charset=ALL-UNNAMED --add-opens=java.base/java.net=ALL-UNNAMED --add-opens=java.base/java.util.concurrent.atomic=ALL-UNNAMED -Xmx2048m -Dfile.encoding=UTF-8 -Duser.country=IN -Duser.language=en -Duser.variant 
java_command: org.gradle.launcher.daemon.bootstrap.GradleDaemon 7.4
java_class_path (initial): C:\Program Files\Android\gradle-7.3.3\wrapper\dists\gradle-7.4-bin\c0gwcg53nkjbqw7r0h0umtfvt\gradle-7.4\lib\gradle-launcher-7.4.jar
Launcher Type: SUN_STANDARD

[Global flags]
     intx CICompilerCount                          = 4                                         {product} {ergonomic}
     uint ConcGCThreads                            = 2                                         {product} {ergonomic}
     uint G1ConcRefinementThreads                  = 8                                         {product} {ergonomic}
   size_t G1HeapRegionSize                         = 1048576                                   {product} {ergonomic}
    uintx GCDrainStackTargetSize                   = 64                                        {product} {ergonomic}
   size_t InitialHeapSize                          = 132120576                                 {product} {ergonomic}
   size_t MarkStackSize                            = 4194304                                   {product} {ergonomic}
   size_t MaxHeapSize                              = 2147483648                                {product} {command line}
   size_t MaxNewSize                               = 1287651328                                {product} {ergonomic}
   size_t MinHeapDeltaBytes                        = 1048576                                   {product} {ergonomic}
    uintx NonNMethodCodeHeapSize                   = 5836300                                {pd product} {ergonomic}
    uintx NonProfiledCodeHeapSize                  = 122910970                              {pd product} {ergonomic}
    uintx ProfiledCodeHeapSize                     = 122910970                              {pd product} {ergonomic}
    uintx ReservedCodeCacheSize                    = 251658240                              {pd product} {ergonomic}
     bool SegmentedCodeCache                       = true                                      {product} {ergonomic}
     bool UseCompressedClassPointers               = true                                 {lp64_product} {ergonomic}
     bool UseCompressedOops                        = true                                 {lp64_product} {ergonomic}
     bool UseG1GC                                  = true                                      {product} {ergonomic}
     bool UseLargePagesIndividualAllocation        = false                                  {pd product} {ergonomic}

Logging:
Log output configuration:
 #0: stdout all=warning uptime,level,tags
 #1: stderr all=off uptime,level,tags

Environment Variables:
JAVA_HOME=C:\Program Files\Java\jdk-18.0.1.1
PATH=C:\Program Files\Python310\Scripts\;C:\Program Files\Python310\;C:\Program Files\Common Files\Oracle\Java\javapath;C:\Windows\system32;C:\Windows;C:\Windows\System32\Wbem;C:\Windows\System32\WindowsPowerShell\v1.0\;C:\Windows\System32\OpenSSH\;C:\Program Files\Git\cmd;C:\Users\suraj\AppData\Local\Microsoft\WindowsApps
USERNAME=suraj
OS=Windows_NT
PROCESSOR_IDENTIFIER=Intel64 Family 6 Model 140 Stepping 1, GenuineIntel



---------------  S Y S T E M  ---------------

OS: Windows 10 , 64 bit Build 19041 (10.0.19041.2251)
OS uptime: 0 days 0:24 hours
Hyper-V role detected

CPU:total 8 (initial active 8) (4 cores per cpu, 2 threads per core) family 6 model 140 stepping 1 microcode 0x86, cmov, cx8, fxsr, mmx, sse, sse2, sse3, ssse3, sse4.1, sse4.2, popcnt, avx, avx2, aes, clmul, erms, 3dnowpref, lzcnt, ht, tsc, tscinvbit, bmi1, bmi2, adx, evex, sha, fma

Memory: 4k page, system-wide physical 7987M (390M free)
TotalPageFile size 7987M (AvailPageFile size 20M)
current process WorkingSet (physical memory assigned to process): 414M, peak: 532M
current process commit charge ("private bytes"): 580M, peak: 624M

vm_info: OpenJDK 64-Bit Server VM (11.0.13+0-b1751.21-8125866) for windows-amd64 JRE (11.0.13+0-b1751.21-8125866), built on Feb  2 2022 03:00:22 by "builder" with MS VC++ 14.0 (VS2015)

END.
