#
# There is insufficient memory for the Java Runtime Environment to continue.
# Native memory allocation (malloc) failed to allocate 2114256 bytes for Chunk::new
# Possible reasons:
#   The system is out of physical RAM or swap space
#   The process is running with CompressedOops enabled, and the Java Heap may be blocking the growth of the native heap
# Possible solutions:
#   Reduce memory load on the system
#   Increase physical memory or swap space
#   Check if swap backing store is full
#   Decrease Java heap size (-Xmx/-Xms)
#   Decrease number of Java threads
#   Decrease Java thread stack sizes (-Xss)
#   Set larger code cache with -XX:ReservedCodeCacheSize=
#   JVM is running with Unscaled Compressed Oops mode in which the Java heap is
#     placed in the first 4GB address space. The Java Heap base address is the
#     maximum limit for the native heap growth. Please use -XX:HeapBaseMinAddress
#     to set the Java Heap base and to place the Java Heap above 4GB virtual address.
# This output file may be truncated or incomplete.
#
#  Out of Memory Error (./src/hotspot/share/memory/arena.cpp:197), pid=5204, tid=12816
#
# JRE version: OpenJDK Runtime Environment (11.0.13) (build 11.0.13+0-b1751.21-8125866)
# Java VM: OpenJDK 64-Bit Server VM (11.0.13+0-b1751.21-8125866, mixed mode, tiered, compressed oops, g1 gc, windows-amd64)
# No core dump will be written. Minidumps are not enabled by default on client versions of Windows
#

---------------  S U M M A R Y ------------

Command Line: --add-opens=java.base/java.util=ALL-UNNAMED --add-opens=java.base/java.lang=ALL-UNNAMED --add-opens=java.base/java.lang.invoke=ALL-UNNAMED --add-opens=java.base/java.util=ALL-UNNAMED --add-opens=java.prefs/java.util.prefs=ALL-UNNAMED --add-opens=java.prefs/java.util.prefs=ALL-UNNAMED --add-opens=java.base/java.nio.charset=ALL-UNNAMED --add-opens=java.base/java.net=ALL-UNNAMED --add-opens=java.base/java.util.concurrent.atomic=ALL-UNNAMED -Xmx2048m -Dfile.encoding=UTF-8 -Duser.country=IN -Duser.language=en -Duser.variant org.gradle.launcher.daemon.bootstrap.GradleDaemon 7.4

Host: 11th Gen Intel(R) Core(TM) i5-1135G7 @ 2.40GHz, 8 cores, 7G,  Windows 10 , 64 bit Build 19041 (10.0.19041.2251)
Time: Thu Dec  8 11:16:23 2022 India Standard Time elapsed time: 2.744899 seconds (0d 0h 0m 2s)

---------------  T H R E A D  ---------------

Current thread (0x00000134eec4b000):  JavaThread "C2 CompilerThread1" daemon [_thread_in_native, id=12816, stack(0x0000002251800000,0x0000002251900000)]


Current CompileTask:
C2:   2744 2677       4       jdk.internal.loader.URLClassPath::getResource (74 bytes)

Stack: [0x0000002251800000,0x0000002251900000]
Native frames: (J=compiled Java code, j=interpreted, Vv=VM code, C=native code)
V  [jvm.dll+0x6100fa]
V  [jvm.dll+0x747090]
V  [jvm.dll+0x7486ad]
V  [jvm.dll+0x748d83]
V  [jvm.dll+0x24ab48]
V  [jvm.dll+0xc04dc]
V  [jvm.dll+0xc0a0c]
V  [jvm.dll+0x35eb9d]
V  [jvm.dll+0x32b833]
V  [jvm.dll+0x32ad2a]
V  [jvm.dll+0x2032b2]
V  [jvm.dll+0x202437]
V  [jvm.dll+0x188e01]
V  [jvm.dll+0x21106b]
V  [jvm.dll+0x20f8c1]
V  [jvm.dll+0x70de0f]
V  [jvm.dll+0x706a75]
V  [jvm.dll+0x60ed66]
C  [ucrtbase.dll+0x21bb2]
C  [KERNEL32.DLL+0x174b4]
C  [ntdll.dll+0x526a1]


---------------  P R O C E S S  ---------------

Threads class SMR info:
_java_thread_list=0x00000134f20a53f0, length=31, elements={
0x00000134d3b0c000, 0x00000134edfb3000, 0x00000134edfbc800, 0x00000134edfcb000,
0x00000134edfcc000, 0x00000134edfcd000, 0x00000134edfd0800, 0x00000134edfd8000,
0x00000134edfd9000, 0x00000134eea92000, 0x00000134eec4b000, 0x00000134f0256800,
0x00000134efce7800, 0x00000134f0478800, 0x00000134f0083000, 0x00000134f0292000,
0x00000134f0936800, 0x00000134ef1b5000, 0x00000134f0d82000, 0x00000134f1562800,
0x00000134eeda5000, 0x00000134f1558800, 0x00000134f1559000, 0x00000134f155a000,
0x00000134f1557800, 0x00000134f155a800, 0x00000134f155d000, 0x00000134f155e000,
0x00000134f155b800, 0x00000134f155c800, 0x00000134f1a8d800
}

Java Threads: ( => current thread )
  0x00000134d3b0c000 JavaThread "main" [_thread_blocked, id=8896, stack(0x0000002250700000,0x0000002250800000)]
  0x00000134edfb3000 JavaThread "Reference Handler" daemon [_thread_blocked, id=15628, stack(0x0000002250e00000,0x0000002250f00000)]
  0x00000134edfbc800 JavaThread "Finalizer" daemon [_thread_blocked, id=15688, stack(0x0000002250f00000,0x0000002251000000)]
  0x00000134edfcb000 JavaThread "Signal Dispatcher" daemon [_thread_blocked, id=15876, stack(0x0000002251000000,0x0000002251100000)]
  0x00000134edfcc000 JavaThread "Attach Listener" daemon [_thread_blocked, id=12228, stack(0x0000002251100000,0x0000002251200000)]
  0x00000134edfcd000 JavaThread "Service Thread" daemon [_thread_blocked, id=4616, stack(0x0000002251200000,0x0000002251300000)]
  0x00000134edfd0800 JavaThread "C2 CompilerThread0" daemon [_thread_in_native, id=1336, stack(0x0000002251300000,0x0000002251400000)]
  0x00000134edfd8000 JavaThread "C1 CompilerThread0" daemon [_thread_blocked, id=4740, stack(0x0000002251400000,0x0000002251500000)]
  0x00000134edfd9000 JavaThread "Sweeper thread" daemon [_thread_blocked, id=10800, stack(0x0000002251500000,0x0000002251600000)]
  0x00000134eea92000 JavaThread "Common-Cleaner" daemon [_thread_blocked, id=10744, stack(0x0000002251600000,0x0000002251700000)]
=>0x00000134eec4b000 JavaThread "C2 CompilerThread1" daemon [_thread_in_native, id=12816, stack(0x0000002251800000,0x0000002251900000)]
  0x00000134f0256800 JavaThread "Daemon health stats" [_thread_blocked, id=13852, stack(0x0000002251b00000,0x0000002251c00000)]
  0x00000134efce7800 JavaThread "Incoming local TCP Connector on port 64580" [_thread_in_native, id=4280, stack(0x0000002251c00000,0x0000002251d00000)]
  0x00000134f0478800 JavaThread "Daemon periodic checks" [_thread_blocked, id=13504, stack(0x0000002251d00000,0x0000002251e00000)]
  0x00000134f0083000 JavaThread "Daemon" [_thread_blocked, id=15920, stack(0x0000002251e00000,0x0000002251f00000)]
  0x00000134f0292000 JavaThread "Handler for socket connection from /127.0.0.1:64580 to /127.0.0.1:64581" [_thread_in_native, id=5828, stack(0x0000002251f00000,0x0000002252000000)]
  0x00000134f0936800 JavaThread "Cancel handler" [_thread_blocked, id=1932, stack(0x0000002252000000,0x0000002252100000)]
  0x00000134ef1b5000 JavaThread "Daemon worker" [_thread_in_vm, id=3220, stack(0x0000002252100000,0x0000002252200000)]
  0x00000134f0d82000 JavaThread "Asynchronous log dispatcher for DefaultDaemonConnection: socket connection from /127.0.0.1:64580 to /127.0.0.1:64581" [_thread_blocked, id=16252, stack(0x0000002252200000,0x0000002252300000)]
  0x00000134f1562800 JavaThread "Stdin handler" [_thread_blocked, id=10652, stack(0x0000002252300000,0x0000002252400000)]
  0x00000134eeda5000 JavaThread "Daemon client event forwarder" [_thread_blocked, id=15288, stack(0x0000002252400000,0x0000002252500000)]
  0x00000134f1558800 JavaThread "Cache worker for journal cache (C:\Program Files\Android\gradle-7.3.3\caches\journal-1)" [_thread_blocked, id=1900, stack(0x0000002252a00000,0x0000002252b00000)]
  0x00000134f1559000 JavaThread "File lock request listener" [_thread_in_native, id=11792, stack(0x0000002252b00000,0x0000002252c00000)]
  0x00000134f155a000 JavaThread "Cache worker for file hash cache (C:\Program Files\Android\gradle-7.3.3\caches\7.4\fileHashes)" [_thread_blocked, id=2556, stack(0x0000002252c00000,0x0000002252d00000)]
  0x00000134f1557800 JavaThread "File watcher server" daemon [_thread_in_native, id=12952, stack(0x0000002252e00000,0x0000002252f00000)]
  0x00000134f155a800 JavaThread "File watcher consumer" daemon [_thread_blocked, id=2156, stack(0x0000002252f00000,0x0000002253000000)]
  0x00000134f155d000 JavaThread "Cache worker for checksums cache (D:\CollegeApp\.gradle\7.4\checksums)" [_thread_blocked, id=2804, stack(0x0000002253000000,0x0000002253100000)]
  0x00000134f155e000 JavaThread "Cache worker for cache directory md-rule (C:\Program Files\Android\gradle-7.3.3\caches\7.4\md-rule)" [_thread_blocked, id=8944, stack(0x0000002253100000,0x0000002253200000)]
  0x00000134f155b800 JavaThread "Cache worker for file hash cache (D:\CollegeApp\.gradle\7.4\fileHashes)" [_thread_blocked, id=3324, stack(0x0000002253200000,0x0000002253300000)]
  0x00000134f155c800 JavaThread "Cache worker for cache directory md-supplier (C:\Program Files\Android\gradle-7.3.3\caches\7.4\md-supplier)" [_thread_blocked, id=2940, stack(0x0000002253300000,0x0000002253400000)]
  0x00000134f1a8d800 JavaThread "Cache worker for execution history cache (C:\Program Files\Android\gradle-7.3.3\caches\7.4\executionHistory)" [_thread_blocked, id=12636, stack(0x0000002253400000,0x0000002253500000)]

Other Threads:
  0x00000134edfae000 VMThread "VM Thread" [stack: 0x0000002250d00000,0x0000002250e00000] [id=2276]
  0x00000134eeabf000 WatcherThread [stack: 0x0000002251700000,0x0000002251800000] [id=15728]
  0x00000134d3b26000 GCTaskThread "GC Thread#0" [stack: 0x0000002250800000,0x0000002250900000] [id=2628]
  0x00000134ef615800 GCTaskThread "GC Thread#1" [stack: 0x0000002251900000,0x0000002251a00000] [id=13936]
  0x00000134ef612800 GCTaskThread "GC Thread#2" [stack: 0x0000002251a00000,0x0000002251b00000] [id=11044]
  0x00000134ef619000 GCTaskThread "GC Thread#3" [stack: 0x0000002252500000,0x0000002252600000] [id=5608]
  0x00000134ef616000 GCTaskThread "GC Thread#4" [stack: 0x0000002252600000,0x0000002252700000] [id=4560]
  0x00000134ef617000 GCTaskThread "GC Thread#5" [stack: 0x0000002252700000,0x0000002252800000] [id=5040]
  0x00000134ef613800 GCTaskThread "GC Thread#6" [stack: 0x0000002252800000,0x0000002252900000] [id=11384]
  0x00000134ef617800 GCTaskThread "GC Thread#7" [stack: 0x0000002252900000,0x0000002252a00000] [id=11304]
  0x00000134d3b57800 ConcurrentGCThread "G1 Main Marker" [stack: 0x0000002250900000,0x0000002250a00000] [id=3500]
  0x00000134d3b58800 ConcurrentGCThread "G1 Conc#0" [stack: 0x0000002250a00000,0x0000002250b00000] [id=13456]
  0x00000134ef614000 ConcurrentGCThread "G1 Conc#1" [stack: 0x0000002252d00000,0x0000002252e00000] [id=2736]
  0x00000134d3be6800 ConcurrentGCThread "G1 Refine#0" [stack: 0x0000002250b00000,0x0000002250c00000] [id=13380]
  0x00000134ede00800 ConcurrentGCThread "G1 Young RemSet Sampling" [stack: 0x0000002250c00000,0x0000002250d00000] [id=14416]

Threads with active compile tasks:
C2 CompilerThread0   2767 2810   !   4       jdk.internal.loader.URLClassPath$JarLoader::getResource (353 bytes)
C2 CompilerThread1   2767 2677       4       jdk.internal.loader.URLClassPath::getResource (74 bytes)

VM state:not at safepoint (normal execution)

VM Mutex/Monitor currently owned by a thread: None

Heap address: 0x0000000080000000, size: 2048 MB, Compressed Oops mode: 32-bit
Narrow klass base: 0x0000000000000000, Narrow klass shift: 3
Compressed class space size: 1073741824 Address: 0x0000000100000000

Heap:
 garbage-first heap   total 129024K, used 23689K [0x0000000080000000, 0x0000000100000000)
  region size 1024K, 9 young (9216K), 7 survivors (7168K)
 Metaspace       used 35320K, capacity 36107K, committed 36304K, reserved 1081344K
  class space    used 4542K, capacity 4842K, committed 4896K, reserved 1048576K
Heap Regions: E=young(eden), S=young(survivor), O=old, HS=humongous(starts), HC=humongous(continues), CS=collection set, F=free, A=archive, TAMS=top-at-mark-start (previous, next)
|   0|0x0000000080000000, 0x0000000080100000, 0x0000000080100000|100%| O|  |TAMS 0x0000000080100000, 0x0000000080000000| Updating 
|   1|0x0000000080100000, 0x0000000080200000, 0x0000000080200000|100%| O|  |TAMS 0x0000000080200000, 0x0000000080100000| Updating 
|   2|0x0000000080200000, 0x0000000080300000, 0x0000000080300000|100%| O|  |TAMS 0x0000000080300000, 0x0000000080200000| Updating 
|   3|0x0000000080300000, 0x0000000080400000, 0x0000000080400000|100%|HS|  |TAMS 0x0000000080400000, 0x0000000080300000| Complete 
|   4|0x0000000080400000, 0x0000000080500000, 0x0000000080500000|100%|HC|  |TAMS 0x0000000080500000, 0x0000000080400000| Complete 
|   5|0x0000000080500000, 0x0000000080600000, 0x0000000080600000|100%|HC|  |TAMS 0x0000000080600000, 0x0000000080500000| Complete 
|   6|0x0000000080600000, 0x0000000080700000, 0x0000000080700000|100%| O|  |TAMS 0x0000000080700000, 0x0000000080600000| Updating 
|   7|0x0000000080700000, 0x0000000080800000, 0x0000000080800000|100%| O|  |TAMS 0x0000000080800000, 0x0000000080700000| Updating 
|   8|0x0000000080800000, 0x0000000080900000, 0x0000000080900000|100%| O|  |TAMS 0x0000000080900000, 0x0000000080800000| Updating 
|   9|0x0000000080900000, 0x0000000080a00000, 0x0000000080a00000|100%| O|  |TAMS 0x0000000080a00000, 0x0000000080900000| Updating 
|  10|0x0000000080a00000, 0x0000000080b00000, 0x0000000080b00000|100%| O|  |TAMS 0x0000000080b00000, 0x0000000080a00000| Updating 
|  11|0x0000000080b00000, 0x0000000080c00000, 0x0000000080c00000|100%| O|  |TAMS 0x0000000080c00000, 0x0000000080b00000| Updating 
|  12|0x0000000080c00000, 0x0000000080d00000, 0x0000000080d00000|100%| O|  |TAMS 0x0000000080d00000, 0x0000000080c00000| Updating 
|  13|0x0000000080d00000, 0x0000000080e00000, 0x0000000080e00000|100%| O|  |TAMS 0x0000000080e00000, 0x0000000080d00000| Updating 
|  14|0x0000000080e00000, 0x0000000080f00000, 0x0000000080f00000|100%| O|  |TAMS 0x0000000080f00000, 0x0000000080e00000| Updating 
|  15|0x0000000080f00000, 0x0000000080f72600, 0x0000000081000000| 44%| O|  |TAMS 0x0000000080f72600, 0x0000000080f00000| Updating 
|  16|0x0000000081000000, 0x0000000081000000, 0x0000000081100000|  0%| F|  |TAMS 0x0000000081000000, 0x0000000081000000| Untracked 
|  17|0x0000000081100000, 0x0000000081100000, 0x0000000081200000|  0%| F|  |TAMS 0x0000000081100000, 0x0000000081100000| Untracked 
|  18|0x0000000081200000, 0x0000000081200000, 0x0000000081300000|  0%| F|  |TAMS 0x0000000081200000, 0x0000000081200000| Untracked 
|  19|0x0000000081300000, 0x0000000081300000, 0x0000000081400000|  0%| F|  |TAMS 0x0000000081300000, 0x0000000081300000| Untracked 
|  20|0x0000000081400000, 0x0000000081400000, 0x0000000081500000|  0%| F|  |TAMS 0x0000000081400000, 0x0000000081400000| Untracked 
|  21|0x0000000081500000, 0x0000000081500000, 0x0000000081600000|  0%| F|  |TAMS 0x0000000081500000, 0x0000000081500000| Untracked 
|  22|0x0000000081600000, 0x0000000081600000, 0x0000000081700000|  0%| F|  |TAMS 0x0000000081600000, 0x0000000081600000| Untracked 
|  23|0x0000000081700000, 0x0000000081700000, 0x0000000081800000|  0%| F|  |TAMS 0x0000000081700000, 0x0000000081700000| Untracked 
|  24|0x0000000081800000, 0x0000000081800000, 0x0000000081900000|  0%| F|  |TAMS 0x0000000081800000, 0x0000000081800000| Untracked 
|  25|0x0000000081900000, 0x0000000081900000, 0x0000000081a00000|  0%| F|  |TAMS 0x0000000081900000, 0x0000000081900000| Untracked 
|  26|0x0000000081a00000, 0x0000000081a00000, 0x0000000081b00000|  0%| F|  |TAMS 0x0000000081a00000, 0x0000000081a00000| Untracked 
|  27|0x0000000081b00000, 0x0000000081b00000, 0x0000000081c00000|  0%| F|  |TAMS 0x0000000081b00000, 0x0000000081b00000| Untracked 
|  28|0x0000000081c00000, 0x0000000081c00000, 0x0000000081d00000|  0%| F|  |TAMS 0x0000000081c00000, 0x0000000081c00000| Untracked 
|  29|0x0000000081d00000, 0x0000000081d00000, 0x0000000081e00000|  0%| F|  |TAMS 0x0000000081d00000, 0x0000000081d00000| Untracked 
|  30|0x0000000081e00000, 0x0000000081e00000, 0x0000000081f00000|  0%| F|  |TAMS 0x0000000081e00000, 0x0000000081e00000| Untracked 
|  31|0x0000000081f00000, 0x0000000081f00000, 0x0000000082000000|  0%| F|  |TAMS 0x0000000081f00000, 0x0000000081f00000| Untracked 
|  32|0x0000000082000000, 0x0000000082000000, 0x0000000082100000|  0%| F|  |TAMS 0x0000000082000000, 0x0000000082000000| Untracked 
|  33|0x0000000082100000, 0x0000000082100000, 0x0000000082200000|  0%| F|  |TAMS 0x0000000082100000, 0x0000000082100000| Untracked 
|  34|0x0000000082200000, 0x0000000082200000, 0x0000000082300000|  0%| F|  |TAMS 0x0000000082200000, 0x0000000082200000| Untracked 
|  35|0x0000000082300000, 0x0000000082300000, 0x0000000082400000|  0%| F|  |TAMS 0x0000000082300000, 0x0000000082300000| Untracked 
|  36|0x0000000082400000, 0x0000000082400000, 0x0000000082500000|  0%| F|  |TAMS 0x0000000082400000, 0x0000000082400000| Untracked 
|  37|0x0000000082500000, 0x0000000082500000, 0x0000000082600000|  0%| F|  |TAMS 0x0000000082500000, 0x0000000082500000| Untracked 
|  38|0x0000000082600000, 0x0000000082600000, 0x0000000082700000|  0%| F|  |TAMS 0x0000000082600000, 0x0000000082600000| Untracked 
|  39|0x0000000082700000, 0x0000000082700000, 0x0000000082800000|  0%| F|  |TAMS 0x0000000082700000, 0x0000000082700000| Untracked 
|  40|0x0000000082800000, 0x0000000082800000, 0x0000000082900000|  0%| F|  |TAMS 0x0000000082800000, 0x0000000082800000| Untracked 
|  41|0x0000000082900000, 0x0000000082900000, 0x0000000082a00000|  0%| F|  |TAMS 0x0000000082900000, 0x0000000082900000| Untracked 
|  42|0x0000000082a00000, 0x0000000082a00000, 0x0000000082b00000|  0%| F|  |TAMS 0x0000000082a00000, 0x0000000082a00000| Untracked 
|  43|0x0000000082b00000, 0x0000000082b00000, 0x0000000082c00000|  0%| F|  |TAMS 0x0000000082b00000, 0x0000000082b00000| Untracked 
|  44|0x0000000082c00000, 0x0000000082c00000, 0x0000000082d00000|  0%| F|  |TAMS 0x0000000082c00000, 0x0000000082c00000| Untracked 
|  45|0x0000000082d00000, 0x0000000082d00000, 0x0000000082e00000|  0%| F|  |TAMS 0x0000000082d00000, 0x0000000082d00000| Untracked 
|  46|0x0000000082e00000, 0x0000000082e00000, 0x0000000082f00000|  0%| F|  |TAMS 0x0000000082e00000, 0x0000000082e00000| Untracked 
|  47|0x0000000082f00000, 0x0000000082f00000, 0x0000000083000000|  0%| F|  |TAMS 0x0000000082f00000, 0x0000000082f00000| Untracked 
|  48|0x0000000083000000, 0x0000000083000000, 0x0000000083100000|  0%| F|  |TAMS 0x0000000083000000, 0x0000000083000000| Untracked 
|  49|0x0000000083100000, 0x0000000083100000, 0x0000000083200000|  0%| F|  |TAMS 0x0000000083100000, 0x0000000083100000| Untracked 
|  50|0x0000000083200000, 0x0000000083200000, 0x0000000083300000|  0%| F|  |TAMS 0x0000000083200000, 0x0000000083200000| Untracked 
|  51|0x0000000083300000, 0x0000000083300000, 0x0000000083400000|  0%| F|  |TAMS 0x0000000083300000, 0x0000000083300000| Untracked 
|  52|0x0000000083400000, 0x0000000083400000, 0x0000000083500000|  0%| F|  |TAMS 0x0000000083400000, 0x0000000083400000| Untracked 
|  53|0x0000000083500000, 0x0000000083500000, 0x0000000083600000|  0%| F|  |TAMS 0x0000000083500000, 0x0000000083500000| Untracked 
|  54|0x0000000083600000, 0x0000000083600000, 0x0000000083700000|  0%| F|  |TAMS 0x0000000083600000, 0x0000000083600000| Untracked 
|  55|0x0000000083700000, 0x0000000083700000, 0x0000000083800000|  0%| F|  |TAMS 0x0000000083700000, 0x0000000083700000| Untracked 
|  56|0x0000000083800000, 0x0000000083800000, 0x0000000083900000|  0%| F|  |TAMS 0x0000000083800000, 0x0000000083800000| Untracked 
|  57|0x0000000083900000, 0x0000000083900000, 0x0000000083a00000|  0%| F|  |TAMS 0x0000000083900000, 0x0000000083900000| Untracked 
|  58|0x0000000083a00000, 0x0000000083a00000, 0x0000000083b00000|  0%| F|  |TAMS 0x0000000083a00000, 0x0000000083a00000| Untracked 
|  59|0x0000000083b00000, 0x0000000083bb0130, 0x0000000083c00000| 68%| S|CS|TAMS 0x0000000083b00000, 0x0000000083b00000| Complete 
|  60|0x0000000083c00000, 0x0000000083c00000, 0x0000000083d00000|  0%| F|  |TAMS 0x0000000083c00000, 0x0000000083c00000| Untracked 
|  61|0x0000000083d00000, 0x0000000083d00000, 0x0000000083e00000|  0%| F|  |TAMS 0x0000000083d00000, 0x0000000083d00000| Untracked 
|  62|0x0000000083e00000, 0x0000000083e00000, 0x0000000083f00000|  0%| F|  |TAMS 0x0000000083e00000, 0x0000000083e00000| Untracked 
|  63|0x0000000083f00000, 0x0000000083f00000, 0x0000000084000000|  0%| F|  |TAMS 0x0000000083f00000, 0x0000000083f00000| Untracked 
|  64|0x0000000084000000, 0x0000000084100000, 0x0000000084100000|100%| S|CS|TAMS 0x0000000084000000, 0x0000000084000000| Complete 
|  65|0x0000000084100000, 0x0000000084200000, 0x0000000084200000|100%| S|CS|TAMS 0x0000000084100000, 0x0000000084100000| Complete 
|  66|0x0000000084200000, 0x0000000084300000, 0x0000000084300000|100%| S|CS|TAMS 0x0000000084200000, 0x0000000084200000| Complete 
|  67|0x0000000084300000, 0x0000000084400000, 0x0000000084400000|100%| S|CS|TAMS 0x0000000084300000, 0x0000000084300000| Complete 
|  68|0x0000000084400000, 0x0000000084500000, 0x0000000084500000|100%| S|CS|TAMS 0x0000000084400000, 0x0000000084400000| Complete 
|  69|0x0000000084500000, 0x0000000084600000, 0x0000000084600000|100%| S|CS|TAMS 0x0000000084500000, 0x0000000084500000| Complete 
|  70|0x0000000084600000, 0x0000000084600000, 0x0000000084700000|  0%| F|  |TAMS 0x0000000084600000, 0x0000000084600000| Untracked 
|  71|0x0000000084700000, 0x0000000084700000, 0x0000000084800000|  0%| F|  |TAMS 0x0000000084700000, 0x0000000084700000| Untracked 
|  72|0x0000000084800000, 0x0000000084800000, 0x0000000084900000|  0%| F|  |TAMS 0x0000000084800000, 0x0000000084800000| Untracked 
|  73|0x0000000084900000, 0x0000000084900000, 0x0000000084a00000|  0%| F|  |TAMS 0x0000000084900000, 0x0000000084900000| Untracked 
|  74|0x0000000084a00000, 0x0000000084a00000, 0x0000000084b00000|  0%| F|  |TAMS 0x0000000084a00000, 0x0000000084a00000| Untracked 
|  75|0x0000000084b00000, 0x0000000084b00000, 0x0000000084c00000|  0%| F|  |TAMS 0x0000000084b00000, 0x0000000084b00000| Untracked 
|  76|0x0000000084c00000, 0x0000000084c00000, 0x0000000084d00000|  0%| F|  |TAMS 0x0000000084c00000, 0x0000000084c00000| Untracked 
|  77|0x0000000084d00000, 0x0000000084d00000, 0x0000000084e00000|  0%| F|  |TAMS 0x0000000084d00000, 0x0000000084d00000| Untracked 
|  78|0x0000000084e00000, 0x0000000084e00000, 0x0000000084f00000|  0%| F|  |TAMS 0x0000000084e00000, 0x0000000084e00000| Untracked 
|  79|0x0000000084f00000, 0x0000000084f00000, 0x0000000085000000|  0%| F|  |TAMS 0x0000000084f00000, 0x0000000084f00000| Untracked 
|  80|0x0000000085000000, 0x0000000085000000, 0x0000000085100000|  0%| F|  |TAMS 0x0000000085000000, 0x0000000085000000| Untracked 
|  81|0x0000000085100000, 0x0000000085100000, 0x0000000085200000|  0%| F|  |TAMS 0x0000000085100000, 0x0000000085100000| Untracked 
|  82|0x0000000085200000, 0x0000000085200000, 0x0000000085300000|  0%| F|  |TAMS 0x0000000085200000, 0x0000000085200000| Untracked 
|  83|0x0000000085300000, 0x0000000085300000, 0x0000000085400000|  0%| F|  |TAMS 0x0000000085300000, 0x0000000085300000| Untracked 
|  84|0x0000000085400000, 0x0000000085400000, 0x0000000085500000|  0%| F|  |TAMS 0x0000000085400000, 0x0000000085400000| Untracked 
|  85|0x0000000085500000, 0x0000000085500000, 0x0000000085600000|  0%| F|  |TAMS 0x0000000085500000, 0x0000000085500000| Untracked 
|  86|0x0000000085600000, 0x0000000085600000, 0x0000000085700000|  0%| F|  |TAMS 0x0000000085600000, 0x0000000085600000| Untracked 
|  87|0x0000000085700000, 0x0000000085700000, 0x0000000085800000|  0%| F|  |TAMS 0x0000000085700000, 0x0000000085700000| Untracked 
|  88|0x0000000085800000, 0x0000000085800000, 0x0000000085900000|  0%| F|  |TAMS 0x0000000085800000, 0x0000000085800000| Untracked 
|  89|0x0000000085900000, 0x0000000085900000, 0x0000000085a00000|  0%| F|  |TAMS 0x0000000085900000, 0x0000000085900000| Untracked 
|  90|0x0000000085a00000, 0x0000000085a00000, 0x0000000085b00000|  0%| F|  |TAMS 0x0000000085a00000, 0x0000000085a00000| Untracked 
|  91|0x0000000085b00000, 0x0000000085b00000, 0x0000000085c00000|  0%| F|  |TAMS 0x0000000085b00000, 0x0000000085b00000| Untracked 
|  92|0x0000000085c00000, 0x0000000085c00000, 0x0000000085d00000|  0%| F|  |TAMS 0x0000000085c00000, 0x0000000085c00000| Untracked 
|  93|0x0000000085d00000, 0x0000000085d00000, 0x0000000085e00000|  0%| F|  |TAMS 0x0000000085d00000, 0x0000000085d00000| Untracked 
|  94|0x0000000085e00000, 0x0000000085e00000, 0x0000000085f00000|  0%| F|  |TAMS 0x0000000085e00000, 0x0000000085e00000| Untracked 
|  95|0x0000000085f00000, 0x0000000085f00000, 0x0000000086000000|  0%| F|  |TAMS 0x0000000085f00000, 0x0000000085f00000| Untracked 
|  96|0x0000000086000000, 0x0000000086000000, 0x0000000086100000|  0%| F|  |TAMS 0x0000000086000000, 0x0000000086000000| Untracked 
|  97|0x0000000086100000, 0x0000000086100000, 0x0000000086200000|  0%| F|  |TAMS 0x0000000086100000, 0x0000000086100000| Untracked 
|  98|0x0000000086200000, 0x0000000086200000, 0x0000000086300000|  0%| F|  |TAMS 0x0000000086200000, 0x0000000086200000| Untracked 
|  99|0x0000000086300000, 0x0000000086300000, 0x0000000086400000|  0%| F|  |TAMS 0x0000000086300000, 0x0000000086300000| Untracked 
| 100|0x0000000086400000, 0x0000000086400000, 0x0000000086500000|  0%| F|  |TAMS 0x0000000086400000, 0x0000000086400000| Untracked 
| 101|0x0000000086500000, 0x0000000086500000, 0x0000000086600000|  0%| F|  |TAMS 0x0000000086500000, 0x0000000086500000| Untracked 
| 102|0x0000000086600000, 0x0000000086600000, 0x0000000086700000|  0%| F|  |TAMS 0x0000000086600000, 0x0000000086600000| Untracked 
| 103|0x0000000086700000, 0x0000000086700000, 0x0000000086800000|  0%| F|  |TAMS 0x0000000086700000, 0x0000000086700000| Untracked 
| 104|0x0000000086800000, 0x0000000086800000, 0x0000000086900000|  0%| F|  |TAMS 0x0000000086800000, 0x0000000086800000| Untracked 
| 105|0x0000000086900000, 0x0000000086900000, 0x0000000086a00000|  0%| F|  |TAMS 0x0000000086900000, 0x0000000086900000| Untracked 
| 106|0x0000000086a00000, 0x0000000086a00000, 0x0000000086b00000|  0%| F|  |TAMS 0x0000000086a00000, 0x0000000086a00000| Untracked 
| 107|0x0000000086b00000, 0x0000000086b00000, 0x0000000086c00000|  0%| F|  |TAMS 0x0000000086b00000, 0x0000000086b00000| Untracked 
| 108|0x0000000086c00000, 0x0000000086c00000, 0x0000000086d00000|  0%| F|  |TAMS 0x0000000086c00000, 0x0000000086c00000| Untracked 
| 109|0x0000000086d00000, 0x0000000086d00000, 0x0000000086e00000|  0%| F|  |TAMS 0x0000000086d00000, 0x0000000086d00000| Untracked 
| 110|0x0000000086e00000, 0x0000000086e00000, 0x0000000086f00000|  0%| F|  |TAMS 0x0000000086e00000, 0x0000000086e00000| Untracked 
| 111|0x0000000086f00000, 0x0000000086f00000, 0x0000000087000000|  0%| F|  |TAMS 0x0000000086f00000, 0x0000000086f00000| Untracked 
| 112|0x0000000087000000, 0x0000000087000000, 0x0000000087100000|  0%| F|  |TAMS 0x0000000087000000, 0x0000000087000000| Untracked 
| 113|0x0000000087100000, 0x0000000087100000, 0x0000000087200000|  0%| F|  |TAMS 0x0000000087100000, 0x0000000087100000| Untracked 
| 114|0x0000000087200000, 0x0000000087200000, 0x0000000087300000|  0%| F|  |TAMS 0x0000000087200000, 0x0000000087200000| Untracked 
| 115|0x0000000087300000, 0x0000000087300000, 0x0000000087400000|  0%| F|  |TAMS 0x0000000087300000, 0x0000000087300000| Untracked 
| 116|0x0000000087400000, 0x0000000087400000, 0x0000000087500000|  0%| F|  |TAMS 0x0000000087400000, 0x0000000087400000| Untracked 
| 117|0x0000000087500000, 0x0000000087500000, 0x0000000087600000|  0%| F|  |TAMS 0x0000000087500000, 0x0000000087500000| Untracked 
| 118|0x0000000087600000, 0x0000000087600000, 0x0000000087700000|  0%| F|  |TAMS 0x0000000087600000, 0x0000000087600000| Untracked 
| 119|0x0000000087700000, 0x0000000087700000, 0x0000000087800000|  0%| F|  |TAMS 0x0000000087700000, 0x0000000087700000| Untracked 
| 120|0x0000000087800000, 0x0000000087800000, 0x0000000087900000|  0%| F|  |TAMS 0x0000000087800000, 0x0000000087800000| Untracked 
| 121|0x0000000087900000, 0x0000000087900000, 0x0000000087a00000|  0%| F|  |TAMS 0x0000000087900000, 0x0000000087900000| Untracked 
| 122|0x0000000087a00000, 0x0000000087a00000, 0x0000000087b00000|  0%| F|  |TAMS 0x0000000087a00000, 0x0000000087a00000| Untracked 
| 123|0x0000000087b00000, 0x0000000087b00000, 0x0000000087c00000|  0%| F|  |TAMS 0x0000000087b00000, 0x0000000087b00000| Untracked 
| 124|0x0000000087c00000, 0x0000000087c00800, 0x0000000087d00000|  0%| E|  |TAMS 0x0000000087c00000, 0x0000000087c00000| Complete 
| 125|0x0000000087d00000, 0x0000000087e00000, 0x0000000087e00000|100%| E|CS|TAMS 0x0000000087d00000, 0x0000000087d00000| Complete 

Card table byte_map: [0x00000134e6d60000,0x00000134e7160000] _byte_map_base: 0x00000134e6960000

Marking Bits (Prev, Next): (CMBitMap*) 0x00000134d3b4ed78, (CMBitMap*) 0x00000134d3b4edb0
 Prev Bits: [0x00000134e7560000, 0x00000134e9560000)
 Next Bits: [0x00000134e9560000, 0x00000134eb560000)

Polling page: 0x00000134d1cc0000

Metaspace:

Usage:
  Non-class:     30.54 MB capacity,    30.07 MB ( 98%) used,   397.95 KB (  1%) free+waste,    75.75 KB ( <1%) overhead. 
      Class:      4.73 MB capacity,     4.44 MB ( 94%) used,   258.53 KB (  5%) free+waste,    37.06 KB ( <1%) overhead. 
       Both:     35.27 MB capacity,    34.52 MB ( 98%) used,   656.48 KB (  2%) free+waste,   112.81 KB ( <1%) overhead. 

Virtual space:
  Non-class space:       32.00 MB reserved,      30.67 MB ( 96%) committed 
      Class space:        1.00 GB reserved,       4.78 MB ( <1%) committed 
             Both:        1.03 GB reserved,      35.45 MB (  3%) committed 

Chunk freelists:
   Non-Class:  11.00 KB
       Class:  20.00 KB
        Both:  31.00 KB

MaxMetaspaceSize: 17179869184.00 GB
CompressedClassSpaceSize: 1.00 GB
Initial GC threshold: 20.80 MB
Current GC threshold: 59.09 MB
CDS: off

CodeHeap 'non-profiled nmethods': size=120000Kb used=1587Kb max_used=1587Kb free=118413Kb
 bounds [0x00000134df100000, 0x00000134df370000, 0x00000134e6630000]
CodeHeap 'profiled nmethods': size=120000Kb used=6010Kb max_used=6010Kb free=113989Kb
 bounds [0x00000134d7bd0000, 0x00000134d81b0000, 0x00000134df100000]
CodeHeap 'non-nmethods': size=5760Kb used=1245Kb max_used=1280Kb free=4514Kb
 bounds [0x00000134d7630000, 0x00000134d78a0000, 0x00000134d7bd0000]
 total_blobs=3359 nmethods=2840 adapters=431
 compilation: enabled
              stopped_count=0, restarted_count=0
 full_count=0

Compilation events (20 events):
Event: 2.740 Thread 0x00000134edfd8000 2786       3       java.lang.invoke.MethodType::methodType (9 bytes)
Event: 2.740 Thread 0x00000134edfd8000 nmethod 2786 0x00000134d8196710 code [0x00000134d81968c0, 0x00000134d81969e8]
Event: 2.740 Thread 0x00000134edfd8000 2779       3       java.lang.invoke.LambdaFormBuffer::changeName (149 bytes)
Event: 2.741 Thread 0x00000134edfd8000 nmethod 2779 0x00000134d8196a90 code [0x00000134d8196c80, 0x00000134d81971a8]
Event: 2.741 Thread 0x00000134edfd8000 2792       3       java.lang.invoke.LambdaFormBuffer::indexOf (33 bytes)
Event: 2.741 Thread 0x00000134edfd8000 nmethod 2792 0x00000134d8197390 code [0x00000134d8197560, 0x00000134d81978f8]
Event: 2.741 Thread 0x00000134edfd8000 2788       3       java.lang.invoke.MethodHandleNatives::refKindIsGetter (32 bytes)
Event: 2.741 Thread 0x00000134edfd8000 nmethod 2788 0x00000134d8197a10 code [0x00000134d8197bc0, 0x00000134d8197d18]
Event: 2.741 Thread 0x00000134edfd8000 2778       3       java.lang.invoke.LambdaForm$Name::withConstraint (20 bytes)
Event: 2.741 Thread 0x00000134edfd8000 nmethod 2778 0x00000134d8197d90 code [0x00000134d8197f60, 0x00000134d8198148]
Event: 2.741 Thread 0x00000134edfd8000 2794       3       java.lang.invoke.ClassSpecializer$Factory$1Var::slotSize (8 bytes)
Event: 2.741 Thread 0x00000134edfd0800 nmethod 2790 0x00000134df28a390 code [0x00000134df28a520, 0x00000134df28a718]
Event: 2.741 Thread 0x00000134edfd8000 nmethod 2794 0x00000134d8198210 code [0x00000134d81983c0, 0x00000134d8198598]
Event: 2.741 Thread 0x00000134edfd8000 2795       3       java.util.Arrays$ArrayItr::next (36 bytes)
Event: 2.742 Thread 0x00000134edfd8000 nmethod 2795 0x00000134d8198690 code [0x00000134d8198860, 0x00000134d8198aa8]
Event: 2.742 Thread 0x00000134edfd8000 2796       3       jdk.internal.org.objectweb.asm.Type::getArgumentTypes (131 bytes)
Event: 2.742 Thread 0x00000134edfd8000 nmethod 2796 0x00000134d8198c10 code [0x00000134d8198e60, 0x00000134d8199968]
Event: 2.743 Thread 0x00000134edfd8000 2801       3       java.util.Arrays$ArrayItr::hasNext (18 bytes)
Event: 2.743 Thread 0x00000134edfd8000 nmethod 2801 0x00000134d8199d10 code [0x00000134d8199ec0, 0x00000134d819a038]
Event: 2.743 Thread 0x00000134edfd8000 2802       3       jdk.internal.org.objectweb.asm.FieldWriter::getSize (262 bytes)

GC Heap History (8 events):
Event: 0.643 GC heap before
{Heap before GC invocations=0 (full 0):
 garbage-first heap   total 129024K, used 29696K [0x0000000080000000, 0x0000000100000000)
  region size 1024K, 24 young (24576K), 0 survivors (0K)
 Metaspace       used 10104K, capacity 10329K, committed 10624K, reserved 1058816K
  class space    used 1035K, capacity 1108K, committed 1152K, reserved 1048576K
}
Event: 0.649 GC heap after
{Heap after GC invocations=1 (full 0):
 garbage-first heap   total 129024K, used 9358K [0x0000000080000000, 0x0000000100000000)
  region size 1024K, 3 young (3072K), 3 survivors (3072K)
 Metaspace       used 10104K, capacity 10329K, committed 10624K, reserved 1058816K
  class space    used 1035K, capacity 1108K, committed 1152K, reserved 1048576K
}
Event: 1.572 GC heap before
{Heap before GC invocations=1 (full 0):
 garbage-first heap   total 129024K, used 83086K [0x0000000080000000, 0x0000000100000000)
  region size 1024K, 75 young (76800K), 3 survivors (3072K)
 Metaspace       used 17255K, capacity 17624K, committed 17792K, reserved 1064960K
  class space    used 1987K, capacity 2136K, committed 2176K, reserved 1048576K
}
Event: 1.577 GC heap after
{Heap after GC invocations=2 (full 0):
 garbage-first heap   total 129024K, used 15983K [0x0000000080000000, 0x0000000100000000)
  region size 1024K, 10 young (10240K), 10 survivors (10240K)
 Metaspace       used 17255K, capacity 17624K, committed 17792K, reserved 1064960K
  class space    used 1987K, capacity 2136K, committed 2176K, reserved 1048576K
}
Event: 1.805 GC heap before
{Heap before GC invocations=2 (full 0):
 garbage-first heap   total 129024K, used 49775K [0x0000000080000000, 0x0000000100000000)
  region size 1024K, 44 young (45056K), 10 survivors (10240K)
 Metaspace       used 20757K, capacity 21187K, committed 21296K, reserved 1069056K
  class space    used 2529K, capacity 2686K, committed 2688K, reserved 1048576K
}
Event: 1.810 GC heap after
{Heap after GC invocations=3 (full 0):
 garbage-first heap   total 129024K, used 17442K [0x0000000080000000, 0x0000000100000000)
  region size 1024K, 2 young (2048K), 2 survivors (2048K)
 Metaspace       used 20757K, capacity 21187K, committed 21296K, reserved 1069056K
  class space    used 2529K, capacity 2686K, committed 2688K, reserved 1048576K
}
Event: 2.242 GC heap before
{Heap before GC invocations=4 (full 0):
 garbage-first heap   total 129024K, used 78882K [0x0000000080000000, 0x0000000100000000)
  region size 1024K, 62 young (63488K), 2 survivors (2048K)
 Metaspace       used 26906K, capacity 27535K, committed 27772K, reserved 1073152K
  class space    used 3491K, capacity 3706K, committed 3788K, reserved 1048576K
}
Event: 2.245 GC heap after
{Heap after GC invocations=5 (full 0):
 garbage-first heap   total 129024K, used 19223K [0x0000000080000000, 0x0000000100000000)
  region size 1024K, 4 young (4096K), 4 survivors (4096K)
 Metaspace       used 26906K, capacity 27535K, committed 27772K, reserved 1073152K
  class space    used 3491K, capacity 3706K, committed 3788K, reserved 1048576K
}

Deoptimization events (20 events):
Event: 2.383 Thread 0x00000134ef1b5000 DEOPT PACKING pc=0x00000134df251078 sp=0x00000022521f8e40
Event: 2.383 Thread 0x00000134ef1b5000 DEOPT UNPACKING pc=0x00000134d76385af sp=0x00000022521f8dd0 mode 2
Event: 2.444 Thread 0x00000134ef1b5000 DEOPT PACKING pc=0x00000134d7fdf8f9 sp=0x00000022521f6860
Event: 2.444 Thread 0x00000134ef1b5000 DEOPT UNPACKING pc=0x00000134d7679d0e sp=0x00000022521f5da8 mode 0
Event: 2.525 Thread 0x00000134ef1b5000 Uncommon trap: trap_request=0xffffff4d fr.pc=0x00000134df1e09d0 relative=0x00000000000006d0
Event: 2.525 Thread 0x00000134ef1b5000 Uncommon trap: reason=unstable_if action=reinterpret pc=0x00000134df1e09d0 method=java.util.HashMap.putVal(ILjava/lang/Object;Ljava/lang/Object;ZZ)Ljava/lang/Object; @ 162 c2
Event: 2.525 Thread 0x00000134ef1b5000 DEOPT PACKING pc=0x00000134df1e09d0 sp=0x00000022521fa080
Event: 2.525 Thread 0x00000134ef1b5000 DEOPT UNPACKING pc=0x00000134d76385af sp=0x00000022521f9f90 mode 2
Event: 2.678 Thread 0x00000134ef1b5000 DEOPT PACKING pc=0x00000134d7f40ee8 sp=0x00000022521f6b00
Event: 2.678 Thread 0x00000134ef1b5000 DEOPT UNPACKING pc=0x00000134d7679d0e sp=0x00000022521f6008 mode 0
Event: 2.679 Thread 0x00000134ef1b5000 Uncommon trap: trap_request=0xffffff4d fr.pc=0x00000134df20f690 relative=0x00000000000050d0
Event: 2.679 Thread 0x00000134ef1b5000 Uncommon trap: reason=unstable_if action=reinterpret pc=0x00000134df20f690 method=jdk.internal.loader.BuiltinClassLoader.loadClassOrNull(Ljava/lang/String;Z)Ljava/lang/Class; @ 42 c2
Event: 2.679 Thread 0x00000134ef1b5000 DEOPT PACKING pc=0x00000134df20f690 sp=0x00000022521f4bd0
Event: 2.679 Thread 0x00000134ef1b5000 DEOPT UNPACKING pc=0x00000134d76385af sp=0x00000022521f4a60 mode 2
Event: 2.739 Thread 0x00000134ef1b5000 Uncommon trap: trap_request=0xffffff4d fr.pc=0x00000134df2590b0 relative=0x0000000000000290
Event: 2.739 Thread 0x00000134ef1b5000 Uncommon trap: reason=unstable_if action=reinterpret pc=0x00000134df2590b0 method=jdk.internal.org.objectweb.asm.Type.getArgumentsAndReturnSizes(Ljava/lang/String;)I @ 136 c2
Event: 2.739 Thread 0x00000134ef1b5000 DEOPT PACKING pc=0x00000134df2590b0 sp=0x00000022521f5ba0
Event: 2.739 Thread 0x00000134ef1b5000 DEOPT UNPACKING pc=0x00000134d76385af sp=0x00000022521f5b38 mode 2
Event: 2.743 Thread 0x00000134ef1b5000 DEOPT PACKING pc=0x00000134d8194ff9 sp=0x00000022521f5930
Event: 2.743 Thread 0x00000134ef1b5000 DEOPT UNPACKING pc=0x00000134d7679d0e sp=0x00000022521f4e78 mode 0

Classes redefined (0 events):
No events

Internal exceptions (20 events):
Event: 2.279 Thread 0x00000134ef1b5000 Exception <a 'java/lang/NoSuchMethodError'{0x0000000087839c00}: 'java.lang.Object java.lang.invoke.DirectMethodHandle$Holder.invokeSpecialIFC(java.lang.Object, java.lang.Object, java.lang.Object, java.lang.Object)'> (0x0000000087839c00) thrown at [./src/hotspot/share/interpreter/linkResolver.cpp, line 773]
Event: 2.337 Thread 0x00000134ef1b5000 Implicit null exception at 0x00000134df1e3af5 to 0x00000134df1e3cc8
Event: 2.337 Thread 0x00000134ef1b5000 Implicit null exception at 0x00000134df11a9af to 0x00000134df11aa1d
Event: 2.366 Thread 0x00000134ef1b5000 Exception <a 'java/lang/NoSuchMethodError'{0x0000000086efbe40}: 'java.lang.Object java.lang.invoke.DirectMethodHandle$Holder.invokeSpecial(java.lang.Object, java.lang.Object, java.lang.Object, java.lang.Object, java.lang.Object, java.lang.Object, java.lang.Object, java.lang.Object, java.lang.Object, java.lang.Object, java.lang.Object, java.lang.Object, java.lang.Object)'> (0x0000000086efbe40) thrown at [./src/hotspot/share/interpreter/linkResolver.cpp, line 773]
Event: 2.366 Thread 0x00000134ef1b5000 Exception <a 'java/lang/NoSuchMethodError'{0x0000000086d0d3e0}: 'java.lang.Object java.lang.invoke.DirectMethodHandle$Holder.invokeSpecial(java.lang.Object, java.lang.Object, java.lang.Object, java.lang.Object, java.lang.Object, java.lang.Object, java.lang.Object, java.lang.Object, java.lang.Object, java.lang.Object, java.lang.Object, java.lang.Object)'> (0x0000000086d0d3e0) thrown at [./src/hotspot/share/interpreter/linkResolver.cpp, line 773]
Event: 2.367 Thread 0x00000134ef1b5000 Exception <a 'java/lang/NoSuchMethodError'{0x0000000086d127b0}: 'java.lang.Object java.lang.invoke.Invokers$Holder.linkToTargetMethod(java.lang.Object, java.lang.Object, java.lang.Object, java.lang.Object, java.lang.Object, java.lang.Object, java.lang.Object, java.lang.Object, java.lang.Object, java.lang.Object, java.lang.Object)'> (0x0000000086d127b0) thrown at [./src/hotspot/share/interpreter/linkResolver.cpp, line 773]
Event: 2.371 Thread 0x00000134ef1b5000 Exception <a 'java/lang/NoSuchMethodError'{0x0000000086db8ed8}: 'java.lang.Object java.lang.invoke.DirectMethodHandle$Holder.invokeSpecial(java.lang.Object, java.lang.Object, java.lang.Object, java.lang.Object, java.lang.Object, java.lang.Object, java.lang.Object, java.lang.Object, java.lang.Object, java.lang.Object, java.lang.Object, java.lang.Object, java.lang.Object, java.lang.Object)'> (0x0000000086db8ed8) thrown at [./src/hotspot/share/interpreter/linkResolver.cpp, line 773]
Event: 2.371 Thread 0x00000134ef1b5000 Exception <a 'java/lang/NoSuchMethodError'{0x0000000086dca7f8}: 'java.lang.Object java.lang.invoke.Invokers$Holder.linkToTargetMethod(java.lang.Object, java.lang.Object, java.lang.Object, java.lang.Object, java.lang.Object, java.lang.Object, java.lang.Object, java.lang.Object, java.lang.Object, java.lang.Object, java.lang.Object, java.lang.Object)'> (0x0000000086dca7f8) thrown at [./src/hotspot/share/interpreter/linkResolver.cpp, line 773]
Event: 2.380 Thread 0x00000134ef1b5000 Exception <a 'java/lang/NoSuchMethodError'{0x0000000086cf5980}: 'java.lang.Object java.lang.invoke.DirectMethodHandle$Holder.invokeStaticInit(java.lang.Object, java.lang.Object, java.lang.Object, java.lang.Object)'> (0x0000000086cf5980) thrown at [./src/hotspot/share/interpreter/linkResolver.cpp, line 773]
Event: 2.440 Thread 0x00000134ef1b5000 Exception <a 'java/lang/NoSuchMethodError'{0x00000000863fae80}: 'java.lang.Object java.lang.invoke.Invokers$Holder.linkToTargetMethod(java.lang.Object, java.lang.Object, java.lang.Object, java.lang.Object, java.lang.Object, java.lang.Object, java.lang.Object, java.lang.Object)'> (0x00000000863fae80) thrown at [./src/hotspot/share/interpreter/linkResolver.cpp, line 773]
Event: 2.443 Thread 0x00000134ef1b5000 Exception <a 'java/lang/NoSuchMethodError'{0x0000000086254530}: 'java.lang.Object java.lang.invoke.Invokers$Holder.linkToTargetMethod(java.lang.Object, java.lang.Object, java.lang.Object, java.lang.Object, java.lang.Object, java.lang.Object, java.lang.Object)'> (0x0000000086254530) thrown at [./src/hotspot/share/interpreter/linkResolver.cpp, line 773]
Event: 2.445 Thread 0x00000134ef1b5000 Exception <a 'java/lang/IncompatibleClassChangeError'{0x00000000862ab3e0}: Found class java.lang.Object, but interface was expected> (0x00000000862ab3e0) thrown at [./src/hotspot/share/interpreter/linkResolver.cpp, line 839]
Event: 2.596 Thread 0x00000134ef1b5000 Exception <a 'java/lang/NoSuchMethodError'{0x0000000084f60d00}: 'void java.lang.invoke.DirectMethodHandle$Holder.invokeStaticInit(java.lang.Object, java.lang.Object, java.lang.Object)'> (0x0000000084f60d00) thrown at [./src/hotspot/share/interpreter/linkResolver.cpp, line 773]
Event: 2.597 Thread 0x00000134ef1b5000 Exception <a 'java/lang/NoSuchMethodError'{0x0000000084f67f58}: 'void java.lang.invoke.DirectMethodHandle$Holder.invokeStaticInit(java.lang.Object, java.lang.Object, java.lang.Object, java.lang.Object)'> (0x0000000084f67f58) thrown at [./src/hotspot/share/interpreter/linkResolver.cpp, line 773]
Event: 2.599 Thread 0x00000134ef1b5000 Exception <a 'java/lang/NoSuchMethodError'{0x0000000084f8a8f8}: 'void java.lang.invoke.DirectMethodHandle$Holder.invokeStaticInit(java.lang.Object, java.lang.Object, java.lang.Object, java.lang.Object, java.lang.Object)'> (0x0000000084f8a8f8) thrown at [./src/hotspot/share/interpreter/linkResolver.cpp, line 773]
Event: 2.625 Thread 0x00000134ef1b5000 Exception <a 'java/lang/NoSuchMethodError'{0x0000000084fe9158}: 'int java.lang.invoke.DirectMethodHandle$Holder.invokeStaticInit(java.lang.Object, java.lang.Object, java.lang.Object, java.lang.Object)'> (0x0000000084fe9158) thrown at [./src/hotspot/share/interpreter/linkResolver.cpp, line 773]
Event: 2.739 Thread 0x00000134ef1b5000 Exception <a 'java/lang/NoSuchMethodError'{0x000000008476c378}: 'java.lang.Object java.lang.invoke.DirectMethodHandle$Holder.invokeStatic(java.lang.Object, java.lang.Object, java.lang.Object, java.lang.Object, java.lang.Object, java.lang.Object, java.lang.Object, java.lang.Object, java.lang.Object, java.lang.Object, java.lang.Object, int)'> (0x000000008476c378) thrown at [./src/hotspot/share/interpreter/linkResolver.cpp, line 773]
Event: 2.740 Thread 0x00000134ef1b5000 Exception <a 'java/lang/NoSuchMethodError'{0x000000008478af58}: 'java.lang.Object java.lang.invoke.DirectMethodHandle$Holder.invokeStatic(java.lang.Object, java.lang.Object, java.lang.Object, java.lang.Object, java.lang.Object, java.lang.Object, java.lang.Object, java.lang.Object, java.lang.Object, java.lang.Object, java.lang.Object, int, int)'> (0x000000008478af58) thrown at [./src/hotspot/share/interpreter/linkResolver.cpp, line 773]
Event: 2.742 Thread 0x00000134ef1b5000 Exception <a 'java/lang/NoSuchMethodError'{0x00000000847aa788}: 'java.lang.Object java.lang.invoke.DirectMethodHandle$Holder.invokeStatic(java.lang.Object, java.lang.Object, java.lang.Object, java.lang.Object, java.lang.Object, java.lang.Object, java.lang.Object, java.lang.Object, java.lang.Object, java.lang.Object, java.lang.Object, int, int, java.lang.Object)'> (0x00000000847aa788) thrown at [./src/hotspot/share/interpreter/linkResolver.cpp, line 773]
Event: 2.743 Thread 0x00000134ef1b5000 Exception <a 'java/lang/NoSuchMethodError'{0x00000000847cb880}: 'java.lang.Object java.lang.invoke.DirectMethodHandle$Holder.invokeStatic(java.lang.Object, java.lang.Object, java.lang.Object, java.lang.Object, java.lang.Object, java.lang.Object, java.lang.Object, java.lang.Object, java.lang.Object, java.lang.Object, java.lang.Object, int, int, java.lang.Object, java.lang.Object)'> (0x00000000847cb880) thrown at [./src/hotspot/share/interpreter/linkResolver.cpp, line 773]

Events (20 events):
Event: 2.736 loading class java/beans/WeakIdentityMap done
Event: 2.736 loading class java/beans/ThreadGroupContext$1 done
Event: 2.736 loading class java/beans/WeakIdentityMap$Entry
Event: 2.736 loading class java/beans/WeakIdentityMap$Entry done
Event: 2.736 loading class com/sun/beans/finder/BeanInfoFinder
Event: 2.736 loading class com/sun/beans/finder/InstanceFinder
Event: 2.736 loading class com/sun/beans/finder/InstanceFinder done
Event: 2.736 loading class com/sun/beans/finder/BeanInfoFinder done
Event: 2.736 Executing VM operation: RevokeBias
Event: 2.736 Executing VM operation: RevokeBias done
Event: 2.738 loading class java/lang/invoke/BoundMethodHandle$Species_LLLLLLLLI
Event: 2.738 loading class java/lang/invoke/BoundMethodHandle$Species_LLLLLLLLI done
Event: 2.738 loading class java/lang/invoke/ClassSpecializer$Factory$1Var
Event: 2.738 loading class java/lang/invoke/ClassSpecializer$Factory$1Var done
Event: 2.740 loading class java/lang/invoke/BoundMethodHandle$Species_LLLLLLLLII
Event: 2.740 loading class java/lang/invoke/BoundMethodHandle$Species_LLLLLLLLII done
Event: 2.741 loading class java/lang/invoke/BoundMethodHandle$Species_LLLLLLLLIIL
Event: 2.741 loading class java/lang/invoke/BoundMethodHandle$Species_LLLLLLLLIIL done
Event: 2.743 loading class java/lang/invoke/BoundMethodHandle$Species_LLLLLLLLIILL
Event: 2.743 loading class java/lang/invoke/BoundMethodHandle$Species_LLLLLLLLIILL done


Dynamic libraries:
0x00007ff6a6be0000 - 0x00007ff6a6bea000 	C:\Program Files\Android\Android Studio\jre\bin\java.exe
0x00007fffc59d0000 - 0x00007fffc5bc8000 	C:\Windows\SYSTEM32\ntdll.dll
0x00007fffc3b90000 - 0x00007fffc3c4f000 	C:\Windows\System32\KERNEL32.DLL
0x00007fffc3680000 - 0x00007fffc3952000 	C:\Windows\System32\KERNELBASE.dll
0x00007fffc30c0000 - 0x00007fffc31c0000 	C:\Windows\System32\ucrtbase.dll
0x00007fff9df30000 - 0x00007fff9df49000 	C:\Program Files\Android\Android Studio\jre\bin\jli.dll
0x00007fffa70b0000 - 0x00007fffa70c7000 	C:\Program Files\Android\Android Studio\jre\bin\VCRUNTIME140.dll
0x00007fffc5220000 - 0x00007fffc53c1000 	C:\Windows\System32\USER32.dll
0x00007fffc3300000 - 0x00007fffc3322000 	C:\Windows\System32\win32u.dll
0x00007fffa9be0000 - 0x00007fffa9e7a000 	C:\Windows\WinSxS\amd64_microsoft.windows.common-controls_6595b64144ccf1df_6.0.19041.1110_none_60b5254171f9507e\COMCTL32.dll
0x00007fffc3fa0000 - 0x00007fffc3fcb000 	C:\Windows\System32\GDI32.dll
0x00007fffc55d0000 - 0x00007fffc566e000 	C:\Windows\System32\msvcrt.dll
0x00007fffc3330000 - 0x00007fffc343f000 	C:\Windows\System32\gdi32full.dll
0x00007fffc3260000 - 0x00007fffc32fd000 	C:\Windows\System32\msvcp_win.dll
0x00007fffc51e0000 - 0x00007fffc5212000 	C:\Windows\System32\IMM32.DLL
0x00007fff9de90000 - 0x00007fff9df2d000 	C:\Program Files\Android\Android Studio\jre\bin\msvcp140.dll
0x00007fff24db0000 - 0x00007fff258b2000 	C:\Program Files\Android\Android Studio\jre\bin\server\jvm.dll
0x00007fffc3d30000 - 0x00007fffc3dde000 	C:\Windows\System32\ADVAPI32.dll
0x00007fffc53d0000 - 0x00007fffc546c000 	C:\Windows\System32\sechost.dll
0x00007fffc3de0000 - 0x00007fffc3f05000 	C:\Windows\System32\RPCRT4.dll
0x00007fffc5470000 - 0x00007fffc5478000 	C:\Windows\System32\PSAPI.DLL
0x00007fffa3e90000 - 0x00007fffa3e99000 	C:\Windows\SYSTEM32\WSOCK32.dll
0x00007fffa7430000 - 0x00007fffa7457000 	C:\Windows\SYSTEM32\WINMM.dll
0x00007fffb1840000 - 0x00007fffb184a000 	C:\Windows\SYSTEM32\VERSION.dll
0x00007fffc3cb0000 - 0x00007fffc3d1b000 	C:\Windows\System32\WS2_32.dll
0x00007fffc18d0000 - 0x00007fffc18e2000 	C:\Windows\SYSTEM32\kernel.appcore.dll
0x00007fffa3c20000 - 0x00007fffa3c31000 	C:\Program Files\Android\Android Studio\jre\bin\verify.dll
0x00007fffc1430000 - 0x00007fffc1614000 	C:\Windows\SYSTEM32\DBGHELP.DLL
0x00007fffb1c30000 - 0x00007fffb1c65000 	C:\Windows\SYSTEM32\dbgcore.DLL
0x00007fffc35a0000 - 0x00007fffc3622000 	C:\Windows\System32\bcryptPrimitives.dll
0x00007fff97db0000 - 0x00007fff97dd9000 	C:\Program Files\Android\Android Studio\jre\bin\java.dll
0x00007fffa3e80000 - 0x00007fffa3e8b000 	C:\Program Files\Android\Android Studio\jre\bin\jimage.dll
0x00007fffa3b60000 - 0x00007fffa3b78000 	C:\Program Files\Android\Android Studio\jre\bin\zip.dll
0x00007fffc47a0000 - 0x00007fffc4ee4000 	C:\Windows\System32\SHELL32.dll
0x00007fffc0ae0000 - 0x00007fffc1272000 	C:\Windows\SYSTEM32\windows.storage.dll
0x00007fffc3fd0000 - 0x00007fffc4325000 	C:\Windows\System32\combase.dll
0x00007fffc2b20000 - 0x00007fffc2b50000 	C:\Windows\SYSTEM32\Wldp.dll
0x00007fffc5000000 - 0x00007fffc50ad000 	C:\Windows\System32\SHCORE.dll
0x00007fffc3f10000 - 0x00007fffc3f65000 	C:\Windows\System32\shlwapi.dll
0x00007fffc3000000 - 0x00007fffc301f000 	C:\Windows\SYSTEM32\profapi.dll
0x00007fffa3ad0000 - 0x00007fffa3aea000 	C:\Program Files\Android\Android Studio\jre\bin\net.dll
0x00007fffbcd50000 - 0x00007fffbce5c000 	C:\Windows\SYSTEM32\WINHTTP.dll
0x00007fffc2880000 - 0x00007fffc28ea000 	C:\Windows\system32\mswsock.dll
0x00007fff9c640000 - 0x00007fff9c654000 	C:\Program Files\Android\Android Studio\jre\bin\nio.dll
0x00007fffa49c0000 - 0x00007fffa49e7000 	C:\Program Files\Android\gradle-7.3.3\native\e1d6ef7f7dcc3fd88c89a11ec53ec762bb8ba0a96d01ffa2cd45eb1d1d8dd5c5\windows-amd64\native-platform.dll
0x00007fff9db60000 - 0x00007fff9dca4000 	C:\Program Files\Android\gradle-7.3.3\native\0d407fdbe67a94daf76414ababcb853783967236a71b16ec16e742cd7a986fd3\windows-amd64\native-platform-file-events.dll
0x00007fffa3c10000 - 0x00007fffa3c1a000 	C:\Program Files\Android\Android Studio\jre\bin\management.dll
0x00007fff9f6b0000 - 0x00007fff9f6bd000 	C:\Program Files\Android\Android Studio\jre\bin\management_ext.dll
0x00007fffc2a70000 - 0x00007fffc2a88000 	C:\Windows\SYSTEM32\CRYPTSP.dll
0x00007fffc2100000 - 0x00007fffc2134000 	C:\Windows\system32\rsaenh.dll
0x00007fffc3230000 - 0x00007fffc3257000 	C:\Windows\System32\bcrypt.dll
0x00007fffc2fc0000 - 0x00007fffc2fee000 	C:\Windows\SYSTEM32\USERENV.dll
0x00007fffc2a90000 - 0x00007fffc2a9c000 	C:\Windows\SYSTEM32\CRYPTBASE.dll
0x00007fffc2500000 - 0x00007fffc253b000 	C:\Windows\SYSTEM32\IPHLPAPI.DLL
0x00007fffc3d20000 - 0x00007fffc3d28000 	C:\Windows\System32\NSI.dll
0x00007fffb1720000 - 0x00007fffb1737000 	C:\Windows\SYSTEM32\dhcpcsvc6.DLL
0x00007fffb1a30000 - 0x00007fffb1a4d000 	C:\Windows\SYSTEM32\dhcpcsvc.DLL
0x00007fffc2570000 - 0x00007fffc263a000 	C:\Windows\SYSTEM32\DNSAPI.dll

dbghelp: loaded successfully - version: 4.0.5 - missing functions: none
symbol engine: initialized successfully - sym options: 0x614 - pdb path: .;C:\Program Files\Android\Android Studio\jre\bin;C:\Windows\SYSTEM32;C:\Windows\WinSxS\amd64_microsoft.windows.common-controls_6595b64144ccf1df_6.0.19041.1110_none_60b5254171f9507e;C:\Program Files\Android\Android Studio\jre\bin\server;C:\Program Files\Android\gradle-7.3.3\native\e1d6ef7f7dcc3fd88c89a11ec53ec762bb8ba0a96d01ffa2cd45eb1d1d8dd5c5\windows-amd64;C:\Program Files\Android\gradle-7.3.3\native\0d407fdbe67a94daf76414ababcb853783967236a71b16ec16e742cd7a986fd3\windows-amd64

VM Arguments:
jvm_args: --add-opens=java.base/java.util=ALL-UNNAMED --add-opens=java.base/java.lang=ALL-UNNAMED --add-opens=java.base/java.lang.invoke=ALL-UNNAMED --add-opens=java.base/java.util=ALL-UNNAMED --add-opens=java.prefs/java.util.prefs=ALL-UNNAMED --add-opens=java.prefs/java.util.prefs=ALL-UNNAMED --add-opens=java.base/java.nio.charset=ALL-UNNAMED --add-opens=java.base/java.net=ALL-UNNAMED --add-opens=java.base/java.util.concurrent.atomic=ALL-UNNAMED -Xmx2048m -Dfile.encoding=UTF-8 -Duser.country=IN -Duser.language=en -Duser.variant 
java_command: org.gradle.launcher.daemon.bootstrap.GradleDaemon 7.4
java_class_path (initial): C:\Program Files\Android\gradle-7.3.3\wrapper\dists\gradle-7.4-bin\c0gwcg53nkjbqw7r0h0umtfvt\gradle-7.4\lib\gradle-launcher-7.4.jar
Launcher Type: SUN_STANDARD

[Global flags]
     intx CICompilerCount                          = 4                                         {product} {ergonomic}
     uint ConcGCThreads                            = 2                                         {product} {ergonomic}
     uint G1ConcRefinementThreads                  = 8                                         {product} {ergonomic}
   size_t G1HeapRegionSize                         = 1048576                                   {product} {ergonomic}
    uintx GCDrainStackTargetSize                   = 64                                        {product} {ergonomic}
   size_t InitialHeapSize                          = 132120576                                 {product} {ergonomic}
   size_t MarkStackSize                            = 4194304                                   {product} {ergonomic}
   size_t MaxHeapSize                              = 2147483648                                {product} {command line}
   size_t MaxNewSize                               = 1287651328                                {product} {ergonomic}
   size_t MinHeapDeltaBytes                        = 1048576                                   {product} {ergonomic}
    uintx NonNMethodCodeHeapSize                   = 5836300                                {pd product} {ergonomic}
    uintx NonProfiledCodeHeapSize                  = 122910970                              {pd product} {ergonomic}
    uintx ProfiledCodeHeapSize                     = 122910970                              {pd product} {ergonomic}
    uintx ReservedCodeCacheSize                    = 251658240                              {pd product} {ergonomic}
     bool SegmentedCodeCache                       = true                                      {product} {ergonomic}
     bool UseCompressedClassPointers               = true                                 {lp64_product} {ergonomic}
     bool UseCompressedOops                        = true                                 {lp64_product} {ergonomic}
     bool UseG1GC                                  = true                                      {product} {ergonomic}
     bool UseLargePagesIndividualAllocation        = false                                  {pd product} {ergonomic}

Logging:
Log output configuration:
 #0: stdout all=warning uptime,level,tags
 #1: stderr all=off uptime,level,tags

Environment Variables:
JAVA_HOME=C:\Program Files\Java\jdk-18.0.1.1
PATH=C:\Program Files\Python310\Scripts\;C:\Program Files\Python310\;C:\Program Files\Common Files\Oracle\Java\javapath;C:\Windows\system32;C:\Windows;C:\Windows\System32\Wbem;C:\Windows\System32\WindowsPowerShell\v1.0\;C:\Windows\System32\OpenSSH\;C:\Program Files\Git\cmd;C:\Users\suraj\AppData\Local\Microsoft\WindowsApps
USERNAME=suraj
OS=Windows_NT
PROCESSOR_IDENTIFIER=Intel64 Family 6 Model 140 Stepping 1, GenuineIntel



---------------  S Y S T E M  ---------------

OS: Windows 10 , 64 bit Build 19041 (10.0.19041.2251)
OS uptime: 0 days 0:12 hours
Hyper-V role detected

CPU:total 8 (initial active 8) (4 cores per cpu, 2 threads per core) family 6 model 140 stepping 1 microcode 0x86, cmov, cx8, fxsr, mmx, sse, sse2, sse3, ssse3, sse4.1, sse4.2, popcnt, avx, avx2, aes, clmul, erms, 3dnowpref, lzcnt, ht, tsc, tscinvbit, bmi1, bmi2, adx, evex, sha, fma

Memory: 4k page, system-wide physical 7987M (383M free)
TotalPageFile size 7987M (AvailPageFile size 55M)
current process WorkingSet (physical memory assigned to process): 238M, peak: 238M
current process commit charge ("private bytes"): 305M, peak: 306M

vm_info: OpenJDK 64-Bit Server VM (11.0.13+0-b1751.21-8125866) for windows-amd64 JRE (11.0.13+0-b1751.21-8125866), built on Feb  2 2022 03:00:22 by "builder" with MS VC++ 14.0 (VS2015)

END.
