#
# There is insufficient memory for the Java Runtime Environment to continue.
# Native memory allocation (mmap) failed to map 38797312 bytes for Failed to commit area from 0x000000008b700000 to 0x000000008dc00000 of length 38797312.
# Possible reasons:
#   The system is out of physical RAM or swap space
#   The process is running with CompressedOops enabled, and the Java Heap may be blocking the growth of the native heap
# Possible solutions:
#   Reduce memory load on the system
#   Increase physical memory or swap space
#   Check if swap backing store is full
#   Decrease Java heap size (-Xmx/-Xms)
#   Decrease number of Java threads
#   Decrease Java thread stack sizes (-Xss)
#   Set larger code cache with -XX:ReservedCodeCacheSize=
#   JVM is running with Unscaled Compressed Oops mode in which the Java heap is
#     placed in the first 4GB address space. The Java Heap base address is the
#     maximum limit for the native heap growth. Please use -XX:HeapBaseMinAddress
#     to set the Java Heap base and to place the Java Heap above 4GB virtual address.
# This output file may be truncated or incomplete.
#
#  Out of Memory Error (./src/hotspot/os/windows/os_windows.cpp:3619), pid=8692, tid=15248
#
# JRE version: OpenJDK Runtime Environment (11.0.13) (build 11.0.13+0-b1751.21-8125866)
# Java VM: OpenJDK 64-Bit Server VM (11.0.13+0-b1751.21-8125866, mixed mode, tiered, compressed oops, g1 gc, windows-amd64)
# No core dump will be written. Minidumps are not enabled by default on client versions of Windows
#

---------------  S U M M A R Y ------------

Command Line: --add-opens=java.base/java.util=ALL-UNNAMED --add-opens=java.base/java.lang=ALL-UNNAMED --add-opens=java.base/java.lang.invoke=ALL-UNNAMED --add-opens=java.base/java.util=ALL-UNNAMED --add-opens=java.prefs/java.util.prefs=ALL-UNNAMED --add-opens=java.prefs/java.util.prefs=ALL-UNNAMED --add-opens=java.base/java.nio.charset=ALL-UNNAMED --add-opens=java.base/java.net=ALL-UNNAMED --add-opens=java.base/java.util.concurrent.atomic=ALL-UNNAMED -Xmx2048m -Dfile.encoding=UTF-8 -Duser.country=IN -Duser.language=en -Duser.variant org.gradle.launcher.daemon.bootstrap.GradleDaemon 7.4

Host: 11th Gen Intel(R) Core(TM) i5-1135G7 @ 2.40GHz, 8 cores, 7G,  Windows 10 , 64 bit Build 19041 (10.0.19041.2251)
Time: Fri Dec  9 22:14:43 2022 India Standard Time elapsed time: 13.492001 seconds (0d 0h 0m 13s)

---------------  T H R E A D  ---------------

Current thread (0x000002446bbfa800):  VMThread "VM Thread" [stack: 0x000000d12f100000,0x000000d12f200000] [id=15248]

Stack: [0x000000d12f100000,0x000000d12f200000]
[error occurred during error reporting (printing stack bounds), id 0xc0000005, EXCEPTION_ACCESS_VIOLATION (0xc0000005) at pc=0x0000024454ac12e7]

Native frames: (J=compiled Java code, j=interpreted, Vv=VM code, C=native code)
V  [jvm.dll+0x6100fa]
V  [jvm.dll+0x747090]
V  [jvm.dll+0x7486ad]
V  [jvm.dll+0x748ce5]
V  [jvm.dll+0x748c9b]
V  [jvm.dll+0x60f224]
V  [jvm.dll+0x60f9b8]
C  [ntdll.dll+0xa241f]
C  [ntdll.dll+0x514a4]
C  [ntdll.dll+0xa0f4e]
C  0x0000024454ac12e7

VM_Operation (0x000000d137df9ad0): G1CollectForAllocation, mode: safepoint, requested by thread 0x0000024475b2e000


---------------  P R O C E S S  ---------------

Threads class SMR info:
_java_thread_list=0x00000244746dc6e0, length=137, elements={
0x000002444f7ad000, 0x000002446bbff000, 0x000002446bc01000, 0x000002446bc1c000,
0x000002446bc1c800, 0x000002446bc1e000, 0x000002446bc22800, 0x000002446bc29800,
0x000002446bc33800, 0x000002446c6d8000, 0x000002446c800800, 0x000002446c6da800,
0x000002446c6d9000, 0x000002446c6dd000, 0x000002446c6de800, 0x000002446c6dc800,
0x000002446c6da000, 0x000002446c6de000, 0x000002446c6db800, 0x000002446ed28000,
0x000002446ed23000, 0x000002446ed24000, 0x000002446ed26800, 0x000002446ed29000,
0x000002446ed24800, 0x000002446ed2b000, 0x000002446ed29800, 0x000002446ed2a800,
0x000002446ed25800, 0x000002446ed2c000, 0x000002446ed2d000, 0x000002446ed2e800,
0x000002446ed32000, 0x000002446ed30000, 0x000002446ed31000, 0x000002446fe74800,
0x000002446fe74000, 0x000002446fe7b800, 0x000002446fe79800, 0x000002446fe7a800,
0x000002446fe75800, 0x000002446fe78000, 0x000002446fe79000, 0x000002446fe7c000,
0x000002446fe76800, 0x000002446fe7d000, 0x000002446fe77000, 0x000002446fe82800,
0x000002446fe7d800, 0x000002446fe80000, 0x000002446fe81000, 0x000002446fe82000,
0x000002446fe7e800, 0x000002446fe7f800, 0x000002446f0ee800, 0x000002446f0f1000,
0x000002446f0ed800, 0x000002446f0ef000, 0x000002446f0f0000, 0x000002446f0f1800,
0x000002446f0ec800, 0x000002446f0ec000, 0x000002446f0f5000, 0x000002446f0f7800,
0x000002446f0f2800, 0x000002446f0f8000, 0x000002446f0f9000, 0x000002446f0f4000,
0x000002446f0f3000, 0x000002446f0fa800, 0x000002446f0f6800, 0x000002446f0f5800,
0x000002446f0fa000, 0x000002446d3f4800, 0x000002446d3f5800, 0x000002446d3f2800,
0x000002446d3f6800, 0x000002446d3f7000, 0x000002446d3f8000, 0x000002446d3f9000,
0x000002446d3f3000, 0x000002446d3f9800, 0x000002446d3f4000, 0x000002446d3fd800,
0x000002446d3fe800, 0x000002446d3ff800, 0x000002446d3fa800, 0x000002446d400000,
0x000002446d401000, 0x000002446d3fb800, 0x000002446d3fc000, 0x000002446d3fd000,
0x000002446d984000, 0x000002446d98a800, 0x000002446d985800, 0x000002446d986800,
0x000002446d987000, 0x000002446d989800, 0x000002446d984800, 0x000002446d98b000,
0x000002446d98c000, 0x000002446d98d000, 0x000002446d988000, 0x000002446d98d800,
0x000002446d98e800, 0x000002446d988800, 0x000002446d98f800, 0x000002446d990000,
0x000002446d991000, 0x000002446d991800, 0x000002446d992800, 0x000002446f713000,
0x000002446f710800, 0x000002446f716000, 0x000002446f717000, 0x000002446f713800,
0x000002446f714800, 0x000002446f715800, 0x000002446f711000, 0x000002446f718000,
0x000002446f712000, 0x000002446f71c800, 0x000002446f71c000, 0x000002446f71d800,
0x000002446f719800, 0x000002446f71a000, 0x000002446f71e800, 0x000002446f718800,
0x000002446f71f000, 0x0000024475b2f800, 0x0000024475b2e800, 0x0000024475b2e000,
0x0000024475b30000, 0x0000024475b2c000, 0x0000024475b31000, 0x0000024475b32000,
0x0000024475b2d000
}

Java Threads: ( => current thread )
  0x000002444f7ad000 JavaThread "main" [_thread_blocked, id=14620, stack(0x000000d12eb00000,0x000000d12ec00000)]
  0x000002446bbff000 JavaThread "Reference Handler" daemon [_thread_blocked, id=11592, stack(0x000000d12f200000,0x000000d12f300000)]
  0x000002446bc01000 JavaThread "Finalizer" daemon [_thread_blocked, id=8572, stack(0x000000d12f300000,0x000000d12f400000)]
  0x000002446bc1c000 JavaThread "Signal Dispatcher" daemon [_thread_blocked, id=6044, stack(0x000000d12f400000,0x000000d12f500000)]
  0x000002446bc1c800 JavaThread "Attach Listener" daemon [_thread_blocked, id=6784, stack(0x000000d12f500000,0x000000d12f600000)]
  0x000002446bc1e000 JavaThread "Service Thread" daemon [_thread_blocked, id=12932, stack(0x000000d12f600000,0x000000d12f700000)]
  0x000002446bc22800 JavaThread "C2 CompilerThread0" daemon [_thread_blocked, id=13400, stack(0x000000d12f700000,0x000000d12f800000)]
  0x000002446bc29800 JavaThread "C1 CompilerThread0" daemon [_thread_blocked, id=6412, stack(0x000000d12f800000,0x000000d12f900000)]
  0x000002446bc33800 JavaThread "Sweeper thread" daemon [_thread_blocked, id=7808, stack(0x000000d12f900000,0x000000d12fa00000)]
  0x000002446c6d8000 JavaThread "Common-Cleaner" daemon [_thread_blocked, id=9780, stack(0x000000d12fa00000,0x000000d12fb00000)]
  0x000002446c800800 JavaThread "C2 CompilerThread1" daemon [_thread_blocked, id=14148, stack(0x000000d12fc00000,0x000000d12fd00000)]
  0x000002446c6da800 JavaThread "Daemon health stats" [_thread_blocked, id=6640, stack(0x000000d12ff00000,0x000000d130000000)]
  0x000002446c6d9000 JavaThread "Incoming local TCP Connector on port 52502" [_thread_in_native, id=6252, stack(0x000000d130000000,0x000000d130100000)]
  0x000002446c6dd000 JavaThread "Daemon periodic checks" [_thread_blocked, id=1008, stack(0x000000d130100000,0x000000d130200000)]
  0x000002446c6de800 JavaThread "Daemon" [_thread_blocked, id=14136, stack(0x000000d130200000,0x000000d130300000)]
  0x000002446c6dc800 JavaThread "Handler for socket connection from /127.0.0.1:52502 to /127.0.0.1:52503" [_thread_in_native, id=14748, stack(0x000000d130300000,0x000000d130400000)]
  0x000002446c6da000 JavaThread "Cancel handler" [_thread_blocked, id=10364, stack(0x000000d130400000,0x000000d130500000)]
  0x000002446c6de000 JavaThread "Daemon worker" [_thread_blocked, id=13684, stack(0x000000d130500000,0x000000d130600000)]
  0x000002446c6db800 JavaThread "Asynchronous log dispatcher for DefaultDaemonConnection: socket connection from /127.0.0.1:52502 to /127.0.0.1:52503" [_thread_blocked, id=5856, stack(0x000000d130600000,0x000000d130700000)]
  0x000002446ed28000 JavaThread "Stdin handler" [_thread_blocked, id=11440, stack(0x000000d130700000,0x000000d130800000)]
  0x000002446ed23000 JavaThread "Daemon client event forwarder" [_thread_blocked, id=2064, stack(0x000000d130800000,0x000000d130900000)]
  0x000002446ed24000 JavaThread "Cache worker for journal cache (C:\Program Files\Android\gradle-7.3.3\caches\journal-1)" [_thread_blocked, id=8596, stack(0x000000d130e00000,0x000000d130f00000)]
  0x000002446ed26800 JavaThread "File lock request listener" [_thread_in_native, id=12008, stack(0x000000d130f00000,0x000000d131000000)]
  0x000002446ed29000 JavaThread "Cache worker for file hash cache (C:\Program Files\Android\gradle-7.3.3\caches\7.4\fileHashes)" [_thread_blocked, id=12024, stack(0x000000d131000000,0x000000d131100000)]
  0x000002446ed24800 JavaThread "File watcher server" daemon [_thread_blocked, id=12804, stack(0x000000d131200000,0x000000d131300000)]
  0x000002446ed2b000 JavaThread "File watcher consumer" daemon [_thread_blocked, id=10836, stack(0x000000d131300000,0x000000d131400000)]
  0x000002446ed29800 JavaThread "Cache worker for checksums cache (D:\CollegeApp\.gradle\7.4\checksums)" [_thread_blocked, id=14292, stack(0x000000d131400000,0x000000d131500000)]
  0x000002446ed2a800 JavaThread "Cache worker for cache directory md-rule (C:\Program Files\Android\gradle-7.3.3\caches\7.4\md-rule)" [_thread_blocked, id=7876, stack(0x000000d131500000,0x000000d131600000)]
  0x000002446ed25800 JavaThread "Cache worker for file hash cache (D:\CollegeApp\.gradle\7.4\fileHashes)" [_thread_blocked, id=5892, stack(0x000000d131600000,0x000000d131700000)]
  0x000002446ed2c000 JavaThread "Cache worker for cache directory md-supplier (C:\Program Files\Android\gradle-7.3.3\caches\7.4\md-supplier)" [_thread_blocked, id=8292, stack(0x000000d131700000,0x000000d131800000)]
  0x000002446ed2d000 JavaThread "Cache worker for execution history cache (C:\Program Files\Android\gradle-7.3.3\caches\7.4\executionHistory)" [_thread_blocked, id=8928, stack(0x000000d131800000,0x000000d131900000)]
  0x000002446ed2e800 JavaThread "jar transforms" [_thread_blocked, id=5552, stack(0x000000d131900000,0x000000d131a00000)]
  0x000002446ed32000 JavaThread "Cache worker for file content cache (C:\Program Files\Android\gradle-7.3.3\caches\7.4\fileContent)" [_thread_blocked, id=5488, stack(0x000000d131a00000,0x000000d131b00000)]
  0x000002446ed30000 JavaThread "jar transforms Thread 2" [_thread_blocked, id=496, stack(0x000000d131b00000,0x000000d131c00000)]
  0x000002446ed31000 JavaThread "Cache worker for dependencies-accessors (D:\CollegeApp\.gradle\7.4\dependencies-accessors)" [_thread_blocked, id=3932, stack(0x000000d131c00000,0x000000d131d00000)]
  0x000002446fe74800 JavaThread "jar transforms Thread 3" [_thread_blocked, id=1040, stack(0x000000d131d00000,0x000000d131e00000)]
  0x000002446fe74000 JavaThread "Cache worker for Build Output Cleanup Cache (D:\CollegeApp\.gradle\buildOutputCleanup)" [_thread_blocked, id=11672, stack(0x000000d131e00000,0x000000d131f00000)]
  0x000002446fe7b800 JavaThread "Unconstrained build operations" [_thread_blocked, id=5216, stack(0x000000d131f00000,0x000000d132000000)]
  0x000002446fe79800 JavaThread "Unconstrained build operations Thread 2" [_thread_blocked, id=12860, stack(0x000000d132000000,0x000000d132100000)]
  0x000002446fe7a800 JavaThread "Unconstrained build operations Thread 3" [_thread_blocked, id=11920, stack(0x000000d132100000,0x000000d132200000)]
  0x000002446fe75800 JavaThread "Unconstrained build operations Thread 4" [_thread_blocked, id=12536, stack(0x000000d132200000,0x000000d132300000)]
  0x000002446fe78000 JavaThread "Unconstrained build operations Thread 5" [_thread_blocked, id=14040, stack(0x000000d132300000,0x000000d132400000)]
  0x000002446fe79000 JavaThread "Unconstrained build operations Thread 6" [_thread_blocked, id=14328, stack(0x000000d132400000,0x000000d132500000)]
  0x000002446fe7c000 JavaThread "Unconstrained build operations Thread 7" [_thread_blocked, id=14392, stack(0x000000d132500000,0x000000d132600000)]
  0x000002446fe76800 JavaThread "Unconstrained build operations Thread 8" [_thread_blocked, id=5364, stack(0x000000d132600000,0x000000d132700000)]
  0x000002446fe7d000 JavaThread "Unconstrained build operations Thread 9" [_thread_blocked, id=14248, stack(0x000000d132700000,0x000000d132800000)]
  0x000002446fe77000 JavaThread "Unconstrained build operations Thread 10" [_thread_blocked, id=13100, stack(0x000000d132800000,0x000000d132900000)]
  0x000002446fe82800 JavaThread "Unconstrained build operations Thread 11" [_thread_blocked, id=10528, stack(0x000000d132900000,0x000000d132a00000)]
  0x000002446fe7d800 JavaThread "Unconstrained build operations Thread 12" [_thread_blocked, id=7628, stack(0x000000d132a00000,0x000000d132b00000)]
  0x000002446fe80000 JavaThread "Unconstrained build operations Thread 13" [_thread_blocked, id=8052, stack(0x000000d132b00000,0x000000d132c00000)]
  0x000002446fe81000 JavaThread "Unconstrained build operations Thread 14" [_thread_blocked, id=14672, stack(0x000000d132c00000,0x000000d132d00000)]
  0x000002446fe82000 JavaThread "Unconstrained build operations Thread 15" [_thread_blocked, id=11436, stack(0x000000d132d00000,0x000000d132e00000)]
  0x000002446fe7e800 JavaThread "Unconstrained build operations Thread 16" [_thread_blocked, id=13592, stack(0x000000d132e00000,0x000000d132f00000)]
  0x000002446fe7f800 JavaThread "Unconstrained build operations Thread 17" [_thread_blocked, id=9872, stack(0x000000d132f00000,0x000000d133000000)]
  0x000002446f0ee800 JavaThread "Unconstrained build operations Thread 18" [_thread_blocked, id=2948, stack(0x000000d133000000,0x000000d133100000)]
  0x000002446f0f1000 JavaThread "Unconstrained build operations Thread 19" [_thread_blocked, id=11996, stack(0x000000d133100000,0x000000d133200000)]
  0x000002446f0ed800 JavaThread "Unconstrained build operations Thread 20" [_thread_blocked, id=2224, stack(0x000000d133200000,0x000000d133300000)]
  0x000002446f0ef000 JavaThread "Unconstrained build operations Thread 21" [_thread_blocked, id=11972, stack(0x000000d133300000,0x000000d133400000)]
  0x000002446f0f0000 JavaThread "Unconstrained build operations Thread 22" [_thread_blocked, id=12908, stack(0x000000d133400000,0x000000d133500000)]
  0x000002446f0f1800 JavaThread "Unconstrained build operations Thread 23" [_thread_blocked, id=15296, stack(0x000000d133500000,0x000000d133600000)]
  0x000002446f0ec800 JavaThread "Unconstrained build operations Thread 24" [_thread_blocked, id=7276, stack(0x000000d133600000,0x000000d133700000)]
  0x000002446f0ec000 JavaThread "Unconstrained build operations Thread 25" [_thread_blocked, id=9044, stack(0x000000d133700000,0x000000d133800000)]
  0x000002446f0f5000 JavaThread "Unconstrained build operations Thread 26" [_thread_blocked, id=15004, stack(0x000000d133800000,0x000000d133900000)]
  0x000002446f0f7800 JavaThread "Unconstrained build operations Thread 27" [_thread_blocked, id=4708, stack(0x000000d133900000,0x000000d133a00000)]
  0x000002446f0f2800 JavaThread "Unconstrained build operations Thread 28" [_thread_blocked, id=11392, stack(0x000000d133a00000,0x000000d133b00000)]
  0x000002446f0f8000 JavaThread "Unconstrained build operations Thread 29" [_thread_blocked, id=10976, stack(0x000000d133b00000,0x000000d133c00000)]
  0x000002446f0f9000 JavaThread "Unconstrained build operations Thread 30" [_thread_blocked, id=9764, stack(0x000000d133c00000,0x000000d133d00000)]
  0x000002446f0f4000 JavaThread "Unconstrained build operations Thread 31" [_thread_blocked, id=8172, stack(0x000000d133d00000,0x000000d133e00000)]
  0x000002446f0f3000 JavaThread "Unconstrained build operations Thread 32" [_thread_blocked, id=1264, stack(0x000000d133e00000,0x000000d133f00000)]
  0x000002446f0fa800 JavaThread "Unconstrained build operations Thread 33" [_thread_blocked, id=7368, stack(0x000000d133f00000,0x000000d134000000)]
  0x000002446f0f6800 JavaThread "Unconstrained build operations Thread 34" [_thread_blocked, id=2508, stack(0x000000d134000000,0x000000d134100000)]
  0x000002446f0f5800 JavaThread "Unconstrained build operations Thread 35" [_thread_blocked, id=10760, stack(0x000000d134100000,0x000000d134200000)]
  0x000002446f0fa000 JavaThread "Unconstrained build operations Thread 36" [_thread_blocked, id=4596, stack(0x000000d134200000,0x000000d134300000)]
  0x000002446d3f4800 JavaThread "Unconstrained build operations Thread 37" [_thread_blocked, id=8724, stack(0x000000d134300000,0x000000d134400000)]
  0x000002446d3f5800 JavaThread "Unconstrained build operations Thread 38" [_thread_blocked, id=14012, stack(0x000000d134400000,0x000000d134500000)]
  0x000002446d3f2800 JavaThread "Unconstrained build operations Thread 39" [_thread_blocked, id=15068, stack(0x000000d134500000,0x000000d134600000)]
  0x000002446d3f6800 JavaThread "Unconstrained build operations Thread 40" [_thread_blocked, id=3388, stack(0x000000d134600000,0x000000d134700000)]
  0x000002446d3f7000 JavaThread "Unconstrained build operations Thread 41" [_thread_blocked, id=11148, stack(0x000000d134700000,0x000000d134800000)]
  0x000002446d3f8000 JavaThread "Unconstrained build operations Thread 42" [_thread_blocked, id=1036, stack(0x000000d134800000,0x000000d134900000)]
  0x000002446d3f9000 JavaThread "Unconstrained build operations Thread 43" [_thread_blocked, id=7512, stack(0x000000d134900000,0x000000d134a00000)]
  0x000002446d3f3000 JavaThread "Unconstrained build operations Thread 44" [_thread_blocked, id=9012, stack(0x000000d134a00000,0x000000d134b00000)]
  0x000002446d3f9800 JavaThread "Unconstrained build operations Thread 45" [_thread_blocked, id=11712, stack(0x000000d134b00000,0x000000d134c00000)]
  0x000002446d3f4000 JavaThread "Unconstrained build operations Thread 46" [_thread_blocked, id=8116, stack(0x000000d134c00000,0x000000d134d00000)]
  0x000002446d3fd800 JavaThread "Unconstrained build operations Thread 47" [_thread_blocked, id=10096, stack(0x000000d134d00000,0x000000d134e00000)]
  0x000002446d3fe800 JavaThread "Unconstrained build operations Thread 48" [_thread_blocked, id=8932, stack(0x000000d134e00000,0x000000d134f00000)]
  0x000002446d3ff800 JavaThread "Unconstrained build operations Thread 49" [_thread_blocked, id=13624, stack(0x000000d134f00000,0x000000d135000000)]
  0x000002446d3fa800 JavaThread "Unconstrained build operations Thread 50" [_thread_blocked, id=2672, stack(0x000000d135000000,0x000000d135100000)]
  0x000002446d400000 JavaThread "Unconstrained build operations Thread 51" [_thread_blocked, id=14288, stack(0x000000d135100000,0x000000d135200000)]
  0x000002446d401000 JavaThread "Unconstrained build operations Thread 52" [_thread_blocked, id=7916, stack(0x000000d135200000,0x000000d135300000)]
  0x000002446d3fb800 JavaThread "Unconstrained build operations Thread 53" [_thread_blocked, id=14912, stack(0x000000d135300000,0x000000d135400000)]
  0x000002446d3fc000 JavaThread "Unconstrained build operations Thread 54" [_thread_blocked, id=12784, stack(0x000000d135400000,0x000000d135500000)]
  0x000002446d3fd000 JavaThread "Unconstrained build operations Thread 55" [_thread_blocked, id=2488, stack(0x000000d135500000,0x000000d135600000)]
  0x000002446d984000 JavaThread "Unconstrained build operations Thread 56" [_thread_blocked, id=10392, stack(0x000000d135600000,0x000000d135700000)]
  0x000002446d98a800 JavaThread "Unconstrained build operations Thread 57" [_thread_blocked, id=11820, stack(0x000000d135700000,0x000000d135800000)]
  0x000002446d985800 JavaThread "Unconstrained build operations Thread 58" [_thread_blocked, id=13696, stack(0x000000d135800000,0x000000d135900000)]
  0x000002446d986800 JavaThread "Unconstrained build operations Thread 59" [_thread_blocked, id=1828, stack(0x000000d135900000,0x000000d135a00000)]
  0x000002446d987000 JavaThread "Unconstrained build operations Thread 60" [_thread_blocked, id=3212, stack(0x000000d135a00000,0x000000d135b00000)]
  0x000002446d989800 JavaThread "Unconstrained build operations Thread 61" [_thread_blocked, id=14848, stack(0x000000d135b00000,0x000000d135c00000)]
  0x000002446d984800 JavaThread "Unconstrained build operations Thread 62" [_thread_blocked, id=8592, stack(0x000000d135c00000,0x000000d135d00000)]
  0x000002446d98b000 JavaThread "Unconstrained build operations Thread 63" [_thread_blocked, id=7120, stack(0x000000d135d00000,0x000000d135e00000)]
  0x000002446d98c000 JavaThread "Unconstrained build operations Thread 64" [_thread_blocked, id=14204, stack(0x000000d135e00000,0x000000d135f00000)]
  0x000002446d98d000 JavaThread "Unconstrained build operations Thread 65" [_thread_blocked, id=10824, stack(0x000000d135f00000,0x000000d136000000)]
  0x000002446d988000 JavaThread "Unconstrained build operations Thread 66" [_thread_blocked, id=7860, stack(0x000000d136000000,0x000000d136100000)]
  0x000002446d98d800 JavaThread "Unconstrained build operations Thread 67" [_thread_blocked, id=14056, stack(0x000000d136100000,0x000000d136200000)]
  0x000002446d98e800 JavaThread "Unconstrained build operations Thread 68" [_thread_blocked, id=9548, stack(0x000000d136200000,0x000000d136300000)]
  0x000002446d988800 JavaThread "Unconstrained build operations Thread 69" [_thread_blocked, id=11984, stack(0x000000d136300000,0x000000d136400000)]
  0x000002446d98f800 JavaThread "Unconstrained build operations Thread 70" [_thread_blocked, id=2484, stack(0x000000d136400000,0x000000d136500000)]
  0x000002446d990000 JavaThread "Unconstrained build operations Thread 71" [_thread_blocked, id=15184, stack(0x000000d136500000,0x000000d136600000)]
  0x000002446d991000 JavaThread "Unconstrained build operations Thread 72" [_thread_blocked, id=6660, stack(0x000000d136600000,0x000000d136700000)]
  0x000002446d991800 JavaThread "Unconstrained build operations Thread 73" [_thread_blocked, id=8284, stack(0x000000d136700000,0x000000d136800000)]
  0x000002446d992800 JavaThread "Unconstrained build operations Thread 74" [_thread_blocked, id=11356, stack(0x000000d136800000,0x000000d136900000)]
  0x000002446f713000 JavaThread "Unconstrained build operations Thread 75" [_thread_blocked, id=7516, stack(0x000000d136900000,0x000000d136a00000)]
  0x000002446f710800 JavaThread "Unconstrained build operations Thread 76" [_thread_blocked, id=12136, stack(0x000000d136a00000,0x000000d136b00000)]
  0x000002446f716000 JavaThread "Unconstrained build operations Thread 77" [_thread_blocked, id=14768, stack(0x000000d136b00000,0x000000d136c00000)]
  0x000002446f717000 JavaThread "Unconstrained build operations Thread 78" [_thread_blocked, id=888, stack(0x000000d136c00000,0x000000d136d00000)]
  0x000002446f713800 JavaThread "Unconstrained build operations Thread 79" [_thread_blocked, id=5204, stack(0x000000d136d00000,0x000000d136e00000)]
  0x000002446f714800 JavaThread "Unconstrained build operations Thread 80" [_thread_blocked, id=13412, stack(0x000000d136e00000,0x000000d136f00000)]
  0x000002446f715800 JavaThread "jar transforms Thread 4" [_thread_blocked, id=14924, stack(0x000000d136f00000,0x000000d137000000)]
  0x000002446f711000 JavaThread "jar transforms Thread 5" [_thread_blocked, id=1604, stack(0x000000d137000000,0x000000d137100000)]
  0x000002446f718000 JavaThread "jar transforms Thread 6" [_thread_blocked, id=8324, stack(0x000000d137100000,0x000000d137200000)]
  0x000002446f712000 JavaThread "jar transforms Thread 7" [_thread_blocked, id=5156, stack(0x000000d137200000,0x000000d137300000)]
  0x000002446f71c800 JavaThread "jar transforms Thread 8" [_thread_blocked, id=1812, stack(0x000000d137300000,0x000000d137400000)]
  0x000002446f71c000 JavaThread "Memory manager" [_thread_blocked, id=1768, stack(0x000000d137400000,0x000000d137500000)]
  0x000002446f71d800 JavaThread "build event listener" [_thread_blocked, id=6448, stack(0x000000d137500000,0x000000d137600000)]
  0x000002446f719800 JavaThread "pool-3-thread-1" [_thread_blocked, id=736, stack(0x000000d137600000,0x000000d137700000)]
  0x000002446f71a000 JavaThread "build event listener" [_thread_blocked, id=3300, stack(0x000000d137700000,0x000000d137800000)]
  0x000002446f71e800 JavaThread "included builds" [_thread_blocked, id=7400, stack(0x000000d137800000,0x000000d137900000)]
  0x000002446f718800 JavaThread "Execution worker for ':'" [_thread_blocked, id=15056, stack(0x000000d137900000,0x000000d137a00000)]
  0x000002446f71f000 JavaThread "Execution worker for ':' Thread 2" [_thread_blocked, id=9264, stack(0x000000d137a00000,0x000000d137b00000)]
  0x0000024475b2f800 JavaThread "Execution worker for ':' Thread 3" [_thread_blocked, id=7216, stack(0x000000d137b00000,0x000000d137c00000)]
  0x0000024475b2e800 JavaThread "Execution worker for ':' Thread 4" [_thread_blocked, id=11000, stack(0x000000d137c00000,0x000000d137d00000)]
  0x0000024475b2e000 JavaThread "Execution worker for ':' Thread 5" [_thread_blocked, id=9684, stack(0x000000d137d00000,0x000000d137e00000)]
  0x0000024475b30000 JavaThread "Execution worker for ':' Thread 6" [_thread_blocked, id=13532, stack(0x000000d137e00000,0x000000d137f00000)]
  0x0000024475b2c000 JavaThread "Execution worker for ':' Thread 7" [_thread_blocked, id=11780, stack(0x000000d137f00000,0x000000d138000000)]
  0x0000024475b31000 JavaThread "Cache worker for execution history cache (D:\CollegeApp\.gradle\7.4\executionHistory)" [_thread_blocked, id=14596, stack(0x000000d138000000,0x000000d138100000)]
  0x0000024475b32000 JavaThread "WorkerExecutor Queue" [_thread_blocked, id=7904, stack(0x000000d138100000,0x000000d138200000)]
  0x0000024475b2d000 JavaThread "WorkerExecutor Queue Thread 2" [_thread_blocked, id=1864, stack(0x000000d138200000,0x000000d138300000)]

Other Threads:
=>0x000002446bbfa800 VMThread "VM Thread" [stack: 0x000000d12f100000,0x000000d12f200000] [id=15248]
  0x000002446c70c800 WatcherThread [stack: 0x000000d12fb00000,0x000000d12fc00000] [id=11104]
  0x000002444f7c7000 GCTaskThread "GC Thread#0" [stack: 0x000000d12ec00000,0x000000d12ed00000] [id=5348]
  0x000002446d5e8800 GCTaskThread "GC Thread#1" [stack: 0x000000d12fd00000,0x000000d12fe00000] [id=5932]
  0x000002446ce3b800 GCTaskThread "GC Thread#2" [stack: 0x000000d12fe00000,0x000000d12ff00000] [id=12664]
  0x000002446efd3000 GCTaskThread "GC Thread#3" [stack: 0x000000d130900000,0x000000d130a00000] [id=1888]
  0x000002446f04c800 GCTaskThread "GC Thread#4" [stack: 0x000000d130a00000,0x000000d130b00000] [id=15312]
  0x000002446ec2a000 GCTaskThread "GC Thread#5" [stack: 0x000000d130b00000,0x000000d130c00000] [id=6540]
  0x000002446e0da800 GCTaskThread "GC Thread#6" [stack: 0x000000d130c00000,0x000000d130d00000] [id=11132]
  0x000002446cb58800 GCTaskThread "GC Thread#7" [stack: 0x000000d130d00000,0x000000d130e00000] [id=6976]
  0x000002444f7f8800 ConcurrentGCThread "G1 Main Marker" [stack: 0x000000d12ed00000,0x000000d12ee00000] [id=10408]
  0x000002444f7f9800 ConcurrentGCThread "G1 Conc#0" [stack: 0x000000d12ee00000,0x000000d12ef00000] [id=9508]
  0x000002446cee5800 ConcurrentGCThread "G1 Conc#1" [stack: 0x000000d131100000,0x000000d131200000] [id=12600]
  0x000002444f887000 ConcurrentGCThread "G1 Refine#0" [stack: 0x000000d12ef00000,0x000000d12f000000] [id=3448]
  0x000002446f90e000 ConcurrentGCThread "G1 Refine#1" [stack: 0x000000d138300000,0x000000d138400000] [id=12164]
  0x000002446ba50800 ConcurrentGCThread "G1 Young RemSet Sampling" [stack: 0x000000d12f000000,0x000000d12f100000] [id=3320]

Threads with active compile tasks:
C2 CompilerThread0  13509 10864       4       com.android.ide.common.resources.NodeUtils::duplicateNode (315 bytes)
C1 CompilerThread0  13509 10876       3       com.android.utils.XmlUtils::append (645 bytes)
C2 CompilerThread1  13510 10866       4       org.apache.xerces.dom.NamedNodeMapImpl::findNamePoint (131 bytes)

VM state:at safepoint (normal execution)

VM Mutex/Monitor currently owned by a thread:  ([mutex/lock_event])
[0x000002444f7a8d80] Threads_lock - owner thread: 0x000002446bbfa800
[0x000002444f7a8990] Heap_lock - owner thread: 0x0000024475b2e000

Heap address: 0x0000000080000000, size: 2048 MB, Compressed Oops mode: 32-bit
Narrow klass base: 0x0000000000000000, Narrow klass shift: 3
Compressed class space size: 1073741824 Address: 0x0000000100000000

Heap:
 garbage-first heap   total 225280K, used 117648K [0x0000000080000000, 0x0000000100000000)
  region size 1024K, 5 young (5120K), 5 survivors (5120K)
 Metaspace       used 88269K, capacity 90668K, committed 91356K, reserved 1128448K
  class space    used 11283K, capacity 12139K, committed 12364K, reserved 1048576K
Heap Regions: E=young(eden), S=young(survivor), O=old, HS=humongous(starts), HC=humongous(continues), CS=collection set, F=free, A=archive, TAMS=top-at-mark-start (previous, next)
|   0|0x0000000080000000, 0x0000000080100000, 0x0000000080100000|100%| O|  |TAMS 0x0000000080100000, 0x0000000080100000| Untracked 
|   1|0x0000000080100000, 0x0000000080200000, 0x0000000080200000|100%| O|  |TAMS 0x0000000080200000, 0x0000000080200000| Untracked 
|   2|0x0000000080200000, 0x0000000080300000, 0x0000000080300000|100%| O|  |TAMS 0x0000000080300000, 0x0000000080300000| Untracked 
|   3|0x0000000080300000, 0x0000000080400000, 0x0000000080400000|100%|HS|  |TAMS 0x0000000080400000, 0x0000000080400000| Complete 
|   4|0x0000000080400000, 0x0000000080500000, 0x0000000080500000|100%|HC|  |TAMS 0x0000000080500000, 0x0000000080500000| Complete 
|   5|0x0000000080500000, 0x0000000080600000, 0x0000000080600000|100%|HC|  |TAMS 0x0000000080600000, 0x0000000080600000| Complete 
|   6|0x0000000080600000, 0x0000000080700000, 0x0000000080700000|100%| O|  |TAMS 0x0000000080700000, 0x0000000080700000| Untracked 
|   7|0x0000000080700000, 0x0000000080800000, 0x0000000080800000|100%| O|  |TAMS 0x0000000080800000, 0x0000000080800000| Untracked 
|   8|0x0000000080800000, 0x0000000080900000, 0x0000000080900000|100%| O|  |TAMS 0x0000000080900000, 0x0000000080900000| Untracked 
|   9|0x0000000080900000, 0x0000000080a00000, 0x0000000080a00000|100%| O|  |TAMS 0x0000000080a00000, 0x0000000080a00000| Untracked 
|  10|0x0000000080a00000, 0x0000000080b00000, 0x0000000080b00000|100%| O|  |TAMS 0x0000000080b00000, 0x0000000080b00000| Untracked 
|  11|0x0000000080b00000, 0x0000000080c00000, 0x0000000080c00000|100%| O|  |TAMS 0x0000000080c00000, 0x0000000080c00000| Untracked 
|  12|0x0000000080c00000, 0x0000000080d00000, 0x0000000080d00000|100%| O|  |TAMS 0x0000000080d00000, 0x0000000080d00000| Untracked 
|  13|0x0000000080d00000, 0x0000000080e00000, 0x0000000080e00000|100%| O|  |TAMS 0x0000000080e00000, 0x0000000080e00000| Untracked 
|  14|0x0000000080e00000, 0x0000000080f00000, 0x0000000080f00000|100%| O|  |TAMS 0x0000000080f00000, 0x0000000080f00000| Untracked 
|  15|0x0000000080f00000, 0x0000000081000000, 0x0000000081000000|100%| O|  |TAMS 0x0000000081000000, 0x0000000081000000| Untracked 
|  16|0x0000000081000000, 0x0000000081100000, 0x0000000081100000|100%| O|  |TAMS 0x0000000081100000, 0x0000000081100000| Untracked 
|  17|0x0000000081100000, 0x0000000081200000, 0x0000000081200000|100%| O|  |TAMS 0x0000000081200000, 0x0000000081200000| Untracked 
|  18|0x0000000081200000, 0x0000000081300000, 0x0000000081300000|100%| O|  |TAMS 0x0000000081300000, 0x0000000081300000| Untracked 
|  19|0x0000000081300000, 0x0000000081400000, 0x0000000081400000|100%|HS|  |TAMS 0x0000000081400000, 0x0000000081400000| Complete 
|  20|0x0000000081400000, 0x0000000081500000, 0x0000000081500000|100%| O|  |TAMS 0x0000000081500000, 0x0000000081500000| Untracked 
|  21|0x0000000081500000, 0x0000000081600000, 0x0000000081600000|100%| O|  |TAMS 0x0000000081600000, 0x0000000081600000| Untracked 
|  22|0x0000000081600000, 0x0000000081700000, 0x0000000081700000|100%| O|  |TAMS 0x0000000081700000, 0x0000000081700000| Untracked 
|  23|0x0000000081700000, 0x0000000081800000, 0x0000000081800000|100%| O|  |TAMS 0x0000000081800000, 0x0000000081800000| Untracked 
|  24|0x0000000081800000, 0x0000000081900000, 0x0000000081900000|100%| O|  |TAMS 0x0000000081900000, 0x0000000081900000| Untracked 
|  25|0x0000000081900000, 0x0000000081a00000, 0x0000000081a00000|100%| O|  |TAMS 0x0000000081a00000, 0x0000000081a00000| Untracked 
|  26|0x0000000081a00000, 0x0000000081b00000, 0x0000000081b00000|100%| O|  |TAMS 0x0000000081b00000, 0x0000000081b00000| Untracked 
|  27|0x0000000081b00000, 0x0000000081c00000, 0x0000000081c00000|100%|HS|  |TAMS 0x0000000081c00000, 0x0000000081c00000| Complete 
|  28|0x0000000081c00000, 0x0000000081d00000, 0x0000000081d00000|100%|HS|  |TAMS 0x0000000081d00000, 0x0000000081d00000| Complete 
|  29|0x0000000081d00000, 0x0000000081e00000, 0x0000000081e00000|100%|HC|  |TAMS 0x0000000081e00000, 0x0000000081e00000| Complete 
|  30|0x0000000081e00000, 0x0000000081f00000, 0x0000000081f00000|100%| O|  |TAMS 0x0000000081f00000, 0x0000000081f00000| Untracked 
|  31|0x0000000081f00000, 0x0000000082000000, 0x0000000082000000|100%| O|  |TAMS 0x0000000082000000, 0x0000000082000000| Untracked 
|  32|0x0000000082000000, 0x0000000082100000, 0x0000000082100000|100%| O|  |TAMS 0x0000000082100000, 0x0000000082100000| Untracked 
|  33|0x0000000082100000, 0x0000000082200000, 0x0000000082200000|100%| O|  |TAMS 0x0000000082200000, 0x0000000082200000| Untracked 
|  34|0x0000000082200000, 0x0000000082300000, 0x0000000082300000|100%| O|  |TAMS 0x0000000082300000, 0x0000000082300000| Untracked 
|  35|0x0000000082300000, 0x0000000082400000, 0x0000000082400000|100%| O|  |TAMS 0x0000000082400000, 0x0000000082400000| Untracked 
|  36|0x0000000082400000, 0x0000000082500000, 0x0000000082500000|100%| O|  |TAMS 0x0000000082500000, 0x0000000082500000| Untracked 
|  37|0x0000000082500000, 0x0000000082600000, 0x0000000082600000|100%| O|  |TAMS 0x0000000082600000, 0x0000000082600000| Untracked 
|  38|0x0000000082600000, 0x0000000082700000, 0x0000000082700000|100%| O|  |TAMS 0x0000000082700000, 0x0000000082700000| Untracked 
|  39|0x0000000082700000, 0x0000000082800000, 0x0000000082800000|100%| O|  |TAMS 0x0000000082800000, 0x0000000082800000| Untracked 
|  40|0x0000000082800000, 0x0000000082900000, 0x0000000082900000|100%| O|  |TAMS 0x0000000082900000, 0x0000000082900000| Untracked 
|  41|0x0000000082900000, 0x0000000082a00000, 0x0000000082a00000|100%| O|  |TAMS 0x0000000082a00000, 0x0000000082a00000| Untracked 
|  42|0x0000000082a00000, 0x0000000082b00000, 0x0000000082b00000|100%| O|  |TAMS 0x0000000082b00000, 0x0000000082b00000| Untracked 
|  43|0x0000000082b00000, 0x0000000082c00000, 0x0000000082c00000|100%| O|  |TAMS 0x0000000082c00000, 0x0000000082c00000| Untracked 
|  44|0x0000000082c00000, 0x0000000082d00000, 0x0000000082d00000|100%| O|  |TAMS 0x0000000082d00000, 0x0000000082d00000| Untracked 
|  45|0x0000000082d00000, 0x0000000082e00000, 0x0000000082e00000|100%| O|  |TAMS 0x0000000082e00000, 0x0000000082e00000| Untracked 
|  46|0x0000000082e00000, 0x0000000082f00000, 0x0000000082f00000|100%| O|  |TAMS 0x0000000082f00000, 0x0000000082f00000| Untracked 
|  47|0x0000000082f00000, 0x0000000083000000, 0x0000000083000000|100%| O|  |TAMS 0x0000000083000000, 0x0000000083000000| Untracked 
|  48|0x0000000083000000, 0x0000000083100000, 0x0000000083100000|100%| O|  |TAMS 0x0000000083100000, 0x0000000083100000| Untracked 
|  49|0x0000000083100000, 0x0000000083200000, 0x0000000083200000|100%| O|  |TAMS 0x0000000083200000, 0x0000000083200000| Untracked 
|  50|0x0000000083200000, 0x0000000083300000, 0x0000000083300000|100%| O|  |TAMS 0x0000000083300000, 0x0000000083300000| Untracked 
|  51|0x0000000083300000, 0x0000000083400000, 0x0000000083400000|100%| O|  |TAMS 0x0000000083400000, 0x0000000083400000| Untracked 
|  52|0x0000000083400000, 0x0000000083500000, 0x0000000083500000|100%| O|  |TAMS 0x0000000083500000, 0x0000000083500000| Untracked 
|  53|0x0000000083500000, 0x0000000083600000, 0x0000000083600000|100%| O|  |TAMS 0x0000000083600000, 0x0000000083600000| Untracked 
|  54|0x0000000083600000, 0x0000000083700000, 0x0000000083700000|100%| O|  |TAMS 0x0000000083700000, 0x0000000083700000| Untracked 
|  55|0x0000000083700000, 0x0000000083800000, 0x0000000083800000|100%| O|  |TAMS 0x0000000083800000, 0x0000000083800000| Untracked 
|  56|0x0000000083800000, 0x0000000083900000, 0x0000000083900000|100%| O|  |TAMS 0x0000000083900000, 0x0000000083900000| Untracked 
|  57|0x0000000083900000, 0x0000000083a00000, 0x0000000083a00000|100%| O|  |TAMS 0x0000000083a00000, 0x0000000083a00000| Untracked 
|  58|0x0000000083a00000, 0x0000000083b00000, 0x0000000083b00000|100%| O|  |TAMS 0x0000000083b00000, 0x0000000083b00000| Untracked 
|  59|0x0000000083b00000, 0x0000000083c00000, 0x0000000083c00000|100%| O|  |TAMS 0x0000000083c00000, 0x0000000083c00000| Untracked 
|  60|0x0000000083c00000, 0x0000000083d00000, 0x0000000083d00000|100%| O|  |TAMS 0x0000000083d00000, 0x0000000083d00000| Untracked 
|  61|0x0000000083d00000, 0x0000000083e00000, 0x0000000083e00000|100%| O|  |TAMS 0x0000000083e00000, 0x0000000083e00000| Untracked 
|  62|0x0000000083e00000, 0x0000000083f00000, 0x0000000083f00000|100%| O|  |TAMS 0x0000000083f00000, 0x0000000083f00000| Untracked 
|  63|0x0000000083f00000, 0x0000000084000000, 0x0000000084000000|100%| O|  |TAMS 0x0000000084000000, 0x0000000084000000| Untracked 
|  64|0x0000000084000000, 0x0000000084100000, 0x0000000084100000|100%| O|  |TAMS 0x0000000084100000, 0x0000000084100000| Untracked 
|  65|0x0000000084100000, 0x0000000084200000, 0x0000000084200000|100%| O|  |TAMS 0x0000000084200000, 0x0000000084200000| Untracked 
|  66|0x0000000084200000, 0x0000000084300000, 0x0000000084300000|100%| O|  |TAMS 0x0000000084300000, 0x0000000084300000| Untracked 
|  67|0x0000000084300000, 0x0000000084400000, 0x0000000084400000|100%| O|  |TAMS 0x0000000084400000, 0x0000000084400000| Untracked 
|  68|0x0000000084400000, 0x0000000084500000, 0x0000000084500000|100%| O|  |TAMS 0x0000000084500000, 0x0000000084500000| Untracked 
|  69|0x0000000084500000, 0x0000000084600000, 0x0000000084600000|100%| O|  |TAMS 0x0000000084600000, 0x0000000084600000| Untracked 
|  70|0x0000000084600000, 0x0000000084700000, 0x0000000084700000|100%| O|  |TAMS 0x0000000084700000, 0x0000000084700000| Untracked 
|  71|0x0000000084700000, 0x0000000084800000, 0x0000000084800000|100%| O|  |TAMS 0x0000000084800000, 0x0000000084800000| Untracked 
|  72|0x0000000084800000, 0x0000000084900000, 0x0000000084900000|100%| O|  |TAMS 0x0000000084900000, 0x0000000084900000| Untracked 
|  73|0x0000000084900000, 0x0000000084a00000, 0x0000000084a00000|100%| O|  |TAMS 0x0000000084a00000, 0x0000000084a00000| Untracked 
|  74|0x0000000084a00000, 0x0000000084b00000, 0x0000000084b00000|100%| O|  |TAMS 0x0000000084b00000, 0x0000000084b00000| Untracked 
|  75|0x0000000084b00000, 0x0000000084c00000, 0x0000000084c00000|100%| O|  |TAMS 0x0000000084c00000, 0x0000000084c00000| Untracked 
|  76|0x0000000084c00000, 0x0000000084d00000, 0x0000000084d00000|100%| O|  |TAMS 0x0000000084d00000, 0x0000000084d00000| Untracked 
|  77|0x0000000084d00000, 0x0000000084e00000, 0x0000000084e00000|100%| O|  |TAMS 0x0000000084e00000, 0x0000000084e00000| Untracked 
|  78|0x0000000084e00000, 0x0000000084f00000, 0x0000000084f00000|100%|HS|  |TAMS 0x0000000084f00000, 0x0000000084f00000| Complete 
|  79|0x0000000084f00000, 0x0000000085000000, 0x0000000085000000|100%| O|  |TAMS 0x0000000085000000, 0x0000000085000000| Untracked 
|  80|0x0000000085000000, 0x0000000085100000, 0x0000000085100000|100%| O|  |TAMS 0x0000000085100000, 0x0000000085100000| Untracked 
|  81|0x0000000085100000, 0x0000000085200000, 0x0000000085200000|100%| O|  |TAMS 0x0000000085200000, 0x0000000085200000| Untracked 
|  82|0x0000000085200000, 0x0000000085300000, 0x0000000085300000|100%| O|  |TAMS 0x0000000085300000, 0x0000000085300000| Untracked 
|  83|0x0000000085300000, 0x0000000085400000, 0x0000000085400000|100%| O|  |TAMS 0x0000000085400000, 0x0000000085400000| Untracked 
|  84|0x0000000085400000, 0x0000000085500000, 0x0000000085500000|100%| O|  |TAMS 0x0000000085500000, 0x0000000085500000| Untracked 
|  85|0x0000000085500000, 0x0000000085600000, 0x0000000085600000|100%| O|  |TAMS 0x0000000085600000, 0x0000000085600000| Untracked 
|  86|0x0000000085600000, 0x0000000085700000, 0x0000000085700000|100%| O|  |TAMS 0x0000000085700000, 0x0000000085700000| Untracked 
|  87|0x0000000085700000, 0x0000000085800000, 0x0000000085800000|100%| O|  |TAMS 0x0000000085800000, 0x0000000085800000| Untracked 
|  88|0x0000000085800000, 0x0000000085900000, 0x0000000085900000|100%| O|  |TAMS 0x0000000085900000, 0x0000000085900000| Untracked 
|  89|0x0000000085900000, 0x0000000085a00000, 0x0000000085a00000|100%| O|  |TAMS 0x0000000085a00000, 0x0000000085a00000| Untracked 
|  90|0x0000000085a00000, 0x0000000085b00000, 0x0000000085b00000|100%| O|  |TAMS 0x0000000085b00000, 0x0000000085b00000| Untracked 
|  91|0x0000000085b00000, 0x0000000085c00000, 0x0000000085c00000|100%| O|  |TAMS 0x0000000085c00000, 0x0000000085c00000| Untracked 
|  92|0x0000000085c00000, 0x0000000085d00000, 0x0000000085d00000|100%| O|  |TAMS 0x0000000085d00000, 0x0000000085d00000| Untracked 
|  93|0x0000000085d00000, 0x0000000085e00000, 0x0000000085e00000|100%| O|  |TAMS 0x0000000085e00000, 0x0000000085e00000| Untracked 
|  94|0x0000000085e00000, 0x0000000085f00000, 0x0000000085f00000|100%| O|  |TAMS 0x0000000085f00000, 0x0000000085f00000| Untracked 
|  95|0x0000000085f00000, 0x0000000086000000, 0x0000000086000000|100%| O|  |TAMS 0x0000000086000000, 0x0000000086000000| Untracked 
|  96|0x0000000086000000, 0x0000000086100000, 0x0000000086100000|100%| O|  |TAMS 0x0000000086100000, 0x0000000086100000| Untracked 
|  97|0x0000000086100000, 0x0000000086200000, 0x0000000086200000|100%| O|  |TAMS 0x0000000086200000, 0x0000000086200000| Untracked 
|  98|0x0000000086200000, 0x0000000086300000, 0x0000000086300000|100%| O|  |TAMS 0x0000000086300000, 0x0000000086300000| Untracked 
|  99|0x0000000086300000, 0x0000000086400000, 0x0000000086400000|100%| O|  |TAMS 0x0000000086400000, 0x0000000086400000| Untracked 
| 100|0x0000000086400000, 0x0000000086500000, 0x0000000086500000|100%| O|  |TAMS 0x0000000086500000, 0x0000000086500000| Untracked 
| 101|0x0000000086500000, 0x0000000086600000, 0x0000000086600000|100%| O|  |TAMS 0x0000000086600000, 0x0000000086600000| Untracked 
| 102|0x0000000086600000, 0x0000000086700000, 0x0000000086700000|100%| O|  |TAMS 0x0000000086700000, 0x0000000086700000| Untracked 
| 103|0x0000000086700000, 0x0000000086800000, 0x0000000086800000|100%| O|  |TAMS 0x000000008674fa00, 0x0000000086800000| Untracked 
| 104|0x0000000086800000, 0x0000000086900000, 0x0000000086900000|100%| O|  |TAMS 0x0000000086800000, 0x0000000086900000| Untracked 
| 105|0x0000000086900000, 0x0000000086a00000, 0x0000000086a00000|100%| O|  |TAMS 0x0000000086900000, 0x0000000086a00000| Untracked 
| 106|0x0000000086a00000, 0x0000000086b00000, 0x0000000086b00000|100%| O|  |TAMS 0x0000000086a00000, 0x0000000086b00000| Untracked 
| 107|0x0000000086b00000, 0x0000000086be4200, 0x0000000086c00000| 89%| O|  |TAMS 0x0000000086b00000, 0x0000000086be4200| Untracked 
| 108|0x0000000086c00000, 0x0000000086c00000, 0x0000000086d00000|  0%| F|  |TAMS 0x0000000086c00000, 0x0000000086c00000| Untracked 
| 109|0x0000000086d00000, 0x0000000086d00000, 0x0000000086e00000|  0%| F|  |TAMS 0x0000000086d00000, 0x0000000086d00000| Untracked 
| 110|0x0000000086e00000, 0x0000000086e00000, 0x0000000086f00000|  0%| F|  |TAMS 0x0000000086e00000, 0x0000000086e00000| Untracked 
| 111|0x0000000086f00000, 0x0000000086f00000, 0x0000000087000000|  0%| F|  |TAMS 0x0000000086f00000, 0x0000000086f00000| Untracked 
| 112|0x0000000087000000, 0x0000000087100000, 0x0000000087100000|100%| O|  |TAMS 0x0000000087000000, 0x0000000087100000| Untracked 
| 113|0x0000000087100000, 0x0000000087200000, 0x0000000087200000|100%| O|  |TAMS 0x0000000087100000, 0x0000000087200000| Untracked 
| 114|0x0000000087200000, 0x0000000087200000, 0x0000000087300000|  0%| F|  |TAMS 0x0000000087200000, 0x0000000087200000| Untracked 
| 115|0x0000000087300000, 0x0000000087300000, 0x0000000087400000|  0%| F|  |TAMS 0x0000000087300000, 0x0000000087300000| Untracked 
| 116|0x0000000087400000, 0x0000000087400000, 0x0000000087500000|  0%| F|  |TAMS 0x0000000087400000, 0x0000000087400000| Untracked 
| 117|0x0000000087500000, 0x0000000087500000, 0x0000000087600000|  0%| F|  |TAMS 0x0000000087500000, 0x0000000087500000| Untracked 
| 118|0x0000000087600000, 0x0000000087600000, 0x0000000087700000|  0%| F|  |TAMS 0x0000000087600000, 0x0000000087600000| Untracked 
| 119|0x0000000087700000, 0x0000000087700000, 0x0000000087800000|  0%| F|  |TAMS 0x0000000087700000, 0x0000000087700000| Untracked 
| 120|0x0000000087800000, 0x0000000087800000, 0x0000000087900000|  0%| F|  |TAMS 0x0000000087800000, 0x0000000087800000| Untracked 
| 121|0x0000000087900000, 0x0000000087900000, 0x0000000087a00000|  0%| F|  |TAMS 0x0000000087900000, 0x0000000087900000| Untracked 
| 122|0x0000000087a00000, 0x0000000087a00000, 0x0000000087b00000|  0%| F|  |TAMS 0x0000000087a00000, 0x0000000087a00000| Untracked 
| 123|0x0000000087b00000, 0x0000000087b00000, 0x0000000087c00000|  0%| F|  |TAMS 0x0000000087b00000, 0x0000000087b00000| Untracked 
| 124|0x0000000087c00000, 0x0000000087c00000, 0x0000000087d00000|  0%| F|  |TAMS 0x0000000087c00000, 0x0000000087c00000| Untracked 
| 125|0x0000000087d00000, 0x0000000087d00000, 0x0000000087e00000|  0%| F|  |TAMS 0x0000000087d00000, 0x0000000087d00000| Untracked 
| 126|0x0000000087e00000, 0x0000000087e00000, 0x0000000087f00000|  0%| F|  |TAMS 0x0000000087e00000, 0x0000000087e00000| Untracked 
| 127|0x0000000087f00000, 0x0000000087f00000, 0x0000000088000000|  0%| F|  |TAMS 0x0000000087f00000, 0x0000000087f00000| Untracked 
| 128|0x0000000088000000, 0x0000000088000000, 0x0000000088100000|  0%| F|  |TAMS 0x0000000088000000, 0x0000000088000000| Untracked 
| 129|0x0000000088100000, 0x0000000088100000, 0x0000000088200000|  0%| F|  |TAMS 0x0000000088100000, 0x0000000088100000| Untracked 
| 130|0x0000000088200000, 0x0000000088200000, 0x0000000088300000|  0%| F|  |TAMS 0x0000000088200000, 0x0000000088200000| Untracked 
| 131|0x0000000088300000, 0x0000000088300000, 0x0000000088400000|  0%| F|  |TAMS 0x0000000088300000, 0x0000000088300000| Untracked 
| 132|0x0000000088400000, 0x0000000088400000, 0x0000000088500000|  0%| F|  |TAMS 0x0000000088400000, 0x0000000088400000| Untracked 
| 133|0x0000000088500000, 0x0000000088500000, 0x0000000088600000|  0%| F|  |TAMS 0x0000000088500000, 0x0000000088500000| Untracked 
| 134|0x0000000088600000, 0x0000000088600000, 0x0000000088700000|  0%| F|  |TAMS 0x0000000088600000, 0x0000000088600000| Untracked 
| 135|0x0000000088700000, 0x0000000088700000, 0x0000000088800000|  0%| F|  |TAMS 0x0000000088700000, 0x0000000088700000| Untracked 
| 136|0x0000000088800000, 0x0000000088800000, 0x0000000088900000|  0%| F|  |TAMS 0x0000000088800000, 0x0000000088800000| Untracked 
| 137|0x0000000088900000, 0x0000000088900000, 0x0000000088a00000|  0%| F|  |TAMS 0x0000000088900000, 0x0000000088900000| Untracked 
| 138|0x0000000088a00000, 0x0000000088a00000, 0x0000000088b00000|  0%| F|  |TAMS 0x0000000088a00000, 0x0000000088a00000| Untracked 
| 139|0x0000000088b00000, 0x0000000088b00000, 0x0000000088c00000|  0%| F|  |TAMS 0x0000000088b00000, 0x0000000088b00000| Untracked 
| 140|0x0000000088c00000, 0x0000000088c00000, 0x0000000088d00000|  0%| F|  |TAMS 0x0000000088c00000, 0x0000000088c00000| Untracked 
| 141|0x0000000088d00000, 0x0000000088d00000, 0x0000000088e00000|  0%| F|  |TAMS 0x0000000088d00000, 0x0000000088d00000| Untracked 
| 142|0x0000000088e00000, 0x0000000088e00000, 0x0000000088f00000|  0%| F|  |TAMS 0x0000000088e00000, 0x0000000088e00000| Untracked 
| 143|0x0000000088f00000, 0x0000000088f00000, 0x0000000089000000|  0%| F|  |TAMS 0x0000000088f00000, 0x0000000088f00000| Untracked 
| 144|0x0000000089000000, 0x0000000089000000, 0x0000000089100000|  0%| F|  |TAMS 0x0000000089000000, 0x0000000089000000| Untracked 
| 145|0x0000000089100000, 0x0000000089100000, 0x0000000089200000|  0%| F|  |TAMS 0x0000000089100000, 0x0000000089100000| Untracked 
| 146|0x0000000089200000, 0x0000000089200000, 0x0000000089300000|  0%| F|  |TAMS 0x0000000089200000, 0x0000000089200000| Untracked 
| 147|0x0000000089300000, 0x0000000089300000, 0x0000000089400000|  0%| F|  |TAMS 0x0000000089300000, 0x0000000089300000| Untracked 
| 148|0x0000000089400000, 0x0000000089400000, 0x0000000089500000|  0%| F|  |TAMS 0x0000000089400000, 0x0000000089400000| Untracked 
| 149|0x0000000089500000, 0x0000000089500000, 0x0000000089600000|  0%| F|  |TAMS 0x0000000089500000, 0x0000000089500000| Untracked 
| 150|0x0000000089600000, 0x0000000089600000, 0x0000000089700000|  0%| F|  |TAMS 0x0000000089600000, 0x0000000089600000| Untracked 
| 151|0x0000000089700000, 0x0000000089700000, 0x0000000089800000|  0%| F|  |TAMS 0x0000000089700000, 0x0000000089700000| Untracked 
| 152|0x0000000089800000, 0x0000000089800000, 0x0000000089900000|  0%| F|  |TAMS 0x0000000089800000, 0x0000000089800000| Untracked 
| 153|0x0000000089900000, 0x0000000089900000, 0x0000000089a00000|  0%| F|  |TAMS 0x0000000089900000, 0x0000000089900000| Untracked 
| 154|0x0000000089a00000, 0x0000000089a00000, 0x0000000089b00000|  0%| F|  |TAMS 0x0000000089a00000, 0x0000000089a00000| Untracked 
| 155|0x0000000089b00000, 0x0000000089b00000, 0x0000000089c00000|  0%| F|  |TAMS 0x0000000089b00000, 0x0000000089b00000| Untracked 
| 156|0x0000000089c00000, 0x0000000089c00000, 0x0000000089d00000|  0%| F|  |TAMS 0x0000000089c00000, 0x0000000089c00000| Untracked 
| 157|0x0000000089d00000, 0x0000000089d00000, 0x0000000089e00000|  0%| F|  |TAMS 0x0000000089d00000, 0x0000000089d00000| Untracked 
| 158|0x0000000089e00000, 0x0000000089e00000, 0x0000000089f00000|  0%| F|  |TAMS 0x0000000089e00000, 0x0000000089e00000| Untracked 
| 159|0x0000000089f00000, 0x0000000089f00000, 0x000000008a000000|  0%| F|  |TAMS 0x0000000089f00000, 0x0000000089f00000| Untracked 
| 160|0x000000008a000000, 0x000000008a000000, 0x000000008a100000|  0%| F|  |TAMS 0x000000008a000000, 0x000000008a000000| Untracked 
| 161|0x000000008a100000, 0x000000008a100000, 0x000000008a200000|  0%| F|  |TAMS 0x000000008a100000, 0x000000008a100000| Untracked 
| 162|0x000000008a200000, 0x000000008a200000, 0x000000008a300000|  0%| F|  |TAMS 0x000000008a200000, 0x000000008a200000| Untracked 
| 163|0x000000008a300000, 0x000000008a300000, 0x000000008a400000|  0%| F|  |TAMS 0x000000008a300000, 0x000000008a300000| Untracked 
| 164|0x000000008a400000, 0x000000008a400000, 0x000000008a500000|  0%| F|  |TAMS 0x000000008a400000, 0x000000008a400000| Untracked 
| 165|0x000000008a500000, 0x000000008a600000, 0x000000008a600000|100%| S|CS|TAMS 0x000000008a500000, 0x000000008a500000| Complete 
| 166|0x000000008a600000, 0x000000008a700000, 0x000000008a700000|100%| S|CS|TAMS 0x000000008a600000, 0x000000008a600000| Complete 
| 167|0x000000008a700000, 0x000000008a800000, 0x000000008a800000|100%| S|CS|TAMS 0x000000008a700000, 0x000000008a700000| Complete 
| 168|0x000000008a800000, 0x000000008a900000, 0x000000008a900000|100%| S|CS|TAMS 0x000000008a800000, 0x000000008a800000| Complete 
| 169|0x000000008a900000, 0x000000008aa00000, 0x000000008aa00000|100%| S|CS|TAMS 0x000000008a900000, 0x000000008a900000| Complete 
| 170|0x000000008aa00000, 0x000000008aa00000, 0x000000008ab00000|  0%| F|  |TAMS 0x000000008aa00000, 0x000000008aa00000| Untracked 
| 171|0x000000008ab00000, 0x000000008ab00000, 0x000000008ac00000|  0%| F|  |TAMS 0x000000008ab00000, 0x000000008ab00000| Untracked 
| 172|0x000000008ac00000, 0x000000008ac00000, 0x000000008ad00000|  0%| F|  |TAMS 0x000000008ac00000, 0x000000008ac00000| Untracked 
| 173|0x000000008ad00000, 0x000000008ad00000, 0x000000008ae00000|  0%| F|  |TAMS 0x000000008ad00000, 0x000000008ad00000| Untracked 
| 174|0x000000008ae00000, 0x000000008ae00000, 0x000000008af00000|  0%| F|  |TAMS 0x000000008ae00000, 0x000000008ae00000| Untracked 
| 175|0x000000008af00000, 0x000000008af00000, 0x000000008b000000|  0%| F|  |TAMS 0x000000008af00000, 0x000000008af00000| Untracked 
| 176|0x000000008b000000, 0x000000008b000000, 0x000000008b100000|  0%| F|  |TAMS 0x000000008b000000, 0x000000008b000000| Untracked 
| 177|0x000000008b100000, 0x000000008b100000, 0x000000008b200000|  0%| F|  |TAMS 0x000000008b100000, 0x000000008b100000| Untracked 
| 178|0x000000008b200000, 0x000000008b200000, 0x000000008b300000|  0%| F|  |TAMS 0x000000008b200000, 0x000000008b200000| Untracked 
| 179|0x000000008b300000, 0x000000008b300000, 0x000000008b400000|  0%| F|  |TAMS 0x000000008b300000, 0x000000008b300000| Untracked 
| 180|0x000000008b400000, 0x000000008b400000, 0x000000008b500000|  0%| F|  |TAMS 0x000000008b400000, 0x000000008b400000| Untracked 
| 181|0x000000008b500000, 0x000000008b500000, 0x000000008b600000|  0%| F|  |TAMS 0x000000008b500000, 0x000000008b500000| Untracked 
| 182|0x000000008b600000, 0x000000008b600000, 0x000000008b700000|  0%| F|  |TAMS 0x000000008b600000, 0x000000008b600000| Untracked 

Card table byte_map: [0x0000024464920000,0x0000024464d20000] _byte_map_base: 0x0000024464520000

Marking Bits (Prev, Next): (CMBitMap*) 0x000002444f7efae8, (CMBitMap*) 0x000002444f7efb20
 Prev Bits: [0x0000024465120000, 0x0000024467120000)
 Next Bits: [0x0000024467120000, 0x0000024469120000)

Polling page: 0x000002444f660000

Metaspace:

Usage:
  Non-class:     76.69 MB capacity,    75.18 MB ( 98%) used,     1.26 MB (  2%) free+waste,   253.38 KB ( <1%) overhead. 
      Class:     11.85 MB capacity,    11.02 MB ( 93%) used,   738.73 KB (  6%) free+waste,   116.38 KB ( <1%) overhead. 
       Both:     88.54 MB capacity,    86.20 MB ( 97%) used,     1.98 MB (  2%) free+waste,   369.75 KB ( <1%) overhead. 

Virtual space:
  Non-class space:       78.00 MB reserved,      77.14 MB ( 99%) committed 
      Class space:        1.00 GB reserved,      12.07 MB (  1%) committed 
             Both:        1.08 GB reserved,      89.21 MB (  8%) committed 

Chunk freelists:
   Non-Class:  399.00 KB
       Class:  213.00 KB
        Both:  612.00 KB

MaxMetaspaceSize: 17179869184.00 GB
CompressedClassSpaceSize: 1.00 GB
Initial GC threshold: 20.80 MB
Current GC threshold: 148.28 MB
CDS: off

CodeHeap 'non-profiled nmethods': size=120000Kb used=6673Kb max_used=6673Kb free=113326Kb
 bounds [0x000002445c590000, 0x000002445cc20000, 0x0000024463ac0000]
CodeHeap 'profiled nmethods': size=120000Kb used=23234Kb max_used=23234Kb free=96765Kb
 bounds [0x0000024455060000, 0x0000024456720000, 0x000002445c590000]
CodeHeap 'non-nmethods': size=5760Kb used=2375Kb max_used=2480Kb free=3384Kb
 bounds [0x0000024454ac0000, 0x0000024454d40000, 0x0000024455060000]
 total_blobs=11620 nmethods=10738 adapters=794
 compilation: enabled
              stopped_count=0, restarted_count=0
 full_count=0

Compilation events (20 events):
Event: 13.447 Thread 0x000002446bc22800 10841       4       com.android.ide.common.resources.NodeUtils::updateNamespace (161 bytes)
Event: 13.453 Thread 0x000002446bc29800 10863       2       org.apache.xerces.dom.AttributeMap::setNamedItemNS (366 bytes)
Event: 13.454 Thread 0x000002446bc29800 nmethod 10863 0x0000024456703a10 code [0x0000024456703d80, 0x0000024456704a48]
Event: 13.455 Thread 0x000002446bc29800 10865       2       org.apache.xerces.dom.AttrNSImpl::setPrefix (295 bytes)
Event: 13.457 Thread 0x000002446bc29800 nmethod 10865 0x0000024456705090 code [0x0000024456705440, 0x0000024456706728]
Event: 13.461 Thread 0x000002446c800800 nmethod 10846 0x000002445cc0ef90 code [0x000002445cc0f1e0, 0x000002445cc106c8]
Event: 13.461 Thread 0x000002446c800800 10862       4       org.apache.xerces.dom.AttrImpl::setValue (369 bytes)
Event: 13.461 Thread 0x000002446bc29800 10867       2       org.apache.xerces.dom.AttrNSImpl::setName (188 bytes)
Event: 13.462 Thread 0x000002446bc29800 nmethod 10867 0x0000024456706f10 code [0x00000244567071c0, 0x00000244567079e8]
Event: 13.464 Thread 0x000002446bc22800 nmethod 10841 0x000002445cc11390 code [0x000002445cc11780, 0x000002445cc12678]
Event: 13.464 Thread 0x000002446bc22800 10864       4       com.android.ide.common.resources.NodeUtils::duplicateNode (315 bytes)
Event: 13.467 Thread 0x000002446c800800 nmethod 10862 0x000002445cc13a90 code [0x000002445cc13c60, 0x000002445cc140d8]
Event: 13.467 Thread 0x000002446c800800 10866       4       org.apache.xerces.dom.NamedNodeMapImpl::findNamePoint (131 bytes)
Event: 13.467 Thread 0x000002446bc29800 10869       2       com.google.common.base.Joiner::appendTo (73 bytes)
Event: 13.468 Thread 0x000002446bc29800 nmethod 10869 0x0000024456707f10 code [0x0000024456708160, 0x00000244567084f8]
Event: 13.471 Thread 0x000002446bc29800 10871       3       com.android.utils.XmlUtils::toXmlAttributeValue (89 bytes)
Event: 13.472 Thread 0x000002446bc29800 nmethod 10871 0x0000024456708710 code [0x0000024456708a00, 0x0000024456709a98]
Event: 13.472 Thread 0x000002446bc29800 10870 %     3       com.android.utils.XmlUtils::append @ 376 (645 bytes)
Event: 13.477 Thread 0x000002446bc29800 nmethod 10870% 0x000002445670a190 code [0x000002445670a9e0, 0x000002445670f248]
Event: 13.477 Thread 0x000002446bc29800 10876       3       com.android.utils.XmlUtils::append (645 bytes)

GC Heap History (20 events):
Event: 8.073 GC heap after
{Heap after GC invocations=16 (full 0):
 garbage-first heap   total 155648K, used 55355K [0x0000000080000000, 0x0000000100000000)
  region size 1024K, 5 young (5120K), 5 survivors (5120K)
 Metaspace       used 66658K, capacity 68471K, committed 68700K, reserved 1110016K
  class space    used 8399K, capacity 9034K, committed 9164K, reserved 1048576K
}
Event: 8.750 GC heap before
{Heap before GC invocations=16 (full 0):
 garbage-first heap   total 155648K, used 110651K [0x0000000080000000, 0x0000000100000000)
  region size 1024K, 59 young (60416K), 5 survivors (5120K)
 Metaspace       used 72382K, capacity 74195K, committed 74460K, reserved 1114112K
  class space    used 9300K, capacity 9927K, committed 10060K, reserved 1048576K
}
Event: 8.755 GC heap after
{Heap after GC invocations=17 (full 0):
 garbage-first heap   total 155648K, used 58405K [0x0000000080000000, 0x0000000100000000)
  region size 1024K, 8 young (8192K), 8 survivors (8192K)
 Metaspace       used 72382K, capacity 74195K, committed 74460K, reserved 1114112K
  class space    used 9300K, capacity 9927K, committed 10060K, reserved 1048576K
}
Event: 9.116 GC heap before
{Heap before GC invocations=17 (full 0):
 garbage-first heap   total 155648K, used 113701K [0x0000000080000000, 0x0000000100000000)
  region size 1024K, 62 young (63488K), 8 survivors (8192K)
 Metaspace       used 74278K, capacity 76344K, committed 76508K, reserved 1116160K
  class space    used 9580K, capacity 10255K, committed 10316K, reserved 1048576K
}
Event: 9.125 GC heap after
{Heap after GC invocations=18 (full 0):
 garbage-first heap   total 155648K, used 62420K [0x0000000080000000, 0x0000000100000000)
  region size 1024K, 8 young (8192K), 8 survivors (8192K)
 Metaspace       used 74278K, capacity 76344K, committed 76508K, reserved 1116160K
  class space    used 9580K, capacity 10255K, committed 10316K, reserved 1048576K
}
Event: 9.769 GC heap before
{Heap before GC invocations=18 (full 0):
 garbage-first heap   total 155648K, used 117716K [0x0000000080000000, 0x0000000100000000)
  region size 1024K, 62 young (63488K), 8 survivors (8192K)
 Metaspace       used 79940K, capacity 81970K, committed 82140K, reserved 1120256K
  class space    used 10358K, capacity 11061K, committed 11084K, reserved 1048576K
}
Event: 9.777 GC heap after
{Heap after GC invocations=19 (full 0):
 garbage-first heap   total 187392K, used 66213K [0x0000000080000000, 0x0000000100000000)
  region size 1024K, 8 young (8192K), 8 survivors (8192K)
 Metaspace       used 79940K, capacity 81970K, committed 82140K, reserved 1120256K
  class space    used 10358K, capacity 11061K, committed 11084K, reserved 1048576K
}
Event: 10.988 GC heap before
{Heap before GC invocations=19 (full 0):
 garbage-first heap   total 187392K, used 135845K [0x0000000080000000, 0x0000000100000000)
  region size 1024K, 77 young (78848K), 8 survivors (8192K)
 Metaspace       used 85288K, capacity 87723K, committed 87900K, reserved 1126400K
  class space    used 11066K, capacity 11904K, committed 11980K, reserved 1048576K
}
Event: 10.998 GC heap after
{Heap after GC invocations=20 (full 0):
 garbage-first heap   total 187392K, used 72685K [0x0000000080000000, 0x0000000100000000)
  region size 1024K, 10 young (10240K), 10 survivors (10240K)
 Metaspace       used 85288K, capacity 87723K, committed 87900K, reserved 1126400K
  class space    used 11066K, capacity 11904K, committed 11980K, reserved 1048576K
}
Event: 11.433 GC heap before
{Heap before GC invocations=20 (full 0):
 garbage-first heap   total 187392K, used 140269K [0x0000000080000000, 0x0000000100000000)
  region size 1024K, 77 young (78848K), 10 survivors (10240K)
 Metaspace       used 86340K, capacity 88936K, committed 89180K, reserved 1126400K
  class space    used 11198K, capacity 12108K, committed 12236K, reserved 1048576K
}
Event: 11.443 GC heap after
{Heap after GC invocations=21 (full 0):
 garbage-first heap   total 187392K, used 77499K [0x0000000080000000, 0x0000000100000000)
  region size 1024K, 5 young (5120K), 5 survivors (5120K)
 Metaspace       used 86340K, capacity 88936K, committed 89180K, reserved 1126400K
  class space    used 11198K, capacity 12108K, committed 12236K, reserved 1048576K
}
Event: 12.174 GC heap before
{Heap before GC invocations=21 (full 0):
 garbage-first heap   total 187392K, used 144059K [0x0000000080000000, 0x0000000100000000)
  region size 1024K, 71 young (72704K), 5 survivors (5120K)
 Metaspace       used 87922K, capacity 90515K, committed 90844K, reserved 1128448K
  class space    used 11347K, capacity 12266K, committed 12364K, reserved 1048576K
}
Event: 12.181 GC heap after
{Heap after GC invocations=22 (full 0):
 garbage-first heap   total 187392K, used 85503K [0x0000000080000000, 0x0000000100000000)
  region size 1024K, 8 young (8192K), 8 survivors (8192K)
 Metaspace       used 87922K, capacity 90515K, committed 90844K, reserved 1128448K
  class space    used 11347K, capacity 12266K, committed 12364K, reserved 1048576K
}
Event: 12.729 GC heap before
{Heap before GC invocations=22 (full 0):
 garbage-first heap   total 187392K, used 148991K [0x0000000080000000, 0x0000000100000000)
  region size 1024K, 68 young (69632K), 8 survivors (8192K)
 Metaspace       used 88185K, capacity 90712K, committed 90844K, reserved 1128448K
  class space    used 11365K, capacity 12268K, committed 12364K, reserved 1048576K
}
Event: 12.741 GC heap after
{Heap after GC invocations=23 (full 0):
 garbage-first heap   total 187392K, used 103960K [0x0000000080000000, 0x0000000100000000)
  region size 1024K, 9 young (9216K), 9 survivors (9216K)
 Metaspace       used 88185K, capacity 90712K, committed 90844K, reserved 1128448K
  class space    used 11365K, capacity 12268K, committed 12364K, reserved 1048576K
}
Event: 12.864 GC heap before
{Heap before GC invocations=23 (full 0):
 garbage-first heap   total 187392K, used 114200K [0x0000000080000000, 0x0000000100000000)
  region size 1024K, 20 young (20480K), 9 survivors (9216K)
 Metaspace       used 88450K, capacity 91032K, committed 91100K, reserved 1128448K
  class space    used 11386K, capacity 12332K, committed 12364K, reserved 1048576K
}
Event: 12.874 GC heap after
{Heap after GC invocations=24 (full 0):
 garbage-first heap   total 187392K, used 108479K [0x0000000080000000, 0x0000000100000000)
  region size 1024K, 3 young (3072K), 3 survivors (3072K)
 Metaspace       used 88450K, capacity 91032K, committed 91100K, reserved 1128448K
  class space    used 11386K, capacity 12332K, committed 12364K, reserved 1048576K
}
Event: 13.334 GC heap before
{Heap before GC invocations=25 (full 0):
 garbage-first heap   total 187392K, used 145343K [0x0000000080000000, 0x0000000100000000)
  region size 1024K, 32 young (32768K), 3 survivors (3072K)
 Metaspace       used 88236K, capacity 90662K, committed 91356K, reserved 1128448K
  class space    used 11281K, capacity 12137K, committed 12364K, reserved 1048576K
}
Event: 13.343 GC heap after
{Heap after GC invocations=26 (full 0):
 garbage-first heap   total 187392K, used 111868K [0x0000000080000000, 0x0000000100000000)
  region size 1024K, 4 young (4096K), 4 survivors (4096K)
 Metaspace       used 88236K, capacity 90662K, committed 91356K, reserved 1128448K
  class space    used 11281K, capacity 12137K, committed 12364K, reserved 1048576K
}
Event: 13.478 GC heap before
{Heap before GC invocations=26 (full 0):
 garbage-first heap   total 187392K, used 124156K [0x0000000080000000, 0x0000000100000000)
  region size 1024K, 17 young (17408K), 4 survivors (4096K)
 Metaspace       used 88269K, capacity 90668K, committed 91356K, reserved 1128448K
  class space    used 11283K, capacity 12139K, committed 12364K, reserved 1048576K
}

Deoptimization events (20 events):
Event: 13.427 Thread 0x0000024475b2e000 Uncommon trap: trap_request=0xffffffde fr.pc=0x000002445cc07da0 relative=0x00000000000002e0
Event: 13.427 Thread 0x0000024475b2e000 Uncommon trap: reason=class_check action=maybe_recompile pc=0x000002445cc07da0 method=org.apache.xerces.dom.ElementImpl.getAttributes()Lorg/w3c/dom/NamedNodeMap; @ 8 c2
Event: 13.427 Thread 0x0000024475b2e000 DEOPT PACKING pc=0x000002445cc07da0 sp=0x000000d137dfa2e0
Event: 13.427 Thread 0x0000024475b2e000 DEOPT UNPACKING pc=0x0000024454ac85af sp=0x000000d137dfa2b8 mode 2
Event: 13.427 Thread 0x0000024475b2e000 Uncommon trap: trap_request=0xffffffde fr.pc=0x000002445cc07da0 relative=0x00000000000002e0
Event: 13.427 Thread 0x0000024475b2e000 Uncommon trap: reason=class_check action=maybe_recompile pc=0x000002445cc07da0 method=org.apache.xerces.dom.ElementImpl.getAttributes()Lorg/w3c/dom/NamedNodeMap; @ 8 c2
Event: 13.427 Thread 0x0000024475b2e000 DEOPT PACKING pc=0x000002445cc07da0 sp=0x000000d137dfa2e0
Event: 13.427 Thread 0x0000024475b2e000 DEOPT UNPACKING pc=0x0000024454ac85af sp=0x000000d137dfa2b8 mode 2
Event: 13.427 Thread 0x0000024475b2e000 Uncommon trap: trap_request=0xffffffde fr.pc=0x000002445cc07da0 relative=0x00000000000002e0
Event: 13.427 Thread 0x0000024475b2e000 Uncommon trap: reason=class_check action=maybe_recompile pc=0x000002445cc07da0 method=org.apache.xerces.dom.ElementImpl.getAttributes()Lorg/w3c/dom/NamedNodeMap; @ 8 c2
Event: 13.427 Thread 0x0000024475b2e000 DEOPT PACKING pc=0x000002445cc07da0 sp=0x000000d137dfa2e0
Event: 13.427 Thread 0x0000024475b2e000 DEOPT UNPACKING pc=0x0000024454ac85af sp=0x000000d137dfa2b8 mode 2
Event: 13.471 Thread 0x0000024475b2e000 Uncommon trap: trap_request=0xffffff4d fr.pc=0x000002445cbf0970 relative=0x0000000000003130
Event: 13.471 Thread 0x0000024475b2e000 Uncommon trap: reason=unstable_if action=reinterpret pc=0x000002445cbf0970 method=com.android.utils.XmlUtils.toXmlAttributeValue(Ljava/lang/String;)Ljava/lang/String; @ 33 c2
Event: 13.471 Thread 0x0000024475b2e000 DEOPT PACKING pc=0x000002445cbf0970 sp=0x000000d137dfa450
Event: 13.471 Thread 0x0000024475b2e000 DEOPT UNPACKING pc=0x0000024454ac85af sp=0x000000d137dfa398 mode 2
Event: 13.471 Thread 0x0000024475b2e000 Uncommon trap: trap_request=0xffffff4d fr.pc=0x000002445cbd1458 relative=0x0000000000000398
Event: 13.471 Thread 0x0000024475b2e000 Uncommon trap: reason=unstable_if action=reinterpret pc=0x000002445cbd1458 method=com.android.utils.XmlUtils.toXmlAttributeValue(Ljava/lang/String;)Ljava/lang/String; @ 33 c2
Event: 13.471 Thread 0x0000024475b2e000 DEOPT PACKING pc=0x000002445cbd1458 sp=0x000000d137dfa400
Event: 13.471 Thread 0x0000024475b2e000 DEOPT UNPACKING pc=0x0000024454ac85af sp=0x000000d137dfa388 mode 2

Classes redefined (0 events):
No events

Internal exceptions (20 events):
Event: 10.590 Thread 0x000002446f71e800 Exception <a 'java/lang/IncompatibleClassChangeError'{0x0000000088c76c00}: Found class java.lang.Object, but interface was expected> (0x0000000088c76c00) thrown at [./src/hotspot/share/interpreter/linkResolver.cpp, line 839]
Event: 10.615 Thread 0x000002446f71e800 Exception <a 'java/lang/NoSuchMethodError'{0x0000000088a75de0}: 'int java.lang.invoke.DirectMethodHandle$Holder.invokeStaticInit(java.lang.Object, java.lang.Object, java.lang.Object, java.lang.Object, java.lang.Object)'> (0x0000000088a75de0) thrown at [./src/hotspot/share/interpreter/linkResolver.cpp, line 773]
Event: 10.631 Thread 0x000002446f71e800 Exception <a 'java/lang/NoSuchMethodError'{0x00000000889a1380}: 'void java.lang.invoke.DirectMethodHandle$Holder.invokeVirtual(java.lang.Object, java.lang.Object)'> (0x00000000889a1380) thrown at [./src/hotspot/share/interpreter/linkResolver.cpp, line 773]
Event: 10.665 Thread 0x000002446f71e800 Implicit null exception at 0x000002445c8656f7 to 0x000002445c865890
Event: 10.678 Thread 0x000002446f71e800 Exception <a 'java/lang/NoSuchMethodError'{0x000000008862fb50}: 'java.lang.Object java.lang.invoke.DirectMethodHandle$Holder.newInvokeSpecial(java.lang.Object, java.lang.Object, java.lang.Object, java.lang.Object)'> (0x000000008862fb50) thrown at [./src/hotspot/share/interpreter/linkResolver.cpp, line 773]
Event: 10.684 Thread 0x000002446ed23000 Exception <a 'java/lang/NoSuchMethodError'{0x00000000886f4628}: <clinit>> (0x00000000886f4628) thrown at [./src/hotspot/share/prims/jni.cpp, line 1366]
Event: 10.701 Thread 0x000002446f71e800 Exception <a 'sun/nio/fs/WindowsException'{0x00000000885dfc30}> (0x00000000885dfc30) thrown at [./src/hotspot/share/prims/jni.cpp, line 616]
Event: 10.701 Thread 0x000002446f71e800 Exception <a 'sun/nio/fs/WindowsException'{0x00000000885e0d50}> (0x00000000885e0d50) thrown at [./src/hotspot/share/prims/jni.cpp, line 616]
Event: 10.732 Thread 0x0000024475b32000 Exception <a 'sun/nio/fs/WindowsException'{0x000000008821fbf8}> (0x000000008821fbf8) thrown at [./src/hotspot/share/prims/jni.cpp, line 616]
Event: 10.961 Thread 0x000002446f71f000 Exception <a 'java/lang/NoSuchMethodError'{0x00000000879dc210}: 'void java.lang.invoke.DirectMethodHandle$Holder.invokeStatic(java.lang.Object, java.lang.Object, java.lang.Object, java.lang.Object, int, java.lang.Object, java.lang.Object)'> (0x00000000879dc210) thrown at [./src/hotspot/share/interpreter/linkResolver.cpp, line 773]
Event: 11.005 Thread 0x000002446fe82000 Exception <a 'java/lang/NoSuchMethodError'{0x000000008b6da6b0}: 'java.lang.Object java.lang.invoke.DirectMethodHandle$Holder.invokeSpecialIFC(java.lang.Object, java.lang.Object, java.lang.Object)'> (0x000000008b6da6b0) thrown at [./src/hotspot/share/interpreter/linkResolver.cpp, line 773]
Event: 11.005 Thread 0x000002446d987000 Exception <a 'java/lang/NoSuchMethodError'{0x000000008b6baf10}: 'java.lang.Object java.lang.invoke.DirectMethodHandle$Holder.invokeSpecialIFC(java.lang.Object, java.lang.Object, java.lang.Object)'> (0x000000008b6baf10) thrown at [./src/hotspot/share/interpreter/linkResolver.cpp, line 773]
Event: 11.005 Thread 0x000002446fe79000 Exception <a 'java/lang/NoSuchMethodError'{0x000000008b6e5560}: 'java.lang.Object java.lang.invoke.DirectMethodHandle$Holder.invokeSpecialIFC(java.lang.Object, java.lang.Object, java.lang.Object)'> (0x000000008b6e5560) thrown at [./src/hotspot/share/interpreter/linkResolver.cpp, line 773]
Event: 11.005 Thread 0x000002446d98b000 Exception <a 'java/lang/NoSuchMethodError'{0x000000008b6c4ec8}: 'java.lang.Object java.lang.invoke.DirectMethodHandle$Holder.invokeSpecialIFC(java.lang.Object, java.lang.Object, java.lang.Object)'> (0x000000008b6c4ec8) thrown at [./src/hotspot/share/interpreter/linkResolver.cpp, line 773]
Event: 11.005 Thread 0x000002446f710800 Exception <a 'java/lang/NoSuchMethodError'{0x000000008b6e32e8}: 'java.lang.Object java.lang.invoke.DirectMethodHandle$Holder.invokeSpecialIFC(java.lang.Object, java.lang.Object, java.lang.Object)'> (0x000000008b6e32e8) thrown at [./src/hotspot/share/interpreter/linkResolver.cpp, line 773]
Event: 11.005 Thread 0x000002446fe75800 Exception <a 'java/lang/NoSuchMethodError'{0x000000008b6d0378}: 'java.lang.Object java.lang.invoke.DirectMethodHandle$Holder.invokeSpecialIFC(java.lang.Object, java.lang.Object, java.lang.Object)'> (0x000000008b6d0378) thrown at [./src/hotspot/share/interpreter/linkResolver.cpp, line 773]
Event: 11.005 Thread 0x000002446f71f000 Exception <a 'java/lang/NoSuchMethodError'{0x000000008b63ad30}: 'java.lang.Object java.lang.invoke.DirectMethodHandle$Holder.invokeSpecialIFC(java.lang.Object, java.lang.Object, java.lang.Object)'> (0x000000008b63ad30) thrown at [./src/hotspot/share/interpreter/linkResolver.cpp, line 773]
Event: 11.005 Thread 0x000002446d98d800 Exception <a 'java/lang/NoSuchMethodError'{0x000000008b6acd58}: 'java.lang.Object java.lang.invoke.DirectMethodHandle$Holder.invokeSpecialIFC(java.lang.Object, java.lang.Object, java.lang.Object)'> (0x000000008b6acd58) thrown at [./src/hotspot/share/interpreter/linkResolver.cpp, line 773]
Event: 11.370 Thread 0x000002446f71f000 Exception <a 'java/lang/NoSuchMethodError'{0x0000000087903fd0}: <clinit>> (0x0000000087903fd0) thrown at [./src/hotspot/share/prims/jni.cpp, line 1366]
Event: 12.757 Thread 0x0000024475b2e000 Implicit null exception at 0x000002445cb90523 to 0x000002445cb91338

Events (20 events):
Event: 13.073 Executing VM operation: CGC_Operation done
Event: 13.240 loading class com/android/ide/common/blame/MergingLogPersistUtil$SourcePositionsSerializer
Event: 13.240 loading class com/android/ide/common/blame/MergingLogPersistUtil$SourcePositionsSerializer done
Event: 13.240 loading class com/android/ide/common/blame/MergingLogPersistUtil$SourcePositionsSerializer$Kind
Event: 13.240 loading class com/android/ide/common/blame/MergingLogPersistUtil$SourcePositionsSerializer$Kind done
Event: 13.334 Executing VM operation: G1CollectForAllocation
Event: 13.343 Executing VM operation: G1CollectForAllocation done
Event: 13.417 loading class com/android/ide/common/resources/SingleFileProcessor
Event: 13.417 loading class com/android/ide/common/resources/SingleFileProcessor done
Event: 13.417 loading class com/android/ide/common/resources/SingleFileProcessor
Event: 13.417 loading class com/android/ide/common/resources/SingleFileProcessor done
Event: 13.417 loading class com/android/ide/common/resources/ResourceMerger
Event: 13.417 loading class com/android/ide/common/resources/ResourceMerger done
Event: 13.417 loading class com/android/ide/common/resources/ResourceMerger
Event: 13.417 loading class com/android/ide/common/resources/ResourceMerger done
Event: 13.419 loading class com/android/ide/common/resources/DataSet$1
Event: 13.419 loading class com/android/ide/common/resources/DataSet$1 done
Event: 13.419 loading class com/android/ide/common/resources/FileStatus
Event: 13.419 loading class com/android/ide/common/resources/FileStatus done
Event: 13.478 Executing VM operation: G1CollectForAllocation


Dynamic libraries:
0x00007ff62a380000 - 0x00007ff62a38a000 	C:\Program Files\Android\Android Studio\jre\bin\java.exe
0x00007ff981610000 - 0x00007ff981808000 	C:\Windows\SYSTEM32\ntdll.dll
0x00007ff97f6b0000 - 0x00007ff97f76f000 	C:\Windows\System32\KERNEL32.DLL
0x00007ff97ee00000 - 0x00007ff97f0d2000 	C:\Windows\System32\KERNELBASE.dll
0x00007ff97f450000 - 0x00007ff97f550000 	C:\Windows\System32\ucrtbase.dll
0x00007ff94f6e0000 - 0x00007ff94f6f7000 	C:\Program Files\Android\Android Studio\jre\bin\VCRUNTIME140.dll
0x00007ff94f6c0000 - 0x00007ff94f6d9000 	C:\Program Files\Android\Android Studio\jre\bin\jli.dll
0x00007ff980150000 - 0x00007ff9802f1000 	C:\Windows\System32\USER32.dll
0x00007ff97f580000 - 0x00007ff97f5a2000 	C:\Windows\System32\win32u.dll
0x00007ff968570000 - 0x00007ff96880a000 	C:\Windows\WinSxS\amd64_microsoft.windows.common-controls_6595b64144ccf1df_6.0.19041.1110_none_60b5254171f9507e\COMCTL32.dll
0x00007ff980510000 - 0x00007ff98053b000 	C:\Windows\System32\GDI32.dll
0x00007ff9809a0000 - 0x00007ff980a3e000 	C:\Windows\System32\msvcrt.dll
0x00007ff97f2d0000 - 0x00007ff97f3df000 	C:\Windows\System32\gdi32full.dll
0x00007ff97f5b0000 - 0x00007ff97f64d000 	C:\Windows\System32\msvcp_win.dll
0x00007ff980070000 - 0x00007ff9800a2000 	C:\Windows\System32\IMM32.DLL
0x00007ff94a120000 - 0x00007ff94a1bd000 	C:\Program Files\Android\Android Studio\jre\bin\msvcp140.dll
0x00007ff90dcc0000 - 0x00007ff90e7c2000 	C:\Program Files\Android\Android Studio\jre\bin\server\jvm.dll
0x00007ff980890000 - 0x00007ff98093e000 	C:\Windows\System32\ADVAPI32.dll
0x00007ff9800b0000 - 0x00007ff98014c000 	C:\Windows\System32\sechost.dll
0x00007ff980670000 - 0x00007ff980795000 	C:\Windows\System32\RPCRT4.dll
0x00007ff97f770000 - 0x00007ff97f778000 	C:\Windows\System32\PSAPI.DLL
0x00007ff95ecb0000 - 0x00007ff95ecb9000 	C:\Windows\SYSTEM32\WSOCK32.dll
0x00007ff966a10000 - 0x00007ff966a37000 	C:\Windows\SYSTEM32\WINMM.dll
0x00007ff972c60000 - 0x00007ff972c6a000 	C:\Windows\SYSTEM32\VERSION.dll
0x00007ff9807a0000 - 0x00007ff98080b000 	C:\Windows\System32\WS2_32.dll
0x00007ff97d510000 - 0x00007ff97d522000 	C:\Windows\SYSTEM32\kernel.appcore.dll
0x00007ff924c70000 - 0x00007ff924c81000 	C:\Program Files\Android\Android Studio\jre\bin\verify.dll
0x00007ff97d070000 - 0x00007ff97d254000 	C:\Windows\SYSTEM32\DBGHELP.DLL
0x00007ff9605b0000 - 0x00007ff9605e5000 	C:\Windows\SYSTEM32\dbgcore.DLL
0x00007ff97f240000 - 0x00007ff97f2c2000 	C:\Windows\System32\bcryptPrimitives.dll
0x00007ff90dc90000 - 0x00007ff90dcb9000 	C:\Program Files\Android\Android Studio\jre\bin\java.dll
0x00007ff934590000 - 0x00007ff93459b000 	C:\Program Files\Android\Android Studio\jre\bin\jimage.dll
0x00007ff90a620000 - 0x00007ff90a638000 	C:\Program Files\Android\Android Studio\jre\bin\zip.dll
0x00007ff980e70000 - 0x00007ff9815b4000 	C:\Windows\System32\SHELL32.dll
0x00007ff97c800000 - 0x00007ff97cf92000 	C:\Windows\SYSTEM32\windows.storage.dll
0x00007ff980a40000 - 0x00007ff980d95000 	C:\Windows\System32\combase.dll
0x00007ff97e760000 - 0x00007ff97e790000 	C:\Windows\SYSTEM32\Wldp.dll
0x00007ff9803e0000 - 0x00007ff98048d000 	C:\Windows\System32\SHCORE.dll
0x00007ff97f940000 - 0x00007ff97f995000 	C:\Windows\System32\shlwapi.dll
0x00007ff97ec40000 - 0x00007ff97ec5f000 	C:\Windows\SYSTEM32\profapi.dll
0x00007ff90a5e0000 - 0x00007ff90a5fa000 	C:\Program Files\Android\Android Studio\jre\bin\net.dll
0x00007ff9755f0000 - 0x00007ff9756fc000 	C:\Windows\SYSTEM32\WINHTTP.dll
0x00007ff97e4c0000 - 0x00007ff97e52a000 	C:\Windows\system32\mswsock.dll
0x00007ff90a5c0000 - 0x00007ff90a5d4000 	C:\Program Files\Android\Android Studio\jre\bin\nio.dll
0x00007ff94f700000 - 0x00007ff94f727000 	C:\Program Files\Android\gradle-7.3.3\native\e1d6ef7f7dcc3fd88c89a11ec53ec762bb8ba0a96d01ffa2cd45eb1d1d8dd5c5\windows-amd64\native-platform.dll
0x00007ff934d20000 - 0x00007ff934e64000 	C:\Program Files\Android\gradle-7.3.3\native\0d407fdbe67a94daf76414ababcb853783967236a71b16ec16e742cd7a986fd3\windows-amd64\native-platform-file-events.dll
0x00007ff90a5b0000 - 0x00007ff90a5ba000 	C:\Program Files\Android\Android Studio\jre\bin\management.dll
0x00007ff90a5a0000 - 0x00007ff90a5ad000 	C:\Program Files\Android\Android Studio\jre\bin\management_ext.dll
0x00007ff97e6b0000 - 0x00007ff97e6c8000 	C:\Windows\SYSTEM32\CRYPTSP.dll
0x00007ff97dd40000 - 0x00007ff97dd74000 	C:\Windows\system32\rsaenh.dll
0x00007ff97f550000 - 0x00007ff97f577000 	C:\Windows\System32\bcrypt.dll
0x00007ff97ebc0000 - 0x00007ff97ebee000 	C:\Windows\SYSTEM32\USERENV.dll
0x00007ff97e6d0000 - 0x00007ff97e6dc000 	C:\Windows\SYSTEM32\CRYPTBASE.dll
0x00007ff97e160000 - 0x00007ff97e19b000 	C:\Windows\SYSTEM32\IPHLPAPI.DLL
0x00007ff9815c0000 - 0x00007ff9815c8000 	C:\Windows\System32\NSI.dll
0x00007ff9722b0000 - 0x00007ff9722c7000 	C:\Windows\SYSTEM32\dhcpcsvc6.DLL
0x00007ff972d00000 - 0x00007ff972d1d000 	C:\Windows\SYSTEM32\dhcpcsvc.DLL
0x00007ff97e1b0000 - 0x00007ff97e27a000 	C:\Windows\SYSTEM32\DNSAPI.dll

dbghelp: loaded successfully - version: 4.0.5 - missing functions: none
symbol engine: initialized successfully - sym options: 0x614 - pdb path: .;C:\Program Files\Android\Android Studio\jre\bin;C:\Windows\SYSTEM32;C:\Windows\WinSxS\amd64_microsoft.windows.common-controls_6595b64144ccf1df_6.0.19041.1110_none_60b5254171f9507e;C:\Program Files\Android\Android Studio\jre\bin\server;C:\Program Files\Android\gradle-7.3.3\native\e1d6ef7f7dcc3fd88c89a11ec53ec762bb8ba0a96d01ffa2cd45eb1d1d8dd5c5\windows-amd64;C:\Program Files\Android\gradle-7.3.3\native\0d407fdbe67a94daf76414ababcb853783967236a71b16ec16e742cd7a986fd3\windows-amd64

VM Arguments:
jvm_args: --add-opens=java.base/java.util=ALL-UNNAMED --add-opens=java.base/java.lang=ALL-UNNAMED --add-opens=java.base/java.lang.invoke=ALL-UNNAMED --add-opens=java.base/java.util=ALL-UNNAMED --add-opens=java.prefs/java.util.prefs=ALL-UNNAMED --add-opens=java.prefs/java.util.prefs=ALL-UNNAMED --add-opens=java.base/java.nio.charset=ALL-UNNAMED --add-opens=java.base/java.net=ALL-UNNAMED --add-opens=java.base/java.util.concurrent.atomic=ALL-UNNAMED -Xmx2048m -Dfile.encoding=UTF-8 -Duser.country=IN -Duser.language=en -Duser.variant 
java_command: org.gradle.launcher.daemon.bootstrap.GradleDaemon 7.4
java_class_path (initial): C:\Program Files\Android\gradle-7.3.3\wrapper\dists\gradle-7.4-bin\c0gwcg53nkjbqw7r0h0umtfvt\gradle-7.4\lib\gradle-launcher-7.4.jar
Launcher Type: SUN_STANDARD

[Global flags]
     intx CICompilerCount                          = 4                                         {product} {ergonomic}
     uint ConcGCThreads                            = 2                                         {product} {ergonomic}
     uint G1ConcRefinementThreads                  = 8                                         {product} {ergonomic}
   size_t G1HeapRegionSize                         = 1048576                                   {product} {ergonomic}
    uintx GCDrainStackTargetSize                   = 64                                        {product} {ergonomic}
   size_t InitialHeapSize                          = 132120576                                 {product} {ergonomic}
   size_t MarkStackSize                            = 4194304                                   {product} {ergonomic}
   size_t MaxHeapSize                              = 2147483648                                {product} {command line}
   size_t MaxNewSize                               = 1287651328                                {product} {ergonomic}
   size_t MinHeapDeltaBytes                        = 1048576                                   {product} {ergonomic}
    uintx NonNMethodCodeHeapSize                   = 5836300                                {pd product} {ergonomic}
    uintx NonProfiledCodeHeapSize                  = 122910970                              {pd product} {ergonomic}
    uintx ProfiledCodeHeapSize                     = 122910970                              {pd product} {ergonomic}
    uintx ReservedCodeCacheSize                    = 251658240                              {pd product} {ergonomic}
     bool SegmentedCodeCache                       = true                                      {product} {ergonomic}
     bool UseCompressedClassPointers               = true                                 {lp64_product} {ergonomic}
     bool UseCompressedOops                        = true                                 {lp64_product} {ergonomic}
     bool UseG1GC                                  = true                                      {product} {ergonomic}
     bool UseLargePagesIndividualAllocation        = false                                  {pd product} {ergonomic}

Logging:
Log output configuration:
 #0: stdout all=warning uptime,level,tags
 #1: stderr all=off uptime,level,tags

Environment Variables:
JAVA_HOME=C:\Program Files\Java\jdk-18.0.1.1
PATH=C:\Program Files\Python310\Scripts\;C:\Program Files\Python310\;C:\Program Files\Common Files\Oracle\Java\javapath;C:\Windows\system32;C:\Windows;C:\Windows\System32\Wbem;C:\Windows\System32\WindowsPowerShell\v1.0\;C:\Windows\System32\OpenSSH\;C:\Program Files\Git\cmd;C:\Users\suraj\AppData\Local\Microsoft\WindowsApps
USERNAME=suraj
OS=Windows_NT
PROCESSOR_IDENTIFIER=Intel64 Family 6 Model 140 Stepping 1, GenuineIntel



---------------  S Y S T E M  ---------------

OS: Windows 10 , 64 bit Build 19041 (10.0.19041.2251)
OS uptime: 0 days 1:05 hours
Hyper-V role detected

CPU:total 8 (initial active 8) (4 cores per cpu, 2 threads per core) family 6 model 140 stepping 1 microcode 0x86, cmov, cx8, fxsr, mmx, sse, sse2, sse3, ssse3, sse4.1, sse4.2, popcnt, avx, avx2, aes, clmul, erms, 3dnowpref, lzcnt, ht, tsc, tscinvbit, bmi1, bmi2, adx, evex, sha, fma

Memory: 4k page, system-wide physical 7987M (322M free)
TotalPageFile size 7987M (AvailPageFile size 24M)
current process WorkingSet (physical memory assigned to process): 438M, peak: 448M
current process commit charge ("private bytes"): 500M, peak: 537M

vm_info: OpenJDK 64-Bit Server VM (11.0.13+0-b1751.21-8125866) for windows-amd64 JRE (11.0.13+0-b1751.21-8125866), built on Feb  2 2022 03:00:22 by "builder" with MS VC++ 14.0 (VS2015)

END.
