#
# There is insufficient memory for the Java Runtime Environment to continue.
# Native memory allocation (malloc) failed to allocate 32744 bytes for ChunkPool::allocate
# Possible reasons:
#   The system is out of physical RAM or swap space
#   The process is running with CompressedOops enabled, and the Java Heap may be blocking the growth of the native heap
# Possible solutions:
#   Reduce memory load on the system
#   Increase physical memory or swap space
#   Check if swap backing store is full
#   Decrease Java heap size (-Xmx/-Xms)
#   Decrease number of Java threads
#   Decrease Java thread stack sizes (-Xss)
#   Set larger code cache with -XX:ReservedCodeCacheSize=
#   JVM is running with Unscaled Compressed Oops mode in which the Java heap is
#     placed in the first 4GB address space. The Java Heap base address is the
#     maximum limit for the native heap growth. Please use -XX:HeapBaseMinAddress
#     to set the Java Heap base and to place the Java Heap above 4GB virtual address.
# This output file may be truncated or incomplete.
#
#  Out of Memory Error (./src/hotspot/share/memory/arena.cpp:81), pid=11500, tid=13352
#
# JRE version: OpenJDK Runtime Environment (11.0.13) (build 11.0.13+0-b1751.21-8125866)
# Java VM: OpenJDK 64-Bit Server VM (11.0.13+0-b1751.21-8125866, mixed mode, tiered, compressed oops, g1 gc, windows-amd64)
# No core dump will be written. Minidumps are not enabled by default on client versions of Windows
#

---------------  S U M M A R Y ------------

Command Line: --add-opens=java.base/java.util=ALL-UNNAMED --add-opens=java.base/java.lang=ALL-UNNAMED --add-opens=java.base/java.lang.invoke=ALL-UNNAMED --add-opens=java.base/java.util=ALL-UNNAMED --add-opens=java.prefs/java.util.prefs=ALL-UNNAMED --add-opens=java.prefs/java.util.prefs=ALL-UNNAMED --add-opens=java.base/java.nio.charset=ALL-UNNAMED --add-opens=java.base/java.net=ALL-UNNAMED --add-opens=java.base/java.util.concurrent.atomic=ALL-UNNAMED -Xmx2048m -Dfile.encoding=UTF-8 -Duser.country=IN -Duser.language=en -Duser.variant org.gradle.launcher.daemon.bootstrap.GradleDaemon 7.4

Host: 11th Gen Intel(R) Core(TM) i5-1135G7 @ 2.40GHz, 8 cores, 7G,  Windows 10 , 64 bit Build 19041 (10.0.19041.2251)
Time: Sat Dec 10 09:36:52 2022 India Standard Time elapsed time: 4.100775 seconds (0d 0h 0m 4s)

---------------  T H R E A D  ---------------

Current thread (0x00000199da5e8800):  JavaThread "Daemon worker" [_thread_in_vm, id=13352, stack(0x00000091d7b00000,0x00000091d7c00000)]

Stack: [0x00000091d7b00000,0x00000091d7c00000]
Native frames: (J=compiled Java code, j=interpreted, Vv=VM code, C=native code)
V  [jvm.dll+0x6100fa]
V  [jvm.dll+0x747090]
V  [jvm.dll+0x7486ad]
V  [jvm.dll+0x748d83]
V  [jvm.dll+0x24ab48]
V  [jvm.dll+0xc075b]
V  [jvm.dll+0xc0a0c]
V  [jvm.dll+0x25220d]
V  [jvm.dll+0x25170e]
V  [jvm.dll+0x2514d6]
V  [jvm.dll+0x1c3e5c]
V  [jvm.dll+0x1c38aa]
V  [jvm.dll+0x4e692d]
V  [jvm.dll+0x6e377b]
V  [jvm.dll+0x3f46c4]
V  [jvm.dll+0x3f952f]
C  [java.dll+0x19b4]

Java frames: (J=compiled Java code, j=interpreted, Vv=VM code)
J 1022  java.lang.ClassLoader.defineClass1(Ljava/lang/ClassLoader;Ljava/lang/String;[BIILjava/security/ProtectionDomain;Ljava/lang/String;)Ljava/lang/Class; java.base@11.0.13 (0 bytes) @ 0x00000199c8b787fb [0x00000199c8b78740+0x00000000000000bb]
J 1017 c1 java.lang.ClassLoader.defineClass(Ljava/lang/String;[BIILjava/security/ProtectionDomain;)Ljava/lang/Class; java.base@11.0.13 (43 bytes) @ 0x00000199c17dc9e4 [0x00000199c17dc6a0+0x0000000000000344]
J 856 c1 java.net.URLClassLoader.defineClass(Ljava/lang/String;Ljdk/internal/loader/Resource;)Ljava/lang/Class; java.base@11.0.13 (224 bytes) @ 0x00000199c1766fe4 [0x00000199c1764e20+0x00000000000021c4]
J 709 c1 java.net.URLClassLoader$1.run()Ljava/lang/Class; java.base@11.0.13 (81 bytes) @ 0x00000199c171e9ac [0x00000199c171e840+0x000000000000016c]
J 2413 c1 java.net.URLClassLoader$1.run()Ljava/lang/Object; java.base@11.0.13 (5 bytes) @ 0x00000199c1ad87b4 [0x00000199c1ad8740+0x0000000000000074]
v  ~StubRoutines::call_stub
J 586  java.security.AccessController.doPrivileged(Ljava/security/PrivilegedExceptionAction;Ljava/security/AccessControlContext;)Ljava/lang/Object; java.base@11.0.13 (0 bytes) @ 0x00000199c8b424a6 [0x00000199c8b42440+0x0000000000000066]
J 1981 c2 java.net.URLClassLoader.findClass(Ljava/lang/String;)Ljava/lang/Class; java.base@11.0.13 (47 bytes) @ 0x00000199c8c16d78 [0x00000199c8c16ce0+0x0000000000000098]
J 1966 c1 org.gradle.internal.classloader.TransformingClassLoader.findClass(Ljava/lang/String;)Ljava/lang/Class; (203 bytes) @ 0x00000199c19e893c [0x00000199c19e7460+0x00000000000014dc]
J 2761 c1 java.lang.ClassLoader.loadClass(Ljava/lang/String;Z)Ljava/lang/Class; java.base@11.0.13 (122 bytes) @ 0x00000199c1b9879c [0x00000199c1b97ee0+0x00000000000008bc]
J 2631 c2 java.lang.ClassLoader.loadClass(Ljava/lang/String;)Ljava/lang/Class; java.base@11.0.13 (7 bytes) @ 0x00000199c8c8c7e0 [0x00000199c8c8c7a0+0x0000000000000040]
v  ~StubRoutines::call_stub
J 2520  java.lang.Class.getDeclaredMethods0(Z)[Ljava/lang/reflect/Method; java.base@11.0.13 (0 bytes) @ 0x00000199c8c7827b [0x00000199c8c78240+0x000000000000003b]
J 1669 c1 java.lang.Class.privateGetDeclaredMethods(Z)[Ljava/lang/reflect/Method; java.base@11.0.13 (64 bytes) @ 0x00000199c1954c54 [0x00000199c1954ac0+0x0000000000000194]
J 2695 c1 java.lang.Class.getDeclaredMethods()[Ljava/lang/reflect/Method; java.base@11.0.13 (27 bytes) @ 0x00000199c1b77bdc [0x00000199c1b77a80+0x000000000000015c]
j  org.gradle.internal.service.RelevantMethodsBuilder.<init>(Ljava/lang/Class;)V+83
j  org.gradle.internal.service.RelevantMethods.buildRelevantMethods(Ljava/lang/Class;)Lorg/gradle/internal/service/RelevantMethods;+5
j  org.gradle.internal.service.RelevantMethods.getMethods(Ljava/lang/Class;)Lorg/gradle/internal/service/RelevantMethods;+18
j  org.gradle.internal.service.DefaultServiceRegistry.findProviderMethods(Ljava/lang/Object;)V+6
j  org.gradle.internal.service.DefaultServiceRegistry.addProvider(Ljava/lang/Object;)Lorg/gradle/internal/service/DefaultServiceRegistry;+6
j  org.gradle.internal.service.DefaultServiceRegistry$1.addProvider(Ljava/lang/Object;)V+5
j  org.gradle.api.plugins.internal.PluginAuthorServices.registerProjectServices(Lorg/gradle/internal/service/ServiceRegistration;)V+9
j  org.gradle.internal.service.scopes.ProjectScopeServices.lambda$new$0(Lorg/gradle/api/internal/project/ProjectInternal;Lorg/gradle/internal/service/ServiceRegistry;Lorg/gradle/internal/service/ServiceRegistration;)V+64
j  org.gradle.internal.service.scopes.ProjectScopeServices$$Lambda$500.execute(Ljava/lang/Object;)V+12
j  org.gradle.internal.service.DefaultServiceRegistry.register(Lorg/gradle/api/Action;)V+9
j  org.gradle.internal.service.scopes.ProjectScopeServices.<init>(Lorg/gradle/internal/service/ServiceRegistry;Lorg/gradle/api/internal/project/ProjectInternal;Lorg/gradle/internal/Factory;)V+30
j  org.gradle.internal.service.scopes.GradleScopeServices$1.createFor(Ljava/lang/Object;)Lorg/gradle/internal/service/ServiceRegistry;+23
j  org.gradle.api.internal.project.DefaultProject.<init>(Ljava/lang/String;Lorg/gradle/api/internal/project/ProjectInternal;Ljava/io/File;Ljava/io/File;Lorg/gradle/groovy/scripts/ScriptSource;Lorg/gradle/api/internal/GradleInternal;Lorg/gradle/api/internal/project/ProjectState;Lorg/gradle/internal/service/scopes/ServiceRegistryFactory;Lorg/gradle/api/internal/initialization/ClassLoaderScope;Lorg/gradle/api/internal/initialization/ClassLoaderScope;)V+144
j  org.gradle.api.internal.project.DefaultProject_Decorated.<init>(Ljava/lang/String;Lorg/gradle/api/internal/project/ProjectInternal;Ljava/io/File;Ljava/io/File;Lorg/gradle/groovy/scripts/ScriptSource;Lorg/gradle/api/internal/GradleInternal;Lorg/gradle/api/internal/project/ProjectState;Lorg/gradle/internal/service/scopes/ServiceRegistryFactory;Lorg/gradle/api/internal/initialization/ClassLoaderScope;Lorg/gradle/api/internal/initialization/ClassLoaderScope;)V+18
v  ~StubRoutines::call_stub
J 2366  jdk.internal.reflect.NativeConstructorAccessorImpl.newInstance0(Ljava/lang/reflect/Constructor;[Ljava/lang/Object;)Ljava/lang/Object; java.base@11.0.13 (0 bytes) @ 0x00000199c8c5d6a6 [0x00000199c8c5d640+0x0000000000000066]
J 2365 c1 jdk.internal.reflect.NativeConstructorAccessorImpl.newInstance([Ljava/lang/Object;)Ljava/lang/Object; java.base@11.0.13 (89 bytes) @ 0x00000199c1ac0dbc [0x00000199c1ac0240+0x0000000000000b7c]
J 1858 c1 jdk.internal.reflect.DelegatingConstructorAccessorImpl.newInstance([Ljava/lang/Object;)Ljava/lang/Object; java.base@11.0.13 (9 bytes) @ 0x00000199c199c93c [0x00000199c199c840+0x00000000000000fc]
J 2010 c1 java.lang.reflect.Constructor.newInstance([Ljava/lang/Object;)Ljava/lang/Object; java.base@11.0.13 (76 bytes) @ 0x00000199c1a03784 [0x00000199c1a03520+0x0000000000000264]
j  org.gradle.internal.instantiation.generator.AsmBackedClassGenerator$InvokeConstructorStrategy.newInstance(Lorg/gradle/internal/service/ServiceLookup;Lorg/gradle/internal/instantiation/InstanceGenerator;Lorg/gradle/api/Describable;[Ljava/lang/Object;)Ljava/lang/Object;+37
j  org.gradle.internal.instantiation.generator.AbstractClassGenerator$GeneratedClassImpl$GeneratedConstructorImpl.newInstance(Lorg/gradle/internal/service/ServiceLookup;Lorg/gradle/internal/instantiation/InstanceGenerator;Lorg/gradle/api/Describable;[Ljava/lang/Object;)Ljava/lang/Object;+9
j  org.gradle.internal.instantiation.generator.DependencyInjectingInstantiator.doCreate(Ljava/lang/Class;Lorg/gradle/api/Describable;[Ljava/lang/Object;)Ljava/lang/Object;+37
j  org.gradle.internal.instantiation.generator.DependencyInjectingInstantiator.newInstance(Ljava/lang/Class;[Ljava/lang/Object;)Ljava/lang/Object;+4
j  org.gradle.api.internal.project.ProjectFactory.createProject(Lorg/gradle/api/internal/GradleInternal;Lorg/gradle/api/initialization/ProjectDescriptor;Lorg/gradle/api/internal/project/ProjectState;Lorg/gradle/api/internal/project/ProjectInternal;Lorg/gradle/api/internal/initialization/ClassLoaderScope;Lorg/gradle/api/internal/initialization/ClassLoaderScope;)Lorg/gradle/api/internal/project/ProjectInternal;+109
j  org.gradle.api.internal.project.DefaultProjectStateRegistry$ProjectStateImpl.createMutableModel(Lorg/gradle/api/internal/initialization/ClassLoaderScope;Lorg/gradle/api/internal/initialization/ClassLoaderScope;)V+82
j  org.gradle.initialization.InstantiatingBuildLoader.createProjects(Lorg/gradle/api/internal/GradleInternal;Lorg/gradle/initialization/DefaultProjectDescriptor;)V+71
j  org.gradle.initialization.InstantiatingBuildLoader.load(Lorg/gradle/api/internal/SettingsInternal;Lorg/gradle/api/internal/GradleInternal;)V+16
j  org.gradle.initialization.ProjectPropertySettingBuildLoader.load(Lorg/gradle/api/internal/SettingsInternal;Lorg/gradle/api/internal/GradleInternal;)V+6
j  org.gradle.initialization.NotifyingBuildLoader$2.call(Lorg/gradle/internal/operations/BuildOperationContext;)Ljava/lang/Void;+15
j  org.gradle.initialization.NotifyingBuildLoader$2.call(Lorg/gradle/internal/operations/BuildOperationContext;)Ljava/lang/Object;+2
j  org.gradle.internal.operations.DefaultBuildOperationRunner$CallableBuildOperationWorker.execute(Lorg/gradle/internal/operations/CallableBuildOperation;Lorg/gradle/internal/operations/BuildOperationContext;)V+3
j  org.gradle.internal.operations.DefaultBuildOperationRunner$CallableBuildOperationWorker.execute(Lorg/gradle/internal/operations/BuildOperation;Lorg/gradle/internal/operations/BuildOperationContext;)V+6
j  org.gradle.internal.operations.DefaultBuildOperationRunner$2.execute(Lorg/gradle/internal/operations/BuildOperationDescriptor;Lorg/gradle/internal/operations/BuildOperationState;Lorg/gradle/internal/operations/BuildOperationState;Lorg/gradle/internal/operations/DefaultBuildOperationRunner$ReadableBuildOperationContext;Lorg/gradle/internal/operations/DefaultBuildOperationRunner$BuildOperationExecutionListener;)Lorg/gradle/internal/operations/BuildOperation;+22
j  org.gradle.internal.operations.DefaultBuildOperationRunner$2.execute(Lorg/gradle/internal/operations/BuildOperationDescriptor;Lorg/gradle/internal/operations/BuildOperationState;Lorg/gradle/internal/operations/BuildOperationState;Lorg/gradle/internal/operations/DefaultBuildOperationRunner$ReadableBuildOperationContext;Lorg/gradle/internal/operations/DefaultBuildOperationRunner$BuildOperationExecutionListener;)Ljava/lang/Object;+8
j  org.gradle.internal.operations.DefaultBuildOperationRunner.execute(Lorg/gradle/internal/operations/BuildOperationDescriptor$Builder;Lorg/gradle/internal/operations/BuildOperationState;Lorg/gradle/internal/operations/DefaultBuildOperationRunner$BuildOperationExecution;)Ljava/lang/Object;+141
j  org.gradle.internal.operations.DefaultBuildOperationRunner.execute(Lorg/gradle/internal/operations/BuildOperation;Lorg/gradle/internal/operations/BuildOperationWorker;Lorg/gradle/internal/operations/BuildOperationState;)V+18
j  org.gradle.internal.operations.DefaultBuildOperationRunner.call(Lorg/gradle/internal/operations/CallableBuildOperation;)Ljava/lang/Object;+16
j  org.gradle.internal.operations.DefaultBuildOperationExecutor.call(Lorg/gradle/internal/operations/CallableBuildOperation;)Ljava/lang/Object;+5
j  org.gradle.initialization.NotifyingBuildLoader.load(Lorg/gradle/api/internal/SettingsInternal;Lorg/gradle/api/internal/GradleInternal;)V+25
j  org.gradle.configuration.BuildTreePreparingProjectsPreparer.prepareProjects(Lorg/gradle/api/internal/GradleInternal;)V+83
j  org.gradle.configuration.BuildOperationFiringProjectsPreparer$ConfigureBuild.run(Lorg/gradle/internal/operations/BuildOperationContext;)V+11
j  org.gradle.internal.operations.DefaultBuildOperationRunner$1.execute(Lorg/gradle/internal/operations/RunnableBuildOperation;Lorg/gradle/internal/operations/BuildOperationContext;)V+2
j  org.gradle.internal.operations.DefaultBuildOperationRunner$1.execute(Lorg/gradle/internal/operations/BuildOperation;Lorg/gradle/internal/operations/BuildOperationContext;)V+6
j  org.gradle.internal.operations.DefaultBuildOperationRunner$2.execute(Lorg/gradle/internal/operations/BuildOperationDescriptor;Lorg/gradle/internal/operations/BuildOperationState;Lorg/gradle/internal/operations/BuildOperationState;Lorg/gradle/internal/operations/DefaultBuildOperationRunner$ReadableBuildOperationContext;Lorg/gradle/internal/operations/DefaultBuildOperationRunner$BuildOperationExecutionListener;)Lorg/gradle/internal/operations/BuildOperation;+22
j  org.gradle.internal.operations.DefaultBuildOperationRunner$2.execute(Lorg/gradle/internal/operations/BuildOperationDescriptor;Lorg/gradle/internal/operations/BuildOperationState;Lorg/gradle/internal/operations/BuildOperationState;Lorg/gradle/internal/operations/DefaultBuildOperationRunner$ReadableBuildOperationContext;Lorg/gradle/internal/operations/DefaultBuildOperationRunner$BuildOperationExecutionListener;)Ljava/lang/Object;+8
j  org.gradle.internal.operations.DefaultBuildOperationRunner.execute(Lorg/gradle/internal/operations/BuildOperationDescriptor$Builder;Lorg/gradle/internal/operations/BuildOperationState;Lorg/gradle/internal/operations/DefaultBuildOperationRunner$BuildOperationExecution;)Ljava/lang/Object;+141
j  org.gradle.internal.operations.DefaultBuildOperationRunner.execute(Lorg/gradle/internal/operations/BuildOperation;Lorg/gradle/internal/operations/BuildOperationWorker;Lorg/gradle/internal/operations/BuildOperationState;)V+18
j  org.gradle.internal.operations.DefaultBuildOperationRunner.run(Lorg/gradle/internal/operations/RunnableBuildOperation;)V+9
j  org.gradle.internal.operations.DefaultBuildOperationExecutor.run(Lorg/gradle/internal/operations/RunnableBuildOperation;)V+5
j  org.gradle.configuration.BuildOperationFiringProjectsPreparer.prepareProjects(Lorg/gradle/api/internal/GradleInternal;)V+13
j  org.gradle.initialization.VintageBuildModelController.lambda$prepareProjects$3()V+8
j  org.gradle.initialization.VintageBuildModelController$$Lambda$496.run()V+4
j  org.gradle.internal.model.StateTransitionController.lambda$doTransition$12(Ljava/lang/Runnable;)Lorg/gradle/internal/build/ExecutionResult;+1
j  org.gradle.internal.model.StateTransitionController$$Lambda$254.get()Ljava/lang/Object;+4
j  org.gradle.internal.model.StateTransitionController.doTransition(Lorg/gradle/internal/model/StateTransitionController$State;Lorg/gradle/internal/model/StateTransitionController$State;Ljava/util/function/Supplier;)Lorg/gradle/internal/build/ExecutionResult;+24
j  org.gradle.internal.model.StateTransitionController.doTransition(Lorg/gradle/internal/model/StateTransitionController$State;Lorg/gradle/internal/model/StateTransitionController$State;Ljava/lang/Runnable;)V+9
j  org.gradle.internal.model.StateTransitionController.lambda$transitionIfNotPreviously$10(Lorg/gradle/internal/model/StateTransitionController$State;Lorg/gradle/internal/model/StateTransitionController$State;Ljava/lang/Runnable;)V+16
j  org.gradle.internal.model.StateTransitionController$$Lambda$253.run()V+16
j  org.gradle.internal.work.DefaultSynchronizer.withLock(Ljava/lang/Runnable;)V+6
j  org.gradle.internal.model.StateTransitionController.transitionIfNotPreviously(Lorg/gradle/internal/model/StateTransitionController$State;Lorg/gradle/internal/model/StateTransitionController$State;Ljava/lang/Runnable;)V+13
j  org.gradle.initialization.VintageBuildModelController.prepareProjects()V+16
j  org.gradle.initialization.VintageBuildModelController.getConfiguredModel()Lorg/gradle/api/internal/GradleInternal;+5
j  org.gradle.internal.build.DefaultBuildLifecycleController.lambda$withProjectsConfigured$1(Ljava/util/function/Function;)Ljava/lang/Object;+5
j  org.gradle.internal.build.DefaultBuildLifecycleController$$Lambda$495.get()Ljava/lang/Object;+8
j  org.gradle.internal.model.StateTransitionController.lambda$notInState$4(Lorg/gradle/internal/model/StateTransitionController$State;Ljava/util/function/Supplier;)Ljava/lang/Object;+11
j  org.gradle.internal.model.StateTransitionController$$Lambda$251.create()Ljava/lang/Object;+12
j  org.gradle.internal.work.DefaultSynchronizer.withLock(Lorg/gradle/internal/Factory;)Ljava/lang/Object;+6
j  org.gradle.internal.model.StateTransitionController.notInState(Lorg/gradle/internal/model/StateTransitionController$State;Ljava/util/function/Supplier;)Ljava/lang/Object;+12
j  org.gradle.internal.build.DefaultBuildLifecycleController.withProjectsConfigured(Ljava/util/function/Function;)Ljava/lang/Object;+14
j  org.gradle.internal.build.DefaultBuildToolingModelController.locateBuilderForTarget(Ljava/lang/String;Z)Lorg/gradle/tooling/provider/model/internal/ToolingModelScope;+38
j  org.gradle.internal.buildtree.DefaultBuildTreeModelCreator$DefaultBuildTreeModelController.lambda$locateBuilderForTarget$0(Ljava/lang/String;ZLorg/gradle/internal/build/BuildToolingModelController;)Lorg/gradle/tooling/provider/model/internal/ToolingModelScope;+3
j  org.gradle.internal.buildtree.DefaultBuildTreeModelCreator$DefaultBuildTreeModelController$$Lambda$248.apply(Ljava/lang/Object;)Ljava/lang/Object;+12
j  org.gradle.internal.build.DefaultBuildLifecycleController.withToolingModels(Ljava/util/function/Function;)Ljava/lang/Object;+20
j  org.gradle.internal.build.AbstractBuildState.withToolingModels(Ljava/util/function/Function;)Ljava/lang/Object;+5
j  org.gradle.internal.buildtree.DefaultBuildTreeModelCreator$DefaultBuildTreeModelController.locateBuilderForTarget(Lorg/gradle/internal/build/BuildState;Ljava/lang/String;Z)Lorg/gradle/tooling/provider/model/internal/ToolingModelScope;+8
j  org.gradle.internal.buildtree.DefaultBuildTreeModelCreator$DefaultBuildTreeModelController.locateBuilderForDefaultTarget(Ljava/lang/String;Z)Lorg/gradle/tooling/provider/model/internal/ToolingModelScope;+10
j  org.gradle.tooling.internal.provider.runner.DefaultBuildController.getTarget(Ljava/lang/Object;Lorg/gradle/tooling/internal/protocol/ModelIdentifier;Z)Lorg/gradle/tooling/provider/model/internal/ToolingModelScope;+15
j  org.gradle.tooling.internal.provider.runner.DefaultBuildController.getModel(Ljava/lang/Object;Lorg/gradle/tooling/internal/protocol/ModelIdentifier;Ljava/lang/Object;)Lorg/gradle/tooling/internal/protocol/BuildResult;+54
j  org.gradle.tooling.internal.consumer.connection.ParameterAwareBuildControllerAdapter.getModel(Ljava/lang/Object;Lorg/gradle/tooling/internal/protocol/ModelIdentifier;Ljava/lang/Object;)Lorg/gradle/tooling/internal/protocol/BuildResult;+7
j  org.gradle.tooling.internal.consumer.connection.UnparameterizedBuildController.getModel(Lorg/gradle/tooling/model/Model;Ljava/lang/Class;Ljava/lang/Class;Lorg/gradle/api/Action;)Ljava/lang/Object;+44
j  org.gradle.tooling.internal.consumer.connection.NestedActionAwareBuildControllerAdapter.getModel(Lorg/gradle/tooling/model/Model;Ljava/lang/Class;Ljava/lang/Class;Lorg/gradle/api/Action;)Ljava/lang/Object;+6
j  org.gradle.tooling.internal.consumer.connection.UnparameterizedBuildController.findModel(Lorg/gradle/tooling/model/Model;Ljava/lang/Class;Ljava/lang/Class;Lorg/gradle/api/Action;)Ljava/lang/Object;+6
j  org.gradle.tooling.internal.consumer.connection.NestedActionAwareBuildControllerAdapter.findModel(Lorg/gradle/tooling/model/Model;Ljava/lang/Class;Ljava/lang/Class;Lorg/gradle/api/Action;)Ljava/lang/Object;+6
j  org.gradle.tooling.internal.consumer.connection.UnparameterizedBuildController.findModel(Lorg/gradle/tooling/model/Model;Ljava/lang/Class;)Ljava/lang/Object;+5
j  org.gradle.tooling.internal.consumer.connection.NestedActionAwareBuildControllerAdapter.findModel(Lorg/gradle/tooling/model/Model;Ljava/lang/Class;)Ljava/lang/Object;+3
j  org.gradle.tooling.internal.consumer.connection.UnparameterizedBuildController.findModel(Ljava/lang/Class;)Ljava/lang/Object;+3
j  org.gradle.tooling.internal.consumer.connection.NestedActionAwareBuildControllerAdapter.findModel(Ljava/lang/Class;)Ljava/lang/Object;+2
j  org.jetbrains.plugins.gradle.model.ProjectImportAction.execute(Lorg/gradle/tooling/BuildController;)Lorg/jetbrains/plugins/gradle/model/ProjectImportAction$AllModels;+90
j  org.jetbrains.plugins.gradle.model.ProjectImportAction.execute(Lorg/gradle/tooling/BuildController;)Ljava/lang/Object;+2
j  org.gradle.tooling.internal.consumer.connection.InternalBuildActionAdapter.execute(Lorg/gradle/tooling/internal/protocol/InternalBuildControllerVersion2;)Ljava/lang/Object;+11
j  org.gradle.tooling.internal.provider.runner.AbstractClientProvidedBuildActionRunner$ActionAdapter.runAction(Lorg/gradle/internal/buildtree/BuildTreeModelController;Ljava/lang/Object;Lorg/gradle/tooling/internal/protocol/PhasedActionResult$Phase;)Lorg/gradle/tooling/internal/provider/serialization/SerializedPayload;+39
j  org.gradle.tooling.internal.provider.runner.AbstractClientProvidedBuildActionRunner$ActionAdapter.beforeTasks(Lorg/gradle/internal/buildtree/BuildTreeModelController;)V+15
j  org.gradle.internal.buildtree.DefaultBuildTreeModelCreator.beforeTasks(Lorg/gradle/internal/buildtree/BuildTreeModelAction;)V+10
j  org.gradle.internal.buildtree.DefaultBuildTreeLifecycleController.lambda$fromBuildModel$1(Lorg/gradle/internal/buildtree/BuildTreeModelAction;Z)Lorg/gradle/internal/build/ExecutionResult;+5
j  org.gradle.internal.buildtree.DefaultBuildTreeLifecycleController$$Lambda$244.get()Ljava/lang/Object;+12
j  org.gradle.internal.buildtree.DefaultBuildTreeLifecycleController.lambda$runBuild$4(Ljava/util/function/Supplier;)Ljava/lang/Object;+1
j  org.gradle.internal.buildtree.DefaultBuildTreeLifecycleController$$Lambda$245.get()Ljava/lang/Object;+8
j  org.gradle.internal.model.StateTransitionController.lambda$transition$6(Ljava/util/function/Supplier;)Lorg/gradle/internal/build/ExecutionResult;+1
j  org.gradle.internal.model.StateTransitionController$$Lambda$247.get()Ljava/lang/Object;+4
j  org.gradle.internal.model.StateTransitionController.doTransition(Lorg/gradle/internal/model/StateTransitionController$State;Lorg/gradle/internal/model/StateTransitionController$State;Ljava/util/function/Supplier;)Lorg/gradle/internal/build/ExecutionResult;+24
j  org.gradle.internal.model.StateTransitionController.lambda$transition$7(Lorg/gradle/internal/model/StateTransitionController$State;Lorg/gradle/internal/model/StateTransitionController$State;Ljava/util/function/Supplier;)Ljava/lang/Object;+9
j  org.gradle.internal.model.StateTransitionController$$Lambda$246.create()Ljava/lang/Object;+16
j  org.gradle.internal.work.DefaultSynchronizer.withLock(Lorg/gradle/internal/Factory;)Ljava/lang/Object;+6
j  org.gradle.internal.model.StateTransitionController.transition(Lorg/gradle/internal/model/StateTransitionController$State;Lorg/gradle/internal/model/StateTransitionController$State;Ljava/util/function/Supplier;)Ljava/lang/Object;+13
j  org.gradle.internal.buildtree.DefaultBuildTreeLifecycleController.runBuild(Ljava/util/function/Supplier;)Ljava/lang/Object;+17
j  org.gradle.internal.buildtree.DefaultBuildTreeLifecycleController.fromBuildModel(ZLorg/gradle/internal/buildtree/BuildTreeModelAction;)Ljava/lang/Object;+9
j  org.gradle.tooling.internal.provider.runner.AbstractClientProvidedBuildActionRunner.runClientAction(Lorg/gradle/tooling/internal/provider/runner/AbstractClientProvidedBuildActionRunner$ClientAction;Lorg/gradle/internal/buildtree/BuildTreeLifecycleController;)Lorg/gradle/internal/buildtree/BuildActionRunner$Result;+22
j  org.gradle.tooling.internal.provider.runner.ClientProvidedPhasedActionRunner.run(Lorg/gradle/internal/invocation/BuildAction;Lorg/gradle/internal/buildtree/BuildTreeLifecycleController;)Lorg/gradle/internal/buildtree/BuildActionRunner$Result;+45
j  org.gradle.launcher.exec.ChainingBuildActionRunner.run(Lorg/gradle/internal/invocation/BuildAction;Lorg/gradle/internal/buildtree/BuildTreeLifecycleController;)Lorg/gradle/internal/buildtree/BuildActionRunner$Result;+34
j  org.gradle.internal.buildtree.ProblemReportingBuildActionRunner.run(Lorg/gradle/internal/invocation/BuildAction;Lorg/gradle/internal/buildtree/BuildTreeLifecycleController;)Lorg/gradle/internal/buildtree/BuildActionRunner$Result;+12
j  org.gradle.launcher.exec.BuildOutcomeReportingBuildActionRunner.run(Lorg/gradle/internal/invocation/BuildAction;Lorg/gradle/internal/buildtree/BuildTreeLifecycleController;)Lorg/gradle/internal/buildtree/BuildActionRunner$Result;+81
j  org.gradle.tooling.internal.provider.FileSystemWatchingBuildActionRunner.run(Lorg/gradle/internal/invocation/BuildAction;Lorg/gradle/internal/buildtree/BuildTreeLifecycleController;)Lorg/gradle/internal/buildtree/BuildActionRunner$Result;+246
j  org.gradle.launcher.exec.BuildCompletionNotifyingBuildActionRunner.run(Lorg/gradle/internal/invocation/BuildAction;Lorg/gradle/internal/buildtree/BuildTreeLifecycleController;)Lorg/gradle/internal/buildtree/BuildActionRunner$Result;+6
j  org.gradle.launcher.exec.RootBuildLifecycleBuildActionExecutor.lambda$execute$0(Lorg/gradle/internal/invocation/BuildAction;Lorg/gradle/internal/buildtree/BuildTreeLifecycleController;)Lorg/gradle/internal/buildtree/BuildActionRunner$Result;+6
j  org.gradle.launcher.exec.RootBuildLifecycleBuildActionExecutor$$Lambda$152.apply(Ljava/lang/Object;)Ljava/lang/Object;+12
j  org.gradle.composite.internal.DefaultRootBuildState.run(Ljava/util/function/Function;)Ljava/lang/Object;+87
j  org.gradle.launcher.exec.RootBuildLifecycleBuildActionExecutor.execute(Lorg/gradle/internal/invocation/BuildAction;Lorg/gradle/internal/buildtree/BuildTreeContext;)Lorg/gradle/internal/buildtree/BuildActionRunner$Result;+28
j  org.gradle.internal.buildtree.DefaultBuildTreeContext.execute(Lorg/gradle/internal/invocation/BuildAction;)Lorg/gradle/internal/buildtree/BuildActionRunner$Result;+64
j  org.gradle.launcher.exec.BuildTreeLifecycleBuildActionExecutor.lambda$execute$0(Lorg/gradle/internal/invocation/BuildAction;Lorg/gradle/internal/buildtree/BuildTreeContext;)Lorg/gradle/internal/buildtree/BuildActionRunner$Result;+2
j  org.gradle.launcher.exec.BuildTreeLifecycleBuildActionExecutor$$Lambda$99.apply(Ljava/lang/Object;)Ljava/lang/Object;+8
j  org.gradle.internal.buildtree.BuildTreeState.run(Ljava/util/function/Function;)Ljava/lang/Object;+5
j  org.gradle.launcher.exec.BuildTreeLifecycleBuildActionExecutor.execute(Lorg/gradle/internal/invocation/BuildAction;Lorg/gradle/internal/session/BuildSessionContext;)Lorg/gradle/internal/buildtree/BuildActionRunner$Result;+181
j  org.gradle.launcher.exec.RunAsBuildOperationBuildActionExecutor$3.call(Lorg/gradle/internal/operations/BuildOperationContext;)Lorg/gradle/internal/buildtree/BuildActionRunner$Result;+25
j  org.gradle.launcher.exec.RunAsBuildOperationBuildActionExecutor$3.call(Lorg/gradle/internal/operations/BuildOperationContext;)Ljava/lang/Object;+2
j  org.gradle.internal.operations.DefaultBuildOperationRunner$CallableBuildOperationWorker.execute(Lorg/gradle/internal/operations/CallableBuildOperation;Lorg/gradle/internal/operations/BuildOperationContext;)V+3
j  org.gradle.internal.operations.DefaultBuildOperationRunner$CallableBuildOperationWorker.execute(Lorg/gradle/internal/operations/BuildOperation;Lorg/gradle/internal/operations/BuildOperationContext;)V+6
j  org.gradle.internal.operations.DefaultBuildOperationRunner$2.execute(Lorg/gradle/internal/operations/BuildOperationDescriptor;Lorg/gradle/internal/operations/BuildOperationState;Lorg/gradle/internal/operations/BuildOperationState;Lorg/gradle/internal/operations/DefaultBuildOperationRunner$ReadableBuildOperationContext;Lorg/gradle/internal/operations/DefaultBuildOperationRunner$BuildOperationExecutionListener;)Lorg/gradle/internal/operations/BuildOperation;+22
j  org.gradle.internal.operations.DefaultBuildOperationRunner$2.execute(Lorg/gradle/internal/operations/BuildOperationDescriptor;Lorg/gradle/internal/operations/BuildOperationState;Lorg/gradle/internal/operations/BuildOperationState;Lorg/gradle/internal/operations/DefaultBuildOperationRunner$ReadableBuildOperationContext;Lorg/gradle/internal/operations/DefaultBuildOperationRunner$BuildOperationExecutionListener;)Ljava/lang/Object;+8
j  org.gradle.internal.operations.DefaultBuildOperationRunner.execute(Lorg/gradle/internal/operations/BuildOperationDescriptor$Builder;Lorg/gradle/internal/operations/BuildOperationState;Lorg/gradle/internal/operations/DefaultBuildOperationRunner$BuildOperationExecution;)Ljava/lang/Object;+141
j  org.gradle.internal.operations.DefaultBuildOperationRunner.execute(Lorg/gradle/internal/operations/BuildOperation;Lorg/gradle/internal/operations/BuildOperationWorker;Lorg/gradle/internal/operations/BuildOperationState;)V+18
j  org.gradle.internal.operations.DefaultBuildOperationRunner.call(Lorg/gradle/internal/operations/CallableBuildOperation;)Ljava/lang/Object;+16
j  org.gradle.internal.operations.DefaultBuildOperationExecutor.call(Lorg/gradle/internal/operations/CallableBuildOperation;)Ljava/lang/Object;+5
j  org.gradle.launcher.exec.RunAsBuildOperationBuildActionExecutor.execute(Lorg/gradle/internal/invocation/BuildAction;Lorg/gradle/internal/session/BuildSessionContext;)Lorg/gradle/internal/buildtree/BuildActionRunner$Result;+23
j  org.gradle.launcher.exec.RunAsWorkerThreadBuildActionExecutor.lambda$execute$0(Lorg/gradle/internal/invocation/BuildAction;Lorg/gradle/internal/session/BuildSessionContext;)Lorg/gradle/internal/buildtree/BuildActionRunner$Result;+6
j  org.gradle.launcher.exec.RunAsWorkerThreadBuildActionExecutor$$Lambda$98.create()Ljava/lang/Object;+12
j  org.gradle.internal.work.DefaultWorkerLeaseService.withLocks(Ljava/lang/Iterable;Lorg/gradle/internal/Factory;)Ljava/lang/Object;+26
j  org.gradle.internal.work.DefaultWorkerLeaseService.runAsWorkerThread(Lorg/gradle/internal/Factory;)Ljava/lang/Object;+33
j  org.gradle.launcher.exec.RunAsWorkerThreadBuildActionExecutor.execute(Lorg/gradle/internal/invocation/BuildAction;Lorg/gradle/internal/session/BuildSessionContext;)Lorg/gradle/internal/buildtree/BuildActionRunner$Result;+12
j  org.gradle.tooling.internal.provider.ContinuousBuildActionExecutor.execute(Lorg/gradle/internal/invocation/BuildAction;Lorg/gradle/internal/session/BuildSessionContext;)Lorg/gradle/internal/buildtree/BuildActionRunner$Result;+58
j  org.gradle.tooling.internal.provider.SubscribableBuildActionExecutor.execute(Lorg/gradle/internal/invocation/BuildAction;Lorg/gradle/internal/session/BuildSessionContext;)Lorg/gradle/internal/buildtree/BuildActionRunner$Result;+30
j  org.gradle.internal.session.DefaultBuildSessionContext.execute(Lorg/gradle/internal/invocation/BuildAction;)Lorg/gradle/internal/buildtree/BuildActionRunner$Result;+64
j  org.gradle.tooling.internal.provider.BuildSessionLifecycleBuildActionExecuter$ActionImpl.apply(Lorg/gradle/internal/session/BuildSessionContext;)Lorg/gradle/launcher/exec/BuildActionResult;+6
j  org.gradle.tooling.internal.provider.BuildSessionLifecycleBuildActionExecuter$ActionImpl.apply(Ljava/lang/Object;)Ljava/lang/Object;+5
j  org.gradle.internal.session.BuildSessionState.run(Ljava/util/function/Function;)Ljava/lang/Object;+5
j  org.gradle.tooling.internal.provider.BuildSessionLifecycleBuildActionExecuter.execute(Lorg/gradle/internal/invocation/BuildAction;Lorg/gradle/launcher/exec/BuildActionParameters;Lorg/gradle/initialization/BuildRequestContext;)Lorg/gradle/launcher/exec/BuildActionResult;+95
j  org.gradle.tooling.internal.provider.BuildSessionLifecycleBuildActionExecuter.execute(Lorg/gradle/internal/invocation/BuildAction;Ljava/lang/Object;Ljava/lang/Object;)Lorg/gradle/launcher/exec/BuildActionResult;+10
j  org.gradle.tooling.internal.provider.StartParamsValidatingActionExecuter.execute(Lorg/gradle/internal/invocation/BuildAction;Lorg/gradle/launcher/exec/BuildActionParameters;Lorg/gradle/initialization/BuildRequestContext;)Lorg/gradle/launcher/exec/BuildActionResult;+177
j  org.gradle.tooling.internal.provider.StartParamsValidatingActionExecuter.execute(Lorg/gradle/internal/invocation/BuildAction;Ljava/lang/Object;Ljava/lang/Object;)Lorg/gradle/launcher/exec/BuildActionResult;+10
j  org.gradle.tooling.internal.provider.SessionFailureReportingActionExecuter.execute(Lorg/gradle/internal/invocation/BuildAction;Lorg/gradle/launcher/exec/BuildActionParameters;Lorg/gradle/initialization/BuildRequestContext;)Lorg/gradle/launcher/exec/BuildActionResult;+7
j  org.gradle.tooling.internal.provider.SessionFailureReportingActionExecuter.execute(Lorg/gradle/internal/invocation/BuildAction;Ljava/lang/Object;Ljava/lang/Object;)Lorg/gradle/launcher/exec/BuildActionResult;+10
j  org.gradle.tooling.internal.provider.SetupLoggingActionExecuter.execute(Lorg/gradle/internal/invocation/BuildAction;Lorg/gradle/launcher/exec/BuildActionParameters;Lorg/gradle/initialization/BuildRequestContext;)Lorg/gradle/launcher/exec/BuildActionResult;+50
j  org.gradle.tooling.internal.provider.SetupLoggingActionExecuter.execute(Lorg/gradle/internal/invocation/BuildAction;Ljava/lang/Object;Ljava/lang/Object;)Lorg/gradle/launcher/exec/BuildActionResult;+10
j  org.gradle.launcher.daemon.server.exec.ExecuteBuild.doBuild(Lorg/gradle/launcher/daemon/server/api/DaemonCommandExecution;Lorg/gradle/launcher/daemon/protocol/Build;)V+117
j  org.gradle.launcher.daemon.server.exec.BuildCommandOnly.execute(Lorg/gradle/launcher/daemon/server/api/DaemonCommandExecution;)V+49
j  org.gradle.launcher.daemon.server.api.DaemonCommandExecution.proceed()Z+23
j  org.gradle.launcher.daemon.server.exec.WatchForDisconnection.execute(Lorg/gradle/launcher/daemon/server/api/DaemonCommandExecution;)V+19
j  org.gradle.launcher.daemon.server.api.DaemonCommandExecution.proceed()Z+23
j  org.gradle.launcher.daemon.server.exec.ResetDeprecationLogger.execute(Lorg/gradle/launcher/daemon/server/api/DaemonCommandExecution;)V+7
j  org.gradle.launcher.daemon.server.api.DaemonCommandExecution.proceed()Z+23
j  org.gradle.launcher.daemon.server.exec.RequestStopIfSingleUsedDaemon.execute(Lorg/gradle/launcher/daemon/server/api/DaemonCommandExecution;)V+33
j  org.gradle.launcher.daemon.server.api.DaemonCommandExecution.proceed()Z+23
j  org.gradle.launcher.daemon.server.exec.ForwardClientInput$2.create()Ljava/lang/Void;+4
j  org.gradle.launcher.daemon.server.exec.ForwardClientInput$2.create()Ljava/lang/Object;+1
j  org.gradle.util.internal.Swapper.swap(Ljava/lang/Object;Lorg/gradle/internal/Factory;)Ljava/lang/Object;+21
j  org.gradle.launcher.daemon.server.exec.ForwardClientInput.execute(Lorg/gradle/launcher/daemon/server/api/DaemonCommandExecution;)V+63
j  org.gradle.launcher.daemon.server.api.DaemonCommandExecution.proceed()Z+23
j  org.gradle.launcher.daemon.server.exec.LogAndCheckHealth.execute(Lorg/gradle/launcher/daemon/server/api/DaemonCommandExecution;)V+28
j  org.gradle.launcher.daemon.server.api.DaemonCommandExecution.proceed()Z+23
j  org.gradle.launcher.daemon.server.exec.LogToClient.doBuild(Lorg/gradle/launcher/daemon/server/api/DaemonCommandExecution;Lorg/gradle/launcher/daemon/protocol/Build;)V+87
j  org.gradle.launcher.daemon.server.exec.BuildCommandOnly.execute(Lorg/gradle/launcher/daemon/server/api/DaemonCommandExecution;)V+49
j  org.gradle.launcher.daemon.server.api.DaemonCommandExecution.proceed()Z+23
j  org.gradle.launcher.daemon.server.exec.EstablishBuildEnvironment.doBuild(Lorg/gradle/launcher/daemon/server/api/DaemonCommandExecution;Lorg/gradle/launcher/daemon/protocol/Build;)V+356
j  org.gradle.launcher.daemon.server.exec.BuildCommandOnly.execute(Lorg/gradle/launcher/daemon/server/api/DaemonCommandExecution;)V+49
j  org.gradle.launcher.daemon.server.api.DaemonCommandExecution.proceed()Z+23
j  org.gradle.launcher.daemon.server.exec.StartBuildOrRespondWithBusy$1.run()V+44
j  org.gradle.launcher.daemon.server.DaemonStateCoordinator$1.run()V+4
j  org.gradle.internal.concurrent.ExecutorPolicy$CatchAndRecordFailures.onExecute(Ljava/lang/Runnable;)V+1
j  org.gradle.internal.concurrent.ManagedExecutorImpl$1.run()V+25
j  java.util.concurrent.ThreadPoolExecutor.runWorker(Ljava/util/concurrent/ThreadPoolExecutor$Worker;)V+92 java.base@11.0.13
j  java.util.concurrent.ThreadPoolExecutor$Worker.run()V+5 java.base@11.0.13
j  java.lang.Thread.run()V+11 java.base@11.0.13
v  ~StubRoutines::call_stub

---------------  P R O C E S S  ---------------

Threads class SMR info:
_java_thread_list=0x00000199dec756d0, length=41, elements={
0x00000199bbd0c800, 0x00000199d8170000, 0x00000199d8171800, 0x00000199d8af5800,
0x00000199d8af7000, 0x00000199d8af8000, 0x00000199d8afc800, 0x00000199d8b00800,
0x00000199d8b01800, 0x00000199d8c62000, 0x00000199d8d5d800, 0x00000199dab6f000,
0x00000199dab4e800, 0x00000199db1a2800, 0x00000199db1ac800, 0x00000199db188800,
0x00000199dac54800, 0x00000199da5e8800, 0x00000199dae4a800, 0x00000199d9a36000,
0x00000199db38d800, 0x00000199db453800, 0x00000199db450000, 0x00000199db451000,
0x00000199db454000, 0x00000199db452800, 0x00000199db455000, 0x00000199db456000,
0x00000199db452000, 0x00000199db456800, 0x00000199dc5dd000, 0x00000199dc5da800,
0x00000199dc5db800, 0x00000199dc5de000, 0x00000199dc5df800, 0x00000199dc5dc800,
0x00000199dc5de800, 0x00000199dc5da000, 0x00000199dc5e1000, 0x00000199dc5e2000,
0x00000199dc5e5000
}

Java Threads: ( => current thread )
  0x00000199bbd0c800 JavaThread "main" [_thread_blocked, id=3728, stack(0x00000091d6100000,0x00000091d6200000)]
  0x00000199d8170000 JavaThread "Reference Handler" daemon [_thread_blocked, id=13832, stack(0x00000091d6800000,0x00000091d6900000)]
  0x00000199d8171800 JavaThread "Finalizer" daemon [_thread_blocked, id=11936, stack(0x00000091d6900000,0x00000091d6a00000)]
  0x00000199d8af5800 JavaThread "Signal Dispatcher" daemon [_thread_blocked, id=1512, stack(0x00000091d6a00000,0x00000091d6b00000)]
  0x00000199d8af7000 JavaThread "Attach Listener" daemon [_thread_blocked, id=8264, stack(0x00000091d6b00000,0x00000091d6c00000)]
  0x00000199d8af8000 JavaThread "Service Thread" daemon [_thread_blocked, id=13588, stack(0x00000091d6c00000,0x00000091d6d00000)]
  0x00000199d8afc800 JavaThread "C2 CompilerThread0" daemon [_thread_in_native, id=11004, stack(0x00000091d6d00000,0x00000091d6e00000)]
  0x00000199d8b00800 JavaThread "C1 CompilerThread0" daemon [_thread_blocked, id=12080, stack(0x00000091d6e00000,0x00000091d6f00000)]
  0x00000199d8b01800 JavaThread "Sweeper thread" daemon [_thread_blocked, id=6484, stack(0x00000091d6f00000,0x00000091d7000000)]
  0x00000199d8c62000 JavaThread "Common-Cleaner" daemon [_thread_blocked, id=12468, stack(0x00000091d7000000,0x00000091d7100000)]
  0x00000199d8d5d800 JavaThread "C2 CompilerThread1" daemon [_thread_blocked, id=11584, stack(0x00000091d7200000,0x00000091d7300000)]
  0x00000199dab6f000 JavaThread "Daemon health stats" [_thread_blocked, id=7972, stack(0x00000091d7500000,0x00000091d7600000)]
  0x00000199dab4e800 JavaThread "Incoming local TCP Connector on port 51155" [_thread_in_native, id=12420, stack(0x00000091d7600000,0x00000091d7700000)]
  0x00000199db1a2800 JavaThread "Daemon periodic checks" [_thread_blocked, id=7248, stack(0x00000091d7700000,0x00000091d7800000)]
  0x00000199db1ac800 JavaThread "Daemon" [_thread_blocked, id=15200, stack(0x00000091d7800000,0x00000091d7900000)]
  0x00000199db188800 JavaThread "Handler for socket connection from /127.0.0.1:51155 to /127.0.0.1:51156" [_thread_in_native, id=7188, stack(0x00000091d7900000,0x00000091d7a00000)]
  0x00000199dac54800 JavaThread "Cancel handler" [_thread_blocked, id=11512, stack(0x00000091d7a00000,0x00000091d7b00000)]
=>0x00000199da5e8800 JavaThread "Daemon worker" [_thread_in_vm, id=13352, stack(0x00000091d7b00000,0x00000091d7c00000)]
  0x00000199dae4a800 JavaThread "Asynchronous log dispatcher for DefaultDaemonConnection: socket connection from /127.0.0.1:51155 to /127.0.0.1:51156" [_thread_blocked, id=4004, stack(0x00000091d7c00000,0x00000091d7d00000)]
  0x00000199d9a36000 JavaThread "Stdin handler" [_thread_blocked, id=6796, stack(0x00000091d7d00000,0x00000091d7e00000)]
  0x00000199db38d800 JavaThread "Daemon client event forwarder" [_thread_blocked, id=9992, stack(0x00000091d7e00000,0x00000091d7f00000)]
  0x00000199db453800 JavaThread "Cache worker for journal cache (C:\Program Files\Android\gradle-7.3.3\caches\journal-1)" [_thread_blocked, id=14264, stack(0x00000091d8400000,0x00000091d8500000)]
  0x00000199db450000 JavaThread "File lock request listener" [_thread_in_native, id=6968, stack(0x00000091d8500000,0x00000091d8600000)]
  0x00000199db451000 JavaThread "Cache worker for file hash cache (C:\Program Files\Android\gradle-7.3.3\caches\7.4\fileHashes)" [_thread_blocked, id=12200, stack(0x00000091d8700000,0x00000091d8800000)]
  0x00000199db454000 JavaThread "File watcher server" daemon [_thread_in_native, id=11412, stack(0x00000091d8800000,0x00000091d8900000)]
  0x00000199db452800 JavaThread "File watcher consumer" daemon [_thread_blocked, id=15536, stack(0x00000091d8900000,0x00000091d8a00000)]
  0x00000199db455000 JavaThread "jar transforms" [_thread_blocked, id=15500, stack(0x00000091d8a00000,0x00000091d8b00000)]
  0x00000199db456000 JavaThread "jar transforms Thread 2" [_thread_blocked, id=11940, stack(0x00000091d8b00000,0x00000091d8c00000)]
  0x00000199db452000 JavaThread "jar transforms Thread 3" [_thread_blocked, id=7340, stack(0x00000091d8c00000,0x00000091d8d00000)]
  0x00000199db456800 JavaThread "jar transforms Thread 4" [_thread_blocked, id=2012, stack(0x00000091d8d00000,0x00000091d8e00000)]
  0x00000199dc5dd000 JavaThread "jar transforms Thread 5" [_thread_blocked, id=5688, stack(0x00000091d8e00000,0x00000091d8f00000)]
  0x00000199dc5da800 JavaThread "jar transforms Thread 6" [_thread_blocked, id=5088, stack(0x00000091d8f00000,0x00000091d9000000)]
  0x00000199dc5db800 JavaThread "jar transforms Thread 7" [_thread_blocked, id=3252, stack(0x00000091d9000000,0x00000091d9100000)]
  0x00000199dc5de000 JavaThread "jar transforms Thread 8" [_thread_blocked, id=12752, stack(0x00000091d9100000,0x00000091d9200000)]
  0x00000199dc5df800 JavaThread "Cache worker for checksums cache (D:\CollegeApp\.gradle\7.4\checksums)" [_thread_blocked, id=7232, stack(0x00000091d9200000,0x00000091d9300000)]
  0x00000199dc5dc800 JavaThread "Cache worker for cache directory md-rule (C:\Program Files\Android\gradle-7.3.3\caches\7.4\md-rule)" [_thread_blocked, id=10052, stack(0x00000091d9300000,0x00000091d9400000)]
  0x00000199dc5de800 JavaThread "Cache worker for file hash cache (D:\CollegeApp\.gradle\7.4\fileHashes)" [_thread_blocked, id=9168, stack(0x00000091d9400000,0x00000091d9500000)]
  0x00000199dc5da000 JavaThread "Cache worker for cache directory md-supplier (C:\Program Files\Android\gradle-7.3.3\caches\7.4\md-supplier)" [_thread_blocked, id=6096, stack(0x00000091d9500000,0x00000091d9600000)]
  0x00000199dc5e1000 JavaThread "Cache worker for execution history cache (C:\Program Files\Android\gradle-7.3.3\caches\7.4\executionHistory)" [_thread_blocked, id=10584, stack(0x00000091d9600000,0x00000091d9700000)]
  0x00000199dc5e2000 JavaThread "Cache worker for file content cache (C:\Program Files\Android\gradle-7.3.3\caches\7.4\fileContent)" [_thread_blocked, id=15368, stack(0x00000091d9700000,0x00000091d9800000)]
  0x00000199dc5e5000 JavaThread "Cache worker for dependencies-accessors (D:\CollegeApp\.gradle\7.4\dependencies-accessors)" [_thread_blocked, id=14024, stack(0x00000091d9800000,0x00000091d9900000)]

Other Threads:
  0x00000199d816b800 VMThread "VM Thread" [stack: 0x00000091d6700000,0x00000091d6800000] [id=3268]
  0x00000199d8c90800 WatcherThread [stack: 0x00000091d7100000,0x00000091d7200000] [id=12052]
  0x00000199bbd26000 GCTaskThread "GC Thread#0" [stack: 0x00000091d6200000,0x00000091d6300000] [id=10948]
  0x00000199d91e6000 GCTaskThread "GC Thread#1" [stack: 0x00000091d7300000,0x00000091d7400000] [id=14560]
  0x00000199d9671800 GCTaskThread "GC Thread#2" [stack: 0x00000091d7400000,0x00000091d7500000] [id=13476]
  0x00000199d9cad000 GCTaskThread "GC Thread#3" [stack: 0x00000091d7f00000,0x00000091d8000000] [id=16072]
  0x00000199dae81000 GCTaskThread "GC Thread#4" [stack: 0x00000091d8000000,0x00000091d8100000] [id=3272]
  0x00000199db3b2000 GCTaskThread "GC Thread#5" [stack: 0x00000091d8100000,0x00000091d8200000] [id=3948]
  0x00000199dae7d800 GCTaskThread "GC Thread#6" [stack: 0x00000091d8200000,0x00000091d8300000] [id=15328]
  0x00000199db85a800 GCTaskThread "GC Thread#7" [stack: 0x00000091d8300000,0x00000091d8400000] [id=3820]
  0x00000199bbd58000 ConcurrentGCThread "G1 Main Marker" [stack: 0x00000091d6300000,0x00000091d6400000] [id=7668]
  0x00000199bbd59000 ConcurrentGCThread "G1 Conc#0" [stack: 0x00000091d6400000,0x00000091d6500000] [id=6100]
  0x00000199da3cd000 ConcurrentGCThread "G1 Conc#1" [stack: 0x00000091d8600000,0x00000091d8700000] [id=6728]
  0x00000199bbde7000 ConcurrentGCThread "G1 Refine#0" [stack: 0x00000091d6500000,0x00000091d6600000] [id=3840]
  0x00000199d7fc0800 ConcurrentGCThread "G1 Young RemSet Sampling" [stack: 0x00000091d6600000,0x00000091d6700000] [id=8796]

Threads with active compile tasks:
C2 CompilerThread0   4117 4074       4       java.net.URLClassLoader$1::run (5 bytes)
C2 CompilerThread1   4117 4034       4       groovy.lang.MetaClassImpl$1MOPIter::methodNameAction (325 bytes)

VM state:synchronizing (normal execution)

VM Mutex/Monitor currently owned by a thread:  ([mutex/lock_event])
[0x00000199bbd08de0] Threads_lock - owner thread: 0x00000199d816b800
[0x00000199bbd08e70] Heap_lock - owner thread: 0x00000199bbd58000

Heap address: 0x0000000080000000, size: 2048 MB, Compressed Oops mode: 32-bit
Narrow klass base: 0x0000000000000000, Narrow klass shift: 3
Compressed class space size: 1073741824 Address: 0x0000000100000000

Heap:
 garbage-first heap   total 155648K, used 68700K [0x0000000080000000, 0x0000000100000000)
  region size 1024K, 7 young (7168K), 4 survivors (4096K)
 Metaspace       used 47288K, capacity 48771K, committed 49100K, reserved 1091584K
  class space    used 5977K, capacity 6495K, committed 6604K, reserved 1048576K
Heap Regions: E=young(eden), S=young(survivor), O=old, HS=humongous(starts), HC=humongous(continues), CS=collection set, F=free, A=archive, TAMS=top-at-mark-start (previous, next)
|   0|0x0000000080000000, 0x0000000080100000, 0x0000000080100000|100%| O|  |TAMS 0x0000000080100000, 0x0000000080100000| Untracked 
|   1|0x0000000080100000, 0x0000000080200000, 0x0000000080200000|100%| O|  |TAMS 0x0000000080200000, 0x0000000080200000| Untracked 
|   2|0x0000000080200000, 0x0000000080300000, 0x0000000080300000|100%| O|  |TAMS 0x0000000080300000, 0x0000000080300000| Untracked 
|   3|0x0000000080300000, 0x0000000080400000, 0x0000000080400000|100%|HS|  |TAMS 0x0000000080400000, 0x0000000080400000| Complete 
|   4|0x0000000080400000, 0x0000000080500000, 0x0000000080500000|100%|HC|  |TAMS 0x0000000080500000, 0x0000000080500000| Complete 
|   5|0x0000000080500000, 0x0000000080600000, 0x0000000080600000|100%|HC|  |TAMS 0x0000000080600000, 0x0000000080600000| Complete 
|   6|0x0000000080600000, 0x0000000080700000, 0x0000000080700000|100%| O|  |TAMS 0x0000000080700000, 0x0000000080700000| Untracked 
|   7|0x0000000080700000, 0x0000000080800000, 0x0000000080800000|100%| O|  |TAMS 0x0000000080800000, 0x0000000080800000| Untracked 
|   8|0x0000000080800000, 0x0000000080900000, 0x0000000080900000|100%| O|  |TAMS 0x0000000080900000, 0x0000000080900000| Untracked 
|   9|0x0000000080900000, 0x0000000080a00000, 0x0000000080a00000|100%| O|  |TAMS 0x0000000080a00000, 0x0000000080a00000| Untracked 
|  10|0x0000000080a00000, 0x0000000080b00000, 0x0000000080b00000|100%| O|  |TAMS 0x0000000080b00000, 0x0000000080b00000| Untracked 
|  11|0x0000000080b00000, 0x0000000080c00000, 0x0000000080c00000|100%| O|  |TAMS 0x0000000080c00000, 0x0000000080c00000| Untracked 
|  12|0x0000000080c00000, 0x0000000080d00000, 0x0000000080d00000|100%| O|  |TAMS 0x0000000080d00000, 0x0000000080d00000| Untracked 
|  13|0x0000000080d00000, 0x0000000080e00000, 0x0000000080e00000|100%| O|  |TAMS 0x0000000080e00000, 0x0000000080e00000| Untracked 
|  14|0x0000000080e00000, 0x0000000080f00000, 0x0000000080f00000|100%| O|  |TAMS 0x0000000080f00000, 0x0000000080f00000| Untracked 
|  15|0x0000000080f00000, 0x0000000081000000, 0x0000000081000000|100%| O|  |TAMS 0x0000000081000000, 0x0000000081000000| Untracked 
|  16|0x0000000081000000, 0x0000000081100000, 0x0000000081100000|100%|HS|  |TAMS 0x0000000081100000, 0x0000000081100000| Complete 
|  17|0x0000000081100000, 0x0000000081200000, 0x0000000081200000|100%|HC|  |TAMS 0x0000000081200000, 0x0000000081200000| Complete 
|  18|0x0000000081200000, 0x0000000081300000, 0x0000000081300000|100%|HS|  |TAMS 0x0000000081300000, 0x0000000081300000| Complete 
|  19|0x0000000081300000, 0x0000000081400000, 0x0000000081400000|100%|HC|  |TAMS 0x0000000081400000, 0x0000000081400000| Complete 
|  20|0x0000000081400000, 0x0000000081500000, 0x0000000081500000|100%|HC|  |TAMS 0x0000000081500000, 0x0000000081500000| Complete 
|  21|0x0000000081500000, 0x0000000081600000, 0x0000000081600000|100%|HS|  |TAMS 0x0000000081600000, 0x0000000081600000| Complete 
|  22|0x0000000081600000, 0x0000000081700000, 0x0000000081700000|100%|HC|  |TAMS 0x0000000081700000, 0x0000000081700000| Complete 
|  23|0x0000000081700000, 0x0000000081800000, 0x0000000081800000|100%|HC|  |TAMS 0x0000000081800000, 0x0000000081800000| Complete 
|  24|0x0000000081800000, 0x0000000081900000, 0x0000000081900000|100%|HS|  |TAMS 0x0000000081900000, 0x0000000081900000| Complete 
|  25|0x0000000081900000, 0x0000000081a00000, 0x0000000081a00000|100%|HC|  |TAMS 0x0000000081a00000, 0x0000000081a00000| Complete 
|  26|0x0000000081a00000, 0x0000000081b00000, 0x0000000081b00000|100%|HC|  |TAMS 0x0000000081b00000, 0x0000000081b00000| Complete 
|  27|0x0000000081b00000, 0x0000000081c00000, 0x0000000081c00000|100%|HC|  |TAMS 0x0000000081c00000, 0x0000000081c00000| Complete 
|  28|0x0000000081c00000, 0x0000000081d00000, 0x0000000081d00000|100%|HC|  |TAMS 0x0000000081d00000, 0x0000000081d00000| Complete 
|  29|0x0000000081d00000, 0x0000000081e00000, 0x0000000081e00000|100%|HS|  |TAMS 0x0000000081e00000, 0x0000000081e00000| Complete 
|  30|0x0000000081e00000, 0x0000000081f00000, 0x0000000081f00000|100%| O|  |TAMS 0x0000000081f00000, 0x0000000081f00000| Untracked 
|  31|0x0000000081f00000, 0x0000000082000000, 0x0000000082000000|100%| O|  |TAMS 0x0000000082000000, 0x0000000082000000| Untracked 
|  32|0x0000000082000000, 0x0000000082100000, 0x0000000082100000|100%| O|  |TAMS 0x0000000082100000, 0x0000000082100000| Untracked 
|  33|0x0000000082100000, 0x0000000082200000, 0x0000000082200000|100%| O|  |TAMS 0x0000000082200000, 0x0000000082200000| Untracked 
|  34|0x0000000082200000, 0x0000000082300000, 0x0000000082300000|100%| O|  |TAMS 0x0000000082300000, 0x0000000082300000| Untracked 
|  35|0x0000000082300000, 0x0000000082400000, 0x0000000082400000|100%| O|  |TAMS 0x0000000082400000, 0x0000000082400000| Untracked 
|  36|0x0000000082400000, 0x0000000082500000, 0x0000000082500000|100%| O|  |TAMS 0x0000000082500000, 0x0000000082500000| Untracked 
|  37|0x0000000082500000, 0x0000000082600000, 0x0000000082600000|100%|HS|  |TAMS 0x0000000082500000, 0x0000000082600000| Complete 
|  38|0x0000000082600000, 0x0000000082700000, 0x0000000082700000|100%|HC|  |TAMS 0x0000000082600000, 0x0000000082700000| Complete 
|  39|0x0000000082700000, 0x0000000082800000, 0x0000000082800000|100%|HC|  |TAMS 0x0000000082700000, 0x0000000082800000| Complete 
|  40|0x0000000082800000, 0x0000000082900000, 0x0000000082900000|100%| O|  |TAMS 0x0000000082875e00, 0x0000000082900000| Untracked 
|  41|0x0000000082900000, 0x0000000082a00000, 0x0000000082a00000|100%|HS|  |TAMS 0x0000000082900000, 0x0000000082a00000| Complete 
|  42|0x0000000082a00000, 0x0000000082b00000, 0x0000000082b00000|100%|HC|  |TAMS 0x0000000082a00000, 0x0000000082b00000| Complete 
|  43|0x0000000082b00000, 0x0000000082c00000, 0x0000000082c00000|100%|HC|  |TAMS 0x0000000082b00000, 0x0000000082c00000| Complete 
|  44|0x0000000082c00000, 0x0000000082d00000, 0x0000000082d00000|100%|HC|  |TAMS 0x0000000082c00000, 0x0000000082d00000| Complete 
|  45|0x0000000082d00000, 0x0000000082e00000, 0x0000000082e00000|100%|HS|  |TAMS 0x0000000082d00000, 0x0000000082e00000| Complete 
|  46|0x0000000082e00000, 0x0000000082f00000, 0x0000000082f00000|100%|HC|  |TAMS 0x0000000082e00000, 0x0000000082f00000| Complete 
|  47|0x0000000082f00000, 0x0000000083000000, 0x0000000083000000|100%|HS|  |TAMS 0x0000000082f00000, 0x0000000083000000| Complete 
|  48|0x0000000083000000, 0x0000000083100000, 0x0000000083100000|100%|HC|  |TAMS 0x0000000083000000, 0x0000000083100000| Complete 
|  49|0x0000000083100000, 0x0000000083200000, 0x0000000083200000|100%|HC|  |TAMS 0x0000000083100000, 0x0000000083200000| Complete 
|  50|0x0000000083200000, 0x0000000083300000, 0x0000000083300000|100%| O|  |TAMS 0x0000000083200000, 0x0000000083300000| Untracked 
|  51|0x0000000083300000, 0x0000000083400000, 0x0000000083400000|100%| O|  |TAMS 0x0000000083300000, 0x0000000083400000| Untracked 
|  52|0x0000000083400000, 0x0000000083500000, 0x0000000083500000|100%| O|  |TAMS 0x0000000083400000, 0x0000000083500000| Untracked 
|  53|0x0000000083500000, 0x0000000083600000, 0x0000000083600000|100%| O|  |TAMS 0x0000000083500000, 0x0000000083600000| Untracked 
|  54|0x0000000083600000, 0x0000000083700000, 0x0000000083700000|100%| O|  |TAMS 0x0000000083600000, 0x0000000083700000| Untracked 
|  55|0x0000000083700000, 0x0000000083800000, 0x0000000083800000|100%| O|  |TAMS 0x0000000083700000, 0x0000000083800000| Untracked 
|  56|0x0000000083800000, 0x0000000083900000, 0x0000000083900000|100%| O|  |TAMS 0x0000000083800000, 0x0000000083900000| Untracked 
|  57|0x0000000083900000, 0x0000000083a00000, 0x0000000083a00000|100%| O|  |TAMS 0x0000000083900000, 0x0000000083a00000| Untracked 
|  58|0x0000000083a00000, 0x0000000083b00000, 0x0000000083b00000|100%| O|  |TAMS 0x0000000083a00000, 0x0000000083b00000| Untracked 
|  59|0x0000000083b00000, 0x0000000083c00000, 0x0000000083c00000|100%| O|  |TAMS 0x0000000083b00000, 0x0000000083c00000| Untracked 
|  60|0x0000000083c00000, 0x0000000083d00000, 0x0000000083d00000|100%| O|  |TAMS 0x0000000083c00000, 0x0000000083d00000| Untracked 
|  61|0x0000000083d00000, 0x0000000083e00000, 0x0000000083e00000|100%| O|  |TAMS 0x0000000083d00000, 0x0000000083e00000| Untracked 
|  62|0x0000000083e00000, 0x0000000083e00000, 0x0000000083f00000|  0%| F|  |TAMS 0x0000000083e00000, 0x0000000083e00000| Untracked 
|  63|0x0000000083f00000, 0x0000000083f00000, 0x0000000084000000|  0%| F|  |TAMS 0x0000000083f00000, 0x0000000083f00000| Untracked 
|  64|0x0000000084000000, 0x0000000084000000, 0x0000000084100000|  0%| F|  |TAMS 0x0000000084000000, 0x0000000084000000| Untracked 
|  65|0x0000000084100000, 0x0000000084100000, 0x0000000084200000|  0%| F|  |TAMS 0x0000000084100000, 0x0000000084100000| Untracked 
|  66|0x0000000084200000, 0x0000000084200000, 0x0000000084300000|  0%| F|  |TAMS 0x0000000084200000, 0x0000000084200000| Untracked 
|  67|0x0000000084300000, 0x0000000084300000, 0x0000000084400000|  0%| F|  |TAMS 0x0000000084300000, 0x0000000084300000| Untracked 
|  68|0x0000000084400000, 0x0000000084400000, 0x0000000084500000|  0%| F|  |TAMS 0x0000000084400000, 0x0000000084400000| Untracked 
|  69|0x0000000084500000, 0x0000000084500000, 0x0000000084600000|  0%| F|  |TAMS 0x0000000084500000, 0x0000000084500000| Untracked 
|  70|0x0000000084600000, 0x0000000084600000, 0x0000000084700000|  0%| F|  |TAMS 0x0000000084600000, 0x0000000084600000| Untracked 
|  71|0x0000000084700000, 0x0000000084700000, 0x0000000084800000|  0%| F|  |TAMS 0x0000000084700000, 0x0000000084700000| Untracked 
|  72|0x0000000084800000, 0x0000000084800000, 0x0000000084900000|  0%| F|  |TAMS 0x0000000084800000, 0x0000000084800000| Untracked 
|  73|0x0000000084900000, 0x0000000084900000, 0x0000000084a00000|  0%| F|  |TAMS 0x0000000084900000, 0x0000000084900000| Untracked 
|  74|0x0000000084a00000, 0x0000000084a00000, 0x0000000084b00000|  0%| F|  |TAMS 0x0000000084a00000, 0x0000000084a00000| Untracked 
|  75|0x0000000084b00000, 0x0000000084b00000, 0x0000000084c00000|  0%| F|  |TAMS 0x0000000084b00000, 0x0000000084b00000| Untracked 
|  76|0x0000000084c00000, 0x0000000084c00000, 0x0000000084d00000|  0%| F|  |TAMS 0x0000000084c00000, 0x0000000084c00000| Untracked 
|  77|0x0000000084d00000, 0x0000000084d00000, 0x0000000084e00000|  0%| F|  |TAMS 0x0000000084d00000, 0x0000000084d00000| Untracked 
|  78|0x0000000084e00000, 0x0000000084e00000, 0x0000000084f00000|  0%| F|  |TAMS 0x0000000084e00000, 0x0000000084e00000| Untracked 
|  79|0x0000000084f00000, 0x0000000084f00000, 0x0000000085000000|  0%| F|  |TAMS 0x0000000084f00000, 0x0000000084f00000| Untracked 
|  80|0x0000000085000000, 0x0000000085000000, 0x0000000085100000|  0%| F|  |TAMS 0x0000000085000000, 0x0000000085000000| Untracked 
|  81|0x0000000085100000, 0x0000000085100000, 0x0000000085200000|  0%| F|  |TAMS 0x0000000085100000, 0x0000000085100000| Untracked 
|  82|0x0000000085200000, 0x0000000085200000, 0x0000000085300000|  0%| F|  |TAMS 0x0000000085200000, 0x0000000085200000| Untracked 
|  83|0x0000000085300000, 0x0000000085300000, 0x0000000085400000|  0%| F|  |TAMS 0x0000000085300000, 0x0000000085300000| Untracked 
|  84|0x0000000085400000, 0x0000000085417158, 0x0000000085500000|  9%| S|CS|TAMS 0x0000000085400000, 0x0000000085400000| Complete 
|  85|0x0000000085500000, 0x0000000085600000, 0x0000000085600000|100%| S|CS|TAMS 0x0000000085500000, 0x0000000085500000| Complete 
|  86|0x0000000085600000, 0x0000000085700000, 0x0000000085700000|100%| S|CS|TAMS 0x0000000085600000, 0x0000000085600000| Complete 
|  87|0x0000000085700000, 0x0000000085800000, 0x0000000085800000|100%| S|CS|TAMS 0x0000000085700000, 0x0000000085700000| Complete 
|  88|0x0000000085800000, 0x0000000085800000, 0x0000000085900000|  0%| F|  |TAMS 0x0000000085800000, 0x0000000085800000| Untracked 
|  89|0x0000000085900000, 0x0000000085900000, 0x0000000085a00000|  0%| F|  |TAMS 0x0000000085900000, 0x0000000085900000| Untracked 
|  90|0x0000000085a00000, 0x0000000085a00000, 0x0000000085b00000|  0%| F|  |TAMS 0x0000000085a00000, 0x0000000085a00000| Untracked 
|  91|0x0000000085b00000, 0x0000000085b00000, 0x0000000085c00000|  0%| F|  |TAMS 0x0000000085b00000, 0x0000000085b00000| Untracked 
|  92|0x0000000085c00000, 0x0000000085c00000, 0x0000000085d00000|  0%| F|  |TAMS 0x0000000085c00000, 0x0000000085c00000| Untracked 
|  93|0x0000000085d00000, 0x0000000085d00000, 0x0000000085e00000|  0%| F|  |TAMS 0x0000000085d00000, 0x0000000085d00000| Untracked 
|  94|0x0000000085e00000, 0x0000000085e00000, 0x0000000085f00000|  0%| F|  |TAMS 0x0000000085e00000, 0x0000000085e00000| Untracked 
|  95|0x0000000085f00000, 0x0000000085f00000, 0x0000000086000000|  0%| F|  |TAMS 0x0000000085f00000, 0x0000000085f00000| Untracked 
|  96|0x0000000086000000, 0x0000000086000000, 0x0000000086100000|  0%| F|  |TAMS 0x0000000086000000, 0x0000000086000000| Untracked 
|  97|0x0000000086100000, 0x0000000086100000, 0x0000000086200000|  0%| F|  |TAMS 0x0000000086100000, 0x0000000086100000| Untracked 
|  98|0x0000000086200000, 0x0000000086200000, 0x0000000086300000|  0%| F|  |TAMS 0x0000000086200000, 0x0000000086200000| Untracked 
|  99|0x0000000086300000, 0x0000000086300000, 0x0000000086400000|  0%| F|  |TAMS 0x0000000086300000, 0x0000000086300000| Untracked 
| 100|0x0000000086400000, 0x0000000086400000, 0x0000000086500000|  0%| F|  |TAMS 0x0000000086400000, 0x0000000086400000| Untracked 
| 101|0x0000000086500000, 0x0000000086500000, 0x0000000086600000|  0%| F|  |TAMS 0x0000000086500000, 0x0000000086500000| Untracked 
| 102|0x0000000086600000, 0x0000000086600000, 0x0000000086700000|  0%| F|  |TAMS 0x0000000086600000, 0x0000000086600000| Untracked 
| 103|0x0000000086700000, 0x0000000086700000, 0x0000000086800000|  0%| F|  |TAMS 0x0000000086700000, 0x0000000086700000| Untracked 
| 104|0x0000000086800000, 0x0000000086800000, 0x0000000086900000|  0%| F|  |TAMS 0x0000000086800000, 0x0000000086800000| Untracked 
| 105|0x0000000086900000, 0x0000000086900000, 0x0000000086a00000|  0%| F|  |TAMS 0x0000000086900000, 0x0000000086900000| Untracked 
| 106|0x0000000086a00000, 0x0000000086a00000, 0x0000000086b00000|  0%| F|  |TAMS 0x0000000086a00000, 0x0000000086a00000| Untracked 
| 107|0x0000000086b00000, 0x0000000086b00000, 0x0000000086c00000|  0%| F|  |TAMS 0x0000000086b00000, 0x0000000086b00000| Untracked 
| 108|0x0000000086c00000, 0x0000000086c00000, 0x0000000086d00000|  0%| F|  |TAMS 0x0000000086c00000, 0x0000000086c00000| Untracked 
| 109|0x0000000086d00000, 0x0000000086d00000, 0x0000000086e00000|  0%| F|  |TAMS 0x0000000086d00000, 0x0000000086d00000| Untracked 
| 110|0x0000000086e00000, 0x0000000086e00000, 0x0000000086f00000|  0%| F|  |TAMS 0x0000000086e00000, 0x0000000086e00000| Untracked 
| 111|0x0000000086f00000, 0x0000000086f00000, 0x0000000087000000|  0%| F|  |TAMS 0x0000000086f00000, 0x0000000086f00000| Untracked 
| 112|0x0000000087000000, 0x0000000087000000, 0x0000000087100000|  0%| F|  |TAMS 0x0000000087000000, 0x0000000087000000| Untracked 
| 113|0x0000000087100000, 0x0000000087100000, 0x0000000087200000|  0%| F|  |TAMS 0x0000000087100000, 0x0000000087100000| Untracked 
| 114|0x0000000087200000, 0x0000000087200000, 0x0000000087300000|  0%| F|  |TAMS 0x0000000087200000, 0x0000000087200000| Untracked 
| 115|0x0000000087300000, 0x0000000087300000, 0x0000000087400000|  0%| F|  |TAMS 0x0000000087300000, 0x0000000087300000| Untracked 
| 116|0x0000000087400000, 0x0000000087400000, 0x0000000087500000|  0%| F|  |TAMS 0x0000000087400000, 0x0000000087400000| Untracked 
| 117|0x0000000087500000, 0x0000000087500000, 0x0000000087600000|  0%| F|  |TAMS 0x0000000087500000, 0x0000000087500000| Untracked 
| 118|0x0000000087600000, 0x0000000087600000, 0x0000000087700000|  0%| F|  |TAMS 0x0000000087600000, 0x0000000087600000| Untracked 
| 119|0x0000000087700000, 0x0000000087700000, 0x0000000087800000|  0%| F|  |TAMS 0x0000000087700000, 0x0000000087700000| Untracked 
| 120|0x0000000087800000, 0x0000000087800000, 0x0000000087900000|  0%| F|  |TAMS 0x0000000087800000, 0x0000000087800000| Untracked 
| 121|0x0000000087900000, 0x0000000087900000, 0x0000000087a00000|  0%| F|  |TAMS 0x0000000087900000, 0x0000000087900000| Untracked 
| 122|0x0000000087a00000, 0x0000000087a00000, 0x0000000087b00000|  0%| F|  |TAMS 0x0000000087a00000, 0x0000000087a00000| Untracked 
| 123|0x0000000087b00000, 0x0000000087b00000, 0x0000000087c00000|  0%| F|  |TAMS 0x0000000087b00000, 0x0000000087b00000| Untracked 
| 124|0x0000000087c00000, 0x0000000087c00000, 0x0000000087d00000|  0%| F|  |TAMS 0x0000000087c00000, 0x0000000087c00000| Untracked 
| 125|0x0000000087d00000, 0x0000000087d00000, 0x0000000087e00000|  0%| F|  |TAMS 0x0000000087d00000, 0x0000000087d00000| Untracked 
| 126|0x0000000087e00000, 0x0000000087e00000, 0x0000000087f00000|  0%| F|  |TAMS 0x0000000087e00000, 0x0000000087e00000| Untracked 
| 127|0x0000000087f00000, 0x0000000087f00000, 0x0000000088000000|  0%| F|  |TAMS 0x0000000087f00000, 0x0000000087f00000| Untracked 
| 128|0x0000000088000000, 0x0000000088000000, 0x0000000088100000|  0%| F|  |TAMS 0x0000000088000000, 0x0000000088000000| Untracked 
| 129|0x0000000088100000, 0x0000000088100000, 0x0000000088200000|  0%| F|  |TAMS 0x0000000088100000, 0x0000000088100000| Untracked 
| 130|0x0000000088200000, 0x0000000088200000, 0x0000000088300000|  0%| F|  |TAMS 0x0000000088200000, 0x0000000088200000| Untracked 
| 131|0x0000000088300000, 0x0000000088300000, 0x0000000088400000|  0%| F|  |TAMS 0x0000000088300000, 0x0000000088300000| Untracked 
| 132|0x0000000088400000, 0x0000000088400000, 0x0000000088500000|  0%| F|  |TAMS 0x0000000088400000, 0x0000000088400000| Untracked 
| 133|0x0000000088500000, 0x0000000088500000, 0x0000000088600000|  0%| F|  |TAMS 0x0000000088500000, 0x0000000088500000| Untracked 
| 134|0x0000000088600000, 0x0000000088600000, 0x0000000088700000|  0%| F|  |TAMS 0x0000000088600000, 0x0000000088600000| Untracked 
| 135|0x0000000088700000, 0x0000000088700000, 0x0000000088800000|  0%| F|  |TAMS 0x0000000088700000, 0x0000000088700000| Untracked 
| 136|0x0000000088800000, 0x0000000088800000, 0x0000000088900000|  0%| F|  |TAMS 0x0000000088800000, 0x0000000088800000| Untracked 
| 137|0x0000000088900000, 0x0000000088900000, 0x0000000088a00000|  0%| F|  |TAMS 0x0000000088900000, 0x0000000088900000| Untracked 
| 138|0x0000000088a00000, 0x0000000088a00000, 0x0000000088b00000|  0%| F|  |TAMS 0x0000000088a00000, 0x0000000088a00000| Untracked 
| 139|0x0000000088b00000, 0x0000000088b00000, 0x0000000088c00000|  0%| F|  |TAMS 0x0000000088b00000, 0x0000000088b00000| Untracked 
| 140|0x0000000088c00000, 0x0000000088c00000, 0x0000000088d00000|  0%| F|  |TAMS 0x0000000088c00000, 0x0000000088c00000| Untracked 
| 141|0x0000000088d00000, 0x0000000088d00000, 0x0000000088e00000|  0%| F|  |TAMS 0x0000000088d00000, 0x0000000088d00000| Untracked 
| 142|0x0000000088e00000, 0x0000000088e00000, 0x0000000088f00000|  0%| F|  |TAMS 0x0000000088e00000, 0x0000000088e00000| Untracked 
| 143|0x0000000088f00000, 0x0000000088f00000, 0x0000000089000000|  0%| F|  |TAMS 0x0000000088f00000, 0x0000000088f00000| Untracked 
| 144|0x0000000089000000, 0x0000000089000000, 0x0000000089100000|  0%| F|  |TAMS 0x0000000089000000, 0x0000000089000000| Untracked 
| 145|0x0000000089100000, 0x0000000089100000, 0x0000000089200000|  0%| F|  |TAMS 0x0000000089100000, 0x0000000089100000| Untracked 
| 146|0x0000000089200000, 0x0000000089200000, 0x0000000089300000|  0%| F|  |TAMS 0x0000000089200000, 0x0000000089200000| Untracked 
| 147|0x0000000089300000, 0x0000000089300000, 0x0000000089400000|  0%| F|  |TAMS 0x0000000089300000, 0x0000000089300000| Untracked 
| 148|0x0000000089400000, 0x0000000089400000, 0x0000000089500000|  0%| F|  |TAMS 0x0000000089400000, 0x0000000089400000| Untracked 
| 149|0x0000000089500000, 0x0000000089580800, 0x0000000089600000| 50%| E|  |TAMS 0x0000000089500000, 0x0000000089500000| Complete 
| 150|0x0000000089600000, 0x0000000089700000, 0x0000000089700000|100%| E|CS|TAMS 0x0000000089600000, 0x0000000089600000| Complete 
| 151|0x0000000089700000, 0x0000000089800000, 0x0000000089800000|100%| E|CS|TAMS 0x0000000089700000, 0x0000000089700000| Complete 

Card table byte_map: [0x00000199d0ea0000,0x00000199d12a0000] _byte_map_base: 0x00000199d0aa0000

Marking Bits (Prev, Next): (CMBitMap*) 0x00000199bbd4f290, (CMBitMap*) 0x00000199bbd4f258
 Prev Bits: [0x00000199d36a0000, 0x00000199d56a0000)
 Next Bits: [0x00000199d16a0000, 0x00000199d36a0000)

Polling page: 0x00000199bbdf0000

Metaspace:

Usage:
  Non-class:     41.29 MB capacity,    40.34 MB ( 98%) used,   844.88 KB (  2%) free+waste,   119.81 KB ( <1%) overhead. 
      Class:      6.34 MB capacity,     5.84 MB ( 92%) used,   459.47 KB (  7%) free+waste,    58.19 KB ( <1%) overhead. 
       Both:     47.63 MB capacity,    46.18 MB ( 97%) used,     1.27 MB (  3%) free+waste,   178.00 KB ( <1%) overhead. 

Virtual space:
  Non-class space:       42.00 MB reserved,      41.50 MB ( 99%) committed 
      Class space:        1.00 GB reserved,       6.45 MB ( <1%) committed 
             Both:        1.04 GB reserved,      47.95 MB (  4%) committed 

Chunk freelists:
   Non-Class:  28.00 KB
       Class:  1.00 KB
        Both:  29.00 KB

MaxMetaspaceSize: 17179869184.00 GB
CompressedClassSpaceSize: 1.00 GB
Initial GC threshold: 20.80 MB
Current GC threshold: 70.33 MB
CDS: off

CodeHeap 'non-profiled nmethods': size=120000Kb used=2328Kb max_used=2328Kb free=117671Kb
 bounds [0x00000199c8b10000, 0x00000199c8d80000, 0x00000199d0040000]
CodeHeap 'profiled nmethods': size=120000Kb used=9181Kb max_used=9181Kb free=110819Kb
 bounds [0x00000199c15e0000, 0x00000199c1ee0000, 0x00000199c8b10000]
CodeHeap 'non-nmethods': size=5760Kb used=2298Kb max_used=2339Kb free=3462Kb
 bounds [0x00000199c1040000, 0x00000199c12b0000, 0x00000199c15e0000]
 total_blobs=5010 nmethods=4223 adapters=699
 compilation: enabled
              stopped_count=0, restarted_count=0
 full_count=0

Compilation events (20 events):
Event: 4.072 Thread 0x00000199d8b00800 4230       3       com.google.common.collect.RegularImmutableList::size (6 bytes)
Event: 4.073 Thread 0x00000199d8b00800 nmethod 4230 0x00000199c1ecee90 code [0x00000199c1ecf040, 0x00000199c1ecf158]
Event: 4.073 Thread 0x00000199d8b00800 4231       3       org.gradle.internal.instantiation.generator.AbstractClassGenerator$ExtensibleTypePropertyHandler::claimPropertyImplementation (95 bytes)
Event: 4.073 Thread 0x00000199d8b00800 nmethod 4231 0x00000199c1ecf210 code [0x00000199c1ecf480, 0x00000199c1ecfd98]
Event: 4.073 Thread 0x00000199d8b00800 4236       3       org.gradle.internal.instantiation.generator.AbstractClassGenerator$AbstractInjectedPropertyHandler::claimPropertyImplementation (61 bytes)
Event: 4.074 Thread 0x00000199d8b00800 nmethod 4236 0x00000199c1ed0090 code [0x00000199c1ed0340, 0x00000199c1ed1008]
Event: 4.074 Thread 0x00000199d8b00800 4235       3       org.gradle.internal.instantiation.generator.AbstractClassGenerator$ManagedPropertiesHandler::claimPropertyImplementation (141 bytes)
Event: 4.074 Thread 0x00000199d8b00800 nmethod 4235 0x00000199c1ed1410 code [0x00000199c1ed1720, 0x00000199c1ed29b8]
Event: 4.074 Thread 0x00000199d8b00800 4232       3       org.gradle.internal.instantiation.generator.AbstractClassGenerator$DslMixInPropertyType::claimPropertyImplementation (21 bytes)
Event: 4.074 Thread 0x00000199d8b00800 nmethod 4232 0x00000199c1ed2e90 code [0x00000199c1ed3060, 0x00000199c1ed3228]
Event: 4.074 Thread 0x00000199d8b00800 4233       3       org.gradle.internal.instantiation.generator.AbstractClassGenerator$ServicesPropertyHandler::claimPropertyImplementation (40 bytes)
Event: 4.075 Thread 0x00000199d8b00800 nmethod 4233 0x00000199c1ed3310 code [0x00000199c1ed3560, 0x00000199c1ed3d98]
Event: 4.075 Thread 0x00000199d8b00800 4234       3       org.gradle.internal.instantiation.generator.AbstractClassGenerator$NamePropertyHandler::claimPropertyImplementation (16 bytes)
Event: 4.075 Thread 0x00000199d8b00800 nmethod 4234 0x00000199c1ed4090 code [0x00000199c1ed4260, 0x00000199c1ed44a8]
Event: 4.075 Thread 0x00000199d8b00800 4237       3       java.lang.invoke.DirectMethodHandle$Holder::invokeStatic (20 bytes)
Event: 4.075 Thread 0x00000199d8b00800 nmethod 4237 0x00000199c1ed4590 code [0x00000199c1ed4760, 0x00000199c1ed4c98]
Event: 4.075 Thread 0x00000199d8b00800 4238       1       com.google.common.collect.LinkedHashMultimap$ValueEntry::getSuccessorInValueSet (5 bytes)
Event: 4.075 Thread 0x00000199d8b00800 nmethod 4238 0x00000199c8d55e10 code [0x00000199c8d55fc0, 0x00000199c8d56078]
Event: 4.077 Thread 0x00000199d8b00800 4239       3       org.gradle.internal.service.AbstractServiceMethod::<init> (42 bytes)
Event: 4.086 Thread 0x00000199d8b00800 nmethod 4239 0x00000199c1ed4e10 code [0x00000199c1ed5180, 0x00000199c1ed6c88]

GC Heap History (18 events):
Event: 0.464 GC heap before
{Heap before GC invocations=0 (full 0):
 garbage-first heap   total 129024K, used 29696K [0x0000000080000000, 0x0000000100000000)
  region size 1024K, 24 young (24576K), 0 survivors (0K)
 Metaspace       used 10107K, capacity 10329K, committed 10624K, reserved 1058816K
  class space    used 1034K, capacity 1108K, committed 1152K, reserved 1048576K
}
Event: 0.467 GC heap after
{Heap after GC invocations=1 (full 0):
 garbage-first heap   total 129024K, used 9543K [0x0000000080000000, 0x0000000100000000)
  region size 1024K, 3 young (3072K), 3 survivors (3072K)
 Metaspace       used 10107K, capacity 10329K, committed 10624K, reserved 1058816K
  class space    used 1034K, capacity 1108K, committed 1152K, reserved 1048576K
}
Event: 1.313 GC heap before
{Heap before GC invocations=1 (full 0):
 garbage-first heap   total 129024K, used 83271K [0x0000000080000000, 0x0000000100000000)
  region size 1024K, 75 young (76800K), 3 survivors (3072K)
 Metaspace       used 17618K, capacity 18045K, committed 18304K, reserved 1064960K
  class space    used 2032K, capacity 2161K, committed 2176K, reserved 1048576K
}
Event: 1.317 GC heap after
{Heap after GC invocations=2 (full 0):
 garbage-first heap   total 129024K, used 15999K [0x0000000080000000, 0x0000000100000000)
  region size 1024K, 10 young (10240K), 10 survivors (10240K)
 Metaspace       used 17618K, capacity 18045K, committed 18304K, reserved 1064960K
  class space    used 2032K, capacity 2161K, committed 2176K, reserved 1048576K
}
Event: 1.536 GC heap before
{Heap before GC invocations=2 (full 0):
 garbage-first heap   total 129024K, used 46719K [0x0000000080000000, 0x0000000100000000)
  region size 1024K, 41 young (41984K), 10 survivors (10240K)
 Metaspace       used 20735K, capacity 21122K, committed 21248K, reserved 1067008K
  class space    used 2524K, capacity 2697K, committed 2816K, reserved 1048576K
}
Event: 1.541 GC heap after
{Heap after GC invocations=3 (full 0):
 garbage-first heap   total 129024K, used 17468K [0x0000000080000000, 0x0000000100000000)
  region size 1024K, 2 young (2048K), 2 survivors (2048K)
 Metaspace       used 20735K, capacity 21122K, committed 21248K, reserved 1067008K
  class space    used 2524K, capacity 2697K, committed 2816K, reserved 1048576K
}
Event: 2.254 GC heap before
{Heap before GC invocations=4 (full 0):
 garbage-first heap   total 129024K, used 95292K [0x0000000080000000, 0x0000000100000000)
  region size 1024K, 65 young (66560K), 2 survivors (2048K)
 Metaspace       used 27149K, capacity 27894K, committed 28160K, reserved 1073152K
  class space    used 3550K, capacity 3820K, committed 3840K, reserved 1048576K
}
Event: 2.258 GC heap after
{Heap after GC invocations=5 (full 0):
 garbage-first heap   total 129024K, used 37107K [0x0000000080000000, 0x0000000100000000)
  region size 1024K, 7 young (7168K), 7 survivors (7168K)
 Metaspace       used 27149K, capacity 27894K, committed 28160K, reserved 1073152K
  class space    used 3550K, capacity 3820K, committed 3840K, reserved 1048576K
}
Event: 2.660 GC heap before
{Heap before GC invocations=5 (full 0):
 garbage-first heap   total 129024K, used 91379K [0x0000000080000000, 0x0000000100000000)
  region size 1024K, 60 young (61440K), 7 survivors (7168K)
 Metaspace       used 31537K, capacity 32429K, committed 32512K, reserved 1077248K
  class space    used 4208K, capacity 4576K, committed 4608K, reserved 1048576K
}
Event: 2.663 GC heap after
{Heap after GC invocations=6 (full 0):
 garbage-first heap   total 129024K, used 39670K [0x0000000080000000, 0x0000000100000000)
  region size 1024K, 3 young (3072K), 3 survivors (3072K)
 Metaspace       used 31537K, capacity 32429K, committed 32512K, reserved 1077248K
  class space    used 4208K, capacity 4576K, committed 4608K, reserved 1048576K
}
Event: 2.900 GC heap before
{Heap before GC invocations=6 (full 0):
 garbage-first heap   total 129024K, used 59126K [0x0000000080000000, 0x0000000100000000)
  region size 1024K, 23 young (23552K), 3 survivors (3072K)
 Metaspace       used 34874K, capacity 35771K, committed 35840K, reserved 1081344K
  class space    used 4615K, capacity 4965K, committed 4992K, reserved 1048576K
}
Event: 2.904 GC heap after
{Heap after GC invocations=7 (full 0):
 garbage-first heap   total 129024K, used 40880K [0x0000000080000000, 0x0000000100000000)
  region size 1024K, 4 young (4096K), 4 survivors (4096K)
 Metaspace       used 34874K, capacity 35771K, committed 35840K, reserved 1081344K
  class space    used 4615K, capacity 4965K, committed 4992K, reserved 1048576K
}
Event: 3.405 GC heap before
{Heap before GC invocations=8 (full 0):
 garbage-first heap   total 129024K, used 100272K [0x0000000080000000, 0x0000000100000000)
  region size 1024K, 59 young (60416K), 4 survivors (4096K)
 Metaspace       used 41756K, capacity 42827K, committed 43084K, reserved 1087488K
  class space    used 5287K, capacity 5670K, committed 5708K, reserved 1048576K
}
Event: 3.413 GC heap after
{Heap after GC invocations=9 (full 0):
 garbage-first heap   total 129024K, used 46551K [0x0000000080000000, 0x0000000100000000)
  region size 1024K, 8 young (8192K), 8 survivors (8192K)
 Metaspace       used 41756K, capacity 42827K, committed 43084K, reserved 1087488K
  class space    used 5287K, capacity 5670K, committed 5708K, reserved 1048576K
}
Event: 3.837 GC heap before
{Heap before GC invocations=10 (full 0):
 garbage-first heap   total 129024K, used 112087K [0x0000000080000000, 0x0000000100000000)
  region size 1024K, 60 young (61440K), 8 survivors (8192K)
 Metaspace       used 45642K, capacity 46816K, committed 46924K, reserved 1089536K
  class space    used 5717K, capacity 6161K, committed 6220K, reserved 1048576K
}
Event: 3.845 GC heap after
{Heap after GC invocations=11 (full 0):
 garbage-first heap   total 129024K, used 63745K [0x0000000080000000, 0x0000000100000000)
  region size 1024K, 6 young (6144K), 6 survivors (6144K)
 Metaspace       used 45642K, capacity 46816K, committed 46924K, reserved 1089536K
  class space    used 5717K, capacity 6161K, committed 6220K, reserved 1048576K
}
Event: 4.079 GC heap before
{Heap before GC invocations=11 (full 0):
 garbage-first heap   total 129024K, used 102657K [0x0000000080000000, 0x0000000100000000)
  region size 1024K, 44 young (45056K), 6 survivors (6144K)
 Metaspace       used 47205K, capacity 48707K, committed 48844K, reserved 1091584K
  class space    used 5960K, capacity 6495K, committed 6604K, reserved 1048576K
}
Event: 4.085 GC heap after
{Heap after GC invocations=12 (full 0):
 garbage-first heap   total 155648K, used 66652K [0x0000000080000000, 0x0000000100000000)
  region size 1024K, 4 young (4096K), 4 survivors (4096K)
 Metaspace       used 47205K, capacity 48707K, committed 48844K, reserved 1091584K
  class space    used 5960K, capacity 6495K, committed 6604K, reserved 1048576K
}

Deoptimization events (20 events):
Event: 3.890 Thread 0x00000199da5e8800 Uncommon trap: trap_request=0xffffff4d fr.pc=0x00000199c8c8f804 relative=0x0000000000001164
Event: 3.890 Thread 0x00000199da5e8800 Uncommon trap: reason=unstable_if action=reinterpret pc=0x00000199c8c8f804 method=sun.nio.fs.WindowsPath.initOffsets()V @ 99 c2
Event: 3.890 Thread 0x00000199da5e8800 DEOPT PACKING pc=0x00000199c8c8f804 sp=0x00000091d7bf9f30
Event: 3.890 Thread 0x00000199da5e8800 DEOPT UNPACKING pc=0x00000199c10485af sp=0x00000091d7bf9f28 mode 2
Event: 3.919 Thread 0x00000199da5e8800 Uncommon trap: trap_request=0xfffffff4 fr.pc=0x00000199c8d3231c relative=0x000000000000025c
Event: 3.919 Thread 0x00000199da5e8800 Uncommon trap: reason=null_check action=make_not_entrant pc=0x00000199c8d3231c method=java.lang.ThreadLocal$ThreadLocalMap.getEntryAfterMiss(Ljava/lang/ThreadLocal;ILjava/lang/ThreadLocal$ThreadLocalMap$Entry;)Ljava/lang/ThreadLocal$ThreadLocalMap$Entry; 
Event: 3.919 Thread 0x00000199da5e8800 DEOPT PACKING pc=0x00000199c8d3231c sp=0x00000091d7bf4af0
Event: 3.919 Thread 0x00000199da5e8800 DEOPT UNPACKING pc=0x00000199c10485af sp=0x00000091d7bf49a8 mode 2
Event: 3.923 Thread 0x00000199da5e8800 Uncommon trap: trap_request=0xffffffc6 fr.pc=0x00000199c8d43d08 relative=0x00000000000011e8
Event: 3.923 Thread 0x00000199da5e8800 Uncommon trap: reason=bimorphic_or_optimized_type_check action=maybe_recompile pc=0x00000199c8d43d08 method=org.codehaus.groovy.runtime.metaclass.MetaMethodIndex.isOverridden(Lgroovy/lang/MetaMethod;Lgroovy/lang/MetaMethod;)Z @ 15 c2
Event: 3.923 Thread 0x00000199da5e8800 DEOPT PACKING pc=0x00000199c8d43d08 sp=0x00000091d7bf4cd0
Event: 3.923 Thread 0x00000199da5e8800 DEOPT UNPACKING pc=0x00000199c10485af sp=0x00000091d7bf4c28 mode 2
Event: 3.927 Thread 0x00000199da5e8800 Uncommon trap: trap_request=0xffffffc6 fr.pc=0x00000199c8d43d08 relative=0x00000000000011e8
Event: 3.927 Thread 0x00000199da5e8800 Uncommon trap: reason=bimorphic_or_optimized_type_check action=maybe_recompile pc=0x00000199c8d43d08 method=org.codehaus.groovy.runtime.metaclass.MetaMethodIndex.isOverridden(Lgroovy/lang/MetaMethod;Lgroovy/lang/MetaMethod;)Z @ 15 c2
Event: 3.927 Thread 0x00000199da5e8800 DEOPT PACKING pc=0x00000199c8d43d08 sp=0x00000091d7bf4d90
Event: 3.927 Thread 0x00000199da5e8800 DEOPT UNPACKING pc=0x00000199c10485af sp=0x00000091d7bf4ce8 mode 2
Event: 4.018 Thread 0x00000199da5e8800 Uncommon trap: trap_request=0xffffff4d fr.pc=0x00000199c8cc58b4 relative=0x0000000000000114
Event: 4.018 Thread 0x00000199da5e8800 Uncommon trap: reason=unstable_if action=reinterpret pc=0x00000199c8cc58b4 method=java.util.Arrays.hashCode([Ljava/lang/Object;)I @ 34 c2
Event: 4.018 Thread 0x00000199da5e8800 DEOPT PACKING pc=0x00000199c8cc58b4 sp=0x00000091d7bf8370
Event: 4.018 Thread 0x00000199da5e8800 DEOPT UNPACKING pc=0x00000199c10485af sp=0x00000091d7bf82e8 mode 2

Classes redefined (0 events):
No events

Internal exceptions (20 events):
Event: 4.000 Thread 0x00000199da5e8800 Exception <a 'java/lang/ClassNotFoundException'{0x00000000862fa090}: org/gradle/internal/management/DefaultDependencyResolutionManagementBeanInfo> (0x00000000862fa090) thrown at [./src/hotspot/share/classfile/systemDictionary.cpp, line 231]
Event: 4.000 Thread 0x00000199da5e8800 Exception <a 'java/lang/ClassNotFoundException'{0x0000000086136458}: org/gradle/internal/management/DefaultDependencyResolutionManagementCustomizer> (0x0000000086136458) thrown at [./src/hotspot/share/classfile/systemDictionary.cpp, line 231]
Event: 4.001 Thread 0x00000199da5e8800 Exception <a 'java/lang/ClassNotFoundException'{0x0000000086188060}: org/gradle/internal/management/DefaultDependencyResolutionManagement_DecoratedCustomizer> (0x0000000086188060) thrown at [./src/hotspot/share/classfile/systemDictionary.cpp, line 231]
Event: 4.005 Thread 0x00000199da5e8800 Exception <a 'java/lang/ClassNotFoundException'{0x0000000086012fe8}: org/gradle/api/initialization/resolve/RepositoriesModeBeanInfo> (0x0000000086012fe8) thrown at [./src/hotspot/share/classfile/systemDictionary.cpp, line 231]
Event: 4.005 Thread 0x00000199da5e8800 Exception <a 'java/lang/ClassNotFoundException'{0x0000000086018950}: java/lang/EnumBeanInfo> (0x0000000086018950) thrown at [./src/hotspot/share/classfile/systemDictionary.cpp, line 231]
Event: 4.005 Thread 0x00000199da5e8800 Exception <a 'java/lang/ClassNotFoundException'{0x000000008601e2d8}: java/lang/EnumCustomizer> (0x000000008601e2d8) thrown at [./src/hotspot/share/classfile/systemDictionary.cpp, line 231]
Event: 4.006 Thread 0x00000199da5e8800 Exception <a 'java/lang/ClassNotFoundException'{0x000000008604ee30}: org/gradle/api/initialization/resolve/RepositoriesModeCustomizer> (0x000000008604ee30) thrown at [./src/hotspot/share/classfile/systemDictionary.cpp, line 231]
Event: 4.009 Thread 0x00000199da5e8800 Exception <a 'java/lang/ClassNotFoundException'{0x00000000860d3c60}: org/gradle/api/internal/provider/DefaultPropertyBeanInfo> (0x00000000860d3c60) thrown at [./src/hotspot/share/classfile/systemDictionary.cpp, line 231]
Event: 4.009 Thread 0x00000199da5e8800 Exception <a 'java/lang/ClassNotFoundException'{0x00000000860fc0b0}: org/gradle/api/internal/provider/AbstractPropertyBeanInfo> (0x00000000860fc0b0) thrown at [./src/hotspot/share/classfile/systemDictionary.cpp, line 231]
Event: 4.009 Thread 0x00000199da5e8800 Exception <a 'java/lang/ClassNotFoundException'{0x0000000085f26948}: org/gradle/api/internal/provider/AbstractMinimalProviderBeanInfo> (0x0000000085f26948) thrown at [./src/hotspot/share/classfile/systemDictionary.cpp, line 231]
Event: 4.010 Thread 0x00000199da5e8800 Exception <a 'java/lang/ClassNotFoundException'{0x0000000085f51a98}: org/gradle/api/internal/provider/AbstractMinimalProviderCustomizer> (0x0000000085f51a98) thrown at [./src/hotspot/share/classfile/systemDictionary.cpp, line 231]
Event: 4.011 Thread 0x00000199da5e8800 Exception <a 'java/lang/ClassNotFoundException'{0x0000000085fb5d30}: org/gradle/api/internal/provider/AbstractPropertyCustomizer> (0x0000000085fb5d30) thrown at [./src/hotspot/share/classfile/systemDictionary.cpp, line 231]
Event: 4.012 Thread 0x00000199da5e8800 Exception <a 'java/lang/ClassNotFoundException'{0x0000000085fea878}: org/gradle/api/internal/provider/DefaultPropertyCustomizer> (0x0000000085fea878) thrown at [./src/hotspot/share/classfile/systemDictionary.cpp, line 231]
Event: 4.017 Thread 0x00000199da5e8800 Exception <a 'java/lang/ClassNotFoundException'{0x0000000085e779b0}: org/gradle/initialization/DefaultProjectDescriptorBeanInfo> (0x0000000085e779b0) thrown at [./src/hotspot/share/classfile/systemDictionary.cpp, line 231]
Event: 4.017 Thread 0x00000199da5e8800 Exception <a 'java/lang/ClassNotFoundException'{0x0000000085e9fd08}: org/gradle/initialization/DefaultProjectDescriptorCustomizer> (0x0000000085e9fd08) thrown at [./src/hotspot/share/classfile/systemDictionary.cpp, line 231]
Event: 4.018 Thread 0x00000199da5e8800 Implicit null exception at 0x00000199c8cc57ef to 0x00000199c8cc5898
Event: 4.055 Thread 0x00000199da5e8800 Exception <a 'java/lang/ClassNotFoundException'{0x0000000085a7ff70}: org/jetbrains/plugins/gradle/model/web/WebConfigurationBeanInfo> (0x0000000085a7ff70) thrown at [./src/hotspot/share/classfile/systemDictionary.cpp, line 231]
Event: 4.055 Thread 0x00000199da5e8800 Exception <a 'java/lang/ClassNotFoundException'{0x0000000085a90520}: org/jetbrains/plugins/gradle/model/web/WebConfigurationCustomizer> (0x0000000085a90520) thrown at [./src/hotspot/share/classfile/systemDictionary.cpp, line 231]
Event: 4.057 Thread 0x00000199da5e8800 Exception <a 'java/lang/ClassNotFoundException'{0x0000000085ac2290}: org/jetbrains/plugins/gradle/model/scala/ScalaModelBeanInfo> (0x0000000085ac2290) thrown at [./src/hotspot/share/classfile/systemDictionary.cpp, line 231]
Event: 4.057 Thread 0x00000199da5e8800 Exception <a 'java/lang/ClassNotFoundException'{0x0000000085ad23f8}: org/jetbrains/plugins/gradle/model/scala/ScalaModelCustomizer> (0x0000000085ad23f8) thrown at [./src/hotspot/share/classfile/systemDictionary.cpp, line 231]

Events (20 events):
Event: 4.096 loading class org/gradle/jvm/toolchain/internal/JavaToolchainQueryService
Event: 4.096 loading class org/gradle/jvm/toolchain/internal/JavaToolchainQueryService done
Event: 4.096 loading class org/gradle/jvm/toolchain/internal/NoToolchainAvailableException
Event: 4.096 loading class org/gradle/jvm/toolchain/internal/NoToolchainAvailableException done
Event: 4.097 loading class org/gradle/jvm/toolchain/internal/DefaultJavaToolchainService
Event: 4.097 loading class org/gradle/jvm/toolchain/internal/DefaultJavaToolchainService done
Event: 4.097 loading class org/gradle/jvm/toolchain/JavaToolchainService
Event: 4.097 loading class org/gradle/jvm/toolchain/JavaToolchainService done
Event: 4.097 loading class org/gradle/jvm/toolchain/JavaToolchainSpec
Event: 4.097 loading class org/gradle/jvm/toolchain/JavaToolchainSpec done
Event: 4.098 loading class org/gradle/api/plugins/internal/PluginAuthorServices$ProjectScopeServices
Event: 4.098 loading class org/gradle/api/plugins/internal/PluginAuthorServices$ProjectScopeServices done
Event: 4.098 loading class org/gradle/api/plugins/jvm/internal/JvmPluginServices
Event: 4.098 loading class org/gradle/api/plugins/jvm/internal/JvmPluginServices done
Event: 4.098 loading class org/gradle/api/plugins/jvm/internal/JvmEcosystemUtilities
Event: 4.098 loading class org/gradle/api/plugins/jvm/internal/JvmEcosystemUtilities done
Event: 4.098 loading class org/gradle/api/plugins/jvm/internal/JvmModelingServices
Event: 4.098 loading class org/gradle/api/plugins/jvm/internal/JvmModelingServices done
Event: 4.099 loading class org/gradle/api/tasks/SourceSetContainer
Event: 4.099 loading class org/gradle/api/tasks/SourceSetContainer done


Dynamic libraries:
0x00007ff6d3fa0000 - 0x00007ff6d3faa000 	C:\Program Files\Android\Android Studio\jre\bin\java.exe
0x00007ffdea6f0000 - 0x00007ffdea8e8000 	C:\Windows\SYSTEM32\ntdll.dll
0x00007ffde93b0000 - 0x00007ffde946f000 	C:\Windows\System32\KERNEL32.DLL
0x00007ffde83c0000 - 0x00007ffde8692000 	C:\Windows\System32\KERNELBASE.dll
0x00007ffde7f20000 - 0x00007ffde8020000 	C:\Windows\System32\ucrtbase.dll
0x00007ffdd0250000 - 0x00007ffdd0269000 	C:\Program Files\Android\Android Studio\jre\bin\jli.dll
0x00007ffdd0230000 - 0x00007ffdd0247000 	C:\Program Files\Android\Android Studio\jre\bin\VCRUNTIME140.dll
0x00007ffdea2b0000 - 0x00007ffdea451000 	C:\Windows\System32\USER32.dll
0x00007ffde8390000 - 0x00007ffde83b2000 	C:\Windows\System32\win32u.dll
0x00007ffdea610000 - 0x00007ffdea63b000 	C:\Windows\System32\GDI32.dll
0x00007ffdd1b50000 - 0x00007ffdd1dea000 	C:\Windows\WinSxS\amd64_microsoft.windows.common-controls_6595b64144ccf1df_6.0.19041.1110_none_60b5254171f9507e\COMCTL32.dll
0x00007ffde7e10000 - 0x00007ffde7f1f000 	C:\Windows\System32\gdi32full.dll
0x00007ffde95a0000 - 0x00007ffde963e000 	C:\Windows\System32\msvcrt.dll
0x00007ffde8230000 - 0x00007ffde82cd000 	C:\Windows\System32\msvcp_win.dll
0x00007ffde8730000 - 0x00007ffde8762000 	C:\Windows\System32\IMM32.DLL
0x00007ffdd0190000 - 0x00007ffdd022d000 	C:\Program Files\Android\Android Studio\jre\bin\msvcp140.dll
0x00007ffd69130000 - 0x00007ffd69c32000 	C:\Program Files\Android\Android Studio\jre\bin\server\jvm.dll
0x00007ffde9640000 - 0x00007ffde96ee000 	C:\Windows\System32\ADVAPI32.dll
0x00007ffdea060000 - 0x00007ffdea0fc000 	C:\Windows\System32\sechost.dll
0x00007ffde8d80000 - 0x00007ffde8ea5000 	C:\Windows\System32\RPCRT4.dll
0x00007ffdea240000 - 0x00007ffdea248000 	C:\Windows\System32\PSAPI.DLL
0x00007ffddd1e0000 - 0x00007ffddd1e9000 	C:\Windows\SYSTEM32\WSOCK32.dll
0x00007ffdcfaf0000 - 0x00007ffdcfb17000 	C:\Windows\SYSTEM32\WINMM.dll
0x00007ffdea640000 - 0x00007ffdea6ab000 	C:\Windows\System32\WS2_32.dll
0x00007ffddc180000 - 0x00007ffddc18a000 	C:\Windows\SYSTEM32\VERSION.dll
0x00007ffde65f0000 - 0x00007ffde6602000 	C:\Windows\SYSTEM32\kernel.appcore.dll
0x00007ffdcee90000 - 0x00007ffdceea1000 	C:\Program Files\Android\Android Studio\jre\bin\verify.dll
0x00007ffde6150000 - 0x00007ffde6334000 	C:\Windows\SYSTEM32\DBGHELP.DLL
0x00007ffdc9b70000 - 0x00007ffdc9ba5000 	C:\Windows\SYSTEM32\dbgcore.DLL
0x00007ffde86a0000 - 0x00007ffde8722000 	C:\Windows\System32\bcryptPrimitives.dll
0x00007ffdcee60000 - 0x00007ffdcee89000 	C:\Program Files\Android\Android Studio\jre\bin\java.dll
0x00007ffddd1d0000 - 0x00007ffddd1db000 	C:\Program Files\Android\Android Studio\jre\bin\jimage.dll
0x00007ffdce970000 - 0x00007ffdce988000 	C:\Program Files\Android\Android Studio\jre\bin\zip.dll
0x00007ffde96f0000 - 0x00007ffde9e34000 	C:\Windows\System32\SHELL32.dll
0x00007ffde58e0000 - 0x00007ffde6072000 	C:\Windows\SYSTEM32\windows.storage.dll
0x00007ffde8960000 - 0x00007ffde8cb5000 	C:\Windows\System32\combase.dll
0x00007ffde7840000 - 0x00007ffde7870000 	C:\Windows\SYSTEM32\Wldp.dll
0x00007ffdea190000 - 0x00007ffdea23d000 	C:\Windows\System32\SHCORE.dll
0x00007ffde8d20000 - 0x00007ffde8d75000 	C:\Windows\System32\shlwapi.dll
0x00007ffde7d20000 - 0x00007ffde7d3f000 	C:\Windows\SYSTEM32\profapi.dll
0x00007ffdce950000 - 0x00007ffdce96a000 	C:\Program Files\Android\Android Studio\jre\bin\net.dll
0x00007ffdde410000 - 0x00007ffdde51c000 	C:\Windows\SYSTEM32\WINHTTP.dll
0x00007ffde75a0000 - 0x00007ffde760a000 	C:\Windows\system32\mswsock.dll
0x00007ffdce930000 - 0x00007ffdce944000 	C:\Program Files\Android\Android Studio\jre\bin\nio.dll
0x00007ffdd0270000 - 0x00007ffdd0297000 	C:\Program Files\Android\gradle-7.3.3\native\e1d6ef7f7dcc3fd88c89a11ec53ec762bb8ba0a96d01ffa2cd45eb1d1d8dd5c5\windows-amd64\native-platform.dll
0x00007ffdcef20000 - 0x00007ffdcf064000 	C:\Program Files\Android\gradle-7.3.3\native\0d407fdbe67a94daf76414ababcb853783967236a71b16ec16e742cd7a986fd3\windows-amd64\native-platform-file-events.dll
0x00007ffdd0f30000 - 0x00007ffdd0f3a000 	C:\Program Files\Android\Android Studio\jre\bin\management.dll
0x00007ffdd0e50000 - 0x00007ffdd0e5d000 	C:\Program Files\Android\Android Studio\jre\bin\management_ext.dll
0x00007ffde7790000 - 0x00007ffde77a8000 	C:\Windows\SYSTEM32\CRYPTSP.dll
0x00007ffde6e20000 - 0x00007ffde6e54000 	C:\Windows\system32\rsaenh.dll
0x00007ffde7de0000 - 0x00007ffde7e07000 	C:\Windows\System32\bcrypt.dll
0x00007ffde7ca0000 - 0x00007ffde7cce000 	C:\Windows\SYSTEM32\USERENV.dll
0x00007ffde77b0000 - 0x00007ffde77bc000 	C:\Windows\SYSTEM32\CRYPTBASE.dll
0x00007ffde7240000 - 0x00007ffde727b000 	C:\Windows\SYSTEM32\IPHLPAPI.DLL
0x00007ffde93a0000 - 0x00007ffde93a8000 	C:\Windows\System32\NSI.dll
0x00007ffdd5bf0000 - 0x00007ffdd5c07000 	C:\Windows\SYSTEM32\dhcpcsvc6.DLL
0x00007ffddaa30000 - 0x00007ffddaa4d000 	C:\Windows\SYSTEM32\dhcpcsvc.DLL
0x00007ffde7290000 - 0x00007ffde735a000 	C:\Windows\SYSTEM32\DNSAPI.dll

dbghelp: loaded successfully - version: 4.0.5 - missing functions: none
symbol engine: initialized successfully - sym options: 0x614 - pdb path: .;C:\Program Files\Android\Android Studio\jre\bin;C:\Windows\SYSTEM32;C:\Windows\WinSxS\amd64_microsoft.windows.common-controls_6595b64144ccf1df_6.0.19041.1110_none_60b5254171f9507e;C:\Program Files\Android\Android Studio\jre\bin\server;C:\Program Files\Android\gradle-7.3.3\native\e1d6ef7f7dcc3fd88c89a11ec53ec762bb8ba0a96d01ffa2cd45eb1d1d8dd5c5\windows-amd64;C:\Program Files\Android\gradle-7.3.3\native\0d407fdbe67a94daf76414ababcb853783967236a71b16ec16e742cd7a986fd3\windows-amd64

VM Arguments:
jvm_args: --add-opens=java.base/java.util=ALL-UNNAMED --add-opens=java.base/java.lang=ALL-UNNAMED --add-opens=java.base/java.lang.invoke=ALL-UNNAMED --add-opens=java.base/java.util=ALL-UNNAMED --add-opens=java.prefs/java.util.prefs=ALL-UNNAMED --add-opens=java.prefs/java.util.prefs=ALL-UNNAMED --add-opens=java.base/java.nio.charset=ALL-UNNAMED --add-opens=java.base/java.net=ALL-UNNAMED --add-opens=java.base/java.util.concurrent.atomic=ALL-UNNAMED -Xmx2048m -Dfile.encoding=UTF-8 -Duser.country=IN -Duser.language=en -Duser.variant 
java_command: org.gradle.launcher.daemon.bootstrap.GradleDaemon 7.4
java_class_path (initial): C:\Program Files\Android\gradle-7.3.3\wrapper\dists\gradle-7.4-bin\c0gwcg53nkjbqw7r0h0umtfvt\gradle-7.4\lib\gradle-launcher-7.4.jar
Launcher Type: SUN_STANDARD

[Global flags]
     intx CICompilerCount                          = 4                                         {product} {ergonomic}
     uint ConcGCThreads                            = 2                                         {product} {ergonomic}
     uint G1ConcRefinementThreads                  = 8                                         {product} {ergonomic}
   size_t G1HeapRegionSize                         = 1048576                                   {product} {ergonomic}
    uintx GCDrainStackTargetSize                   = 64                                        {product} {ergonomic}
   size_t InitialHeapSize                          = 132120576                                 {product} {ergonomic}
   size_t MarkStackSize                            = 4194304                                   {product} {ergonomic}
   size_t MaxHeapSize                              = 2147483648                                {product} {command line}
   size_t MaxNewSize                               = 1287651328                                {product} {ergonomic}
   size_t MinHeapDeltaBytes                        = 1048576                                   {product} {ergonomic}
    uintx NonNMethodCodeHeapSize                   = 5836300                                {pd product} {ergonomic}
    uintx NonProfiledCodeHeapSize                  = 122910970                              {pd product} {ergonomic}
    uintx ProfiledCodeHeapSize                     = 122910970                              {pd product} {ergonomic}
    uintx ReservedCodeCacheSize                    = 251658240                              {pd product} {ergonomic}
     bool SegmentedCodeCache                       = true                                      {product} {ergonomic}
     bool UseCompressedClassPointers               = true                                 {lp64_product} {ergonomic}
     bool UseCompressedOops                        = true                                 {lp64_product} {ergonomic}
     bool UseG1GC                                  = true                                      {product} {ergonomic}
     bool UseLargePagesIndividualAllocation        = false                                  {pd product} {ergonomic}

Logging:
Log output configuration:
 #0: stdout all=warning uptime,level,tags
 #1: stderr all=off uptime,level,tags

Environment Variables:
JAVA_HOME=C:\Program Files\Java\jdk-18.0.1.1
PATH=C:\Program Files\Python310\Scripts\;C:\Program Files\Python310\;C:\Program Files\Common Files\Oracle\Java\javapath;C:\Windows\system32;C:\Windows;C:\Windows\System32\Wbem;C:\Windows\System32\WindowsPowerShell\v1.0\;C:\Windows\System32\OpenSSH\;C:\Program Files\Git\cmd;C:\Users\suraj\AppData\Local\Microsoft\WindowsApps
USERNAME=suraj
OS=Windows_NT
PROCESSOR_IDENTIFIER=Intel64 Family 6 Model 140 Stepping 1, GenuineIntel



---------------  S Y S T E M  ---------------

OS: Windows 10 , 64 bit Build 19041 (10.0.19041.2251)
OS uptime: 0 days 0:52 hours
Hyper-V role detected

CPU:total 8 (initial active 8) (4 cores per cpu, 2 threads per core) family 6 model 140 stepping 1 microcode 0x86, cmov, cx8, fxsr, mmx, sse, sse2, sse3, ssse3, sse4.1, sse4.2, popcnt, avx, avx2, aes, clmul, erms, 3dnowpref, lzcnt, ht, tsc, tscinvbit, bmi1, bmi2, adx, evex, sha, fma

Memory: 4k page, system-wide physical 7987M (341M free)
TotalPageFile size 7987M (AvailPageFile size 8M)
current process WorkingSet (physical memory assigned to process): 296M, peak: 302M
current process commit charge ("private bytes"): 360M, peak: 364M

vm_info: OpenJDK 64-Bit Server VM (11.0.13+0-b1751.21-8125866) for windows-amd64 JRE (11.0.13+0-b1751.21-8125866), built on Feb  2 2022 03:00:22 by "builder" with MS VC++ 14.0 (VS2015)

END.
